1628
4 5357 5121 8148 6404
4 421 5913 6255 8785
4 2589 5583 3629 6584
4 9906 7710 7529 5231
4 1737 3987 8197 8754
4 2094 1756 998 59
4 4386 5796 9487 6632
4 2584 6655 6312 8873
4 6735 2395 9612 2489
4 7923 7569 5515 7262
4 2861 7444 8452 7796
4 7704 5905 9004 1248
4 398 8407 4848 8733
4 820 604 9213 5744
4 6459 7549 7064 9529
4 1729 8603 4449 8479
4 8189 9354 6839 4100
4 5886 8437 3904 3697
4 1524 6823 4233 3626
4 4318 4574 5416 4004
4 9483 7108 9620 9383
4 2545 5427 370 9618
4 1287 6476 3135 4631
4 1396 2155 4863 453
4 9131 3015 7792 7168
4 2061 9247 6668 2687
4 973 2222 2843 8284
4 4041 5363 5570 8004
4 847 4644 44 3715
4 1492 3505 4036 1385
4 7100 3295 8287 674
4 9765 1423 3273 7936
4 2752 2117 8775 2935
4 6640 8854 9813 666
4 2345 2096 5918 5001
4 1561 5616 6639 4147
4 2932 2598 1114 6196
4 3420 1556 5090 2331
4 461 4695 5592 5526
4 8591 1677 9959 948
4 1081 6756 8384 6613
4 5251 8119 864 4473
4 3825 6762 8689 5083
4 7525 4106 7369 8585
4 5989 8320 132 2246
4 683 8911 7515 8240
4 2459 8777 4670 8814
4 3942 4194 5052 936
4 9888 5211 7577 876
4 1388 7819 962 3176
4 3484 2723 7939 7950
4 9128 2968 8991 7290
4 2819 8392 684 4808
4 3149 752 2196 9614
4 9256 8636 5791 3656
4 9818 7863 110 2499
4 7368 2728 714 1101
4 7208 371 2212 5602
4 281 8641 63 3678
4 9019 4916 5651 2548
4 3457 7834 3765 4405
4 8837 4090 7945 6170
4 9267 7259 5048 9965
4 6240 9894 839 1004
4 7101 1013 4961 1115
4 7198 5945 7937 8152
4 2064 3024 1071 2008
4 2475 3302 4579 5101
4 1491 3272 3647 7135
4 4685 2124 3795 384
4 9986 7104 2070 1707
4 6782 6495 4430 2558
4 5042 4702 7201 4917
4 1233 7540 443 8639
4 5773 8058 336 1341
4 2141 7927 8063 3499
4 6677 9295 5046 7961
4 7896 7825 4886 4964
4 2922 5653 976 6176
4 4957 1146 1830 7313
4 854 1164 1214 5214
4 2115 49 6702 7757
4 1734 818 82 4874
4 2080 9307 9568 5295
4 4788 3463 6107 5713
4 7202 6381 8612 6252
4 7409 4509 3792 3047
4 4983 4135 2274 8485
4 7595 9305 2964 887
4 5772 5982 3896 636
4 3940 3566 7136 4406
4 3607 3293 7516 1988
4 3096 8608 7543 1203
4 8338 1353 1851 9866
4 2228 3309 9433 8745
4 7305 6168 6935 4185
4 4322 6550 9129 4940
4 2727 71 3437 47
4 3228 5310 8322 9795
4 4240 1671 4141 1450
4 1210 7551 1322 3114
4 4925 5219 4235 9
4 5383 7579 594 1713
4 7145 8116 4167 3142
4 5625 7 1934 7583
4 1812 9527 8465 9690
4 1955 2456 7231 4655
4 9552 1094 1742 5873
4 4131 7326 3042 4074
4 4637 5652 9539 532
4 3686 2686 4657 8803
4 766 5006 727 1895
4 2259 7083 2759 7447
4 8851 4561 723 3357
4 1050 9235 9532 2982
4 2962 3072 6129 7088
4 7359 7715 8553 7196
4 2481 6957 8387 7032
4 5494 9525 4847 2293
4 9263 4374 954 9946
4 4475 8250 8736 1946
4 9917 62 7308 859
4 4112 3196 8010 5163
4 3844 2736 9196 2342
4 4102 2045 4619 7725
4 213 5777 8193 8767
4 7648 8375 6611 992
4 8332 4320 2726 2060
4 3519 2340 4402 8644
4 1591 9063 2652 3689
4 4076 3337 1568 3170
4 9106 4912 4995 6558
4 850 2544 9966 2749
4 1418 1724 5904 9119
4 6882 6178 586 3542
4 6547 5172 120 201
4 3155 4490 3781 7451
4 2642 2085 5729 7851
4 1433 4638 3672 4139
4 1621 8626 9576 7494
4 5686 3257 4550 6567
4 3648 3775 9344 6534
4 6571 8478 7464 1763
4 9747 5931 7545 328
4 3757 6913 7643 774
4 8601 8138 2628 7814
4 5156 403 2870 4058
4 8397 3593 4150 2308
4 6038 676 2862 18
4 2323 6537 7862 8997
4 8186 2795 58 6467
4 7148 6134 3112 8187
4 2828 3889 8865 4044
4 9302 2300 2814 8233
4 3376 1383 4390 3451
4 9275 8242 3869 8115
4 9151 9713 7079 8267
4 4244 9559 5081 7445
4 2213 3840 1711 9528
4 3475 5366 8259 8849
4 9542 4959 8616 2305
4 6927 2123 7673 9873
4 7316 6171 5845 1160
4 4480 7166 1839 8094
4 3708 2160 245 2243
4 9900 1936 3526 5540
4 8506 446 5096 333
4 3842 8430 1552 6359
4 7703 9243 3583 6050
4 2036 2267 5359 7267
4 6147 8101 8167 7944
4 778 8079 9320 1049
4 2313 3126 9605 4551
4 5609 654 2944 8286
4 1136 7726 8509 9374
4 11 6123 1509 4284
4 2023 9514 6777 7008
4 3950 7953 6580 4498
4 4837 8036 1767 3745
4 5324 2282 2920 8367
4 2985 7385 5209 1845
4 6300 3106 7522 9289
4 5854 373 65 3253
4 3913 9921 3632 2203
4 2535 9784 5665 177
4 1231 7466 1427 8701
4 5136 6481 9722 463
4 6842 3618 8348 9732
4 7922 9856 7026 8026
4 687 706 7756 4151
4 4902 6989 9283 7920
4 6060 6985 8563 1096
4 9340 9942 2994 2941
4 3899 2817 3083 6582
4 2718 7700 6638 7050
4 3002 1359 8047 7212
4 5600 9691 8834 9649
4 593 4516 8721 745
4 2572 6313 1085 522
4 4690 4965 3229 2571
4 2674 3485 4951 9366
4 5622 5919 780 1336
4 1817 6329 9778 717
4 1357 1372 5962 9443
4 1996 9252 251 709
4 9111 2619 3356 4352
4 8346 8697 4582 6602
4 6363 2112 2647 3368
4 2009 6316 67 6426
4 8253 2364 5891 9123
4 7209 103 565 4351
4 3443 1340 3089 4259
4 9779 9751 5793 7629
4 8839 1861 8199 5492
4 8811 2905 645 8751
4 2802 9365 171 7671
4 7119 257 1510 7330
4 6477 9154 2536 3379
4 8477 6 7981 332
4 9124 1976 3496 7911
4 4137 6994 9585 9806
4 214 8614 4134 9546
4 2351 5909 8947 188
4 1202 1787 2162 4557
4 1701 3308 5239 5544
4 6415 9325 1344 4357
4 4884 60 5593 750
4 2095 7489 9968 5149
4 9629 8163 9511 9930
4 4293 9363 8835 1740
4 3062 3214 877 4222
4 4477 5330 6914 8003
4 1001 2957 8923 6297
4 4867 8529 7391 321
4 6666 8501 1717 1505
4 1975 7057 1800 8658
4 5733 1351 1564 4977
4 5244 7613 9545 296
4 9974 5332 3750 4696
4 5518 6956 4727 6188
4 8200 7934 1364 7439
4 924 3730 9166 1249
4 7677 7415 7344 9962
4 6342 2776 2245 791
4 1883 2575 1965 1747
4 5236 5991 7647 2509
4 8431 5529 1522 4717
4 8779 8651 5131 8168
4 4711 5758 8990 8449
4 1820 5970 7210 7972
4 4572 7153 1743 8056
4 4331 9419 767 1061
4 3579 5488 2043 5728
4 8040 8579 96 7824
4 4161 4415 9271 9341
4 5074 8418 902 1673
4 8915 9426 6419 7250
4 5808 7699 3473 6738
4 5028 2265 3655 6616
4 3120 6042 55 6273
4 5683 5835 8866 264
4 9397 6627 5720 8607
4 9550 2573 1200 197
4 301 1178 3834 7524
4 6742 9626 9853 1508
4 3087 2952 3223 5155
4 1714 385 6309 6410
4 631 1523 773 3306
4 2809 8487 407 2055
4 3830 2089 8702 6377
4 9569 797 8132 1476
4 3167 6226 4960 9048
4 3845 6144 8470 8548
4 4870 8625 9797 3905
4 5553 7748 8183 1948
4 1889 9566 4367 3557
4 9572 6336 5864 1998
4 3978 9250 1228 3271
4 8659 6192 3870 875
4 1636 3791 6384 8671
4 7436 3673 6769 9689
4 4600 2612 4079 2353
4 730 9718 6058 6747
4 3137 4649 5610 8707
4 7567 4861 6198 3944
4 4524 9952 5308 9843
4 5375 4043 3 7253
4 1810 7155 3001 5476
4 6028 9746 85 3367
4 4200 9265 9871 7302
4 1429 3857 2000 8677
4 8940 1912 7443 884
4 6010 6662 8172 1853
4 278 1483 432 4532
4 2486 5170 9078 1140
4 283 7412 263 3278
4 9507 1720 2927 5203
4 4179 4527 8453 7095
4 2912 1040 7880 5207
4 8204 6578 9755 6981
4 915 3028 6012 5849
4 3997 8683 3022 8670
4 8442 3885 6110 1378
4 4607 6146 7978 1821
4 4469 9695 3508 7319
4 8297 4706 995 464
4 634 7617 2877 3518
4 1587 6320 1037 6370
4 836 7296 8929 1708
4 7118 4474 4883 3877
4 7103 7696 3561 5197
4 513 2585 6757 4617
4 6483 7618 8722 7861
4 3728 8964 4565 6498
4 1224 1253 1526 1542
4 7603 2939 5785 7759
4 3736 4307 4871 9359
4 5174 9908 1923 1154
4 5803 3375 137 4038
4 8750 8932 3248 7536
4 1681 3037 559 5902
4 1073 8895 1116 2627
4 1117 8692 2488 4521
4 4439 1571 5462 8956
4 4786 1484 3892 2798
4 1684 6296 6367 4975
4 2937 9599 8328 916
4 1152 520 5278 7678
4 3362 8524 1261 3544
4 9880 3853 8466 8637
4 3511 9197 3055 9769
4 6444 2592 1833 970
4 9464 4292 174 4668
4 7041 17 2566 4946
4 4361 7823 3107 1361
4 7870 8874 5547 9907
4 5823 6656 6577 9961
4 6231 1712 9425 1726
4 5839 7178 6605 7463
4 5341 5998 7255 6389
4 5705 5441 9984 145
4 9849 5941 7238 5250
4 6965 8527 5548 8516
4 172 7130 7215 10
4 2185 5503 9350 844
4 6938 3769 7363 1570
4 2600 6220 4604 738
4 56 5378 297 5151
4 9014 4663 4731 6856
4 688 1765 3746 208
4 760 451 5563 525
4 5446 1601 3134 6752
4 529 3050 1430 1197
4 846 8931 912 1487
4 6715 1234 556 1827
4 2368 2106 6583 6205
4 9168 5118 5579 7218
4 7740 2716 6364 9895
4 8363 9092 6540 1963
4 3969 8714 9741 4093
4 9597 139 164 117
4 3516 6266 926 2407
4 923 3540 6133 6396
4 5649 3104 7149 2295
4 6526 7624 8673 9214
4 5271 8239 3258 9182
4 1122 8081 1648 5013
4 2165 9161 2221 5007
4 7518 9450 2484 3674
4 2766 1589 211 7499
4 9121 2007 5574 8650
4 4491 5017 7839 480
4 7778 4990 9390 2309
4 4230 5948 628 3691
4 2649 8161 5627 7692
4 7558 8833 8044 8198
4 5325 9594 7346 8293
4 8059 2804 7152 642
4 6451 87 9135 2590
4 6052 5875 6149 6102
4 9246 7983 3276 6721
4 2879 2555 2848 7204
4 5899 2127 8617 5879
4 4627 656 6215 6645
4 2836 3932 6157 8609
4 8824 2125 8305 178
4 3029 9719 7151 7752
4 1010 9588 1847 2872
4 5056 1825 6036 7954
4 4126 9490 3608 6731
4 1015 289 1866 8606
4 6680 3828 9580 1943
4 6623 2811 9776 3692
4 7278 1735 4859 6256
4 8653 900 9471 3677
4 7318 1876 2516 4650
4 597 9414 1464 4671
4 3973 206 1620 3239
4 8247 4555 931 6685
4 1393 2226 6350 8578
4 5513 2538 7375 9852
4 9286 4170 9499 1819
4 28 1056 3527 9276
4 8652 3808 1205 3092
4 1159 4522 3132 4496
4 1856 2697 4792 5061
4 6193 1129 5981 8258
4 5487 5824 6703 7888
4 5815 9382 6152 1877
4 3480 590 4054 6741
4 1311 2732 6443 8468
4 4573 834 5559 307
4 8134 1994 53 7475
4 5058 8434 1260 9238
4 6531 2999 124 3895
4 1632 7764 151 6206
4 6984 4933 9407 142
4 3891 6111 9637 6228
4 1718 6053 3573 9799
4 7105 8684 589 4725
4 8537 1888 2705 4611
4 7875 1562 8967 7777
4 8342 1642 2190 9675
4 9165 1884 4661 5371
4 4997 4857 4865 7610
4 1874 7734 4814 9326
4 5094 9730 2490 4592
4 290 9241 7413 5418
4 1704 7884 5710 6932
4 3980 6306 4636 7361
4 4442 4774 7219 9602
4 2091 7512 4692 7993
4 2428 8032 540 2241
4 9714 253 6676 4989
4 9748 4091 1445 9376
4 7542 9530 2020 4703
4 236 7406 1837 3558
4 4055 3297 362 735
4 8907 4066 4363 4716
4 9864 4875 5235 1440
4 6651 8035 1282 2254
4 3924 4381 5044 3802
4 6628 9761 5517 5035
4 6155 6849 6557 7841
4 648 5794 4926 7090
4 6326 8176 9976 898
4 7659 3912 3945 2400
4 3839 9523 1595 5020
4 2854 4506 6365 7003
4 5644 7286 7074 9016
4 2765 6827 4771 3498
4 7662 4904 7594 1598
4 2565 2806 4064 4089
4 7526 8423 7382 8241
4 2461 5916 6976 358
4 1023 6380 6794 9650
4 3531 3553 2081 4559
4 3567 5389 5474 6289
4 7733 2457 8333 1332
4 4187 534 1467 5530
4 8123 4656 6366 5205
4 2887 6733 6436 8597
4 9922 1406 4412 9220
4 9896 3422 1723 1471
4 3654 7037 7432 2375
4 4410 147 3760 3906
4 7374 210 2783 7914
4 2006 2320 5355 9456
4 1533 7356 9453 689
4 5671 5336 8432 2907
4 4773 6076 489 146
4 9368 5898 9988 1422
4 404 6800 9848 1609
4 1339 8019 5457 6490
4 7683 8861 33 6361
4 6673 622 7821 8889
4 4879 6778 9468 2389
4 4495 6857 6514 4639
4 4375 5489 9879 5086
4 6988 3145 3704 5633
4 8715 8938 7534 7768
4 5178 7419 7785 737
4 1584 4478 4766 2398
4 909 3718 4720 5551
4 960 9043 7230 7249
4 3323 7426 8153 6784
4 8376 7943 7530 9361
4 2462 8648 8894 9561
4 4011 7818 1021 4452
4 8043 9726 2260 7175
4 3244 8150 1529 9072
4 2874 5869 9684 3914
4 2381 2401 8898 1930
4 5856 6016 7592 3299
4 3617 396 8845 3559
4 3882 3153 3983 6870
4 6340 5901 7917 8954
4 3582 7310 4026 8299
4 2129 4953 5467 5085
4 8823 3352 9631 5461
4 3595 1922 4057 6202
4 5255 7990 8325 8425
4 9703 6585 7013 9143
4 150 6208 9971 3749
4 6528 9192 5776 1090
4 1512 198 5920 8679
4 39 3985 6466 7116
4 3966 2191 4202 7454
4 5865 8712 804 947
4 3371 5522 6834 8746
4 835 1886 3188 6649
4 1952 359 5556 7010
4 9122 3075 3339 5531
4 635 4907 9549 711
4 9222 7770 1507 2134
4 4467 4823 32 4704
4 7956 9062 9802 7480
4 9429 5724 8682 5615
4 5380 1822 7689 9734
4 512 9606 149 1761
4 3129 4124 9091 4016
4 7966 3136 3811 6184
4 6724 2277 3011 6700
4 5832 678 4887 5896
4 9667 2924 3428 1256
4 9221 9183 9828 2707
4 3564 45 7221 2167
4 7596 4640 7220 8519
4 5908 6421 7876 8276
4 7809 2148 4208 6243
4 8238 300 3641 3991
4 2343 6873 9173 3694
4 9868 4465 5047 5566
4 5756 2024 6160 8196
4 5584 6446 8632 9096
4 849 6264 7964 2198
4 5451 471 5164 5939
4 1347 1100 7731 8264
4 4514 3121 8562 9573
4 6574 6705 611 6637
4 7970 3020 1908 4335
4 0 6811 6203 4708
4 170 8263 2467 7984
4 1382 2278 5277 5954
4 4949 5166 6553 1044
4 3724 6248 1174 2983
4 7186 9978 6522 6596
4 3322 8752 7975 8133
4 9459 6681 7424 9299
4 2672 8517 6942 1179
4 313 4659 6015 3818
4 9752 5657 6726 2875
4 1157 1199 9583 5860
4 1047 8908 9891 9996
4 2495 3681 8801 541
4 4215 5240 6648 7425
4 7386 1569 4340 5040
4 6659 8711 3127 3203
4 6903 2337 5362 5721
4 8027 9210 7727 9633
4 9987 1181 433 1106
4 5947 7384 4790 5763
4 2367 4992 3412 8143
4 9328 9038 5173 514
4 5449 6112 8222 1668
4 9068 3226 2506 3563
4 1593 2702 3031 4419
4 4511 3517 6719 9836
4 1411 6022 1616 4286
4 6017 3894 8160 355
4 7509 1381 2296 4052
4 708 562 7521 2601
4 4206 5157 6351 8696
4 6478 8210 9721 8863
4 1840 7500 9486 968
4 2062 5836 8413 4359
4 204 8202 608 5730
4 6246 8828 3105 8810
4 4456 8864 889 1400
4 825 2025 465 1409
4 8667 4958 8336 2329
4 5813 1535 2159 4742
4 2120 8139 5198 7751
4 7555 3596 4188 8876
4 6713 4092 5872 9920
3 5496 9935 3004
3 5536 6492 6051
3 1768 6280 4228
3 8006 919 5368
3 7877 3972 7633
3 3330 8031 8919
3 2437 234 6960
3 4801 4943 9198
3 530 1321 4858
3 2954 8977 3657
3 70 6263 2746
3 1012 6275 6576
3 6864 2033 3926
3 9418 1640 8215
3 1751 9028 9187
3 456 7924 9716
3 2578 3809 5606
3 9995 4000 7397
3 3235 5082 7729
3 1843 3311 9519
3 9768 2661 2786
3 431 7614 8454
3 131 620 6964
3 9269 5751 500
3 9600 5208 9699
3 240 955 3939
3 8089 978 9446
3 1062 1036 1259
3 270 2762 2977
3 430 6008 7995
3 97 9767 5986
3 2193 2604 6761
3 9332 1980 6003
3 1939 439 8401
3 1744 4796 9431
3 4046 6698 6161
3 8137 3956 2514
3 2949 9201 7170
3 1750 6097 7663
3 5191 8447 3212
3 372 4221 4942
3 9584 2772 6844
3 4534 1796 7407
3 1330 2072 9398
3 9538 3590 956
3 673 1475 2074
3 136 1519 2595
3 4301 4798 4104
3 9656 7457 8822
3 6890 6835 8180
3 5482 6565 9413
3 5245 1649 1961
3 2694 1318 6352
3 9086 885 8568
3 2713 8435 3060
3 6824 9944 3344
3 2632 2102 8383
3 8326 1694 5752
3 8252 6463 7895
3 3280 6809 8859
3 183 6450 9075
3 6121 6197 7800
3 4387 4635 5666
3 1279 4238 5732
3 2399 8037 1546
3 24 7674 4783
3 7991 3370 2891
3 7881 9083 5994
3 4777 6887 7586
3 37 86 9855
3 6137 3793 7554
3 2297 4839 1538
3 2953 3822 7320
3 6302 7362 7724
3 9036 6963 8314
3 457 458 4358
3 4502 1983 7812
3 1755 4595 9009
3 2207 335 2149
3 7471 5168 4399
3 3364 6972 2608
3 7461 6959 8900
3 487 3543 8353
3 602 2210 3052
3 8815 4434 9047
3 4248 7094 9094
3 2903 6915 8930
3 2144 3951 7387
3 7357 8093 392
3 756 7410 6471
3 2881 4400 3347
3 5024 8766 3021
3 4116 4596 6506
3 2596 7206 1536
3 5897 2785 9114
3 9137 462 9578
3 2741 6332 2837
3 2610 9564 4994
3 221 4504 5066
3 6311 6818 7078
3 3875 6353 9659
3 9838 4069 6925
3 9035 2028 1453
3 4339 6127 7850
3 8486 1161 5181
3 1371 6448 2469
3 9215 2412 8663
3 3141 7602 6175
3 801 2892 3887
3 5233 6232 9820
3 7889 2059 840
3 5628 4982 4097
3 2956 40 6328
3 3789 4736 502
3 725 9709 7557
3 3651 5125 6229
3 2859 1426 7632
3 1678 8028 8737
3 6148 1778 7959
3 1688 4877 4688
3 1009 2683 9993
3 168 5106 615
3 31 802 8438
3 8543 644 3318
3 9651 152 6725
3 6944 511 2101
3 4291 393 3012
3 2307 7960 9540
3 739 343 8576
3 4549 5128 8022
3 7859 325 613
3 7694 8426 1043
3 2685 3841 4689
3 9394 5959 8804
3 842 402 4488
3 1220 1959 2388
3 4787 5631 9489
3 9678 5719 7423
3 5817 4567 848
3 2169 7395 793
3 2950 7742 6034
3 9595 8950 9227
3 229 34 5422
3 639 5558 3679
3 6699 5882 1165
3 78 7971 1080
3 9015 6315 6952
3 5676 8643 1807
3 9223 5190 8097
3 68 4031 6746
3 1869 3555 3903
3 8256 1377 9957
3 7803 2472 7631
3 1979 3123 4826
3 4099 726 413
3 6473 7532 6005
3 953 8903 7132
3 7314 5881 6225
3 4880 5850 7581
3 3743 20 9892
3 2242 640 1892
3 7697 3515 1590
3 4855 252 2137
3 4969 6452 153
3 7994 5443 5212
3 1167 9887 3396
3 467 7430 4811
3 305 3698 2669
3 579 8398 8571
3 13 477 7176
3 2215 4298 5951
3 1270 5731 2002
3 8629 9475 57
3 4047 6922 5863
3 2164 2304 740
3 6357 3621 6479
3 860 6095 6563
3 76 4173 6674
3 4451 4750 9280
3 3665 6046 7826
3 3509 5950 1369
3 4723 2432 2898
3 2929 6189 414
3 346 6291 193
3 9274 395 5146
3 7666 5161 7906
3 7496 2019 7713
3 4267 3246 4246
3 4078 8212 9524
3 1502 7951 83
3 4279 4554 7036
3 293 2629 4155
3 4679 9337 3761
3 2527 4245 3902
3 2232 3233 6104
3 1953 4922 5346
3 1549 2358 7252
3 3581 5026 6740
3 1586 3449 8821
3 649 1416 8986
3 949 7804 9065
3 5829 8456 3161
3 2799 6544 3261
3 9830 1286 2751
3 8206 868 1504
3 937 3146 9234
3 7565 1194 3838
3 6210 4030 4747
3 4662 4311 4314
3 4249 5895 6244
3 1276 9313 9526
3 2634 2824 7194
3 7024 3504 3748
3 568 1084 6270
3 554 3482 4856
3 9157 2668 4653
3 2533 8675 9543
3 2531 3773 7236
3 3431 8229 9105
3 2529 7743 9294
3 7197 7653 1031
3 5714 6630 4176
3 3806 7813 4767
3 3263 5200 3332
3 1516 8498 6664
3 5387 1032 2303
3 4537 3174 3930
3 1793 7490 7963
3 444 6258 8965
3 23 2047 9488
3 16 8440 9333
3 5672 7018 9635
3 4398 6294 9692
3 1527 3911 4501
3 982 1250 1532
3 8277 9458 6245
3 5401 9810 6920
3 9496 5237 9680
3 4328 3316 4841
3 1650 4623 2143
3 1514 4914 9958
3 2442 4578 8642
3 1986 4001 8355
3 1118 8952 499
3 8201 9551 5373
3 4892 7559 4713
3 1891 6828 6693
3 1452 7150 6852
3 1296 6612 8179
3 1201 5199 6510
3 675 5834 5980
3 4935 5175 6744
3 3880 6494 9711
3 3513 6962 8654
3 2712 3125 8727
3 2264 8289 9260
3 1618 2422 8729
3 1606 2671 9251
3 1027 5059 6430
3 3824 9085 5769
3 6822 3099 4775
3 6569 4144 7622
3 7761 9002 9022
3 4164 4898 5641
3 459 5043 8067
3 9149 9858 6604
3 858 8918 8981
3 225 4447 3570
3 6093 7828 8235
3 3747 4407 8593
3 3407 2328 7237
3 365 3147 8897
3 30 4095 9655
3 4605 9272 9611
3 115 5400 3274
3 8177 1898 6846
3 8808 4562 8567
3 7957 7849 9985
3 7418 3547 7600
3 5097 1058 1951
3 6130 8382 9624
3 2402 9181 1865
3 185 6600 6323
3 6118 4156 5831
3 2335 5471 6727
3 1806 6851 9073
3 123 4482 7190
3 3355 6126 7721
3 1669 4558 8472
3 1110 2946 5098
3 576 2235 2570
3 94 8108 8756
3 6590 8978 4197
3 6398 6766 2220
3 7048 4546 6090
3 6002 7315 7868
3 1978 7665 8340
3 1132 6993 8388
3 6472 8753 9771
3 5442 7899 9927
3 4840 5077 7127
3 4325 7085 7616
3 2205 6669 7273
3 4694 8806 2591
3 2466 6899 6524
3 2240 8393 5944
3 2046 7247 6711
3 1639 6078 8129
3 7329 8572 9745
3 6304 8372 8734
3 5041 7805 9613
3 4489 4804 5505
3 3883 6223 9859
3 2333 5812 7634
3 1288 2582 9338
3 896 1754 3587
3 473 7693 1848
3 5019 1774 4564
3 3078 516 2294
3 160 1271 2216
3 1835 899 2730
3 7460 8640 419
3 3506 6774 5189
3 2911 5323 3324
3 3615 3884 6739
3 2105 5140 6990
3 1266 5621 6560
3 9003 9013 9603
3 6671 7815 9948
3 4172 5460 9877
3 3878 6356 7275
3 143 2549 8573
3 101 1137 3265
3 5800 6697 4312
3 2234 5702 8996
3 1313 5613 7123
3 1212 1849 7121
3 22 3664 6803
3 1192 2199 3281
3 5276 7491 8021
3 3038 4308 4746
3 1653 2136 9134
3 3933 8994 4255
3 3439 5134 8773
3 2754 7686 9679
3 2237 3402 6063
3 1086 6064 9744
3 3097 3849 9029
3 2781 5171 9261
3 2453 3578 6581
3 558 4217 7931
3 2390 5268 4136
3 906 5397 3782
3 417 2793 4599
3 1699 5598 6023
3 753 6414 7510
3 5903 6595 8084
3 5523 9194 9230
3 6035 8411 9844
3 3873 6636 6831
3 2016 5426 9008
3 1656 2268 4196
3 1488 2852 8716
3 1170 4394 4818
3 381 1480 2417
3 1461 4918 3381
3 550 1127 6096
3 5234 3131 5253
3 2289 7786 8049
3 796 6132 8166
3 8316 8464 8759
3 8789 8793 9901
3 5246 6261 7400
3 3888 4613 4630
3 3491 4678 7117
3 2775 3817 9759
3 1624 2406 2444
3 1172 2621 6520
3 472 828 4094
3 219 7233 6227
3 159 2951 5770
3 1783 2731 6432
3 1093 3783 6529
3 7903 8539 8633
3 4910 7684 8618
3 2334 3965 7788
3 1985 3262 8987
3 1814 3300 3442
3 893 3334 5736
3 845 6517 6953
3 2068 7309 1836
3 1627 6373 4932
3 279 1665 3312
3 133 1404 5586
3 1867 5577 5966
3 217 4088 6180
3 7925 7969 9534
3 7501 9502 9575
3 4479 4487 5313
3 3744 5391 8165
3 2750 4193 9535
3 2711 3401 5917
3 1801 2554 5972
3 218 1781 2987
3 2065 3584 6586
3 1221 5398 6812
3 1208 2281 7371
3 610 3721 7675
3 5104 6417 8665
3 5064 7980 9200
3 4894 7110 9660
3 3862 7388 7898
3 2722 3445 5132
3 990 1899 5370
3 1646 3927 2464
3 669 3539 5481
3 1904 3929 7065
3 1184 4981 7672
3 651 2326 5594
3 401 4529 7502
3 4544 7289 9882
3 3216 9754 9770
3 3076 3411 3947
3 2947 4538 9941
3 2376 3124 8694
3 934 2184 9846
3 89 545 3085
3 4428 8638 3017
3 1716 7695 4628
3 1292 5599 5511
3 1638 5345 7907
3 7902 8525 8584
3 6770 8015 9156
3 4669 8842 9209
3 3807 7664 9356
3 3424 3521 6259
3 2173 2560 8934
3 977 1299 8268
3 827 1935 7043
3 771 2087 6405
3 249 292 1130
3 1683 1928 3580
3 757 6068 6409
3 163 2990 3115
3 144 6973 9089
3 5122 8732 9670
3 4833 7608 9140
3 2835 6497 7744
3 2463 6307 7096
3 2057 4163 6958
3 2050 2480 7177
3 1120 1870 2567
3 1469 2022 3313
3 894 1138 7134
3 207 930 8273
3 6805 7014 8776
3 304 8853 9860
3 7223 7962 8709
3 5429 5804 7274
3 4842 6331 7553
3 3610 4553 4646
3 1209 2011 4882
3 618 691 1331
3 241 4149 5514
3 157 3941 5192
3 9785 6541 7640
3 316 4337 7216
3 288 7642 8409
3 199 8502 9225
3 8298 8886 9491
3 7163 7878 9152
3 6425 7544 9179
3 4948 5725 6301
3 728 4392 6897
3 356 3893 8068
3 287 643 2227
3 3186 3541 4714
3 2179 2564 2418
3 3353 5329 5663
3 3178 5182 5578
3 865 5550 6513
3 4789 7298 7546
3 6904 7019 7795
3 5206 9100 9367
3 7229 9647 9710
3 5718 8870 9406
3 4355 8534 8645
3 4226 5060 9863
3 3006 4468 5254
3 1574 2805 6213
3 1277 1958 1971
3 862 1841 6387
3 819 2288 4143
3 616 1652 5825
3 108 3753 6629
3 1227 5848 6814
3 6796 7087 8310
3 8740 8941 9172
3 8141 9232 9329
3 9553 9617 9885
3 5952 6087 7948
3 5612 5658 9870
3 3798 5424 5534
3 3425 4598 5741
3 2239 3536 4508
3 1809 2563 2841
3 784 2163 4634
3 867 3438 3208
3 186 1495 5510
3 733 3812 5771
3 425 3209 5573
3 5611 5958 8564
3 7349 9423 9582
3 6484 9570 9590
3 4693 4791 6620
3 2577 2689 3712
3 2344 7091 7556
3 1661 1700 2318
3 1615 2201 2435
3 1376 1563 9158
3 226 800 1479
3 347 378 7434
3 769 7333 8309
3 348 9346 9862
3 8771 9314 9876
3 7441 7799 8321
3 4906 8103 9555
3 4726 6748 7365
3 2152 4518 4986
3 719 1685 3917
3 383 4290 6253
3 128 189 1099
3 1403 4403 5409
3 789 6125 7140
3 5316 7060 7580
3 7459 7758 7946
3 6917 7541 8086
3 7835 8493 9819
3 5183 5294 9205
2 8064 9954
2 4939 8347
2 4709 6701
2 3213 6692
2 2451 2586
2 2012 4211
2 1909 2470
2 1494 1949
2 1235 1788
2 1131 1196
2 349 415
2 958 5379
2 633 8379
2 441 8960
2 8686 9737
2 8080 8282
2 6457 9323
2 6279 6456
2 4996 5148
2 3859 5343
2 3327 3949
2 2878 3860
2 2382 3784
2 2356 2550
2 1679 1868
2 1284 1993
2 1188 1799
2 1180 1230
2 863 1119
2 703 831
2 291 361
2 203 8875
2 9372 9999
2 8406 8726
2 7965 8412
2 7507 7807
2 7479 7669
2 5694 6843
2 4621 5779
2 3821 5410
2 2384 2498
2 2035 2483
2 1818 3247
2 1335 1611
2 782 1323
2 693 935
2 509 1732
2 388 1105
2 4 405
2 280 6407
2 7753 8784
2 7307 8410
2 8985 9102
2 8970 9807
2 8955 9663
2 6085 7251
2 5699 5833
2 5051 6233
2 4734 4950
2 4664 4675
2 4632 4633
2 4330 4344
2 3787 4254
2 2789 3394
2 2324 2579
2 1135 2378
2 1046 1111
2 922 1133
2 200 258
2 1074 7667
2 268 8791
2 227 8461
2 9701 9724
2 9636 9742
2 7791 9604
2 6983 8523
2 6500 6635
2 5844 5977
2 4461 5356
2 4107 4979
2 3389 3922
2 3386 3639
2 2942 3292
2 2405 2541
2 2311 2386
2 2086 2373
2 1029 1553
2 811 1987
2 318 983
2 662 9186
2 376 9557
2 9644 9717
2 9162 9632
2 8731 9533
2 8602 9148
2 8374 8491
2 7092 8164
2 6434 7399
2 6371 7322
2 5327 6158
2 5005 5177
2 3827 4425
2 3199 3385
2 2676 2715
2 2410 2508
2 794 4371
2 491 2030
2 173 741
2 342 9773
2 8872 9342
2 7992 8725
2 7706 8136
2 7627 7820
2 6420 6647
2 6254 7340
2 5885 6242
2 5266 5413
2 4369 5187
2 4220 4273
2 3866 4810
2 3756 3819
2 2883 3008
2 1918 1992
2 872 2825
2 409 621
2 1534 5210
2 7228 7636
2 7712 7832
2 7069 9282
2 8857 9609
2 5957 6678
2 5643 9977
2 4651 5399
2 4435 5073
2 4323 4978
2 3799 3935
2 2934 3794
2 2747 3267
2 1969 3225
2 1705 1897
2 1415 1554
2 1206 1439
2 1045 1329
2 984 1063
2 821 917
2 195 5045
2 148 5167
2 69 5265
2 5840 5853
2 5361 5979
2 6174 6234
2 5883 6499
2 6480 7033
2 7093 7243
2 5470 7276
2 7264 7393
2 7408 7736
2 7938 8613
2 7165 8758
2 8728 9159
2 8879 9327
2 9362 9963
2 4535 7547
2 4356 4807
2 4237 4260
2 4032 4214
2 3227 4103
2 3144 3620
2 3058 3474
2 2873 3466
2 2803 2884
2 2427 2503
2 2166 2172
2 1610 1731
2 605 901
2 508 652
2 483 8142
2 437 8507
2 435 8570
2 312 8778
2 8780 9011
2 9070 9775
2 9787 9822
2 8535 8770
2 7915 8395
2 7588 7793
2 7097 7416
2 6901 7172
2 6654 6841
2 5745 6675
2 5508 6077
2 4860 5340
2 4758 5350
2 4372 4822
2 3636 4224
2 2500 2996
2 1654 2330
2 987 2425
2 179 194
2 1305 8144
2 9415 9749
2 8877 9380
2 8311 8786
2 7789 8117
2 7059 7639
2 6187 7427
2 4972 6853
2 4890 4891
2 3984 4732
2 3530 3879
2 3082 4577
2 2206 3476
2 2170 2556
2 1142 2769
2 192 209
2 184 596
2 111 303
2 118 8961
2 9218 9264
2 9421 9571
2 8405 8975
2 8361 9931
2 8038 8224
2 7942 8417
2 7883 8114
2 7578 7856
2 7098 7561
2 6141 7086
2 5557 6128
2 4376 5279
2 4285 5107
2 3777 5067
2 3189 4175
2 2520 3044
2 1614 1728
2 729 1831
2 478 482
2 7590 8061
2 7741 8244
2 8272 9436
2 8135 9556
2 6411 7075
2 6308 6902
2 5993 6614
2 5747 5983
2 4952 5906
2 4724 6156
2 4523 5696
2 3717 3727
2 2974 3716
2 2808 2812
2 2512 2771
2 1972 3493
2 1695 2485
2 274 908
2 121 1517
2 1485 9031
2 230 9793
2 8462 8530
2 7847 8002
2 7483 7606
2 7187 8075
2 7045 8009
2 6937 7077
2 6720 6833
2 6559 6682
2 5483 6177
2 4699 5504
2 4470 4899
2 3685 4232
2 2039 2098
2 1350 1625
2 781 1496
2 156 6607
2 6545 7730
2 7017 8011
2 7864 8110
2 8045 8220
2 8542 8561
2 8698 8797
2 6428 9126
2 8500 9736
2 6265 6429
2 5727 5870
2 5617 8880
2 5304 5533
2 4845 5213
2 4098 4333
2 2827 3635
2 2602 4063
2 2271 2272
2 1937 2532
2 1749 2110
2 1226 1283
2 574 833
2 507 1177
2 311 424
2 61 256
2 4966 5023
2 4980 5260
2 5262 5377
2 5382 5783
2 5938 6026
2 5158 6971
2 7248 7337
2 7404 7533
2 4913 8159
2 7550 8556
2 8494 8868
2 9301 9357
2 8635 9498
2 7068 9686
2 4588 4876
2 4440 9457
2 4297 4427
2 3307 3690
2 3053 3059
2 2447 3108
2 2231 2298
2 1984 2657
2 1917 3023
2 1753 1804
2 1513 1634
2 1326 1696
2 1171 1501
2 795 1006
2 682 866
2 81 428
2 7833 7929
2 8190 8441
2 7711 8473
2 8924 9007
2 9296 9521
2 8850 9910
2 7830 9932
2 7292 7682
2 7139 7367
2 7030 7138
2 6998 7022
2 6293 6551
2 6075 6539
2 5480 5907
2 5008 5754
2 4262 4305
2 3469 3993
2 2252 3268
2 1703 1789
2 959 1166
2 903 1622
2 406 538
2 803 8555
2 8968 9823
2 7584 8592
2 7453 7514
2 6412 6617
2 6237 7067
2 6021 6257
2 5910 6098
2 5472 5632
2 3846 5585
2 3534 4770
2 3205 4591
2 2900 3361
2 2673 3266
2 2393 2583
2 2310 2357
2 1762 1932
2 182 1307
2 1275 6799
2 6533 6859
2 7102 7129
2 6519 7281
2 7523 9042
2 6848 7688
2 9044 9698
2 6393 9577
2 5900 5926
2 5693 9548
2 5010 5281
2 4851 4893
2 4830 4923
2 4453 4793
2 4060 4843
2 4019 4283
2 3854 3963
2 3416 3705
2 3286 4048
2 2138 2645
2 1824 3154
2 1149 1191
2 603 668
2 658 6454
2 6222 6961
2 6643 7000
2 7071 7574
2 7985 8001
2 8085 8541
2 7658 9297
2 9311 9411
2 9189 9914
2 6040 9861
2 5100 5430
2 4571 4911
2 4236 5640
2 3810 3994
2 3611 3803
2 3382 3591
2 2928 2961
2 2664 2899
2 2546 3169
2 2026 2385
2 1770 1878
2 1190 1612
2 452 921
2 341 698
2 224 275
2 25 6195
2 6290 6334
2 6509 6592
2 6862 6923
2 7782 7852
2 6185 8000
2 8231 8334
2 8554 9059
2 7890 9146
2 9204 9229
2 9270 9554
2 9101 9972
2 6031 6119
2 5828 5838
2 4691 5809
2 3990 4009
2 3696 5538
2 3619 3719
2 3454 3523
2 2662 2709
2 2280 2656
2 1302 2153
2 972 1775
2 746 886
2 582 659
2 319 526
2 238 468
2 54 8109
2 27 9024
2 8118 9825
2 7504 9933
2 7261 7488
2 6850 9720
2 6772 8034
2 6391 6516
2 6283 7011
2 5549 6491
2 4821 5635
2 4525 5386
2 3754 6199
2 3156 3413
2 2038 4209
2 1873 2525
2 1777 2980
2 1134 1667
2 412 1316
2 180 999
2 8098 8318
2 8344 8508
2 8546 8757
2 9150 9336
2 6792 9400
2 5949 7222
2 5859 6163
2 5697 5778
2 5227 5257
2 4987 5014
2 4556 4705
2 4252 4581
2 4132 4520
2 3843 4174
2 3645 4034
2 2010 3383
2 1880 2758
2 1725 2154
2 573 1087
2 422 1308
2 1237 5527
2 379 5619
2 5820 6631
2 5539 7005
2 7183 7822
2 7882 7921
2 7042 8511
2 9164 9638
2 9321 9833
2 5466 9929
2 5342 5406
2 5049 5108
2 5029 5153
2 4438 4976
2 3788 4062
2 3546 3643
2 3340 3628
2 2733 3201
2 2706 2858
2 1964 2431
2 1664 1915
