160
4 117 192 201 218
4 177 188 242 263
4 235 268 276 278
4 163 230 283 302
4 162 225 348 353
4 139 336 345 351
4 159 180 294 388
4 364 375 394 403
4 121 149 392 400
4 90 397 407 429
4 65 99 203 422
4 71 412 449 467
4 23 55 472 474
4 91 438 16 25
4 362 497 26 32
4 89 123 27 50
4 31 459 40 46
4 498 8 424 70
4 24 444 59 80
4 6 442 81 104
4 499 76 79 100
4 455 92 115 119
4 328 437 45 128
4 13 105 132 136
4 3 431 138 153
4 445 29 54 148
4 433 439 129 200
4 430 114 164 195
4 473 116 204 244
4 396 22 78 245
4 419 251 274 280
4 387 267 285 289
4 385 198 269 295
4 405 174 254 347
4 367 160 217 365
4 10 391 282 373
4 324 304 339 363
4 277 247 284 307
4 273 207 332 395
4 360 259 446 468
4 356 401 432 490
4 288 320 447 4
4 249 325 390 411
4 240 69 112 453
4 231 124 172 377
4 219 399 56 77
4 208 152 186 461
4 199 18 460 118
4 193 292 95 109
4 187 427 185 131
4 61 384 41 135
4 60 236 214 130
4 20 44 361 372
4 5 409 161 173
4 475 175 359 183
4 463 311 379 179
4 452 233 341 169
4 451 66 237 223
4 434 19 258 228
4 350 36 107 227
3 376 15 232
3 264 448 147
3 0 155 181
3 495 486 243
3 484 38 108
3 462 52 260
3 410 298 215
3 319 329 290
3 266 48 261
3 170 182 271
3 156 113 327
3 141 166 335
3 120 34 106
3 64 371 308
3 492 425 331
3 414 494 342
3 358 450 382
3 334 101 349
3 154 11 310
3 454 383 389
3 421 355 415
3 330 413 426
3 322 381 428
3 315 312 370
3 306 404 440
3 299 393 466
3 279 457 470
3 256 465 478
3 21 471 483
3 14 398 480
3 1 488 489
3 300 151 456
3 441 487 491
3 423 481 493
3 420 469 476
3 369 464 479
3 333 458 477
3 286 417 485
3 252 406 435
3 197 402 436
3 196 374 496
3 190 368 408
3 97 354 416
3 93 344 346
3 35 340 418
3 28 323 343
3 337 221 378
3 158 226 321
3 73 144 316
3 352 338 366
3 212 314 318
3 189 309 317
3 86 303 386
3 17 262 305
3 7 357 380
3 482 293 313
3 326 296 297
3 165 275 281
3 47 270 291
3 33 255 287
2 12 272
2 443 257
2 301 248
2 213 253
2 72 239
2 234 265
2 210 250
2 111 238
2 241 246
2 222 229
2 220 224
2 211 216
2 205 209
2 202 206
2 184 194
2 178 191
2 171 176
2 167 168
2 150 157
2 145 146
2 142 143
2 137 140
2 133 134
2 126 127
2 122 125
2 102 110
2 98 103
2 94 96
2 87 88
2 84 85
2 82 83
2 74 75
2 67 68
2 62 63
2 57 58
2 51 53
2 43 49
2 39 42
2 30 37
2 2 9
