3947
0 0 0 11
0 12 0 23
0 24 0 35
0 36 0 47
0 48 0 59
0 60 0 71
0 72 0 83
0 84 0 95
0 96 0 107
0 108 0 119
0 120 0 131
0 132 0 143
0 144 0 155
0 156 0 167
0 168 0 179
0 180 0 191
0 192 0 203
0 204 0 215
0 217 0 228
0 229 0 240
0 241 0 249
1 0 1 11
1 12 1 23
1 24 1 35
1 36 1 47
1 48 1 59
1 60 1 71
1 72 1 83
1 84 1 95
1 96 1 107
1 108 1 119
1 120 1 131
1 132 1 143
1 144 1 155
1 156 1 167
1 168 1 179
1 180 1 191
1 198 1 209
1 210 1 221
1 222 1 233
1 234 1 245
2 3 2 14
2 15 2 26
2 27 2 38
2 39 2 50
2 51 2 62
2 63 2 74
2 75 2 86
2 87 2 98
2 99 2 110
2 111 2 122
2 123 2 134
2 135 2 146
2 147 2 158
2 159 2 170
2 171 2 182
2 183 2 194
2 195 2 206
2 207 2 218
2 219 2 230
2 231 2 242
3 0 3 11
3 12 3 23
3 24 3 35
3 36 3 47
3 48 3 59
3 60 3 71
3 72 3 83
3 84 3 95
3 96 3 107
3 108 3 119
3 120 3 131
3 132 3 143
3 144 3 155
3 156 3 167
3 169 3 180
3 181 3 192
3 193 3 204
3 205 3 216
3 217 3 228
3 229 3 240
4 0 4 11
4 12 4 23
4 24 4 35
4 36 4 47
4 48 4 59
4 60 4 71
4 72 4 83
4 84 4 95
4 98 4 109
4 110 4 121
4 122 4 133
4 134 4 145
4 146 4 157
4 158 4 169
4 170 4 181
4 182 4 193
4 194 4 205
4 206 4 217
4 218 4 229
4 230 4 241
4 242 4 249
5 0 5 11
5 12 5 23
5 24 5 35
5 36 5 47
5 48 5 59
5 60 5 71
5 72 5 83
5 84 5 95
5 96 5 107
5 108 5 119
5 120 5 131
5 132 5 143
5 144 5 155
5 156 5 167
5 168 5 179
5 180 5 191
5 192 5 203
5 204 5 215
5 216 5 227
5 228 5 239
5 240 5 249
6 0 6 11
6 12 6 23
6 24 6 35
6 36 6 47
6 48 6 59
6 61 6 72
6 73 6 84
6 85 6 96
6 98 6 109
6 110 6 121
6 122 6 133
6 141 6 152
6 153 6 164
6 165 6 176
6 177 6 188
6 189 6 200
6 201 6 212
6 226 6 237
6 238 6 249
7 0 7 11
7 12 7 23
7 24 7 35
7 36 7 47
7 48 7 59
7 60 7 71
7 72 7 83
7 84 7 95
7 96 7 107
7 108 7 119
7 120 7 131
7 132 7 143
7 144 7 155
7 156 7 167
7 168 7 179
7 180 7 191
7 194 7 205
7 206 7 217
7 218 7 229
7 230 7 241
7 242 7 249
8 0 8 11
8 12 8 23
8 24 8 35
8 36 8 47
8 48 8 59
8 60 8 71
8 72 8 83
8 84 8 95
8 96 8 107
8 108 8 119
8 120 8 131
8 132 8 143
8 144 8 155
8 156 8 167
8 168 8 179
8 180 8 191
8 192 8 203
8 204 8 215
8 230 8 241
9 1 9 12
9 13 9 24
9 25 9 36
9 37 9 48
9 49 9 60
9 62 9 73
9 74 9 85
9 86 9 97
9 100 9 111
9 112 9 123
9 124 9 135
9 136 9 147
9 148 9 159
9 160 9 171
9 172 9 183
9 184 9 195
9 196 9 207
9 208 9 219
9 220 9 231
9 232 9 243
10 0 10 11
10 12 10 23
10 24 10 35
10 36 10 47
10 48 10 59
10 60 10 71
10 72 10 83
10 84 10 95
10 96 10 107
10 110 10 121
10 122 10 133
10 134 10 145
10 146 10 157
10 158 10 169
10 170 10 181
10 182 10 193
10 194 10 205
10 206 10 217
10 218 10 229
10 230 10 241
11 0 11 11
11 12 11 23
11 24 11 35
11 36 11 47
11 48 11 59
11 60 11 71
11 72 11 83
11 84 11 95
11 96 11 107
11 108 11 119
11 120 11 131
11 132 11 143
11 144 11 155
11 157 11 168
11 169 11 180
11 181 11 192
11 193 11 204
11 205 11 216
11 217 11 228
11 229 11 240
11 241 11 249
12 0 12 11
12 12 12 23
12 24 12 35
12 40 12 51
12 53 12 64
12 65 12 76
12 78 12 89
12 90 12 101
12 102 12 113
12 114 12 125
12 126 12 137
12 138 12 149
12 150 12 161
12 162 12 173
12 174 12 185
12 186 12 197
12 198 12 209
12 210 12 221
12 222 12 233
12 234 12 245
13 0 13 11
13 12 13 23
13 24 13 35
13 36 13 47
13 48 13 59
13 60 13 71
13 72 13 83
13 84 13 95
13 96 13 107
13 108 13 119
13 120 13 131
13 132 13 143
13 146 13 157
13 158 13 169
13 170 13 181
13 182 13 193
13 194 13 205
13 206 13 217
13 218 13 229
13 230 13 241
13 242 13 249
14 0 14 11
14 12 14 23
14 24 14 35
14 36 14 47
14 48 14 59
14 60 14 71
14 72 14 83
14 84 14 95
14 100 14 111
14 112 14 123
14 124 14 135
14 136 14 147
14 148 14 159
14 162 14 173
14 174 14 185
14 186 14 197
14 198 14 209
14 212 14 223
14 224 14 235
14 236 14 247
15 0 15 11
15 12 15 23
15 24 15 35
15 36 15 47
15 48 15 59
15 60 15 71
15 72 15 83
15 84 15 95
15 96 15 107
15 108 15 119
15 120 15 131
15 132 15 143
15 144 15 155
15 156 15 167
15 168 15 179
15 180 15 191
15 192 15 203
15 204 15 215
15 216 15 227
15 228 15 239
15 240 15 249
16 0 16 11
16 12 16 23
16 24 16 35
16 36 16 47
16 48 16 59
16 60 16 71
16 72 16 83
16 84 16 95
16 96 16 107
16 108 16 119
16 120 16 131
16 132 16 143
16 144 16 155
16 156 16 167
16 168 16 179
16 180 16 191
16 192 16 203
16 204 16 215
16 216 16 227
16 230 16 241
17 0 17 11
17 12 17 23
17 24 17 35
17 36 17 47
17 48 17 59
17 60 17 71
17 72 17 83
17 85 17 96
17 97 17 108
17 115 17 126
17 127 17 138
17 139 17 150
17 151 17 162
17 163 17 174
17 175 17 186
17 187 17 198
17 199 17 210
17 213 17 224
17 226 17 237
17 238 17 249
18 0 18 11
18 12 18 23
18 24 18 35
18 36 18 47
18 48 18 59
18 60 18 71
18 72 18 83
18 84 18 95
18 96 18 107
18 108 18 119
18 121 18 132
18 133 18 144
18 145 18 156
18 159 18 170
18 171 18 182
18 183 18 194
18 195 18 206
18 207 18 218
18 219 18 230
18 231 18 242
19 0 19 11
19 12 19 23
19 24 19 35
19 36 19 47
19 48 19 59
19 60 19 71
19 72 19 83
19 84 19 95
19 96 19 107
19 113 19 124
19 125 19 136
19 137 19 148
19 149 19 160
19 161 19 172
19 173 19 184
19 185 19 196
19 197 19 208
19 209 19 220
19 222 19 233
19 235 19 246
20 0 20 11
20 12 20 23
20 24 20 35
20 38 20 49
20 50 20 61
20 62 20 73
20 74 20 85
20 91 20 102
20 103 20 114
20 123 20 134
20 135 20 146
20 149 20 160
20 161 20 172
20 173 20 184
20 185 20 196
20 197 20 208
20 209 20 220
20 221 20 232
20 233 20 244
21 0 21 11
21 12 21 23
21 24 21 35
21 36 21 47
21 48 21 59
21 60 21 71
21 72 21 83
21 84 21 95
21 96 21 107
21 108 21 119
21 120 21 131
21 132 21 143
21 144 21 155
21 156 21 167
21 168 21 179
21 180 21 191
21 193 21 204
21 205 21 216
21 217 21 228
21 229 21 240
22 0 22 11
22 12 22 23
22 24 22 35
22 36 22 47
22 48 22 59
22 60 22 71
22 72 22 83
22 84 22 95
22 96 22 107
22 108 22 119
22 120 22 131
22 132 22 143
22 144 22 155
22 156 22 167
22 168 22 179
22 180 22 191
22 194 22 205
22 206 22 217
22 218 22 229
22 230 22 241
23 0 23 11
23 12 23 23
23 24 23 35
23 36 23 47
23 48 23 59
23 60 23 71
23 72 23 83
23 84 23 95
23 96 23 107
23 120 23 131
23 132 23 143
23 144 23 155
23 156 23 167
23 168 23 179
23 180 23 191
23 192 23 203
23 204 23 215
23 216 23 227
23 228 23 239
23 240 23 249
24 0 24 11
24 12 24 23
24 24 24 35
24 36 24 47
24 48 24 59
24 60 24 71
24 72 24 83
24 84 24 95
24 96 24 107
24 110 24 121
24 122 24 133
24 134 24 145
24 146 24 157
24 158 24 169
24 170 24 181
24 182 24 193
24 194 24 205
24 206 24 217
24 218 24 229
24 231 24 242
25 0 25 11
25 12 25 23
25 24 25 35
25 36 25 47
25 48 25 59
25 60 25 71
25 72 25 83
25 84 25 95
25 96 25 107
25 108 25 119
25 120 25 131
25 132 25 143
25 144 25 155
25 156 25 167
25 168 25 179
25 180 25 191
25 193 25 204
25 205 25 216
25 217 25 228
25 233 25 244
26 0 26 11
26 12 26 23
26 24 26 35
26 36 26 47
26 48 26 59
26 60 26 71
26 72 26 83
26 84 26 95
26 96 26 107
26 112 26 123
26 124 26 135
26 136 26 147
26 148 26 159
26 160 26 171
26 172 26 183
26 184 26 195
26 196 26 207
26 208 26 219
26 220 26 231
26 232 26 243
27 0 27 11
27 12 27 23
27 27 27 38
27 39 27 50
27 54 27 65
27 74 27 85
27 86 27 97
27 100 27 111
27 112 27 123
27 124 27 135
27 136 27 147
27 148 27 159
27 160 27 171
27 174 27 185
27 186 27 197
27 198 27 209
27 210 27 221
27 222 27 233
28 0 28 11
28 12 28 23
28 24 28 35
28 36 28 47
28 48 28 59
28 60 28 71
28 72 28 83
28 87 28 98
28 99 28 110
28 134 28 145
28 148 28 159
28 160 28 171
28 172 28 183
28 184 28 195
28 196 28 207
28 208 28 219
28 223 28 234
28 235 28 246
29 0 29 11
29 12 29 23
29 24 29 35
29 36 29 47
29 53 29 64
29 66 29 77
29 78 29 89
29 90 29 101
29 102 29 113
29 114 29 125
29 126 29 137
29 138 29 149
29 152 29 163
29 164 29 175
29 176 29 187
29 188 29 199
29 200 29 211
29 212 29 223
29 224 29 235
29 236 29 247
30 0 30 11
30 12 30 23
30 26 30 37
30 38 30 49
30 50 30 61
30 62 30 73
30 74 30 85
30 86 30 97
30 98 30 109
30 110 30 121
30 122 30 133
30 134 30 145
30 146 30 157
30 158 30 169
30 170 30 181
30 182 30 193
30 194 30 205
30 206 30 217
30 218 30 229
30 230 30 241
30 242 30 249
42 0 53 0
54 0 65 0
66 0 77 0
78 0 89 0
100 0 111 0
112 0 123 0
126 0 137 0
138 0 149 0
150 0 161 0
31 1 42 1
43 1 54 1
60 1 71 1
72 1 83 1
84 1 95 1
96 1 107 1
108 1 119 1
120 1 131 1
134 1 145 1
146 1 157 1
31 2 42 2
43 2 54 2
55 2 66 2
67 2 78 2
79 2 90 2
91 2 102 2
103 2 114 2
115 2 126 2
127 2 138 2
139 2 150 2
151 2 162 2
31 3 42 3
43 3 54 3
55 3 66 3
67 3 78 3
79 3 90 3
91 3 102 3
103 3 114 3
115 3 126 3
127 3 138 3
139 3 150 3
151 3 162 3
35 4 46 4
47 4 58 4
59 4 70 4
71 4 82 4
83 4 94 4
95 4 106 4
107 4 118 4
119 4 130 4
131 4 142 4
143 4 154 4
155 4 163 4
31 5 42 5
43 5 54 5
55 5 66 5
67 5 78 5
79 5 90 5
91 5 102 5
103 5 114 5
115 5 126 5
127 5 138 5
141 5 152 5
153 5 163 5
31 6 42 6
43 6 54 6
66 6 77 6
78 6 89 6
90 6 101 6
102 6 113 6
114 6 125 6
130 6 141 6
142 6 153 6
154 6 163 6
31 7 42 7
43 7 54 7
55 7 66 7
67 7 78 7
79 7 90 7
91 7 102 7
103 7 114 7
115 7 126 7
127 7 138 7
139 7 150 7
151 7 162 7
31 8 42 8
43 8 54 8
55 8 66 8
67 8 78 8
79 8 90 8
91 8 102 8
109 8 120 8
121 8 132 8
133 8 144 8
148 8 159 8
31 9 42 9
43 9 54 9
55 9 66 9
67 9 78 9
79 9 90 9
91 9 102 9
103 9 114 9
115 9 126 9
127 9 138 9
139 9 150 9
151 9 162 9
31 10 42 10
48 10 59 10
63 10 74 10
75 10 86 10
87 10 98 10
107 10 118 10
119 10 130 10
131 10 142 10
143 10 154 10
155 10 163 10
31 11 42 11
43 11 54 11
55 11 66 11
67 11 78 11
79 11 90 11
91 11 102 11
104 11 115 11
116 11 127 11
128 11 139 11
140 11 151 11
152 11 163 11
31 12 42 12
43 12 54 12
55 12 66 12
67 12 78 12
83 12 94 12
95 12 106 12
133 12 144 12
145 12 156 12
31 13 42 13
43 13 54 13
57 13 68 13
71 13 82 13
85 13 96 13
97 13 108 13
109 13 120 13
121 13 132 13
133 13 144 13
145 13 156 13
31 14 42 14
43 14 54 14
55 14 66 14
67 14 78 14
79 14 90 14
91 14 102 14
103 14 114 14
117 14 128 14
129 14 140 14
141 14 152 14
153 14 163 14
31 15 42 15
43 15 54 15
55 15 66 15
67 15 78 15
87 15 98 15
99 15 110 15
111 15 122 15
125 15 136 15
137 15 148 15
149 15 160 15
31 16 42 16
43 16 54 16
55 16 66 16
67 16 78 16
79 16 90 16
91 16 102 16
103 16 114 16
117 16 128 16
129 16 140 16
141 16 152 16
31 17 42 17
43 17 54 17
55 17 66 17
67 17 78 17
79 17 90 17
91 17 102 17
103 17 114 17
116 17 127 17
131 17 142 17
143 17 154 17
155 17 163 17
31 18 42 18
43 18 54 18
57 18 68 18
69 18 80 18
81 18 92 18
105 18 116 18
117 18 128 18
129 18 140 18
141 18 152 18
153 18 163 18
31 19 42 19
46 19 57 19
58 19 69 19
77 19 88 19
89 19 100 19
101 19 112 19
113 19 124 19
125 19 136 19
137 19 148 19
149 19 160 19
31 20 42 20
43 20 54 20
55 20 66 20
67 20 78 20
79 20 90 20
95 20 106 20
109 20 120 20
121 20 132 20
133 20 144 20
145 20 156 20
31 21 42 21
43 21 54 21
66 21 77 21
78 21 89 21
101 21 112 21
113 21 124 21
125 21 136 21
137 21 148 21
149 21 160 21
31 22 42 22
43 22 54 22
55 22 66 22
70 22 81 22
82 22 93 22
94 22 105 22
106 22 117 22
124 22 135 22
136 22 147 22
148 22 159 22
31 23 42 23
46 23 57 23
58 23 69 23
70 23 81 23
82 23 93 23
94 23 105 23
106 23 117 23
120 23 131 23
132 23 143 23
144 23 155 23
31 24 42 24
43 24 54 24
55 24 66 24
67 24 78 24
79 24 90 24
91 24 102 24
103 24 114 24
115 24 126 24
127 24 138 24
139 24 150 24
151 24 162 24
31 25 42 25
43 25 54 25
55 25 66 25
67 25 78 25
79 25 90 25
91 25 102 25
103 25 114 25
115 25 126 25
127 25 138 25
139 25 150 25
151 25 162 25
31 26 42 26
43 26 54 26
56 26 67 26
68 26 79 26
80 26 91 26
92 26 103 26
104 26 115 26
116 26 127 26
128 26 139 26
140 26 151 26
152 26 163 26
31 27 42 27
44 27 55 27
56 27 67 27
74 27 85 27
86 27 97 27
98 27 109 27
110 27 121 27
122 27 133 27
134 27 145 27
146 27 157 27
31 28 42 28
43 28 54 28
55 28 66 28
67 28 78 28
79 28 90 28
91 28 102 28
103 28 114 28
116 28 127 28
128 28 139 28
143 28 154 28
31 29 42 29
43 29 54 29
55 29 66 29
67 29 78 29
79 29 90 29
91 29 102 29
110 29 121 29
122 29 133 29
134 29 145 29
146 29 157 29
31 30 42 30
43 30 54 30
55 30 66 30
69 30 80 30
81 30 92 30
93 30 104 30
105 30 116 30
117 30 128 30
131 30 142 30
143 30 154 30
31 31 42 31
43 31 54 31
55 31 66 31
67 31 78 31
79 31 90 31
91 31 102 31
103 31 114 31
117 31 128 31
129 31 140 31
141 31 152 31
153 31 163 31
31 32 42 32
43 32 54 32
55 32 66 32
68 32 79 32
87 32 98 32
99 32 110 32
111 32 122 32
123 32 134 32
138 32 149 32
150 32 161 32
31 33 42 33
43 33 54 33
55 33 66 33
67 33 78 33
79 33 90 33
91 33 102 33
103 33 114 33
115 33 126 33
142 33 153 33
154 33 163 33
31 34 42 34
43 34 54 34
55 34 66 34
67 34 78 34
79 34 90 34
92 34 103 34
104 34 115 34
116 34 127 34
128 34 139 34
140 34 151 34
152 34 163 34
31 35 42 35
43 35 54 35
58 35 69 35
70 35 81 35
82 35 93 35
94 35 105 35
106 35 117 35
118 35 129 35
130 35 141 35
147 35 158 35
32 36 43 36
44 36 55 36
56 36 67 36
68 36 79 36
80 36 91 36
92 36 103 36
104 36 115 36
116 36 127 36
128 36 139 36
140 36 151 36
152 36 163 36
31 37 42 37
43 37 54 37
55 37 66 37
67 37 78 37
79 37 90 37
91 37 102 37
103 37 114 37
115 37 126 37
127 37 138 37
139 37 150 37
151 37 162 37
31 38 42 38
43 38 54 38
56 38 67 38
68 38 79 38
80 38 91 38
92 38 103 38
104 38 115 38
116 38 127 38
128 38 139 38
140 38 151 38
152 38 163 38
32 39 43 39
44 39 55 39
56 39 67 39
68 39 79 39
80 39 91 39
92 39 103 39
104 39 115 39
116 39 127 39
129 39 140 39
141 39 152 39
153 39 163 39
38 40 49 40
50 40 61 40
62 40 73 40
74 40 85 40
86 40 97 40
99 40 110 40
111 40 122 40
123 40 134 40
135 40 146 40
147 40 158 40
31 41 42 41
43 41 54 41
55 41 66 41
67 41 78 41
79 41 90 41
91 41 102 41
103 41 114 41
115 41 126 41
127 41 138 41
139 41 150 41
31 42 42 42
43 42 54 42
56 42 67 42
68 42 79 42
80 42 91 42
92 42 103 42
104 42 115 42
116 42 127 42
128 42 139 42
140 42 151 42
152 42 163 42
31 43 42 43
43 43 54 43
55 43 66 43
71 43 82 43
92 43 103 43
104 43 115 43
116 43 127 43
128 43 139 43
140 43 151 43
152 43 163 43
31 44 42 44
43 44 54 44
55 44 66 44
67 44 78 44
79 44 90 44
93 44 104 44
105 44 116 44
117 44 128 44
129 44 140 44
141 44 152 44
153 44 163 44
37 45 48 45
51 45 62 45
63 45 74 45
84 45 95 45
96 45 107 45
108 45 119 45
120 45 131 45
132 45 143 45
144 45 155 45
36 46 47 46
48 46 59 46
60 46 71 46
72 46 83 46
84 46 95 46
96 46 107 46
108 46 119 46
120 46 131 46
132 46 143 46
145 46 156 46
31 47 42 47
43 47 54 47
55 47 66 47
67 47 78 47
79 47 90 47
91 47 102 47
104 47 115 47
116 47 127 47
128 47 139 47
140 47 151 47
152 47 163 47
31 48 42 48
43 48 54 48
55 48 66 48
67 48 78 48
79 48 90 48
91 48 102 48
103 48 114 48
115 48 126 48
127 48 138 48
139 48 150 48
151 48 162 48
31 49 42 49
43 49 54 49
55 49 66 49
67 49 78 49
79 49 90 49
91 49 102 49
110 49 121 49
122 49 133 49
134 49 145 49
147 49 158 49
31 50 42 50
43 50 54 50
55 50 66 50
67 50 78 50
79 50 90 50
91 50 102 50
103 50 114 50
115 50 126 50
127 50 138 50
139 50 150 50
151 50 162 50
31 51 42 51
43 51 54 51
55 51 66 51
67 51 78 51
79 51 90 51
91 51 102 51
106 51 117 51
118 51 129 51
130 51 141 51
142 51 153 51
154 51 163 51
31 52 42 52
43 52 54 52
55 52 66 52
67 52 78 52
79 52 90 52
91 52 102 52
103 52 114 52
115 52 126 52
127 52 138 52
139 52 150 52
151 52 162 52
33 53 44 53
46 53 57 53
58 53 69 53
70 53 81 53
82 53 93 53
94 53 105 53
106 53 117 53
118 53 129 53
130 53 141 53
142 53 153 53
154 53 163 53
31 54 42 54
43 54 54 54
55 54 66 54
67 54 78 54
79 54 90 54
91 54 102 54
103 54 114 54
118 54 129 54
130 54 141 54
142 54 153 54
154 54 163 54
31 55 42 55
43 55 54 55
55 55 66 55
67 55 78 55
86 55 97 55
99 55 110 55
111 55 122 55
123 55 134 55
135 55 146 55
147 55 158 55
31 56 42 56
47 56 58 56
59 56 70 56
71 56 82 56
83 56 94 56
95 56 106 56
107 56 118 56
119 56 130 56
131 56 142 56
143 56 154 56
155 56 163 56
31 57 42 57
43 57 54 57
55 57 66 57
67 57 78 57
79 57 90 57
91 57 102 57
103 57 114 57
115 57 126 57
127 57 138 57
139 57 150 57
151 57 162 57
31 58 42 58
43 58 54 58
55 58 66 58
67 58 78 58
79 58 90 58
94 58 105 58
106 58 117 58
118 58 129 58
131 58 142 58
143 58 154 58
31 59 42 59
43 59 54 59
58 59 69 59
70 59 81 59
82 59 93 59
94 59 105 59
106 59 117 59
118 59 129 59
130 59 141 59
142 59 153 59
154 59 163 59
31 60 42 60
43 60 54 60
55 60 66 60
68 60 79 60
80 60 91 60
92 60 103 60
104 60 115 60
117 60 128 60
129 60 140 60
141 60 152 60
153 60 163 60
31 61 42 61
43 61 54 61
55 61 66 61
67 61 78 61
81 61 92 61
93 61 104 61
109 61 120 61
121 61 132 61
133 61 144 61
145 61 156 61
31 62 42 62
43 62 54 62
58 62 69 62
70 62 81 62
82 62 93 62
94 62 105 62
106 62 117 62
118 62 129 62
130 62 141 62
142 62 153 62
31 63 42 63
43 63 54 63
55 63 66 63
67 63 78 63
79 63 90 63
91 63 102 63
103 63 114 63
115 63 126 63
127 63 138 63
139 63 150 63
151 63 162 63
31 64 42 64
43 64 54 64
55 64 66 64
67 64 78 64
79 64 90 64
91 64 102 64
103 64 114 64
116 64 127 64
128 64 139 64
140 64 151 64
152 64 163 64
31 65 42 65
43 65 54 65
55 65 66 65
70 65 81 65
82 65 93 65
94 65 105 65
106 65 117 65
118 65 129 65
130 65 141 65
142 65 153 65
154 65 163 65
31 66 42 66
43 66 54 66
55 66 66 66
67 66 78 66
79 66 90 66
91 66 102 66
103 66 114 66
115 66 126 66
130 66 141 66
142 66 153 66
154 66 163 66
31 67 42 67
43 67 54 67
55 67 66 67
67 67 78 67
81 67 92 67
93 67 104 67
106 67 117 67
118 67 129 67
130 67 141 67
142 67 153 67
154 67 163 67
31 68 42 68
43 68 54 68
55 68 66 68
67 68 78 68
90 68 101 68
102 68 113 68
114 68 125 68
130 68 141 68
142 68 153 68
154 68 163 68
31 69 42 69
43 69 54 69
55 69 66 69
67 69 78 69
79 69 90 69
91 69 102 69
103 69 114 69
115 69 126 69
127 69 138 69
139 69 150 69
151 69 162 69
34 70 45 70
46 70 57 70
58 70 69 70
80 70 91 70
92 70 103 70
122 70 133 70
134 70 145 70
146 70 157 70
31 71 42 71
43 71 54 71
55 71 66 71
67 71 78 71
79 71 90 71
97 71 108 71
109 71 120 71
121 71 132 71
133 71 144 71
146 71 157 71
31 72 42 72
43 72 54 72
55 72 66 72
67 72 78 72
80 72 91 72
92 72 103 72
104 72 115 72
116 72 127 72
128 72 139 72
140 72 151 72
152 72 163 72
34 73 45 73
46 73 57 73
58 73 69 73
70 73 81 73
82 73 93 73
94 73 105 73
106 73 117 73
123 73 134 73
135 73 146 73
147 73 158 73
31 74 42 74
43 74 54 74
55 74 66 74
67 74 78 74
79 74 90 74
91 74 102 74
103 74 114 74
115 74 126 74
127 74 138 74
139 74 150 74
151 74 162 74
31 75 42 75
43 75 54 75
55 75 66 75
69 75 80 75
81 75 92 75
93 75 104 75
105 75 116 75
117 75 128 75
129 75 140 75
141 75 152 75
153 75 163 75
31 76 42 76
43 76 54 76
55 76 66 76
79 76 90 76
91 76 102 76
103 76 114 76
115 76 126 76
127 76 138 76
141 76 152 76
153 76 163 76
31 77 42 77
43 77 54 77
67 77 78 77
82 77 93 77
94 77 105 77
106 77 117 77
118 77 129 77
134 77 145 77
146 77 157 77
31 78 42 78
43 78 54 78
55 78 66 78
67 78 78 78
79 78 90 78
91 78 102 78
103 78 114 78
115 78 126 78
127 78 138 78
139 78 150 78
151 78 162 78
31 79 42 79
43 79 54 79
58 79 69 79
70 79 81 79
82 79 93 79
94 79 105 79
106 79 117 79
118 79 129 79
130 79 141 79
142 79 153 79
154 79 163 79
31 80 42 80
43 80 54 80
55 80 66 80
67 80 78 80
80 80 91 80
92 80 103 80
104 80 115 80
116 80 127 80
128 80 139 80
140 80 151 80
152 80 163 80
32 81 43 81
44 81 55 81
56 81 67 81
68 81 79 81
80 81 91 81
99 81 110 81
111 81 122 81
142 81 153 81
154 81 163 81
31 82 42 82
43 82 54 82
55 82 66 82
67 82 78 82
79 82 90 82
91 82 102 82
103 82 114 82
115 82 126 82
127 82 138 82
139 82 150 82
151 82 162 82
31 83 42 83
43 83 54 83
55 83 66 83
67 83 78 83
79 83 90 83
91 83 102 83
103 83 114 83
115 83 126 83
127 83 138 83
139 83 150 83
151 83 162 83
31 84 42 84
43 84 54 84
59 84 70 84
71 84 82 84
83 84 94 84
95 84 106 84
107 84 118 84
119 84 130 84
131 84 142 84
143 84 154 84
31 85 42 85
43 85 54 85
55 85 66 85
67 85 78 85
79 85 90 85
91 85 102 85
103 85 114 85
115 85 126 85
127 85 138 85
139 85 150 85
151 85 162 85
32 86 43 86
44 86 55 86
56 86 67 86
68 86 79 86
81 86 92 86
93 86 104 86
105 86 116 86
117 86 128 86
129 86 140 86
141 86 152 86
31 87 42 87
43 87 54 87
55 87 66 87
67 87 78 87
79 87 90 87
91 87 102 87
103 87 114 87
115 87 126 87
127 87 138 87
139 87 150 87
151 87 162 87
31 88 42 88
43 88 54 88
55 88 66 88
67 88 78 88
79 88 90 88
93 88 104 88
105 88 116 88
117 88 128 88
129 88 140 88
141 88 152 88
153 88 163 88
31 89 42 89
43 89 54 89
55 89 66 89
67 89 78 89
79 89 90 89
91 89 102 89
103 89 114 89
115 89 126 89
128 89 139 89
140 89 151 89
152 89 163 89
31 90 42 90
43 90 54 90
55 90 66 90
67 90 78 90
79 90 90 90
91 90 102 90
122 90 133 90
134 90 145 90
147 90 158 90
31 91 42 91
43 91 54 91
55 91 66 91
67 91 78 91
79 91 90 91
91 91 102 91
103 91 114 91
115 91 126 91
127 91 138 91
142 91 153 91
31 92 42 92
43 92 54 92
56 92 67 92
68 92 79 92
80 92 91 92
92 92 103 92
104 92 115 92
116 92 127 92
128 92 139 92
140 92 151 92
152 92 163 92
31 93 42 93
44 93 55 93
56 93 67 93
68 93 79 93
80 93 91 93
92 93 103 93
104 93 115 93
116 93 127 93
128 93 139 93
140 93 151 93
152 93 163 93
31 94 42 94
43 94 54 94
55 94 66 94
68 94 79 94
80 94 91 94
94 94 105 94
106 94 117 94
118 94 129 94
130 94 141 94
142 94 153 94
154 94 163 94
31 95 42 95
43 95 54 95
55 95 66 95
67 95 78 95
80 95 91 95
92 95 103 95
104 95 115 95
116 95 127 95
128 95 139 95
140 95 151 95
152 95 163 95
31 96 42 96
43 96 54 96
55 96 66 96
67 96 78 96
79 96 90 96
91 96 102 96
103 96 114 96
115 96 126 96
127 96 138 96
139 96 150 96
152 96 163 96
31 97 42 97
43 97 54 97
56 97 67 97
68 97 79 97
80 97 91 97
92 97 103 97
104 97 115 97
116 97 127 97
128 97 139 97
140 97 151 97
152 97 163 97
31 98 42 98
43 98 54 98
55 98 66 98
67 98 78 98
79 98 90 98
91 98 102 98
103 98 114 98
115 98 126 98
127 98 138 98
139 98 150 98
151 98 162 98
31 99 42 99
43 99 54 99
55 99 66 99
67 99 78 99
79 99 90 99
91 99 102 99
106 99 117 99
118 99 129 99
130 99 141 99
142 99 153 99
154 99 163 99
31 100 42 100
43 100 54 100
55 100 66 100
67 100 78 100
79 100 90 100
91 100 102 100
103 100 114 100
115 100 126 100
127 100 138 100
139 100 150 100
151 100 162 100
31 101 42 101
43 101 54 101
55 101 66 101
67 101 78 101
79 101 90 101
92 101 103 101
104 101 115 101
116 101 127 101
128 101 139 101
140 101 151 101
152 101 163 101
31 102 42 102
43 102 54 102
55 102 66 102
67 102 78 102
86 102 97 102
98 102 109 102
110 102 121 102
122 102 133 102
134 102 145 102
146 102 157 102
31 103 42 103
43 103 54 103
55 103 66 103
67 103 78 103
79 103 90 103
91 103 102 103
103 103 114 103
118 103 129 103
130 103 141 103
142 103 153 103
31 104 42 104
43 104 54 104
55 104 66 104
67 104 78 104
79 104 90 104
91 104 102 104
103 104 114 104
115 104 126 104
127 104 138 104
139 104 150 104
151 104 162 104
31 105 42 105
43 105 54 105
55 105 66 105
68 105 79 105
80 105 91 105
92 105 103 105
104 105 115 105
116 105 127 105
128 105 139 105
140 105 151 105
152 105 163 105
31 106 42 106
43 106 54 106
55 106 66 106
67 106 78 106
79 106 90 106
91 106 102 106
103 106 114 106
115 106 126 106
127 106 138 106
139 106 150 106
151 106 162 106
31 107 42 107
43 107 54 107
55 107 66 107
67 107 78 107
79 107 90 107
91 107 102 107
103 107 114 107
115 107 126 107
127 107 138 107
139 107 150 107
151 107 162 107
31 108 42 108
43 108 54 108
56 108 67 108
73 108 84 108
85 108 96 108
97 108 108 108
109 108 120 108
121 108 132 108
133 108 144 108
145 108 156 108
31 109 42 109
43 109 54 109
55 109 66 109
67 109 78 109
79 109 90 109
91 109 102 109
103 109 114 109
115 109 126 109
127 109 138 109
139 109 150 109
151 109 162 109
32 110 43 110
44 110 55 110
56 110 67 110
68 110 79 110
80 110 91 110
95 110 106 110
107 110 118 110
119 110 130 110
148 110 159 110
31 111 42 111
43 111 54 111
55 111 66 111
67 111 78 111
79 111 90 111
91 111 102 111
103 111 114 111
120 111 131 111
137 111 148 111
149 111 160 111
31 112 42 112
43 112 54 112
55 112 66 112
67 112 78 112
79 112 90 112
91 112 102 112
103 112 114 112
115 112 126 112
127 112 138 112
139 112 150 112
151 112 162 112
37 113 48 113
49 113 60 113
61 113 72 113
73 113 84 113
85 113 96 113
100 113 111 113
112 113 123 113
124 113 135 113
136 113 147 113
148 113 159 113
31 114 42 114
43 114 54 114
55 114 66 114
67 114 78 114
79 114 90 114
101 114 112 114
113 114 124 114
125 114 136 114
137 114 148 114
151 114 162 114
31 115 42 115
43 115 54 115
65 115 76 115
77 115 88 115
89 115 100 115
101 115 112 115
113 115 124 115
125 115 136 115
137 115 148 115
149 115 160 115
31 116 42 116
43 116 54 116
55 116 66 116
67 116 78 116
79 116 90 116
91 116 102 116
103 116 114 116
115 116 126 116
127 116 138 116
139 116 150 116
152 116 163 116
31 117 42 117
43 117 54 117
55 117 66 117
67 117 78 117
79 117 90 117
91 117 102 117
103 117 114 117
115 117 126 117
127 117 138 117
139 117 150 117
151 117 162 117
31 118 42 118
43 118 54 118
55 118 66 118
67 118 78 118
79 118 90 118
91 118 102 118
107 118 118 118
119 118 130 118
131 118 142 118
143 118 154 118
31 119 42 119
43 119 54 119
55 119 66 119
68 119 79 119
80 119 91 119
92 119 103 119
104 119 115 119
116 119 127 119
128 119 139 119
140 119 151 119
152 119 163 119
31 120 42 120
43 120 54 120
55 120 66 120
67 120 78 120
85 120 96 120
98 120 109 120
111 120 122 120
123 120 134 120
135 120 146 120
148 120 159 120
31 121 42 121
43 121 54 121
57 121 68 121
69 121 80 121
81 121 92 121
101 121 112 121
121 121 132 121
133 121 144 121
145 121 156 121
31 122 42 122
43 122 54 122
55 122 66 122
67 122 78 122
79 122 90 122
91 122 102 122
103 122 114 122
118 122 129 122
130 122 141 122
142 122 153 122
154 122 163 122
31 123 42 123
43 123 54 123
56 123 67 123
68 123 79 123
80 123 91 123
92 123 103 123
104 123 115 123
116 123 127 123
133 123 144 123
145 123 156 123
31 124 42 124
43 124 54 124
56 124 67 124
68 124 79 124
80 124 91 124
92 124 103 124
104 124 115 124
116 124 127 124
128 124 139 124
140 124 151 124
152 124 163 124
31 125 42 125
43 125 54 125
55 125 66 125
69 125 80 125
81 125 92 125
93 125 104 125
105 125 116 125
117 125 128 125
129 125 140 125
141 125 152 125
153 125 163 125
31 126 42 126
43 126 54 126
55 126 66 126
67 126 78 126
79 126 90 126
91 126 102 126
103 126 114 126
115 126 126 126
127 126 138 126
139 126 150 126
151 126 162 126
31 127 42 127
43 127 54 127
55 127 66 127
67 127 78 127
79 127 90 127
91 127 102 127
103 127 114 127
115 127 126 127
127 127 138 127
139 127 150 127
151 127 162 127
31 128 42 128
43 128 54 128
57 128 68 128
70 128 81 128
82 128 93 128
94 128 105 128
106 128 117 128
124 128 135 128
136 128 147 128
148 128 159 128
31 129 42 129
43 129 54 129
55 129 66 129
67 129 78 129
79 129 90 129
91 129 102 129
103 129 114 129
115 129 126 129
127 129 138 129
139 129 150 129
151 129 162 129
31 130 42 130
43 130 54 130
55 130 66 130
67 130 78 130
79 130 90 130
91 130 102 130
103 130 114 130
115 130 126 130
127 130 138 130
139 130 150 130
151 130 162 130
31 131 42 131
44 131 55 131
56 131 67 131
68 131 79 131
80 131 91 131
92 131 103 131
104 131 115 131
116 131 127 131
128 131 139 131
140 131 151 131
152 131 163 131
49 132 60 132
62 132 73 132
74 132 85 132
86 132 97 132
98 132 109 132
110 132 121 132
122 132 133 132
134 132 145 132
146 132 157 132
31 133 42 133
43 133 54 133
55 133 66 133
68 133 79 133
80 133 91 133
99 133 110 133
111 133 122 133
123 133 134 133
135 133 146 133
147 133 158 133
31 134 42 134
43 134 54 134
55 134 66 134
71 134 82 134
83 134 94 134
95 134 106 134
107 134 118 134
119 134 130 134
137 134 148 134
149 134 160 134
31 135 42 135
43 135 54 135
55 135 66 135
72 135 83 135
84 135 95 135
96 135 107 135
108 135 119 135
120 135 131 135
132 135 143 135
144 135 155 135
31 136 42 136
43 136 54 136
55 136 66 136
67 136 78 136
79 136 90 136
91 136 102 136
103 136 114 136
115 136 126 136
127 136 138 136
139 136 150 136
151 136 162 136
31 137 42 137
43 137 54 137
55 137 66 137
67 137 78 137
79 137 90 137
91 137 102 137
103 137 114 137
115 137 126 137
127 137 138 137
139 137 150 137
151 137 162 137
31 138 42 138
43 138 54 138
55 138 66 138
67 138 78 138
79 138 90 138
91 138 102 138
103 138 114 138
115 138 126 138
127 138 138 138
139 138 150 138
151 138 162 138
31 139 42 139
43 139 54 139
56 139 67 139
68 139 79 139
81 139 92 139
93 139 104 139
105 139 116 139
117 139 128 139
129 139 140 139
141 139 152 139
153 139 163 139
31 140 42 140
43 140 54 140
55 140 66 140
67 140 78 140
79 140 90 140
91 140 102 140
103 140 114 140
115 140 126 140
127 140 138 140
139 140 150 140
152 140 163 140
31 141 42 141
43 141 54 141
55 141 66 141
68 141 79 141
80 141 91 141
92 141 103 141
104 141 115 141
116 141 127 141
128 141 139 141
140 141 151 141
31 142 42 142
43 142 54 142
55 142 66 142
67 142 78 142
79 142 90 142
91 142 102 142
103 142 114 142
115 142 126 142
127 142 138 142
139 142 150 142
151 142 162 142
31 143 42 143
45 143 56 143
57 143 68 143
69 143 80 143
81 143 92 143
93 143 104 143
105 143 116 143
117 143 128 143
129 143 140 143
141 143 152 143
153 143 163 143
31 144 42 144
43 144 54 144
56 144 67 144
68 144 79 144
80 144 91 144
92 144 103 144
104 144 115 144
116 144 127 144
130 144 141 144
142 144 153 144
31 145 42 145
43 145 54 145
55 145 66 145
67 145 78 145
79 145 90 145
91 145 102 145
103 145 114 145
115 145 126 145
127 145 138 145
139 145 150 145
151 145 162 145
31 146 42 146
43 146 54 146
55 146 66 146
69 146 80 146
81 146 92 146
93 146 104 146
105 146 116 146
117 146 128 146
129 146 140 146
142 146 153 146
154 146 163 146
31 147 42 147
43 147 54 147
55 147 66 147
67 147 78 147
79 147 90 147
91 147 102 147
103 147 114 147
115 147 126 147
127 147 138 147
139 147 150 147
151 147 162 147
31 148 42 148
43 148 54 148
57 148 68 148
71 148 82 148
84 148 95 148
110 148 121 148
122 148 133 148
134 148 145 148
146 148 157 148
31 149 42 149
43 149 54 149
55 149 66 149
67 149 78 149
79 149 90 149
91 149 102 149
103 149 114 149
115 149 126 149
127 149 138 149
139 149 150 149
152 149 163 149
31 150 42 150
43 150 54 150
55 150 66 150
70 150 81 150
82 150 93 150
95 150 106 150
110 150 121 150
122 150 133 150
143 150 154 150
31 151 42 151
43 151 54 151
55 151 66 151
67 151 78 151
79 151 90 151
91 151 102 151
103 151 114 151
115 151 126 151
127 151 138 151
139 151 150 151
151 151 162 151
31 152 42 152
43 152 54 152
55 152 66 152
67 152 78 152
79 152 90 152
91 152 102 152
103 152 114 152
115 152 126 152
127 152 138 152
139 152 150 152
151 152 162 152
39 153 50 153
51 153 62 153
63 153 74 153
75 153 86 153
87 153 98 153
99 153 110 153
111 153 122 153
125 153 136 153
137 153 148 153
149 153 160 153
31 154 42 154
43 154 54 154
55 154 66 154
68 154 79 154
80 154 91 154
92 154 103 154
104 154 115 154
116 154 127 154
128 154 139 154
140 154 151 154
152 154 163 154
31 155 42 155
43 155 54 155
55 155 66 155
76 155 87 155
88 155 99 155
111 155 122 155
123 155 134 155
135 155 146 155
147 155 158 155
34 156 45 156
56 156 67 156
68 156 79 156
80 156 91 156
98 156 109 156
110 156 121 156
122 156 133 156
149 156 160 156
31 157 42 157
43 157 54 157
55 157 66 157
67 157 78 157
79 157 90 157
91 157 102 157
103 157 114 157
115 157 126 157
127 157 138 157
139 157 150 157
151 157 162 157
31 158 42 158
43 158 54 158
55 158 66 158
67 158 78 158
79 158 90 158
91 158 102 158
103 158 114 158
115 158 126 158
127 158 138 158
144 158 155 158
32 159 43 159
44 159 55 159
56 159 67 159
68 159 79 159
80 159 91 159
92 159 103 159
108 159 119 159
120 159 131 159
132 159 143 159
144 159 155 159
156 159 163 159
31 160 42 160
43 160 54 160
55 160 66 160
67 160 78 160
84 160 95 160
96 160 107 160
108 160 119 160
120 160 131 160
132 160 143 160
144 160 155 160
31 161 42 161
43 161 54 161
55 161 66 161
67 161 78 161
79 161 90 161
91 161 102 161
103 161 114 161
115 161 126 161
127 161 138 161
139 161 150 161
151 161 162 161
34 162 45 162
46 162 57 162
58 162 69 162
72 162 83 162
84 162 95 162
96 162 107 162
108 162 119 162
120 162 131 162
132 162 143 162
144 162 155 162
31 163 42 163
43 163 54 163
55 163 66 163
67 163 78 163
79 163 90 163
99 163 110 163
111 163 122 163
131 163 142 163
143 163 154 163
155 163 163 163
31 164 42 164
43 164 54 164
55 164 66 164
70 164 81 164
82 164 93 164
94 164 105 164
110 164 121 164
122 164 133 164
135 164 146 164
147 164 158 164
31 165 42 165
43 165 54 165
55 165 66 165
67 165 78 165
79 165 90 165
91 165 102 165
103 165 114 165
115 165 126 165
129 165 140 165
141 165 152 165
153 165 163 165
31 166 42 166
43 166 54 166
61 166 72 166
73 166 84 166
85 166 96 166
97 166 108 166
109 166 120 166
125 166 136 166
137 166 148 166
149 166 160 166
31 167 42 167
43 167 54 167
55 167 66 167
67 167 78 167
79 167 90 167
91 167 102 167
103 167 114 167
115 167 126 167
127 167 138 167
139 167 150 167
151 167 162 167
32 168 43 168
44 168 55 168
56 168 67 168
68 168 79 168
80 168 91 168
92 168 103 168
104 168 115 168
117 168 128 168
129 168 140 168
141 168 152 168
153 168 163 168
31 169 42 169
43 169 54 169
55 169 66 169
67 169 78 169
79 169 90 169
91 169 102 169
106 169 117 169
124 169 135 169
142 169 153 169
154 169 163 169
31 170 42 170
43 170 54 170
67 170 78 170
79 170 90 170
91 170 102 170
103 170 114 170
115 170 126 170
127 170 138 170
139 170 150 170
151 170 162 170
31 171 42 171
43 171 54 171
56 171 67 171
68 171 79 171
80 171 91 171
92 171 103 171
104 171 115 171
116 171 127 171
128 171 139 171
140 171 151 171
152 171 163 171
31 172 42 172
43 172 54 172
55 172 66 172
67 172 78 172
79 172 90 172
91 172 102 172
103 172 114 172
115 172 126 172
127 172 138 172
139 172 150 172
151 172 162 172
31 173 42 173
43 173 54 173
55 173 66 173
67 173 78 173
79 173 90 173
100 173 111 173
112 173 123 173
124 173 135 173
136 173 147 173
148 173 159 173
31 174 42 174
44 174 55 174
56 174 67 174
69 174 80 174
81 174 92 174
93 174 104 174
105 174 116 174
117 174 128 174
142 174 153 174
52 175 63 175
64 175 75 175
76 175 87 175
91 175 102 175
108 175 119 175
120 175 131 175
132 175 143 175
144 175 155 175
31 176 42 176
43 176 54 176
55 176 66 176
67 176 78 176
79 176 90 176
91 176 102 176
103 176 114 176
115 176 126 176
127 176 138 176
139 176 150 176
151 176 162 176
31 177 42 177
43 177 54 177
55 177 66 177
67 177 78 177
79 177 90 177
91 177 102 177
103 177 114 177
116 177 127 177
128 177 139 177
140 177 151 177
152 177 163 177
31 178 42 178
43 178 54 178
55 178 66 178
67 178 78 178
79 178 90 178
91 178 102 178
107 178 118 178
119 178 130 178
131 178 142 178
143 178 154 178
155 178 163 178
31 179 42 179
43 179 54 179
55 179 66 179
67 179 78 179
79 179 90 179
91 179 102 179
103 179 114 179
115 179 126 179
127 179 138 179
139 179 150 179
151 179 162 179
31 180 42 180
43 180 54 180
55 180 66 180
67 180 78 180
79 180 90 180
91 180 102 180
103 180 114 180
115 180 126 180
127 180 138 180
139 180 150 180
151 180 162 180
31 181 42 181
43 181 54 181
55 181 66 181
67 181 78 181
79 181 90 181
91 181 102 181
103 181 114 181
115 181 126 181
127 181 138 181
139 181 150 181
152 181 163 181
31 182 42 182
43 182 54 182
55 182 66 182
81 182 92 182
93 182 104 182
105 182 116 182
117 182 128 182
129 182 140 182
141 182 152 182
153 182 163 182
31 183 42 183
43 183 54 183
55 183 66 183
67 183 78 183
79 183 90 183
91 183 102 183
103 183 114 183
115 183 126 183
127 183 138 183
139 183 150 183
151 183 162 183
32 184 43 184
44 184 55 184
56 184 67 184
68 184 79 184
80 184 91 184
93 184 104 184
105 184 116 184
129 184 140 184
141 184 152 184
31 185 42 185
43 185 54 185
55 185 66 185
70 185 81 185
84 185 95 185
96 185 107 185
108 185 119 185
120 185 131 185
132 185 143 185
144 185 155 185
31 186 42 186
43 186 54 186
55 186 66 186
67 186 78 186
79 186 90 186
91 186 102 186
103 186 114 186
116 186 127 186
128 186 139 186
140 186 151 186
31 187 42 187
43 187 54 187
58 187 69 187
70 187 81 187
82 187 93 187
94 187 105 187
106 187 117 187
118 187 129 187
130 187 141 187
142 187 153 187
31 188 42 188
43 188 54 188
55 188 66 188
68 188 79 188
80 188 91 188
92 188 103 188
104 188 115 188
116 188 127 188
128 188 139 188
140 188 151 188
152 188 163 188
33 189 44 189
46 189 57 189
58 189 69 189
70 189 81 189
82 189 93 189
94 189 105 189
106 189 117 189
118 189 129 189
130 189 141 189
143 189 154 189
155 189 163 189
31 190 42 190
43 190 54 190
55 190 66 190
67 190 78 190
79 190 90 190
91 190 102 190
103 190 114 190
115 190 126 190
127 190 138 190
139 190 150 190
151 190 162 190
31 191 42 191
43 191 54 191
55 191 66 191
67 191 78 191
79 191 90 191
91 191 102 191
103 191 114 191
115 191 126 191
127 191 138 191
139 191 150 191
151 191 162 191
33 192 44 192
45 192 56 192
64 192 75 192
76 192 87 192
88 192 99 192
100 192 111 192
112 192 123 192
124 192 135 192
136 192 147 192
148 192 159 192
31 193 42 193
43 193 54 193
55 193 66 193
67 193 78 193
79 193 90 193
91 193 102 193
103 193 114 193
115 193 126 193
127 193 138 193
139 193 150 193
151 193 162 193
31 194 42 194
43 194 54 194
55 194 66 194
67 194 78 194
81 194 92 194
93 194 104 194
106 194 117 194
118 194 129 194
130 194 141 194
142 194 153 194
35 195 46 195
47 195 58 195
59 195 70 195
71 195 82 195
83 195 94 195
95 195 106 195
107 195 118 195
119 195 130 195
131 195 142 195
143 195 154 195
31 196 42 196
43 196 54 196
55 196 66 196
90 196 101 196
102 196 113 196
114 196 125 196
126 196 137 196
138 196 149 196
150 196 161 196
31 197 42 197
43 197 54 197
55 197 66 197
67 197 78 197
79 197 90 197
91 197 102 197
103 197 114 197
115 197 126 197
127 197 138 197
150 197 161 197
31 198 42 198
43 198 54 198
55 198 66 198
67 198 78 198
79 198 90 198
91 198 102 198
103 198 114 198
115 198 126 198
127 198 138 198
139 198 150 198
151 198 162 198
35 199 46 199
47 199 58 199
59 199 70 199
78 199 89 199
90 199 101 199
102 199 113 199
114 199 125 199
126 199 137 199
138 199 149 199
150 199 161 199
31 200 42 200
43 200 54 200
55 200 66 200
67 200 78 200
79 200 90 200
91 200 102 200
103 200 114 200
115 200 126 200
127 200 138 200
139 200 150 200
151 200 162 200
32 201 43 201
44 201 55 201
56 201 67 201
74 201 85 201
86 201 97 201
98 201 109 201
110 201 121 201
122 201 133 201
134 201 145 201
146 201 157 201
34 202 45 202
47 202 58 202
59 202 70 202
71 202 82 202
83 202 94 202
95 202 106 202
107 202 118 202
119 202 130 202
131 202 142 202
143 202 154 202
155 202 163 202
31 203 42 203
43 203 54 203
55 203 66 203
67 203 78 203
79 203 90 203
92 203 103 203
104 203 115 203
116 203 127 203
128 203 139 203
140 203 151 203
152 203 163 203
31 204 42 204
43 204 54 204
55 204 66 204
67 204 78 204
79 204 90 204
91 204 102 204
103 204 114 204
115 204 126 204
127 204 138 204
139 204 150 204
151 204 162 204
31 205 42 205
43 205 54 205
55 205 66 205
67 205 78 205
82 205 93 205
94 205 105 205
106 205 117 205
118 205 129 205
130 205 141 205
142 205 153 205
154 205 163 205
31 206 42 206
43 206 54 206
55 206 66 206
67 206 78 206
79 206 90 206
91 206 102 206
103 206 114 206
115 206 126 206
127 206 138 206
139 206 150 206
151 206 162 206
31 207 42 207
43 207 54 207
57 207 68 207
69 207 80 207
81 207 92 207
93 207 104 207
105 207 116 207
117 207 128 207
129 207 140 207
144 207 155 207
31 208 42 208
43 208 54 208
55 208 66 208
67 208 78 208
79 208 90 208
91 208 102 208
103 208 114 208
115 208 126 208
127 208 138 208
139 208 150 208
151 208 162 208
31 209 42 209
43 209 54 209
55 209 66 209
67 209 78 209
79 209 90 209
91 209 102 209
103 209 114 209
115 209 126 209
127 209 138 209
139 209 150 209
151 209 162 209
31 210 42 210
51 210 62 210
63 210 74 210
75 210 86 210
87 210 98 210
107 210 118 210
119 210 130 210
131 210 142 210
143 210 154 210
31 211 42 211
43 211 54 211
55 211 66 211
67 211 78 211
86 211 97 211
98 211 109 211
110 211 121 211
122 211 133 211
134 211 145 211
146 211 157 211
33 212 44 212
45 212 56 212
57 212 68 212
69 212 80 212
81 212 92 212
93 212 104 212
105 212 116 212
117 212 128 212
129 212 140 212
141 212 152 212
31 213 42 213
43 213 54 213
55 213 66 213
67 213 78 213
79 213 90 213
91 213 102 213
108 213 119 213
120 213 131 213
132 213 143 213
151 213 162 213
31 214 42 214
43 214 54 214
55 214 66 214
67 214 78 214
79 214 90 214
91 214 102 214
106 214 117 214
118 214 129 214
130 214 141 214
142 214 153 214
154 214 163 214
31 215 42 215
43 215 54 215
55 215 66 215
67 215 78 215
79 215 90 215
91 215 102 215
103 215 114 215
116 215 127 215
128 215 139 215
140 215 151 215
152 215 163 215
31 216 42 216
43 216 54 216
56 216 67 216
68 216 79 216
80 216 91 216
92 216 103 216
107 216 118 216
119 216 130 216
131 216 142 216
143 216 154 216
155 216 163 216
31 217 42 217
46 217 57 217
58 217 69 217
70 217 81 217
82 217 93 217
102 217 113 217
114 217 125 217
126 217 137 217
138 217 149 217
151 217 162 217
31 218 42 218
43 218 54 218
55 218 66 218
67 218 78 218
79 218 90 218
91 218 102 218
103 218 114 218
115 218 126 218
127 218 138 218
139 218 150 218
151 218 162 218
31 219 42 219
44 219 55 219
56 219 67 219
68 219 79 219
80 219 91 219
92 219 103 219
105 219 116 219
117 219 128 219
129 219 140 219
141 219 152 219
153 219 163 219
31 220 42 220
43 220 54 220
55 220 66 220
67 220 78 220
79 220 90 220
94 220 105 220
106 220 117 220
118 220 129 220
130 220 141 220
142 220 153 220
154 220 163 220
31 221 42 221
43 221 54 221
55 221 66 221
76 221 87 221
88 221 99 221
102 221 113 221
114 221 125 221
126 221 137 221
138 221 149 221
150 221 161 221
31 222 42 222
43 222 54 222
55 222 66 222
67 222 78 222
79 222 90 222
91 222 102 222
103 222 114 222
115 222 126 222
130 222 141 222
142 222 153 222
154 222 163 222
31 223 42 223
43 223 54 223
55 223 66 223
68 223 79 223
80 223 91 223
92 223 103 223
104 223 115 223
116 223 127 223
128 223 139 223
140 223 151 223
31 224 42 224
43 224 54 224
55 224 66 224
67 224 78 224
79 224 90 224
94 224 105 224
106 224 117 224
118 224 129 224
130 224 141 224
142 224 153 224
154 224 163 224
37 225 48 225
49 225 60 225
61 225 72 225
73 225 84 225
85 225 96 225
97 225 108 225
109 225 120 225
121 225 132 225
133 225 144 225
145 225 156 225
31 226 42 226
43 226 54 226
55 226 66 226
68 226 79 226
80 226 91 226
92 226 103 226
104 226 115 226
116 226 127 226
128 226 139 226
142 226 153 226
154 226 163 226
31 227 42 227
43 227 54 227
55 227 66 227
67 227 78 227
79 227 90 227
91 227 102 227
103 227 114 227
115 227 126 227
127 227 138 227
139 227 150 227
151 227 162 227
31 228 42 228
43 228 54 228
62 228 73 228
74 228 85 228
86 228 97 228
98 228 109 228
110 228 121 228
122 228 133 228
134 228 145 228
146 228 157 228
31 229 42 229
43 229 54 229
55 229 66 229
67 229 78 229
79 229 90 229
91 229 102 229
103 229 114 229
115 229 126 229
127 229 138 229
139 229 150 229
151 229 162 229
31 230 42 230
43 230 54 230
55 230 66 230
67 230 78 230
79 230 90 230
91 230 102 230
103 230 114 230
115 230 126 230
127 230 138 230
139 230 150 230
151 230 162 230
31 231 42 231
43 231 54 231
57 231 68 231
69 231 80 231
81 231 92 231
93 231 104 231
105 231 116 231
117 231 128 231
130 231 141 231
148 231 159 231
31 232 42 232
43 232 54 232
55 232 66 232
67 232 78 232
79 232 90 232
91 232 102 232
110 232 121 232
122 232 133 232
136 232 147 232
148 232 159 232
31 233 42 233
43 233 54 233
55 233 66 233
69 233 80 233
82 233 93 233
94 233 105 233
106 233 117 233
118 233 129 233
134 233 145 233
146 233 157 233
31 234 42 234
43 234 54 234
55 234 66 234
67 234 78 234
79 234 90 234
91 234 102 234
103 234 114 234
115 234 126 234
127 234 138 234
139 234 150 234
151 234 162 234
31 235 42 235
43 235 54 235
55 235 66 235
67 235 78 235
79 235 90 235
91 235 102 235
103 235 114 235
115 235 126 235
127 235 138 235
139 235 150 235
151 235 162 235
31 236 42 236
43 236 54 236
67 236 78 236
79 236 90 236
91 236 102 236
103 236 114 236
115 236 126 236
127 236 138 236
139 236 150 236
151 236 162 236
31 237 42 237
44 237 55 237
56 237 67 237
68 237 79 237
80 237 91 237
92 237 103 237
104 237 115 237
116 237 127 237
138 237 149 237
150 237 161 237
33 238 44 238
45 238 56 238
57 238 68 238
69 238 80 238
81 238 92 238
93 238 104 238
109 238 120 238
121 238 132 238
133 238 144 238
145 238 156 238
31 239 42 239
43 239 54 239
55 239 66 239
75 239 86 239
87 239 98 239
99 239 110 239
111 239 122 239
123 239 134 239
135 239 146 239
149 239 160 239
31 240 42 240
54 240 65 240
68 240 79 240
80 240 91 240
92 240 103 240
104 240 115 240
117 240 128 240
129 240 140 240
143 240 154 240
155 240 163 240
31 241 42 241
43 241 54 241
55 241 66 241
67 241 78 241
79 241 90 241
92 241 103 241
104 241 115 241
116 241 127 241
128 241 139 241
140 241 151 241
152 241 163 241
31 242 42 242
43 242 54 242
55 242 66 242
67 242 78 242
79 242 90 242
91 242 102 242
103 242 114 242
115 242 126 242
127 242 138 242
139 242 150 242
31 243 42 243
43 243 54 243
55 243 66 243
67 243 78 243
83 243 94 243
95 243 106 243
107 243 118 243
119 243 130 243
131 243 142 243
146 243 157 243
31 244 42 244
46 244 57 244
58 244 69 244
70 244 81 244
82 244 93 244
94 244 105 244
106 244 117 244
118 244 129 244
131 244 142 244
150 244 161 244
36 245 47 245
49 245 60 245
61 245 72 245
73 245 84 245
85 245 96 245
97 245 108 245
109 245 120 245
121 245 132 245
140 245 151 245
31 246 42 246
43 246 54 246
55 246 66 246
68 246 79 246
80 246 91 246
93 246 104 246
106 246 117 246
118 246 129 246
130 246 141 246
142 246 153 246
154 246 163 246
31 247 42 247
43 247 54 247
55 247 66 247
67 247 78 247
79 247 90 247
91 247 102 247
103 247 114 247
115 247 126 247
127 247 138 247
139 247 150 247
151 247 162 247
31 248 42 248
43 248 54 248
55 248 66 248
67 248 78 248
79 248 90 248
91 248 102 248
103 248 114 248
115 248 126 248
128 248 139 248
140 248 151 248
152 248 163 248
31 249 42 249
48 249 59 249
60 249 71 249
72 249 83 249
86 249 97 249
108 249 119 249
120 249 131 249
132 249 143 249
144 249 155 249
156 249 163 249
163 190 163 201
163 227 163 238
164 1 164 12
164 13 164 24
164 25 164 36
164 37 164 48
164 49 164 60
164 64 164 75
164 76 164 87
164 88 164 99
164 100 164 111
164 112 164 123
164 124 164 135
164 136 164 147
164 148 164 159
164 160 164 171
164 172 164 183
164 184 164 195
164 196 164 207
164 208 164 219
164 220 164 231
164 232 164 243
165 0 165 11
165 12 165 23
165 24 165 35
165 36 165 47
165 48 165 59
165 60 165 71
165 72 165 83
165 94 165 105
165 106 165 117
165 118 165 129
165 130 165 141
165 142 165 153
165 157 165 168
165 169 165 180
165 181 165 192
165 193 165 204
165 205 165 216
165 221 165 232
165 233 165 244
166 0 166 11
166 12 166 23
166 24 166 35
166 40 166 51
166 52 166 63
166 64 166 75
166 82 166 93
166 94 166 105
166 106 166 117
166 122 166 133
166 134 166 145
166 146 166 157
166 158 166 169
166 170 166 181
166 182 166 193
166 194 166 205
166 206 166 217
166 218 166 229
166 237 166 248
167 3 167 14
167 15 167 26
167 27 167 38
167 39 167 50
167 51 167 62
167 63 167 74
167 75 167 86
167 87 167 98
167 99 167 110
167 111 167 122
167 123 167 134
167 135 167 146
167 147 167 158
167 159 167 170
167 171 167 182
167 183 167 194
167 195 167 206
167 207 167 218
167 219 167 230
167 231 167 242
168 0 168 11
168 12 168 23
168 24 168 35
168 36 168 47
168 50 168 61
168 62 168 73
168 74 168 85
168 86 168 97
168 98 168 109
168 110 168 121
168 122 168 133
168 134 168 145
168 146 168 157
168 158 168 169
168 170 168 181
168 182 168 193
168 194 168 205
168 206 168 217
168 218 168 229
168 230 168 241
169 0 169 11
169 12 169 23
169 24 169 35
169 36 169 47
169 49 169 60
169 61 169 72
169 73 169 84
169 89 169 100
169 101 169 112
169 113 169 124
169 125 169 136
169 137 169 148
169 149 169 160
169 161 169 172
169 173 169 184
169 185 169 196
169 197 169 208
169 209 169 220
169 221 169 232
169 235 169 246
170 0 170 11
170 12 170 23
170 24 170 35
170 38 170 49
170 50 170 61
170 62 170 73
170 74 170 85
170 86 170 97
170 98 170 109
170 110 170 121
170 122 170 133
170 134 170 145
170 146 170 157
170 159 170 170
170 171 170 182
170 183 170 194
170 196 170 207
170 208 170 219
170 222 170 233
170 234 170 245
171 0 171 11
171 12 171 23
171 24 171 35
171 36 171 47
171 48 171 59
171 60 171 71
171 72 171 83
171 84 171 95
171 96 171 107
171 108 171 119
171 120 171 131
171 132 171 143
171 144 171 155
171 156 171 167
171 168 171 179
171 180 171 191
171 192 171 203
171 205 171 216
171 217 171 228
171 229 171 240
171 241 171 249
172 0 172 11
172 12 172 23
172 24 172 35
172 36 172 47
172 48 172 59
172 60 172 71
172 72 172 83
172 85 172 96
172 97 172 108
172 109 172 120
172 121 172 132
172 133 172 144
172 145 172 156
172 158 172 169
172 172 172 183
172 184 172 195
172 196 172 207
172 208 172 219
172 220 172 231
172 233 172 244
173 0 173 11
173 12 173 23
173 24 173 35
173 36 173 47
173 48 173 59
173 60 173 71
173 72 173 83
173 84 173 95
173 98 173 109
173 114 173 125
173 126 173 137
173 138 173 149
173 155 173 166
173 167 173 178
173 186 173 197
173 203 173 214
173 226 173 237
173 238 173 249
174 0 174 11
174 12 174 23
174 24 174 35
174 36 174 47
174 48 174 59
174 60 174 71
174 72 174 83
174 84 174 95
174 97 174 108
174 109 174 120
174 121 174 132
174 133 174 144
174 145 174 156
174 157 174 168
174 169 174 180
174 181 174 192
174 193 174 204
174 205 174 216
174 217 174 228
174 237 174 248
175 0 175 11
175 12 175 23
175 24 175 35
175 36 175 47
175 48 175 59
175 60 175 71
175 72 175 83
175 89 175 100
175 101 175 112
175 113 175 124
175 125 175 136
175 137 175 148
175 149 175 160
175 161 175 172
175 179 175 190
175 191 175 202
175 203 175 214
175 215 175 226
175 227 175 238
175 239 175 249
176 0 176 11
176 12 176 23
176 24 176 35
176 36 176 47
176 48 176 59
176 60 176 71
176 72 176 83
176 84 176 95
176 96 176 107
176 108 176 119
176 120 176 131
176 132 176 143
176 144 176 155
176 156 176 167
176 168 176 179
176 180 176 191
176 192 176 203
176 204 176 215
176 216 176 227
176 228 176 239
176 240 176 249
177 0 177 11
177 13 177 24
177 25 177 36
177 37 177 48
177 49 177 60
177 61 177 72
177 73 177 84
177 85 177 96
177 97 177 108
177 111 177 122
177 125 177 136
177 137 177 148
177 149 177 160
177 161 177 172
177 173 177 184
177 185 177 196
177 197 177 208
177 209 177 220
177 221 177 232
177 233 177 244
178 0 178 11
178 12 178 23
178 24 178 35
178 36 178 47
178 48 178 59
178 60 178 71
178 72 178 83
178 84 178 95
178 96 178 107
178 108 178 119
178 120 178 131
178 132 178 143
178 145 178 156
178 157 178 168
178 169 178 180
178 181 178 192
178 193 178 204
178 205 178 216
178 217 178 228
178 229 178 240
178 241 178 249
179 0 179 11
179 12 179 23
179 24 179 35
179 36 179 47
179 48 179 59
179 60 179 71
179 72 179 83
179 84 179 95
179 96 179 107
179 108 179 119
179 127 179 138
179 139 179 150
179 151 179 162
179 163 179 174
179 175 179 186
179 187 179 198
179 199 179 210
179 211 179 222
179 223 179 234
179 235 179 246
180 0 180 11
180 12 180 23
180 24 180 35
180 36 180 47
180 48 180 59
180 60 180 71
180 72 180 83
180 84 180 95
180 96 180 107
180 108 180 119
180 120 180 131
180 133 180 144
180 145 180 156
180 157 180 168
180 169 180 180
180 183 180 194
180 201 180 212
180 213 180 224
180 225 180 236
180 237 180 248
181 0 181 11
181 12 181 23
181 24 181 35
181 36 181 47
181 48 181 59
181 60 181 71
181 72 181 83
181 84 181 95
181 96 181 107
181 108 181 119
181 120 181 131
181 132 181 143
181 144 181 155
181 156 181 167
181 168 181 179
181 180 181 191
181 194 181 205
181 206 181 217
181 218 181 229
181 230 181 241
182 0 182 11
182 12 182 23
182 24 182 35
182 36 182 47
182 55 182 66
182 67 182 78
182 79 182 90
182 91 182 102
182 103 182 114
182 115 182 126
182 128 182 139
182 140 182 151
182 152 182 163
182 164 182 175
182 176 182 187
182 188 182 199
182 200 182 211
182 213 182 224
182 232 182 243
183 0 183 11
183 12 183 23
183 24 183 35
183 36 183 47
183 48 183 59
183 60 183 71
183 72 183 83
183 84 183 95
183 96 183 107
183 108 183 119
183 120 183 131
183 133 183 144
183 145 183 156
183 157 183 168
183 169 183 180
183 181 183 192
183 193 183 204
183 205 183 216
183 217 183 228
183 229 183 240
184 9 184 20
184 21 184 32
184 33 184 44
184 45 184 56
184 57 184 68
184 82 184 93
184 94 184 105
184 106 184 117
184 118 184 129
184 130 184 141
184 142 184 153
184 154 184 165
184 166 184 177
184 180 184 191
184 192 184 203
184 204 184 215
184 216 184 227
184 228 184 239
184 240 184 249
185 0 185 11
185 12 185 23
185 24 185 35
185 36 185 47
185 48 185 59
185 60 185 71
185 72 185 83
185 84 185 95
185 96 185 107
185 108 185 119
185 120 185 131
185 133 185 144
185 145 185 156
185 157 185 168
185 169 185 180
185 181 185 192
185 193 185 204
185 205 185 216
185 217 185 228
185 229 185 240
185 241 185 249
186 0 186 11
186 12 186 23
186 24 186 35
186 41 186 52
186 53 186 64
186 65 186 76
186 77 186 88
186 92 186 103
186 104 186 115
186 116 186 127
186 128 186 139
186 140 186 151
186 152 186 163
186 164 186 175
186 176 186 187
186 188 186 199
186 200 186 211
186 212 186 223
186 224 186 235
186 236 186 247
187 0 187 11
187 12 187 23
187 24 187 35
187 36 187 47
187 48 187 59
187 60 187 71
187 72 187 83
187 84 187 95
187 96 187 107
187 108 187 119
187 120 187 131
187 132 187 143
187 144 187 155
187 156 187 167
187 168 187 179
187 191 187 202
187 203 187 214
187 215 187 226
187 227 187 238
187 239 187 249
188 0 188 11
188 12 188 23
188 24 188 35
188 36 188 47
188 48 188 59
188 60 188 71
188 72 188 83
188 84 188 95
188 96 188 107
188 108 188 119
188 120 188 131
188 133 188 144
188 145 188 156
188 157 188 168
188 169 188 180
188 181 188 192
188 193 188 204
188 205 188 216
188 217 188 228
188 229 188 240
188 241 188 249
189 0 189 11
189 12 189 23
189 24 189 35
189 36 189 47
189 48 189 59
189 60 189 71
189 72 189 83
189 84 189 95
189 99 189 110
189 111 189 122
189 123 189 134
189 136 189 147
189 148 189 159
189 160 189 171
189 172 189 183
189 184 189 195
189 196 189 207
189 208 189 219
189 220 189 231
189 232 189 243
190 0 190 11
190 12 190 23
190 32 190 43
190 44 190 55
190 57 190 68
190 69 190 80
190 82 190 93
190 94 190 105
190 109 190 120
190 125 190 136
190 137 190 148
190 149 190 160
190 161 190 172
190 173 190 184
190 185 190 196
190 197 190 208
190 209 190 220
190 221 190 232
190 233 190 244
191 0 191 11
191 15 191 26
191 27 191 38
191 39 191 50
191 51 191 62
191 63 191 74
191 75 191 86
191 87 191 98
191 99 191 110
191 111 191 122
191 123 191 134
191 135 191 146
191 153 191 164
191 165 191 176
191 190 191 201
191 202 191 213
191 214 191 225
191 226 191 237
192 0 192 11
192 12 192 23
192 24 192 35
192 37 192 48
192 49 192 60
192 61 192 72
192 73 192 84
192 94 192 105
192 108 192 119
192 120 192 131
192 132 192 143
192 144 192 155
192 156 192 167
192 168 192 179
192 180 192 191
192 192 192 203
192 204 192 215
192 216 192 227
192 228 192 239
193 0 193 11
193 12 193 23
193 24 193 35
193 36 193 47
193 48 193 59
193 60 193 71
193 72 193 83
193 87 193 98
193 99 193 110
193 111 193 122
193 123 193 134
193 135 193 146
193 147 193 158
193 159 193 170
193 171 193 182
193 183 193 194
193 195 193 206
193 207 193 218
193 219 193 230
193 231 193 242
194 0 194 11
194 12 194 23
194 24 194 35
194 40 194 51
194 52 194 63
194 64 194 75
194 76 194 87
194 88 194 99
194 100 194 111
194 112 194 123
194 124 194 135
194 136 194 147
194 149 194 160
194 161 194 172
194 173 194 184
194 186 194 197
194 204 194 215
194 218 194 229
194 230 194 241
195 0 195 11
195 12 195 23
195 24 195 35
195 36 195 47
195 48 195 59
195 60 195 71
195 72 195 83
195 84 195 95
195 96 195 107
195 108 195 119
195 122 195 133
195 134 195 145
195 146 195 157
195 158 195 169
195 170 195 181
195 182 195 193
195 194 195 205
195 206 195 217
195 218 195 229
195 230 195 241
195 242 195 249
196 3 196 14
196 15 196 26
196 27 196 38
196 39 196 50
196 51 196 62
196 63 196 74
196 75 196 86
196 87 196 98
196 99 196 110
196 111 196 122
196 123 196 134
196 148 196 159
196 162 196 173
196 174 196 185
196 186 196 197
196 198 196 209
196 210 196 221
196 222 196 233
196 234 196 245
197 0 197 11
197 12 197 23
197 29 197 40
197 41 197 52
197 53 197 64
197 66 197 77
197 79 197 90
197 91 197 102
197 103 197 114
197 117 197 128
197 129 197 140
197 141 197 152
197 153 197 164
197 165 197 176
197 177 197 188
197 189 197 200
197 204 197 215
197 216 197 227
197 228 197 239
197 240 197 249
198 0 198 11
198 23 198 34
198 39 198 50
198 51 198 62
198 63 198 74
198 78 198 89
198 90 198 101
198 102 198 113
198 118 198 129
198 130 198 141
198 146 198 157
198 158 198 169
198 170 198 181
198 182 198 193
198 194 198 205
198 206 198 217
198 218 198 229
198 230 198 241
198 242 198 249
199 2 199 13
199 14 199 25
199 26 199 37
199 38 199 49
199 50 199 61
199 62 199 73
199 82 199 93
199 97 199 108
199 115 199 126
199 127 199 138
199 139 199 150
199 151 199 162
199 163 199 174
199 175 199 186
199 187 199 198
199 199 199 210
199 211 199 222
199 223 199 234
199 238 199 249
