100
0 17 59 152 41 36 156 708 79 81 96 47 233 76 545 912 2 8 89 553 100 93 12 66 227 52 206 77 120 277 57 68 58 9
1 554 62 10 7 14 391 50 2 27 37 23 24 44 138 32 22 3 11 35 1 91 16 18 45 9 4 8 13 12 122 40 17 21 33 6 5 19 0
2 1263 18 2 4 15 22 74 7 17 13 16 44 138 30 8 6 14 10 19 0 34 11 9 12 23 21 24 3 1 20 27 91 120 32 69 38 31 28 47 5 82
3 21 24 129 20 3 138 7 11 57 10 13 37 19 36 12 2 1290 28 155 65 144 31 16 17 50 29 18 26 14 8 4 6 5 9 38 15 0 25 1
4 18 55 9 22 23 56 11 42 7 31 14 21 4 0 8 6 34 10 17 3 5 27 708 1 138 16 80 65 125 12 39 28 26 35 15 19 52 13 2
5 30 17 13 48 84 360 20 45 16 37 1 27 10 1263 22 225 554 72 26 12 70 14 11 9 15 100 5 4 24 69 6 105 8 0 41 7 138 121 21 2 3
6 120 2369 3083 8887 138 202 1290 1388 2218 7922 197 166 3100 227 2229 2207 986 139 1827 19 707 6371 170 55 2219 57 92 875 177 2847 135 278 94 1004 1461 7232 5549
7 47 10 39 21 4 29 1290 14 61 16 36 7 20 27 2 6 55 15 22 3 13 58 5 57 0 26 18 12 8 37 1 9 84 11 17 105 96 19 28
8 37 18 2 20 90 1 24 5 653 29 34 55 25 11 0 15 79 236 17 72 8 12 138 14 21 69 35 64 45 7 19 10 3 9 112 4 13 6 46
9 21 7 78 69 19 11 6 10 1 40 17 20 63 12 13 42 71 708 554 1263 52 3 5 152 23 9 0 25 29 57 24 2 14 16 18 4 87 47 37 8 138
10 3 24 14 41 8 155 1290 6 54 120 15 29 26 25 27 18 34 19 30 21 10 11 32 17 4 5 138 0 2 33 13 64 28 1 7 16 12
11 133 8 46 24 40 465 30 65 1033 151 76 78 9581 95 3167 135 45 554 110 3604 148 378 58 86 128 1263 138 43 158 18 72 708 1002 23 93 75 25
12 119 16 145 23 623 138 421 193 38 59 158 34 441 435 328 394 24 31 69 8 30 67 531 7 29 2 721 91 708 220 51 554 125 40 115
13 325 1190 138 446 890 39 1384 314 5376 1721 785 1552 213 1035 64 898 415 2261 1988 231 124 591 800 237 1598 409 803 134 1704 27 170 47
14 82 117 171 43 73 61 724 236 187 111 110 74 2052 161 2135 37 1434 52 112 103 477 51 67 30 29 84 100 3038 72 8512 136 38 1428 79 251 41 62 332 48
15 4 69 17 7 13 0 12 97 1 31 20 25 50 35 8 6 19 3 23 58 2 37 14 26 64 9 52 51 28 5 109 21 16 15 11 10
16 27 1 12 29 31 21 37 28 41 17 16 14 5 6 11 19 22 8 55 4 13 20 0 36 34 7 498 9 53 26 138 15 70 1263 10 56 3 112 164 2
17 21 12 9 3 28 24 112 8 63 6 39 56 83 14 1290 17 27 4 33 7 76 73 1 37 2 20 18 0 15 23 47 5 13 11 10 19 44 31
18 231 480 298 138 137 2609 444 7559 118 91 688 916 2795 2634 1932 8672 23 235 545 1290 227 253 81 1991 1165 2456 296 213 2415 762 738 7473
19 2 19 26 37 23 6 32 9 7 62 1 33 21 14 5 16 13 4 1263 8 3 12 29 28 22 20 11 18 138 30 25 10 27 31 15 708 24 554 0 35 17
20 87 7262 2 12 13 3 42 35 4 1263 0 19 22 16 14 15 55 23 45 18 1 10 69 8 9 57 59 554 5 41 6 71 26 31 17 708 47 138
21 53 3 27 9 5 1007 28 25 38 20 24 178 14 12 0 45 33 138 1 1290 30 58 15 8 666 10 32 19 4 6 69 17 7 89 18 34 35
22 1 138 22 1263 0 28 11 16 24 20 15 10 14 3 7 32 30 5 6 554 17 9 25 27 62 33 18 4 37 19 708 8 26 13 21 35 12 31 23 29 2
23 342 5038 7589 1215 3395 216 1128 2152 412 6229 6949 856 6258 7 120 42 168 397 34 1056 71 3032 452 798 2343 689 206 1510 1443 1290 336 299 1397 8 6655
24 40 269 49 43 67 52 19 47 127 41 131 80 105 123 168 55 24 153 48 188 142 42 128 81 62 1290 25 533
25 7301 2978 43 2340 5561 5820 1290 279 1208 7013 8738 4589 123 1137 717 774 1512 5136 8 101 2509 2288 5046 5675 3511 23 5414 568 179 339 93 5469 7
26 3164 32 1889 66 1566 1509 377 653 472 98 309 633 2611 76 502 2433 664 371 40 5689 505 946 6820 138 6126 475 159 302 9359 760 1967
27 2 120 4 1263 0 50 8 16 9 879 1 22 5 26 14 18 48 3 34 12 25 7 35 19 21 32 42 11 6 17 13 23 10 56 33
28 59 35 621 861 80 135 170 1008 67 26 258 32 17 301 68 262 2882 225 900 77 133 1290 20 51 63 4841 144 554 55 52 91 138 25 24 45 96 708 30
29 125 15 162 484 268 118 1118 1263 133 1051 329 214 228 349 326 5819 225 1124 30 903 522 458 836 113 184 58 229 415 461 110 114 116 6141 156 151 500 185 561 376 594
30 120 181 215 125 1442 5688 365 1511 1044 254 1626 8586 422 2759 138 176 179 553 4858 321 214 248 2961 7672 351 38 2147 1815 55 2014 9678
31 231 36 23 76 8 102 151 119 195 57 110 78 98 49 186 31 140 41 40 115 32 819 120 45 47 39 331 18 220 52 66 138 215
32 217 152 71 116 2052 173 82 45 120 392 68 54 433 257 27 43 30 39 157 147 2132 33 212 22 85 160 554 47 106 335 222 138
33 4838 265 121 1290 1894 108 132 3317 296 1408 2507 1333 1296 77 219 116 2904 1876 1866 7986 138 328 93 772 118 1993 4630 679 6035 162 846 6423 210 3016
34 9 69 66 0 6 22 34 4 18 11 23 5 27 31 24 138 19 16 8 35 527 29 25 1 2 21 13 20 7 47 10 3 14 12 28 1290
35 26 1263 112 59 203 554 509 42 75 104 46 108 25 53 138 48 100 90 39 30 168 708 188 7 103 29 15 105 34 292
36 5 27 554 7 44 16 0 6 9 1 138 28 70 38 2 21 12 81 3 13 32 29 24 14 8 36 34 72 35 101 20 22 4 15 17 63 11 18 10
37 22 7090 389 37 104 398 1163 47 42 233 134 51 2041 26 120 23 110 146 49 24 124 1384 211 138 76 164 1290 38 55 36 32 41 7384 54 18 155 162 84 53 63
38 2920 300 6336 148 4821 1371 8616 1653 483 366 28 2825 119 40 43 138 248 116 8 218 8326 2863 35 122 7 1260 5728 3692 179 2988 315
39 27 68 0 34 16 21 5 103 8 4 74 15 96 3684 79 6 708 17 2 11 14 1 19 48 25 39 30 7 33 13 12 20 10 3 9 71
40 30 10 5 37 15 35 1263 2 21 25 33 29 11 8 62 13 22 27 18 0 1 9 138 26 708 4 14 20 12 554 23 6 3 17 16 19 7 28 24 31 32
41 175 27 556 179 87 106 58 35 6201 31 75 32 291 205 69 13 51 46 8 139 54 1290 5748 138 21 29 1487 6400 157 219 23 1658 5645 56 42 45
42 10 213 13 7 32 57 63 27 38 30 444 44 478 20 23 18 8 35 93 3 1290 11 1 21 5 17 6 81 31 234 60 4 0 12 16
43 23 3 138 5 30 17 33 1 14 21 24 0 112 35 26 50 46 9 11 16 4 13 27 10 88 8 39 7 2 155 6 71 104 69 12 22
44 2 120 13 26 2456 115 18 84 12 16 3 21 14 15 7 51 1 10 183 19 116 0 173 5 11 25 6 304 24 8 17 20 4
45 4618 5797 83 197 4241 3017 5801 5724 2683 1572 40 619 206 287 1837 4859 1595 2062 1706 9566 7591 15 797 101 378 410 104 3784 268 148 316 2458 126 69 75 2883 372 1263
46 27 13 19 7 46 1263 25 10 17 749 6 28 35 2 168 65 11 37 0 32 14 21 34 5 8 12 16 138 40 15 38 69 4 26 39 22 1 120 9 3
47 642 158 1875 514 481 1465 1290 129 1490 4539 143 3304 74 1051 6501 1856 464 1794 2550 3045 169 1908 2982 515 8 1011 120 862 2282 556 2399
48 224 4850 239 5431 6677 1699 804 666 2836 374 9311 1877 142 339 97 4674 4942 323 2373 779 132 2134 349 69 2059 1262 145 6748 1824 162 6979 266 3790 7546 30 8272
49 2460 562 3654 69 3420 323 818 2894 2436 1515 136 1073 7 8 6913 637 963 1290 6147 5774 1635 1257 165 32 183 908 308 488 1628 34 192
50 29 0 16 8 62 12 2 26 22 6 21 4 7 27 1263 20 18 554 9 32 138 28 24 35 14 25 3 11 30 1 15 10 33 17 708 31 13 5 19 23 37
51 26 3 11 17 6 12 13 138 18 62 2 22 5 37 1 24 9 7 4 27 32 25 30 1263 10 21 8 16 708 15 29 20 14 0 19 33 23 554 35 28 31
52 55 29 1251 66 43 138 60 701 51 62 267 207 155 79 118 20 77 1263 129 68 94 161 390 46 40 38 204 439 546 37 99 74 237 163 102
53 304 11 57 42 46 1263 549 108 106 170 585 67 26 364 34 71 100 165 143 122 155 60 125 169 138 23 159 54 98 172 903 130
54 8 39 57 3708 27 4 58 7 17 23 149 10 25 18 0 227 31 2 138 13 12 22 30 9 155 3 16 21 28 14 19 69 6 1290 24 37 1 38 20 5 15 11 95
55 12 42 5 56 27 13 1 9 109 10 1290 17 33 32 11 173 120 6 48 583 41 14 22 44 4 110 28 2 20 113 15 3 0 50 19 7 58
56 20 15 0 44 9 6 18 62 3 17 24 72 52 434 10 82 55 43 708 138 1 25 554 39 16 38 26 19 11 7 2 8 12 41 27 40 4 410 14 5
57 7182 708 3813 750 1973 168 421 2128 393 322 3751 1481 257 790 69 878 678 796 301 7593 2990 245 579 192 130 533 2688 1082 979 8 506 169
58 27 35 21 8999 37 22 0 138 28 30 10 7 3 24 4 15 14 20 708 32 31 23 9 17 25 6 5 26 29 1 8 13 2 18 11 33 1263 16 62 19 554
59 83 92 9607 1362 507 581 419 72 4032 1288 5803 360 2191 205 6329 3349 907 1263 323 112 7924 853 1314 139 3659 28 2805 6064 945 86
60 2473 194 3828 138 248 174 7797 1263 1571 20 313 234 1758 158 2859 33 327 2262 6094 324 347 356 755 2218 3358 60 1353 554 2094 399 2195 465 8629
61 8 51 76 22 57 49 50 1263 178 27 44 60 77 48 3140 69 3222 7 71 322 42 38 817 121 36 46 251 126 58 1372 31 62 1233 45 412 9 82
62 10 17 1583 14 9 144 38 100 12 0 8 5 1 15 26 27 51 21 68 42 6 24 19 2 13 69 95 120 45 7 25 4 11 22 16 54 3
63 180 114 217 557 1865 1000 232 1663 27 1506 1741 42 842 272 830 209 960 332 544 2968 975 645 402 309 138 268 3458 8 264 93 1150 6424 7971
64 34 143 18 9 14 22 20 4 64 2 12 35 28 15 41 8 21 69 3 1 33 0 26 11 19 45 6 7 17 24 138 16 30 13 554 117 5 10 27
65 6 13 5 1 16 29 20 30 4 72 0 126 32 18 203 27 37 3 38 39 34 17 22 63 9 15 138 1290 10 28 14 8 12 23 2 59 7 86 61 11
66 194 157 631 26 42 23 71 380 37 39 138 82 67 290 50 576 273 2649 161 199 89 554 149 176 31 33 102 73 1263 95 377 708 390 144 25 113 45 1307 69
67 76 90 43 18 708 156 173 363 120 117 47 278 35 85 59 20 796 113 147 57 7777 259 209 345 53 37 83 106 50 67
68 1263 24 14 56 23 72 31 0 21 1 6 11 5 39 3 18 2 27 10 12 47 95 249 13 44 32 22 26 303 20 8 9 36 34 4 7
69 1211 530 154 8 73 2247 1497 5064 554 27 230 138 209 2119 22 389 6791 112 84 59 6565 2219 708 218 102 1755 721 367 3135 4648 3508 3884 208 2545 1034
70 56 63 6 8 4 13 38 118 51 2 19 15 156 20 7 30 24 5 130 35 0 74 176 48 9 3 11 14 27 50 46 28 10 138 12 21 25 1 1290 17
71 22 243 8 138 15 2 0 46 17 11 14 70 180 4 554 91 26 10 1290 55 25 19 54 18 21 246 3 23 9 114 12 5 13 16 24 1 7 6
72 89 495 42 29 159 45 120 111 22 1012 34 36 118 708 39 27 2474 50 69 662 356 107 101 32 58 99 138 25 64 21 47 26 100 19 112
73 25 71 63 60 16 7 26 13 28 72 10 2 4 27 6 14 9 35 50 3 1 18 30 11 138 23 21 5 155 51 19 8 15 98 0 53 87 44
74 3488 92 632 178 672 205 277 3915 510 1503 1263 248 216 169 189 245 6025 2475 1571 182 211 5778 527 539 1053 1591 80 3400 29 1017 3879 554 5731 27 928 138 7195
75 554 6045 31 6614 949 425 1368 97 5246 166 293 377 451 2498 62 6052 6779 220 1263 3160 4048 2482 2334 4040 1009 242 677 2594 138 1725 8949 69 4227 505
76 708 25 106 56 24 117 50 111 121 64 48 3661 221 35 116 136 63 205 76 49 82 362 138 456 448 45 51 94 60 39
77 39 21 62 9 8 1 6 24 161 14 1263 250 81 0 669 19 23 25 47 3 32 63 71 5 2 7 27 15 49 11 29 4 12 20 105
78 27 22 2 24 14 176 20 186 10 38 49 17 34 15 7 4 5 3 6 13 12 35 39 8 25 0 709 11 1 9 16 138 18 152 281 61 554
79 8 2 131 0 1 11 16 17 20 28 84 36 22 34 21 13 68 29 30 110 1263 9 18 15 10 4 27 26 14 554 5 19 6 138 62 268 44 48 38 12 7 3
80 108 51 708 25 3543 40 83 244 7 147 384 441 143 2 30 13 107 178 46 8 53 49 105 215 165 111 141 19 118 22 45 114 267
81 16 21 25 12 62 1263 13 3 19 28 32 22 10 2 27 9 7 20 18 1 11 17 6 708 15 37 8 5 138 4 35 26 554 23 24 31 14 33 0 29 30
82 4 76 16 21 70 63 8 10 5 11 28 15 117 138 26 69 2 120 36 1 27 31 89 41 23 38 3 7 9 57 61 12 18 33 17 14 554 29 0 6 73
83 2 138 42 46 26 108 278 124 63 79 526 30 134 714 18 38 153 51 70 708 513 96 119 554 41 84 16 36 33 1290 10 67 234
84 26 9 27 44 33 34 18 37 54 62 3 20 41 11 13 135 4 7 16 52 8 31 43 2 12 19 53 65 28 1290 6 1 5 3975 21 0 138 14 10 17
85 708 399 6 8 40 9 27 19 24 18 5 2 30 10 12 36 3097 4 14 20 13 1 16 0 3 22 25 38 97 21 17 73 7 31 50 1334 41 15
86 397 55 109 4738 138 251 231 159 177 130 36 1073 41 45 26 91 104 110 30 116 663 708 33 52 21 56 180 32 882 122 82 3053 128
87 6588 1034 19 2004 367 717 2843 7760 94 4992 140 259 667 282 300 126 9097 918 232 2878 6274 8206 1517 120 131 3765 4689 69 534 15 520 4116 45 3532 1263 43 1237
88 30 3 26 554 18 5 15 11 27 8 1290 21 29 397 23 2 12 33 4 138 25 9 17 0 13 38 1 7 16 6 43 58 60 14 10 28 225 20
89 229 503 1956 91 76 779 355 511 3056 139 9493 84 119 2098 7687 1623 941 519 8401 891 1582 200 105 2706 742 3689 375 2195 131 49 1336 1843 1863
90 23 155 1290 174 35 14 1 16 49 31 6 20 41 87 0 33 3 5 11 4 2 147 10 75 554 28 15 24 12 17 138 69 13 43 9 62
91 8 12 63 6 28 20 29 2 58 9 118 19 293 18 0 14 13 27 40 69 10 34 3 16 15 5 126 35 11 30 708 17 48 1 62 120 25 37 4 26 7
92 8518 862 62 3293 97 53 2791 7287 1377 3175 86 3769 195 59 7122 514 5196 319 589 60 46 66 890 6205 78 3946 2413 1263 8428 118 138 55
93 33 20 9 93 4 27 10 7 40 0 8 12 55 3 1 15 2 28 13 60 11 120 29 17 6 34 48 22 36 38 41 5 1290 35 18
94 0 4 55 57 6 2 11 12 89 1 27 97 18 9 69 46 8 157 13 26 14 138 3 28 20 10 16 205 23 15 40 24 5 7 68 1263 47
95 144 137 3676 66 1714 768 4630 147 551 150 68 141 8444 475 257 715 1482 1054 906 590 138 2360 105 1290 8948 29 6166 1456 1065 77 121 49 1991
96 708 138 470 506 75 698 293 179 235 2696 554 2738 1073 2078 45 9906 401 99 5165 356 799 248 4361 546 255 37 101 142 1841 1123 971
97 16 19 47 99 8 37 10 35 25 138 27 3 20 33 21 13 1 45 9 38 5 63 97 2 23 0 4 12 1290 11 32 7 15 26 43 14 6
98 52 98 101 25 111 49 222 424 37 66 17 80 97 257 155 2464 351 138 83 365 668 38 64 54 57 108 76 1628 29 40 168 16 659 121
99 43 1290 105 60 13 31 6 148 34 14 10 121 19 12 21 7 44 37 0 16 138 18 15 11 29 554 22 4 27 8 161 5 33 1 3 2 23 83 28 9
