3 167 281 238
3 168 32 181
3 34 174 112
3 0 29 219
3 108 128 31
3 296 214 250
3 275 28 266
3 99 172 51
3 216 282 264
3 41 102 223
3 180 284 115
3 87 40 78
3 184 241 292
3 164 222 196
3 54 244 265
3 116 204 55
3 85 217 242
3 110 146 182
3 249 239 106
3 88 64 289
3 212 122 155
3 72 202 12
3 103 121 192
3 4 14 145
3 8 157 152
3 7 254 67
3 80 82 280
3 134 185 104
3 75 50 66
3 286 26 59
3 299 268 141
3 294 68 176
3 246 295 142
3 148 158 17
3 24 271 71
3 162 86 100
3 159 3 228
3 210 111 43
3 203 209 252
3 133 236 215
3 62 191 154
3 259 253 297
3 220 207 30
3 161 27 120
3 136 243 288
3 276 11 251
3 127 117 231
3 13 258 206
3 260 163 126
3 92 61 262
3 58 170 47
3 137 89 279
3 193 298 186
3 95 109 256
3 227 177 229
3 290 160 270
3 218 22 97
3 15 195 46
3 225 197 233
3 56 23 194
3 273 73 37
3 150 237 240
3 144 147 143
3 187 6 272
3 74 114 69
3 18 269 1
3 107 140 123
3 105 48 135
3 171 190 189
3 263 76 94
3 38 90 178
3 285 42 208
3 261 93 84
3 267 283 278
3 60 235 293
3 125 25 153
3 200 101 9
3 57 70 52
3 63 118 173
3 198 10 49
3 44 131 77
3 19 119 211
3 156 287 247
3 129 5 169
3 79 83 257
3 245 138 149
3 213 81 151
3 226 201 274
3 21 291 132
3 166 139 175
3 113 124 183
3 53 45 130
3 232 248 165
3 91 199 2
2 224 16
2 188 98
2 39 205
2 230 35
2 277 255
2 96 20
