21 6689 7088 8832 1500 5428 1256 3981 2374 5039 1308 5420 7354 6525 1405 9399 7491 2435 491 6148 4909 6350
21 519 7687 8978 9575 1693 2126 3155 5700 8911 3999 1649 8689 9009 888 721 1793 8223 349 2786 6492 3402
21 1066 3276 7927 6352 2741 9466 8631 3469 9299 1402 7790 619 8812 3198 8558 1076 1362 8205 3224 7719 1547
21 88 3918 5205 4733 378 1182 6331 3425 1448 5122 9250 2834 735 5110 6166 6487 5972 8369 1894 4296 144
21 7499 1784 5554 1386 6601 4063 715 5302 4125 3065 6846 7619 1749 1155 6145 8011 5869 6007 9129 8396 5125
21 606 6662 6756 933 6584 7118 659 1292 9221 7237 8933 5052 1373 9323 1268 4670 3486 7530 1014 3712 5944
22 3817 8489 4665 7557 4007 1613 3657 3498 8904 6953 2039 8931 185 2674 5331 8714 2878 850 2196 1594 5819 4622
21 4525 2738 2455 9353 3732 8190 9496 7167 9056 2153 7860 4621 7322 9807 625 38 6449 1698 1514 5248 1878
21 5335 567 9965 5477 5650 1453 2515 890 7006 3201 7321 3813 9386 3725 5038 9178 289 913 188 1677 3723
21 677 8189 3773 6856 2470 7745 6657 8987 2534 3907 2244 6483 8889 2868 9352 573 9521 4956 4333 1919 1542
21 4742 696 5214 5240 5453 930 4347 4689 6519 8748 7914 3195 6990 3956 7607 4596 755 8275 4901 980 8949
21 423 7864 7638 782 3502 1738 3465 9667 9800 9879 473 5367 2500 878 7244 6472 3254 1321 2133 9560 1359
21 6466 3294 5535 57 3366 8737 1943 7726 2192 5715 6396 1770 4155 4738 7199 413 6872 2671 4723 840 638
21 2920 7612 7768 4376 9118 7746 7513 8952 4675 7021 7353 682 6827 8305 7765 8839 4616 5051 13 7742 1318
22 8175 1605 3129 3885 572 1511 3258 7894 4654 4060 6897 2197 1606 5333 226 532 7992 6700 1641 2880 5790 2876
21 2519 6913 9267 4404 4139 8101 118 6800 8688 4692 495 1469 3935 4023 6797 8208 9692 341 2421 8654 4281
21 7475 4475 8892 6818 2900 3102 1391 6178 5026 5191 8628 5166 9801 787 5873 4313 6417 2877 3378 3858 7533
21 4094 7287 3317 2934 146 3770 7081 1584 4263 9358 8250 6318 305 3365 4192 891 7469 2629 1479 1093 3857
22 6002 6404 3910 5816 92 7282 7457 8746 133 3186 2443 6539 6347 6691 9174 2792 5634 3250 2908 3518 6507 6127
21 4839 739 9805 3842 6023 6784 7187 9789 2863 6312 5862 8567 9422 9961 7780 9443 9887 2946 56 7289 7393
21 2735 3236 128 4250 241 9570 6902 7830 5670 274 4382 4681 4187 7378 7514 2929 2811 8589 5388 8619 8304
21 7965 190 2118 9795 5799 3326 523 5372 7647 4290 7403 4963 4053 6837 6553 9590 5928 6941 1148 2608 4156
21 5497 477 2401 290 660 7595 7274 8871 8293 6447 5730 5984 2646 3927 848 5493 8663 9971 6959 3838 2858
21 2432 1438 6450 3199 1245 4300 8018 1188 4087 5911 2762 6977 2688 2616 237 5145 6535 9124 2224 6266 5253
21 2465 3527 5636 596 6216 380 2558 2179 8097 3877 1050 1463 6847 6464 8315 8818 7681 3140 9747 4018 2770
20 5018 9449 3490 6638 4034 5526 1930 4426 1747 22 6734 4754 4889 9448 6408 8092 6335 3641 3543 7766
21 5860 9406 9255 6220 4914 1565 6757 342 2034 7132 4198 8390 9969 3059 7970 6890 5096 8130 9787 2090 2271
21 672 6794 4084 9654 6729 7191 7103 9420 1592 37 1125 7605 7500 4827 3937 5745 7423 7073 302 8411 5461
21 4601 2233 8573 8093 102 8595 2969 6838 9015 6625 3072 7385 9312 4837 3822 6768 7158 7395 5718 5961 4865
21 9888 5213 2657 98 4659 7642 8956 5933 7898 9213 72 5271 5906 9342 1099 3350 6065 4516 2679 3860 3279
21 4008 7711 9503 6475 5263 2355 3843 2040 6708 5259 1357 4565 9060 3662 9791 6194 1549 8183 6943 5058 5682
21 3090 4877 9944 172 6969 8094 6098 9106 3328 9103 171 5681 2965 5496 925 4922 6411 8195 4393 4779 9374
21 6916 3197 9806 9634 5267 5660 9566 8229 3443 9767 8817 5019 8221 9170 7845 1172 8364 5942 5202 8666 5412
21 5324 3005 8792 8464 4481 141 9284 2874 6203 5004 6442 6142 6802 3387 6949 5740 2349 8398 651 4252 7527
21 5970 1384 9078 6764 8421 8806 8486 2407 3846 1031 1702 1750 7721 1214 8733 7257 5750 5345 5937 9004 2902
21 8310 7156 3430 2216 9457 9234 2906 5105 1681 4272 2062 6945 6704 3806 3479 2743 6195 6373 7219 4568 9227
21 4618 3579 1869 4482 6048 6589 1480 1282 947 5314 9237 7551 5741 9059 3301 7431 614 3734 4079 1327 9354
21 9409 5808 6951 2235 475 1311 147 5289 4669 714 3495 50 9039 6530 7332 8479 2726 5846 2277 8959 7641
21 6663 1609 9559 950 984 3364 4031 2048 2373 5172 6556 1989 9488 9119 7264 5609 1158 7869 2821 6585 1418
21 2720 6329 3541 2635 8445 8412 2292 1166 3967 3404 3399 1974 6086 3151 9356 5924 2490 927 7818 1522 8710
21 6277 8425 7372 9871 7994 1746 2477 9208 3772 122 9902 5258 1017 5633 9468 5797 5432 7669 4977 9614 7783
21 769 1372 7648 4202 8995 4326 7197 365 7749 5061 3016 8247 1711 7258 9728 9525 8355 4315 7748 4040 3043
21 4855 8736 4630 1491 529 7019 7466 4937 3610 2506 3913 2943 96 2517 5403 919 2995 4995 9120 1462 3975
21 4309 2589 3068 8856 354 6698 8645 6386 6866 3123 3078 6874 6299 2081 270 4193 4161 7717 6944 8137 4374
21 5235 8262 3403 5719 2059 9394 1220 987 5692 8544 3763 154 8436 6561 4527 4422 764 7736 7518 5470 4750
21 2571 8029 1527 3666 992 3451 8827 4282 3463 9671 997 6033 9605 7550 7029 3423 5131 9296 7154 6789 9281
21 1305 5387 3821 4228 5228 3482 7829 7542 83 2837 6617 2256 5696 6432 2066 4095 322 3644 8082 8980 8847
21 8708 3655 5025 5626 5135 9177 9288 9584 8916 2631 467 6149 2236 858 5414 2182 269 5010 4267 538 7375
21 1209 8557 720 8991 617 826 7984 6987 1800 8591 3568 1165 6180 6351 9445 236 4928 7241 9637 757 3458
21 7463 4583 8786 483 8504 1583 4274 862 1123 6908 6975 1945 7449 3706 8358 5641 2046 7842 8279 1472 6613
21 9514 6123 248 3915 4643 3169 7873 3790 6775 126 6829 6891 3525 7545 9904 8206 3698 4795 8091 4057 6099
21 187 109 8198 4782 8110 1169 7697 8051 3672 6609 3406 5360 7921 8443 426 1445 3280 7052 5978 762 7476
21 4377 817 1054 5602 9949 2979 5033 7366 5210 9498 1235 3707 331 6651 9662 9036 5773 5316 3023 2286 136
21 1097 4984 5771 830 5495 4331 4834 7900 7620 1624 2563 7974 7155 1401 5266 1161 6358 8657 2423 8463 8171
21 273 7028 5721 7226 1902 5701 4206 6808 6696 8705 5512 7461 4501 3598 7089 915 2529 4418 1060 9058 962
21 9679 3596 3947 1723 5662 5913 1896 8494 9155 6167 3487 3437 2336 2676 673 9417 1662 8724 5753 9214 1304
21 6783 1228 9543 2036 6927 6374 7562 3509 4924 3416 3262 9318 4526 2471 5297 6516 7739 2905 2697 8612 9673
21 5440 7114 3866 1201 2482 775 5356 163 3606 9142 7999 3359 1596 6227 6852 1506 7589 5148 8735 4599 4716
22 9003 1630 41 8868 7692 4344 8075 7931 612 8755 9939 8060 7095 8135 6668 4229 1390 4813 3310 3264 5029 4243
21 3444 5615 1955 4613 6814 2640 7532 280 5353 7009 6414 1976 7584 2232 9603 1517 4240 3143 9850 8508 4900
21 4059 2944 8346 1792 7253 3098 6930 7407 3077 1534 7708 8729 2587 1486 3831 8655 2080 6534 6955 7824 3812
21 6815 7398 481 1326 1079 709 3867 857 6821 6833 8129 676 9786 6937 2953 3720 49 7953 3780 6465 6795
21 9752 9935 1010 5511 3636 4792 4800 1392 8261 2580 9366 7871 7345 4719 4576 8514 4474 9555 12 9396 994
21 7861 4781 8309 6000 7840 8188 6832 8416 8963 9136 9867 104 7932 7003 8248 7776 7452 1669 6635 6481 2070
21 5769 5948 3092 3616 6261 772 6962 7727 8017 889 3962 8362 7674 3820 8985 8365 9465 9773 4540 5361 7450
21 8477 3409 5748 1272 531 6132 5835 3765 9361 1720 3235 3521 3582 5261 8537 5030 8753 602 3113 7623 8215
21 5086 7889 1995 4107 751 9948 5452 7920 2636 2596 8361 5921 5605 132 5843 3600 7349 9639 6968 5876 9906
21 8518 3148 7631 1628 7209 4798 7564 387 3079 3141 1450 9416 7175 7306 9582 9777 1380 7202 1408 6364 1510
21 5445 1492 8338 640 4953 4664 5792 1470 8551 2595 7260 6697 528 551 9551 2588 7083 1813 1064 9765 3097
21 7070 3575 8382 7442 225 4123 458 1598 1897 9292 1982 213 2733 2028 1661 4814 8579 5024 6088 3107 8202
21 6263 2641 1142 6474 2937 1109 7569 1979 6290 1345 3979 634 577 3730 564 593 307 5845 5443 4054 8947
21 5934 7993 6410 1963 823 7216 5564 3044 8007 9534 4535 8495 6126 4176 2195 9973 1374 4614 5817 8939 5631
21 9305 6135 4421 2967 986 5576 6367 1198 4711 4590 8673 7273 2350 340 603 860 2318 1403 5342 3928 579
21 9707 9347 6836 6392 1686 3940 3974 3450 9908 4075 4710 6754 2708 9050 3019 5788 6770 2145 2144 7017 3889
21 5299 3540 8351 3191 1496 9647 9612 7080 6713 1501 4032 7063 2420 9982 5755 5648 1801 5926 5834 9938 6997
21 3607 2942 4848 1873 3493 6618 425 215 7502 8074 8669 9233 2012 4655 8769 4444 8295 2550 9567 759 8122
21 9313 1406 2566 9164 3993 4696 6344 9441 7149 2024 5552 2274 7238 5759 2638 345 7121 8861 1544 3185 7242
21 9976 3826 7637 2261 7759 6251 1302 2264 5278 8590 8539 6030 2030 3419 5085 36 6701 4383 4927 796 8582
21 3549 7180 6669 5668 9341 7425 1309 5462 3592 5651 970 875 6079 4933 3658 664 5469 3971 5150 3012 8210
21 6695 2536 3462 3966 9065 2291 3798 2025 1771 4988 356 9506 7388 3517 3183 6899 9309 7950 9383 7042 9131
21 9393 9473 5757 9625 6402 4384 5824 6106 9994 8177 3266 4852 2871 4362 8472 2088 299 8572 5581 3500 737
21 4758 1323 7546 5347 1845 1537 9516 7712 5999 90 1072 3738 7752 6568 8012 5118 1173 4324 4996 4 831
21 1335 4546 3188 7698 552 1189 4491 2272 8150 5929 5956 1502 3538 7212 5774 4864 7696 8174 5737 7943 9915
21 1867 4428 442 9511 9202 4256 9228 8148 2438 1275 4265 8314 632 2466 8322 5190 4508 7606 8613 818 3562
21 6822 4387 9144 7690 4171 9481 4895 6041 6389 3241 149 9683 9945 5945 6992 1575 4908 8602 7409 5449 2724
21 7429 8302 7465 4705 4986 3345 8058 929 4893 8067 1116 7832 521 8172 5231 8899 966 5065 4759 8519 2691
21 3156 5113 4624 4869 1733 8652 5514 2612 3894 9816 545 1053 591 358 2891 630 6545 901 7165 7069 9714
21 3629 7471 7249 4003 9135 9364 6882 2622 2526 5767 5167 2364 668 158 2705 9271 5121 7905 7166 8106 1633
21 5300 9402 9045 3840 9710 2362 4623 2829 4096 1870 6308 5966 1839 6395 7667 9197 7283 637 5545 3591 5504
21 1273 4260 2539 1601 9429 4503 121 5878 1420 7326 261 3244 7656 8734 5707 228 5095 6693 7702 6840 3032
21 2316 7129 2904 6634 8367 6805 578 8511 9607 2109 6137 963 2282 6555 9415 4574 705 7705 2321 5854 4091
21 2883 9090 9628 5351 2781 4371 4775 8491 2444 6436 7351 9395 4395 6841 9332 3882 8386 2703 4162 3791 9766
21 4307 6493 2642 6550 3477 921 40 8444 7566 9955 1283 2311 8776 1971 1274 6826 4780 4972 3126 4479 5225
21 9799 1512 8835 9450 7785 3062 4989 2281 7935 7529 2017 250 3452 2226 7033 3175 9746 3797 5505 5232 6935
21 3307 3651 3368 9557 5036 9263 2270 7857 6743 6970 4464 2785 2988 9618 4178 4294 2131 5735 4976 3959 4799
21 7040 6457 1363 1508 4764 9655 382 2086 3121 3377 771 5810 7855 9285 3357 8880 4375 8943 1084 2136 2276
21 1757 6199 3779 2167 4615 2320 5298 8026 7750 4489 260 3379 9188 2701 6599 3189 4668 7978 8580 8690 2848
21 2949 8458 4502 846 1355 3759 1048 3854 7823 5379 7582 9218 7738 8592 5940 5276 9432 2598 845 8044 6291
21 6670 1984 2780 3783 6886 5579 7048 7414 8105 2139 242 3553 8528 3523 8466 6236 5785 7343 6958 4683 8480
21 1315 4414 730 2570 9037 1846 2415 8659 9785 8725 7734 1933 9017 1916 7774 7181 7597 5833 6993 4332 1139
21 1543 8024 3354 8772 292 7808 4871 4114 5523 4747 7944 1824 7160 973 5418 5378 3415 6334 3987 2449 5376
21 8703 4706 8157 2639 9180 4327 2220 1639 3210 4073 3489 6811 2010 4822 62 3407 3488 58 3238 1230 2055
21 5192 9649 6338 1729 6101 6082 5995 8562 1967 1921 6205 4801 8050 4708 9715 8942 2114 3715 7989 5988 8870
21 9847 7116 5507 4020 4749 9075 397 7654 10 2740 4188 3483 6215 3164 2146 2968 4702 937 6147 7881 3134
21 7401 3640 4980 8791 9209 4130 8506 9694 1317 9706 6604 7598 1851 681 8859 1877 7833 1347 8607 9577 9638
21 2135 6658 1276 6984 3190 9809 9077 4892 754 232 9331 3920 7591 3223 9149 4534 3260 1991 2795 8825 4042
21 5424 8209 3510 6739 6648 9159 1179 1791 2713 4591 3841 7397 2555 4954 9279 3268 6136 7964 5434 4490 3880
21 6115 4959 2198 935 2776 9539 3621 808 7918 3137 7177 8165 1632 9108 6071 2127 3950 9580 8138 4751 3492
21 2917 4208 1524 3114 6024 1443 5031 9319 8960 6085 1597 1885 6637 4341 2363 8658 1788 1619 5563 4277 465
21 3869 4885 1564 266 5584 8761 5550 4921 912 5786 859 5525 9825 8117 7067 8983 9294 1234 4531 9918 4186
21 117 4693 1804 3270 8937 8167 3909 1891 4357 4809 5274 6906 2728 7030 5989 2249 5399 2259 7831 6595 7115
21 222 7704 409 511 4645 2667 6156 2234 7796 7879 2644 8015 124 5594 3131 4676 5251 5130 669 1207 7825
21 7928 2079 3991 4666 5050 1862 1912 2910 4038 6444 731 9181 7961 6554 8108 3033 4896 7478 257 1293 8862
21 4071 7862 3875 4704 9858 4828 9724 1980 5249 2950 7966 8732 9437 1732 4640 1739 7268 9960 3911 3347 3617
21 8292 5358 8784 9657 7548 4497 3228 1393 2319 8621 9080 9616 4960 903 4671 1153 4303 1680 4424 2408 5953
21 6807 1773 3396 6567 9751 1346 2525 8446 490 1383 3101 1782 3401 5109 9365 1242 3745 2879 8 2864 5697
21 7957 3196 150 5303 5751 2924 4397 4642 399 9205 3674 1622 7890 570 2347 8180 3626 3681 1898 9599 8156
21 8731 2357 1223 9743 2033 5622 4944 9303 8764 5587 6854 3336 6162 7670 3177 4287 5836 6249 8404 5531 9172
21 9619 1593 1218 8614 1886 8243 4714 3811 2137 5600 4663 855 1906 3834 4480 8802 9013 2594 4741 1935 8113
21 3855 7320 1200 7787 2207 8860 3421 1810 7266 7007 3796 7797 8930 5795 3695 6653 3872 5204 7112 9753 4292
21 1138 699 419 3445 896 4617 3429 2841 9778 8961 2414 4745 1996 5194 1760 9942 1059 2210 1576 778 8331
21 303 842 6202 5732 4021 5951 5076 1466 6235 6629 7454 5739 3704 8478 6040 6394 60 8089 3405 926 1615
21 9325 2166 8224 8079 5766 5803 9950 2366 7178 8693 3832 500 1621 9034 87 1694 1836 6573 9454 447 1808
21 2559 5743 209 3420 422 2360 7724 5901 670 4312 1964 1171 2267 5114 1540 9931 5736 1278 7215 3535 9184
21 713 6110 975 1777 607 2377 2790 9849 4532 1988 4567 7107 3004 5257 1397 9206 8100 3983 7281 5592 6191
21 4894 3208 6711 6903 3958 1081 9912 8502 4378 4805 1340 5805 8045 2317 4215 3899 2734 7008 9215 9146 1659
21 372 1013 482 4602 4024 5952 9632 6437 3031 8492 214 4715 6532 3736 6230 9217 1490 4230 7834 9937 710
21 700 5818 3263 210 942 7010 1476 536 4330 6820 8855 5349 2772 9093 3581 7324 3275 4354 9499 9721 6687
21 6831 7198 8040 3026 7847 374 193 8125 3574 2437 5482 9275 4336 7910 7473 123 3460 5439 234 9545 1579
21 3167 5875 7602 2352 376 2797 2043 7305 3948 5104 1926 9327 5863 6144 3716 6796 4519 421 3304 6792 557
21 961 3951 135 3319 9537 7811 286 4456 2042 800 2190 4517 335 110 6109 9502 4551 5368 7023 1772 7733
21 2061 5491 9696 8085 3818 1062 1779 4111 6605 6165 7016 4097 3342 3217 7841 2987 9622 750 2836 8083 9532
21 7657 9128 6255 4297 8194 8560 3895 5301 6779 2960 547 6478 745 5680 1238 3941 4413 6005 729 7335 1663
21 6706 6849 7236 4973 2434 1553 876 6751 1199 7507 4430 5852 4389 5936 6551 7756 7892 4728 1074 3656 4158
21 6381 9052 493 1252 9678 2505 3946 3761 7148 2175 1567 4036 7201 2029 7084 7559 3727 2310 7391 4931 9608
21 84 8020 8440 4830 3435 9900 2065 4014 3977 9917 2398 5568 9565 654 3226 68 2094 6445 4157 3218 9916
21 3055 9852 3830 4115 6809 2652 7271 5959 7004 9593 6714 7327 8651 2496 6037 3876 1279 844 3041 7772 1923
21 1560 9137 9874 2382 9617 2884 1429 8901 4002 3212 1291 8810 3955 9695 9529 8964 6933 6057 9277 8594 224
21 8640 2838 6003 8989 4555 7933 1872 1748 8721 5292 1629 8438 6267 6773 6835 971 7540 8797 2623 794 5538
21 24 8158 5425 8681 2105 3793 1643 2607 5073 1387 8127 974 8241 7443 3678 2574 1133 5499 86 4790 7460
21 920 6747 8902 6498 4485 5238 5323 1096 2769 6171 1296 1444 6091 6787 9308 1881 6074 5224 3522 1573 9970
21 4143 1113 8434 1460 6871 4888 2702 6056 4539 8833 3233 8317 6709 8944 2306 3302 6343 3942 6627 3255 616
21 3555 3257 9631 7883 646 8970 9526 3231 8268 909 186 4076 5483 2803 9857 7481 4994 7977 9669 5714 181
21 541 627 457 4396 3721 9962 4677 5329 2078 8166 6608 7802 5165 8912 8712 3063 7307 1837 4691 7011 7404
21 2356 7020 2399 4657 8118 9132 7764 6120 1946 5537 1078 9111 3412 3590 4146 882 2301 296 9711 8701 7795
21 6901 7230 8521 6703 7386 8990 6179 6443 255 8169 385 4360 1451 3711 9404 8004 5867 2767 7568 910 7410
21 1515 9685 2973 6454 6966 2753 8296 3561 9330 5694 3686 9447 4847 7923 1063 8723 5935 8790 5850 9311 4145
21 4078 2538 5285 4137 1324 4045 2054 1264 6488 9643 999 7328 1375 3764 416 7487 2823 3369 1966 566 8350
21 9675 5990 502 9524 1587 7941 4163 7389 3547 433 8841 5195 2971 3815 6781 411 5644 4210 9494 165 5063
21 3442 8055 1994 1684 9033 3203 5967 5040 1464 7288 5733 8336 8286 6632 5703 5673 5787 7618 6246 5637 722
21 55 2714 168 497 8273 7134 542 9141 2808 7807 4351 8003 7925 9315 1483 4108 869 2993 6151 8374 6470
21 3253 6558 7248 7685 9981 7315 1259 2468 3645 2213 8143 1572 471 205 4609 4466 6107 3787 6051 4606 2049
21 2576 5237 5541 8796 66 9561 2867 7949 1688 7819 2719 6117 1183 2572 1691 6892 7484 3819 7673 9615 3631
21 8329 8376 7580 5779 8615 9101 4866 1603 6888 5872 6130 6289 7299 8465 9126 8267 8281 3898 5055 4140 2337
21 6412 9974 7314 3972 5433 514 7207 402 724 5364 3856 5217 6372 2860 4306 5236 7291 8910 4735 3719 5877
21 4346 8435 7574 3047 7901 990 7234 7594 7763 728 6008 4631 4817 2381 8677 5613 7954 7051 3836 148 1722
21 3580 3990 6265 2338 9546 6283 599 8339 6375 7781 3747 3395 8181 2334 6232 2005 5146 9668 763 4350 2818
21 2247 5112 6765 977 1835 871 4653 2804 7205 4443 5002 8252 5336 1730 9063 4577 1112 3095 8385 5458 8874
21 549 1860 9926 2250 1281 178 6909 7793 2945 6816 2632 9425 4946 1957 7981 7300 2643 1425 9387 1718 5543
21 4090 2791 5540 381 8742 2314 8687 1638 2737 1499 8264 8842 9853 7128 4737 3427 1552 6844 9198 9811 4319
21 6198 9452 3105 7382 9410 3746 2875 9167 9884 1714 9212 1351 4505 3668 2647 9953 2689 4841 1488 6750 626
21 5885 3311 9633 2041 9375 9928 6121 1203 2151 434 6612 139 1673 8432 8408 9426 291 2554 1599 1758 2897
21 9523 2748 4920 267 9475 7169 3862 8134 1876 3893 5778 3916 8196 6276 8405 2962 3922 2193 7563 5373 5758
21 3988 789 7572 656 645 7344 7370 1787 3115 1471 6262 2186 6667 1775 8005 7593 8707 4612 4752 4678 3664
21 9140 7451 1221 1863 8403 4119 7503 7488 6201 5992 2634 1163 7571 7247 5726 7426 9922 3671 2822 4812 5176
21 4637 4437 6360 5627 2178 1523 7573 3372 3340 7626 6707 1371 2047 2778 4253 8467 7803 2914 9123 7356 5665
21 1005 7104 3426 6446 8191 3532 8266 2141 1424 1130 6061 1164 760 4030 7421 3040 2830 5044 8043 4311 6371
21 375 2899 4246 9345 8671 244 2547 777 6292 6682 1999 3283 1025 6309 9500 2223 4542 6229 2961 26 2544
21 157 7512 4299 506 2585 4756 3691 9300 936 279 4454 116 8954 9367 9413 4367 5162 176 8526 1225 3313
21 2869 945 4225 8059 2551 4195 6460 5188 9006 8993 6025 7072 4001 5199 8455 8124 143 1043 1052 8641 5629
21 7956 5744 3073 6503 4880 1101 5632 2248 6138 3139 7718 42 6385 8771 988 747 7664 8849 9484 9895 8441
21 5716 5060 4064 3542 85 444 2842 355 4701 6983 5904 7543 114 9261 2514 8625 9260 1120 443 5931 2586
21 3103 166 7243 2056 8642 3205 2107 1541 8212 283 7062 5175 6400 4425 785 2807 9689 900 7151 811 8301
21 8962 2006 6718 4028 7245 3524 8407 5725 3039 6862 7130 28 8927 8846 3998 3100 2450 8623 5760 7131 3386
21 3371 3160 7666 8653 3124 629 3305 4019 5442 239 2358 7265 4849 5823 1360 7192 4142 9467 4451 9878 1056
21 7929 6924 4255 6438 2304 2045 8214 9592 2452 5016 7076 9350 5585 3649 5588 3814 6153 3931 8897 8898 5723
21 1992 5393 3411 8747 3194 3181 3499 4566 4055 9716 8299 8258 3361 1498 5153 2392 650 131 6461 5652 3588
21 9283 4223 7430 3022 2696 120 9822 2938 2614 3392 9091 8680 7728 2484 6732 8924 562 6895 7424 5318 1343
21 1776 6150 4673 2916 9842 3622 4907 4085 6920 3902 1743 5963 220 287 5918 8036 4083 2170 1141 9756 1559
21 3149 2106 9830 8682 8609 2209 7915 8662 2796 7570 3130 195 5905 1975 9016 8894 6611 4971 2185 8424 9796
21 4058 1635 1267 9492 2771 3122 1197 8160 8741 6326 4359 1058 4334 829 6957 1437 8919 6876 635 707 8201
21 1664 3459 4815 8575 7663 6587 7770 7381 9479 6083 293 1941 478 5200 1608 8132 410 4729 6052 5939 2273
21 29 2784 5282 8128 8882 8981 7339 3476 4264 5704 4947 253 5754 2387 7225 4545 6300 6273 2940 8770 8054
21 2020 4537 3083 2600 9134 6716 3851 275 3182 8524 9148 7786 7439 7908 5321 9719 204 469 5798 7459 2806
21 5868 5510 9030 2031 9923 9458 4638 1924 4718 405 5558 803 5186 6661 2750 479 1128 5506 6782 2251 7813
21 6961 7553 655 4806 1232 3839 1589 4667 4533 9225 9630 9400 1990 7336 373 9069 8971 7184 4522 8884 5404
21 1833 7329 9890 6563 9761 546 4498 1960 3501 4890 8779 5882 3897 5078 8255 4504 4061 1213 5536 1254 3825
21 9563 2788 9286 35 2217 6133 1297 3782 235 4825 7106 9674 6337 8041 9125 2853 4180 3349 5647 2839 9304
21 1888 5858 8207 2442 8951 1985 7691 1568 9508 7538 6798 7976 5035 2331 2168 1484 207 7489 1287 3984 4268
21 1353 3170 6029 9620 5674 4699 5567 1389 3925 3293 1519 6823 6324 1807 1742 2372 3002 6177 7057 1653 1020
21 4150 1024 1640 4291 6643 3623 3314 2901 4562 2861 2996 9957 8002 3497 8794 429 2604 6045 6434 5198 1385
21 7399 8586 1421 5756 2919 1436 6067 2513 2498 3053 4369 3777 1856 5542 8781 7213 1398 7880 5047 1204 4432
21 4842 8459 326 7337 7203 9731 1338 5386 9022 3595 5421 7958 2085 8757 1091 51 746 8487 441 4160 2677
21 2912 2123 5954 9002 9262 4477 2164 9192 5559 5565 1857 3353 8392 1249 4488 5185 45 9010 8482 6032 7937
21 5693 2963 7086 5012 1294 5374 2885 7998 5247 5032 6176 6490 2816 6388 468 2446 4392 3422 2326 8123 4122
21 8406 726 956 7434 5853 9975 6268 6140 3992 3625 3010 2365 5270 5574 9491 2704 7369 8090 4273 1939 2169
21 5341 8699 2690 2077 6270 6013 7221 2241 1822 9029 4647 5655 5132 838 7639 8608 8321 8636 5896 2227 4530
21 7141 5034 3603 32 1352 396 7474 319 1328 2532 7886 3221 743 1049 6427 9391 390 3520 8363 6271 1150
21 474 5359 9869 5234 2831 5116 6243 7872 9114 9709 9269 7124 9591 1243 9088 5747 7959 667 7138 9558 8414
21 2695 7357 2782 4101 6512 3646 6746 6391 3339 6578 3391 7848 5196 6918 4943 5423 7509 3871 3390 1210 8556
21 1528 9996 2495 9190 6537 1168 2565 2907 5042 9113 414 3878 2367 2918 6100 4179 2307 3184 6118 8941 4662
21 9084 9768 2147 3906 7256 9408 1532 8186 689 3009 9651 6620 334 5826 6354 2692 2925 4257 7303 3284 3120
21 9216 7210 2605 9018 1365 4356 5879 2057 5486 6863 4232 6027 7893 8754 6092 2488 2165 5839 8429 4510 5294
21 4379 8629 1313 9512 7912 7761 9073 4550 1396 6038 449 2685 344 4923 4462 6673 4556 1585 4295 2322 8740
21 2986 8021 615 8034 4541 3373 9370 7334 8126 1783 9470 5870 4765 3318 1244 7694 8866 9596 6981 1137 5606
21 585 2512 565 152 853 4227 8533 8193 5133 2955 2611 8439 7973 1083 6624 7348 3914 371 1961 59 3020
21 6228 9544 4153 8042 6272 9357 1716 6223 7262 1394 7798 1965 8531 5363 5618 6679 5459 8216 6112 6931 6717
21 5406 9246 9297 4938 8555 4398 2921 8799 692 4906 9967 7969 4222 6500 336 1987 5932 8925 2152 78 3204
21 583 1651 4875 8530 7364 3904 9729 5708 9998 8811 4902 2093 5149 8660 4238 834 1665 8488 9024 2243 1646
21 8559 1194 8637 1755 5866 8694 9844 8072 6406 4547 4874 2552 8668 1032 5612 7204 7412 2833 5616 424 6260
21 4435 8713 9845 1175 8176 674 2898 2246 9624 9583 9193 996 6666 8875 9535 4183 6702 1497 8541 1456 4103
21 5717 8290 825 856 7882 9062 1117 15 4543 9988 3152 7875 7838 3506 5013 1127 3978 5688 690 7878 8147
21 3281 5746 4703 3615 2613 2011 9837 7120 3267 5981 9348 5522 868 8388 6934 5327 2976 8503 5485 2032 1038
21 7952 902 4761 4587 1349 9070 3146 1176 2332 4093 8513 2494 4370 9053 2475 8765 8145 6096 1191 906 6453
21 4494 328 4154 4957 8030 6579 5451 5519 8383 7024 53 4234 5427 2101 6766 932 4967 5311 6093 2922 2134
21 5304 1489 5777 5783 8259 4872 4293 6134 678 2159 6565 9730 8907 1648 7495 2014 9568 6998 2815 1623 8131
21 297 5487 428 7277 8529 1644 4046 4104 6059 9554 2892 6528 520 3485 3094 2067 6496 7722 4554 3514 8019
21 741 8449 8915 5054 6078 7309 4853 8843 4843 7298 2931 1068 6314 8084 1577 5354 1903 16 1958 3688 8726
21 7640 9595 1177 4141 4786 9133 4634 8760 8289 5640 2068 5524 3823 4581 2723 5555 6621 4600 6576 170 7472
21 5598 9463 5699 1222 6280 5279 9720 6641 5154 17 4218 738 4579 3087 7625 5283 1825 1452 1473 392 8957
21 445 9087 5120 9314 9497 1725 1069 2601 4106 256 4804 851 8972 4386 7644 2725 8238 7374 9025 3110 5842
21 3564 6752 2074 2132 1215 8617 883 4406 3174 3154 7405 7419 3659 5987 1157 5337 3886 6250 2100 1823 1705
21 6952 7082 7255 6356 2732 175 9264 586 2390 6122 3939 8013 2239 6690 3192 9145 7079 2843 3718 702 3618
21 9207 8979 9011 3594 1263 115 544 3075 9085 4979 6763 2662 1151 6549 9905 6010 652 8877 9818 8163 8276
21 568 3329 1970 2787 6639 4724 9611 3271 618 732 534 9946 2183 6878 1026 6097 7676 7297 8372 4911 5108
21 3025 2520 8588 7190 161 2527 5219 7967 9378 278 8270 6219 3639 6623 3996 6028 6209 436 6019 8552 4592
21 734 1090 3017 3036 9889 252 6865 5163 7440 1075 8532 3577 1548 2328 7038 2746 2888 9168 7751 5265 4929
21 8395 8848 4285 6645 8597 821 2174 6848 6730 2325 5575 9866 7852 7851 7144 4298 6435 8199 2610 7586 4955
21 4495 2436 4349 164 7636 2675 1710 3295 5092 3150 6513 4529 7652 5677 9098 6828 5521 4189 9369 6559 3277
21 622 1530 6200 2799 6967 5405 2809 7222 8400 238 7100 4461 748 5286 5884 4447 8598 1731 3081 5508 2755
21 1040 3067 9640 3680 1441 3393 352 6566 3454 1468 9877 2254 727 1657 6586 8635 8454 7136 1972 2862 1006
21 7561 1734 69 7884 6570 4213 8610 3757 6726 4316 3213 4674 7578 5319 3456 3744 7251 9336 6569 325 2208
21 3471 9401 4080 9116 3802 5045 2948 1539 7065 103 4632 6174 6588 6671 4116 9008 2460 6046 4998 9635 3741
21 2008 5856 3200 1557 1762 7456 4353 8926 5268 6542 6204 227 2199 3804 3954 3932 5831 6788 2847 8098 3380
21 2941 6877 439 2333 8037 8300 847 9000 4219 5529 9863 217 1678 7470 6867 2194 1482 706 9650 2487 6494
21 957 3384 3816 7668 9100 2260 5070 4981 8646 1217 2084 4560 2895 7022 418 9606 9434 3035 3014 2096 6221
21 3239 6884 3334 1647 9127 8909 9226 953 9247 733 5357 2545 752 6646 642 246 9057 3762 2073 391 4120
21 3743 8739 7876 1667 1631 6237 1004 6921 3316 8475 694 2522 7333 5315 6964 3162 1149 8893 3687 5046 432
21 9979 4170 5090 3583 2930 6163 8603 7143 1767 1516 3331 1535 1890 3306 1122 8144 7885 108 82 3229 4124
21 5381 7846 802 2686 4607 2395 4594 7614 6064 5308 7735 7608 1124 5022 8497 522 5401 1129 1570 4951 6439
21 4882 5572 5566 2982 5375 2275 138 3007 2218 6858 9442 7377 3074 4254 5081 2625 9978 4968 9095 5476 8535
21 8675 8323 9382 4658 6896 2108 9896 4266 3573 1761 4578 9597 6938 2569 9713 5037 1419 5003 3637 9726 438
21 7877 9851 718 3370 2817 6737 8014 1612 6240 2850 1690 2991 6510 1036 2369 2472 8501 1288 3781 472 9430
21 1735 9691 8146 3807 7411 4552 7822 1012 9783 6522 7549 4831 7622 3132 2258 8387 7427 8218 587 590 6342
21 61 3758 8285 5539 9242 9964 9701 9001 67 4770 8813 1671 9204 6254 5144 4283 2353 5395 2456 5280 2172
21 8840 7891 5212 7710 4593 459 9031 2052 9333 8415 9162 6738 9518 9991 2001 7170 5960 1092 3172 5865 9770
21 8950 892 119 3220 5043 691 9992 2909 7587 8750 6776 4571 4650 2255 5328 4288 8222 7413 4649 8538 5174
21 6649 4511 3108 5156 6580 7387 716 6253 2154 1307 914 3545 7360 5215 4037 7544 4610 3529 7233 8001 7700
21 6541 2928 9947 2577 8876 3261 377 3474 639 3011 2789 8584 2038 6506 4797 5447 1812 9486 9977 3679 2840
21 3457 7117 6125 8831 9972 3165 7817 4167 151 4190 5220 6758 9598 6310 6723 6688 5407 7577 5973 2609 7093
21 1978 1852 1997 7034 5695 8984 8945 4856 3753 4660 801 8829 162 9932 5965 4860 9223 2583 8308 5664 3985
21 8420 3424 95 9464 9576 6172 5123 4314 8624 9163 510 5793 3801 9032 1520 7338 7416 5239 2329 4553 5173
21 6724 6068 8823 3414 7856 9027 8638 2228 4487 1310 4521 9594 7396 5772 6428 4589 221 259 9507 1962 1378
21 9581 2143 5017 8768 633 3785 4236 2402 2341 5139 4512 4039 5288 8604 1737 8053 4791 3945 1645 2019 9536
21 8728 9306 5516 3112 704 3531 8033 1679 8540 2189 7331 3013 621 9892 4169 597 3015 5489 5825 8808 3021
21 9411 8104 9487 2731 4854 1325 1692 3127 3282 517 333 7616 3881 5893 8853 5246 1231 5011 70 6257 5571
21 4214 3029 1233 1797 5690 8272 9054 9379 9150 6785 7292 1262 1237 5938 3800 7279 3287 5749 7896 6405 8543
21 9020 1100 4507 7686 6893 9222 8505 893 4486 958 3912 5796 6791 9893 7139 5822 5544 4134 7228 1306 7467
21 5902 2711 1904 1 1152 6491 4884 7987 1591 6505 8873 7982 8922 4975 6369 1044 955 4563 2202 685 948
21 7119 6159 5887 7934 6336 649 8851 6681 9230 7560 9780 4870 1717 5761 9414 6489 6390 1683 1435 2540 2300
21 2429 4200 4050 4656 7162 6476 7361 6642 527 3447 8863 6429 2419 192 7358 8333 2564 8384 6664 3724 2664
21 6456 3138 1959 6398 8804 5310 516 9298 9722 6733 812 7302 1329 3884 6592 9873 6421 8320 4049 1055 8217
21 489 6851 3717 9071 4990 8062 979 1981 5583 5102 2344 1011 9762 4342 4627 9005 3106 8313 8888 3892 2597
21 268 9191 9769 5678 7479 1110 9438 6181 8692 4845 4597 1672 8709 6295 8409 4766 6598 9797 3042 5230 9533
21 9626 5654 1830 8368 9276 8220 4113 7231 924 386 9704 968 2832 569 3187 8908 1085 7026 790 295 3883
21 8342 6786 332 7232 9165 886 1299 9968 543 6574 5849 2712 6812 6557 4680 6440 1202 540 770 5547 6185
21 2278 2426 3795 2181 5628 5193 4062 3285 8650 6486 1727 8347 4524 8474 8751 191 792 4445 9717 263 6467
21 580 271 7446 1627 559 2543 9652 1934 5804 9355 8763 4289 8905 2800 3048 8114 9280 470 8837 5273 9472
21 610 6740 7870 9042 8379 1211 1417 9324 7091 8516 2299 6286 4514 628 2727 526 9984 6154 8311 321 3478
21 8179 2293 3544 8236 7916 7633 8510 8550 4440 4217 3968 4740 63 4182 7308 5129 1495 6482 2794 9831 5561
21 1993 3024 4686 2651 8973 5100 2023 6451 5464 5216 6469 8039 3144 5488 1754 7660 4861 4886 1983 1701 2658
21 3692 315 7874 611 348 7837 9074 6864 6926 4789 5093 4102 2655 9907 8393 4129 5429 4305 9259 8178 4891
21 7799 4648 9104 6141 1331 7301 7592 9838 8140 6187 2087 7047 1505 337 6084 3084 1617 836 5889 327 6479
21 6361 2026 6942 9064 9035 5702 9882 4734 9023 1914 3484 8676 8496 4448 7526 5467 1600 9493 5874 5408 7836
21 5161 3572 9385 2140 8298 9272 8664 2104 6939 663 6504 941 2974 4081 3034 6275 8096 2211 6999 1082 9677
21 219 7792 839 9171 2653 7445 2972 4916 6712 6339 9244 2567 1578 4961 6383 8515 4463 3923 9739 7758 8850
21 4687 1674 199 5503 159 7907 1330 2417 2037 7615 3551 3960 9235 1704 1766 6731 5252 9371 8468 5900 6063
21 3030 3891 1908 8940 2160 2072 1008 3308 6810 8903 5943 1449 3599 1829 981 5791 9660 7310 4778 6817 6349
21 9187 7428 1518 5107 3784 8869 1820 2479 4777 9337 5675 309 4513 4110 2707 6183 1744 3612 8211 398 8885
21 9291 4233 5829 7380 7276 4879 2121 5481 4651 4978 7340 4974 9959 2111 6640 7826 265 9189 3046 6242 2998
21 2313 2422 8816 4409 2119 9963 1248 6806 2504 6043 3352 9665 2149 2650 885 9339 899 598 2280 8120 939
21 554 9920 7567 7492 4930 8263 7508 1461 8307 6459 370 8583 4917 8600 8639 9875 1467 8152 455 8185 5841
21 4788 1689 435 9419 2661 1412 1045 8814 7077 453 8076 3700 2542 7185 167 7055 4399 3417 2936 5848 7441
21 3693 400 4720 6615 9068 3247 2115 4343 2051 1850 8360 972 2403 5397 5946 4434 4041 7163 7906 2819 976
21 8204 9274 6420 5158 7477 7805 3997 6683 4457 5117 9821 4262 2158 1089 1675 8423 5685 7035 2814 3064 8921
21 6424 661 8410 2409 4958 7762 9553 7689 4899 9185 9335 6636 6736 931 1258 2624 3274 2683 9993 4348 2225
21 4098 5466 9485 2663 907 1937 7493 2557 3550 1266 5728 8512 9699 5115 5781 1379 623 4570 5840 9764 3969
21 9698 8566 2537 6430 2385 6279 509 7806 8649 6655 3446 6376 8354 3563 6330 7054 6606 6070 6676 2376 2508
21 4066 3976 6128 5187 8151 9833 7422 4086 7462 4997 8068 9435 7294 574 3125 7485 2013 1809 749 7133 1009
21 1866 5698 9815 849 2044 7576 2156 4224 9407 8025 7646 3214 2371 7858 1080 5560 9703 9781 9241 3690 1134
21 1815 8277 7554 4585 4966 1864 2467 2082 2722 9224 7313 2389 2459 9587 4131 4458 9814 6991 4641 7235 3619
21 6780 7677 9254 982 8228 7643 2648 8225 6366 887 4626 7541 2752 1765 964 9854 7603 9290 5494 795 7146
21 6900 4455 989 1634 8116 2388 8500 6963 866 4168 5577 7995 3481 2022 504 9243 810 1350 7996 1001 2117
21 6160 5710 1655 895 3215 2602 8401 6036 338 7402 4982 824 7060 1413 9501 555 111 1295 5855 9860 4538
21 7318 3461 6012 2927 7682 4270 9623 9368 740 863 6006 9572 34 4755 1571 7523 9771 3792 1454 3559 3346
21 7911 9320 2783 922 1250 7693 1790 1840 9302 3045 5722 6790 3888 2801 3303 4726 3322 107 2656 6241 9476
21 9901 9412 3066 8795 1487 1455 3754 8450 2345 1236 1566 7486 2295 2932 2002 7955 6302 8648 1654 2926 2509
21 8698 864 5295 9477 7041 7729 6932 8182 7791 8601 877 7447 2027 3153 450 9051 7888 5460 9782 9700 3528
21 4056 4575 6536 9182 8353 1521 3157 5155 575 6774 3756 6014 1361 4304 1404 1366 4269 7801 4904 1226 8069
21 5881 2975 2305 7628 46 6081 5619 8988 1875 4881 5925 8887 8399 8643 7828 8522 7617 8380 3335 3069 9117
21 8520 8715 3585 4245 7135 1620 8801 779 11 3351 3455 4322 9344 3768 1927 5084 783 4785 535 9334 4846
21 5027 1251 2440 9712 127 1859 5569 5201 6231 5313 7583 2485 4771 3726 8032 7317 3003 6685 2492 6994 8948
21 2327 1030 1986 6340 9604 1942 6727 3070 9110 2990 5729 7371 3670 1917 8756 5897 7044 5596 5312 6819 5859
20 8102 6168 47 5917 5287 5160 7794 7865 7547 3299 7137 8697 5203 6524 3934 5290 4408 662 7311 4133
21 7229 9666 1240 7211 7665 4355 2958 1774 1756 537 8992 4684 9122 8457 407 6341 9340 8858 431 7714 142
21 113 5500 212 9738 1968 1415 9911 4209 695 2854 1920 9423 5590 1616 5671 7074 308 4918 1826 5179 1569
21 9670 4833 9105 3701 595 3648 7415 793 5610 806 9079 7800 7590 6626 9343 4391 2985 8168 3863 6311 6152
21 3667 2915 8448 832 7096 9156 4244 9143 7701 1832 3234 1611 7725 4783 466 182 6355 3343 6080 8087 464
20 6767 4935 284 761 5409 9424 52 4628 4851 1753 3142 1224 6328 44 5927 5814 2361 4308 8838 20
21 3410 2335 3512 1111 4403 6359 8953 8826 683 8616 2700 8427 5468 3467 2120 1184 8162 401 6881 6087 7059
21 2531 6455 498 8955 6244 461 4787 1368 9351 4407 8141 5007 503 653 6278 3071 2521 5077 5057 5857 1558
21 6633 1625 8254 3398 9564 6672 2568 6211 4473 1154 3237 9688 7675 3089 1039 5450 6285 5623 4339 3503 2530
20 394 5189 2518 7193 6956 9812 5074 6571 366 6552 4452 8844 7887 9236 2050 134 5269 1312 758 7524
21 7188 8426 8536 8187 2665 5014 897 65 3661 9278 2016 8345 8318 9995 2083 3683 9266 3533 7968 6917 5471
21 8271 2626 5182 9872 403 5962 8312 6898 5389 8049 361 2354 4816 6233 2069 5871 9956 9169 4364 3480 1285
21 768 6735 9705 2952 7278 843 6218 501 6415 2231 8969 2242 8778 9161 3431 8626 5209 9775 7649 7789 1367
21 5402 6741 4558 208 4713 8164 4302 4515 7220 8656 3873 4732 3018 7596 460 8456 8352 8282 2138 805 1929
21 2774 3849 6473 3566 4639 1098 5001 8883 7164 6105 5183 2682 3713 4598 6049 4859 2865 3864 5661 2130 7049
21 1724 8774 7312 8155 7448 4858 7903 3173 5180 4259 1932 3908 5339 3769 7126 1185 3995 9656 5923 406 9573
21 8213 3601 4207 6538 7777 2095 2766 7525 6799 2129 786 814 5595 2666 9040 5515 9676 4242 4768 8337 2813
21 7849 5996 6327 4544 300 3930 6161 8428 9139 4903 2348 2757 2553 3096 6760 4416 5463 9 6761 8332 7252
21 4586 245 5955 7922 4605 5087 6905 3845 7394 512 6923 5687 3382 5546 5015 5127 2458 9210 6294 2618 548
20 6418 9985 665 7092 9273 7769 8928 4248 2633 809 9629 4026 2493 1712 1070 8716 6317 383 9940 9097
21 6843 9602 3632 6652 6380 3675 1752 8743 1029 4993 3242 3376 6370 2533 5752 2870 8142 3441 6978 7053 5895
21 3168 6304 4807 5656 177 9151 8316 9734 2400 4067 8381 4478 5832 4748 1241 3464 1952 4905 7537 6721 8618
21 2507 2681 5957 6305 5724 3434 1104 4685 3428 3808 1382 3300 3383 6531 960 9373 2628 1301 5159 6458 1300
21 8509 3176 1843 6575 91 9440 1799 7341 9779 4878 1901 2447 4166 2201 5784 1028 5048 6979 7157 2516 2627
21 2828 5089 1260 1977 1509 3133 463 959 357 4388 9194 420 2672 5438 5028 4010 648 9697 1115 5720 8377
21 8587 8548 5663 3879 8785 74 4117 395 3356 9774 8442 5490 3630 5916 5454 2262 2827 5599 6533 4013 5501
21 9733 4910 4826 671 64 7066 30 8918 8872 5976 3397 6055 496 781 2779 3604 8696 3652 3965 6650 1212
20 1332 8203 533 6705 3775 5603 8103 2383 5472 5233 6332 7661 9802 8744 5142 9808 5806 8260 7496 9776
21 6965 530 6922 2997 6346 7555 2846 1255 1395 9480 2148 6675 6869 2763 6508 6448 8235 1095 679 8453 8700
20 1227 2511 2497 1910 2802 934 1364 3924 6982 9428 3660 3000 5416 1811 4721 5264 197 2157 9461 4803
21 6044 2230 4863 5352 4017 8485 8288 2 4044 2956 7653 8234 4932 6759 1858 7261 1868 8371 9589 8057 247
20 6656 5006 9680 7208 6989 7812 6379 8027 6423 5309 6803 1265 7240 1205 8269 9772 2161 9646 1602 7189
21 6694 7406 3050 1106 3970 2453 6393 7392 8470 276 2721 5456 9531 2890 3980 2716 8451 6323 1892 3929 5586
21 3697 7585 7323 3038 2745 7604 3085 8366 1071 4251 9661 3448 2097 8977 5079 7390 6108 5964 4883 8622 2163
21 19 4194 3605 507 5082 7558 9980 6839 8460 1145 8197 2351 4201 7105 5775 4509 7290 4310 3400 1261 7036
21 8564 513 6069 3453 6313 294 4784 3597 2959 2947 841 703 8233 9107 5974 644 7917 7814 7001 9829 2491
21 5222 8574 2856 9610 7263 6188 3859 5768 2535 6940 4694 487 347 5765 6017 4132 7946 3080 7985 2773 6
20 1794 7319 3475 1685 3949 4776 2206 6596 1741 7046 7418 6001 8852 2820 2744 2798 4401 8647 8078 2441
21 7293 9316 8554 2999 6719 6593 4564 2835 6353 8997 7365 5128 1457 7895 5800 9891 8867 1795 8633 1341 3643
20 8630 6804 8133 7174 8324 6946 9881 6857 4009 1047 4276 27 5355 4999 4926 1848 2886 797 8008 1699
20 6269 5369 7867 4318 8378 1700 9482 4690 8775 4746 184 1618 7168 4216 4151 140 7983 7183 2238 784
21 2603 2742 6186 4029 6213 4278 3466 3963 2935 8917 1719 359 2699 2872 7159 4199 9690 5362 9220 9834 7058
20 8787 2957 780 6523 7730 2035 5709 9362 4682 9384 5157 2584 8966 75 8499 4983 3627 1147 430 9990
21 7140 3865 7102 9538 708 9028 5256 9987 8291 1065 1740 1485 5111 3109 7919 452 3771 7863 898 8375 1948
21 1883 8447 5920 5621 2473 5861 1193 4821 6728 1073 3613 9431 2303 9173 6419 6468 2098 9793 8226 7731 2499
21 4536 8462 9951 3663 5713 4969 5684 6883 8974 7286 9886 2739 451 2826 4707 2266 1086 4611 5455 8517 9326
20 7709 206 6749 330 1369 353 2397 2621 8976 4919 3511 5614 827 8287 1798 9203 7214 5591 2312 7744
21 7064 1121 4016 6985 9684 3609 6915 4394 112 8593 1604 6281 2257 6224 4427 3766 9154 7350 3665 5390 7223
20 1879 5890 6316 3116 2404 2290 4211 1911 5023 6778 9930 8280 5119 3440 3653 7740 8507 4149 4672 3589
20 8783 4794 8766 9819 8695 3099 7045 6722 1834 1905 4739 9958 9096 4271 5691 79 1728 4731 6258 3286
20 1447 6296 417 9179 1239 1475 6925 9574 5582 4985 9239 2687 1950 5275 3803 8046 9427 5413 8865 231
20 6189 697 6842 100 6422 7715 6885 8807 2205 5986 201 1167 5947 3933 8777 5657 4226 6546 828 1247
21 4873 4112 2992 4035 8523 3952 3394 2229 9490 4549 1827 6471 1446 6050 6929 9885 9067 756 3728 9736 5020
21 3546 4109 6710 169 2187 8800 1504 9240 5143 2396 3628 8161 917 2579 4402 4743 1895 1969 5446 2410 8154
20 2424 6164 5888 6182 2578 949 865 7624 918 4237 9828 7032 9855 7027 9794 6193 7087 1581 1951 4047
20 9820 6206 3938 3789 9195 5009 3874 8136 8545 7018 6020 983 2378 2761 725 8685 314 9792 3093 2203
21 3008 6307 7737 6034 5838 8644 7145 4453 6234 9183 8283 1650 8461 3642 6022 5549 4363 9196 1865 6016 5370
21 5227 608 8803 8112 4862 7515 3505 484 5880 2994 8476 1696 1707 1107 3348 6011 1764 6631 2457 6748 4241
20 9166 9813 6409 6119 5837 969 3799 8627 9421 515 4619 2873 5993 9041 5056 2503 7039 4203 3571 1019
20 2296 3104 7085 9681 2076 1595 130 7866 5262 1796 8920 7897 5807 8634 8611 1126 1658 7991 6853 3994
20 7455 200 3554 6026 9265 5899 8691 202 2501 4429 1057 2150 1434 9310 861 8834 393 8232 1909 6104
20 3049 4164 3921 6357 6009 4089 9859 1861 4773 9727 7853 6628 3344 7979 7827 1156 7938 4126 3853 343
21 7810 6875 1550 3057 560 4441 6677 3750 3593 4323 5068 6175 2617 5392 5126 7821 54 8391 5977 1931 1410
20 5971 6155 2881 2180 2852 1768 833 9934 4033 3473 7099 556 3943 5206 3243 480 5667 3677 5322 9517
20 6139 1588 6425 5422 9645 1458 7843 7754 1337 4459 7179 5789 7517 1440 9841 6401 2219 5431 5474 1003
20 8878 2425 1465 4595 2810 5770 5630 5221 2116 8569 1786 3684 8417 5177 6954 9439 2103 9876 298 7368
20 7186 4661 3375 7494 1474 8686 1271 7384 4518 4136 701 1853 6660 7 1928 2339 1938 2606 2200 6919
20 6502 7224 448 3537 2394 462 5099 3556 7645 1953 5396 363 4945 8349 1556 7359 7437 5659 6035 7111
20 7435 5517 9562 3051 3117 1257 8159 6619 2859 4620 3413 9293 3526 8570 2775 5676 6950 1195 4261 7161
20 6485 5049 1503 5642 7171 106 9268 1907 304 1668 7098 2215 3385 404 8256 9200 8678 3327 6212 9827
20 3333 8370 6021 4372 2673 9248 8109 6157 5083 77 9870 7012 7254 1574 3558 4633 5922 9936 1290 5415
20 8086 6004 5712 2060 7043 8542 4449 9038 4688 7552 1493 1388 7480 765 2562 4484 8836 9061 4962 2845
21 8149 3989 5686 9527 5088 1160 3673 1656 6047 1277 7417 1828 7695 6577 1607 9898 911 5551 4442 7688 8430
20 9913 3602 3740 7732 5400 1348 9433 6824 8749 1136 4165 6860 1270 9099 4757 5617 5731 7565 73 5244
20 5343 8328 8219 1102 8665 369 2989 5208 282 5548 3961 3076 6497 9066 8483 1759 8683 6715 4695 4987
20 1407 277 5892 5291 6407 6094 3710 1871 4582 3052 3982 8896 2489 2824 3240 1954 1636 8452 4185 6603
20 8932 4635 9757 7579 4099 8257 4767 5411 3449 4092 4280 5448 160 2427 7963 3835 944 9307 4506 3611
20 8758 4867 6771 3082 4366 8585 5941 2375 5385 7531 9835 8498 7945 5492 5912 145 4769 3180 9317 1887
20 6607 4184 6413 2323 6089 711 5534 4221 3251 5097 8246 6077 8052 9115 2188 1334 4700 4197 7002 4286
21 2324 9556 7172 1913 5241 9388 6345 4499 3714 4460 5625 4850 1687 9455 9094 4284 7295 9653 9211 6210 3289
20 8484 2523 9586 4940 1745 8782 2393 4472 9758 4912 9510 5607 339 4239 8577 5075 791 2730 2221 4338
20 1269 1697 4410 753 3290 105 9082 9157 3470 5243 3567 5611 5277 571 8066 2391 1219 9147 7904 5293
20 1838 965 601 5069 8938 5915 5907 5473 518 2978 2279 7272 505 5643 2855 3837 7611 9749 7123 2659
20 5245 9469 5620 5601 3418 4328 5998 7755 6772 8242 6590 2102 5930 1162 3037 1336 4077 7951 1841 6113
20 9405 8073 9549 1884 9158 254 3584 2089 4279 4368 8738 1370 2222 6303 3206 99 5435 9014 6073 3408
20 6529 6239 1580 4652 5830 485 6103 8547 736 1314 7723 3332 1769 3953 3944 7539 6986 2253 8327 8923
20 5727 6192 6058 7246 3513 6659 9823 5527 6861 9460 6948 5106 954 2575 7980 9007 2764 2287 4446 4725
20 6654 874 6742 2000 9846 3901 8864 2309 9043 7505 6777 2590 3587 6095 1708 5207 9390 9552 4897 1805
21 1414 9012 4088 2464 1494 9505 9328 5305 3847 7217 125 525 5706 2058 1526 3273 3576 2113 5436 2964 6124
20 658 4196 8419 6196 5170 9641 4159 5041 7651 6996 7839 9389 6315 1174 9745 3248 2252 9446 8265 5398
21 9046 9282 3058 8854 1181 9952 281 3269 6378 9571 173 9725 9522 3171 3309 1507 5242 8717 9909 5666 9329
20 1637 9495 6245 3119 5366 4247 1531 3436 9941 2756 5419 2980 3355 1103 3158 9759 5894 316 2289 6288
20 4948 7975 3565 9832 9742 3896 5101 1715 4964 7939 2560 1187 9201 6928 312 5410 1726 6973 1614 998
20 5218 3786 7000 2754 993 4105 2184 9983 3 2340 2294 5645 1196 5528 2849 804 2064 317 1377 9176
20 3249 6053 2245 3054 4400 508 8413 9219 5958 4970 2903 1477 4118 346 6976 6720 3128 8879 4220 8527
20 1170 8274 951 9130 6971 5844 6426 6684 5005 153 9086 7400 7868 7304 8706 8684 6368 6936 8674 675
20 3245 9627 7683 6526 2386 7629 9089 9790 2268 7743 7820 94 7942 2469 5229 4760 7269 4697 6433 3586
