29 6599 2163 4060 276 4311 4009 62 1238 1411 4885 9973 4435 1214 1972 1046 2549 3400 7438 5038 4991 1065 6196 4342 8302 4646 2749 8986 8360 2480
29 45 8346 1364 5942 6983 9790 7016 1009 6615 4413 2799 7039 67 1262 7344 713 5731 6963 2319 591 2676 7954 9486 8811 7154 6203 7008 2957 8465
29 8033 3562 8983 5345 6459 8439 1236 365 9059 4831 5397 9575 9750 6010 2817 8135 5827 9596 6476 5468 5421 8071 6926 6103 4105 6972 321 825 6301
29 6440 6956 3856 5476 4966 2395 8293 4015 6215 356 3545 9412 9051 832 9217 5346 1383 8158 4868 9016 5929 8280 6548 8243 6011 3993 368 8387 5065
29 6428 9594 4166 4870 5696 338 9825 2096 3243 5235 1852 560 2539 8826 4011 984 1456 7437 3056 535 3969 6536 7933 113 2626 843 3138 5953 7534
29 9475 9960 7787 9522 7699 9428 7185 6167 8517 9658 790 9012 4212 9311 4602 920 6653 5242 1338 8138 6525 7913 3572 5599 5582 2170 5844 5551 1921
29 2603 7229 4797 6046 6620 2144 5744 9315 1420 5090 7190 4243 8335 6951 5994 6072 4737 299 6938 9083 4606 8676 5319 8818 7713 9320 1550 7322 6511
29 156 4049 6687 7929 7890 3380 4495 7988 6919 1132 7268 1548 5292 3685 2171 3753 7778 2200 6110 7710 3965 3523 3521 8576 2261 8376 6823 3918 7260
29 9738 3240 3878 8356 3866 571 7408 3300 9495 5183 1431 5096 9809 5691 58 6846 5026 9674 6759 4499 4663 346 8326 7998 1576 2514 8918 6680 1596
29 4467 395 9820 5156 6748 1907 7842 9485 8256 848 9690 1899 7554 2977 6836 4177 8498 4406 2684 2362 562 6805 2443 2883 6324 1881 7729 9296 531
29 2822 8502 1691 6754 7026 593 2295 6128 6978 409 4163 4844 3975 9250 3003 3692 4549 1376 6939 3245 1090 1617 6254 7228 6832 453 9505 3403 5674
29 3039 2830 1247 6463 1863 2664 5610 6036 6854 789 5508 2062 8801 9068 7112 1894 8200 2425 3329 4894 4142 9114 8075 7287 3661 8244 9869 1001 1651
29 8103 6227 6214 9646 2756 1715 791 5670 6979 4931 7614 8889 1618 9287 3028 6706 388 8333 6417 7373 8930 4816 4403 7048 6251 3959 3072 3769 1298
29 2584 3265 811 3333 5566 8693 4553 185 8828 8182 5070 4818 3290 6809 178 4332 3129 8843 1710 8459 1334 1078 7902 2294 3237 4811 3840 8768 6576
29 7318 3611 4543 9506 2396 629 3703 9565 8263 1610 168 6672 334 1147 231 7044 1536 8837 3473 7083 104 1979 7224 8045 859 4840 3719 7399 5486
29 5876 3581 5041 8027 9219 5724 9242 1344 7317 5434 392 7906 8106 4410 1401 8362 2219 1013 7079 4441 5563 9638 4209 4733 4407 8409 2789 6038 7774
29 2995 5030 726 5472 3268 9115 7865 3741 8506 7038 1189 4657 3020 1544 5093 2077 1840 8414 3754 3973 5858 9313 114 1583 5812 9778 3349 8216 7652
29 2150 7735 2793 6819 2526 5713 4903 7526 380 2624 4241 4153 8189 3011 3828 264 1927 4054 7425 4987 8612 2240 296 8690 7711 4026 4257 6974 8395
29 1179 7132 7235 9685 2755 9974 5693 2762 8349 5074 4292 3494 4100 8752 8149 6624 1272 6628 7476 8674 6372 5089 9318 4326 8043 2834 1255 6390 470
29 9822 2156 4794 665 9286 7769 5714 8454 6218 3683 9056 3431 5768 5874 1452 5114 9119 7829 2174 1400 7372 4029 9972 9637 6201 891 3467 4963 1635
29 719 5370 7918 26 2145 7147 8991 1222 3465 6675 2243 4990 5661 5198 9411 1068 3409 9525 8186 9294 4731 2471 8427 2732 6408 3041 7817 7806 7559
29 9191 5524 7984 5965 4151 1380 7637 7467 8423 5838 257 9908 7596 2019 1968 8926 2315 64 5246 463 6034 8729 7301 7376 1594 3779 7801 5779 4659
29 1434 7313 5149 1014 1756 5020 6731 466 1433 8904 4040 3286 8769 2686 5132 1664 7795 1632 7428 4016 6937 7530 9205 4038 1815 7100 145 946 411
29 2446 1817 1348 7042 4046 837 1994 3348 5296 7046 9420 7387 5395 3136 2114 9716 2034 4164 5495 179 2172 5961 6316 9201 634 31 9748 2386 7756
29 7138 5645 9117 5794 3396 5251 5706 7891 5274 5502 6069 4374 5347 3771 1170 234 2708 3113 801 2208 7446 2621 8905 3713 7647 480 6883 9995 8009
29 2635 3756 314 8503 6756 7482 1093 93 5512 1219 1683 9545 5488 6024 6026 9290 5790 3571 2029 3142 4206 2764 7905 3084 9713 2501 8225 4254 7162
29 187 5354 5503 2512 9073 4123 813 1865 8645 9231 6185 9689 8659 9458 9334 6743 1571 1346 248 1087 3357 9062 8456 4850 44 4412 1801 7194 2497
29 1959 8299 7793 2693 6407 2212 8594 3297 7981 1555 2835 7032 3453 249 539 2251 4815 3359 8495 6685 9271 5364 9061 1811 105 7050 8236 5178 1508
29 8141 5703 9913 1066 3582 1985 4788 5446 3745 550 8055 3058 8844 9434 8883 3963 6726 4470 8269 3714 4211 3413 298 7714 2248 8987 1270 2530 6632
29 6056 7609 5967 2205 1964 1025 3847 964 4454 8486 3850 4443 3131 9365 5122 5842 3939 7365 4812 2665 4333 4445 1912 632 6943 6447 2400 7654 6441
29 2734 1938 8654 2524 3524 873 5901 3090 8377 2415 7610 4168 1319 2004 1774 6321 6323 1351 7040 774 5979 4536 2162 8510 5173 4682 4548 7270 9932
29 9058 2091 3833 5545 2614 1016 6027 4137 190 4079 2909 9089 4689 3246 5504 3463 4614 1906 5554 6777 2742 8467 3022 1108 7125 6358 3161 5365 3143
29 6198 2414 9460 144 6150 4976 1042 6244 9619 9339 4262 521 8611 7549 4288 7656 2951 255 7103 1043 7170 1663 9652 9620 2257 2572 8070 6830 1363
29 3016 4260 1437 1205 5207 4250 4627 8968 6793 9733 4520 2928 2699 6486 8279 2372 8764 8133 4143 3372 1284 765 4121 3066 8533 2706 4793 6650 8385
29 333 5673 8432 1818 1560 4165 5671 43 8235 1679 3313 7753 292 3879 4918 270 14 6512 7628 5444 3809 7391 8451 6659 1209 9613 7966 7978 3386
29 9670 3075 9868 502 3126 1239 220 1245 1194 2843 413 5064 2184 4081 2759 3180 8242 5884 4305 6682 4269 1475 5217 9813 2976 9023 7553 5029 5208
29 6261 4830 3991 7335 8540 4573 1095 9184 3647 4900 5382 6287 8145 6811 1482 2151 3662 3552 1265 7963 5893 5264 6355 4783 8343 4580 9452 8819 8629
29 2921 8184 5771 61 7084 375 3346 3528 3427 1193 4334 5304 8616 4215 4829 4312 9630 414 3880 9239 8048 7113 1586 7019 3943 860 6755 5042 7577
29 2870 1833 4701 6416 1745 3266 2359 1770 7927 9006 9363 4401 4906 4511 580 95 4700 9103 4389 1582 7940 7454 8127 5686 2214 2448 3101 6264 4171
29 9151 9858 8177 6623 1422 1462 81 4828 2613 4289 5429 1889 527 710 5820 4365 379 3928 3162 6199 4982 7736 6917 732 344 6495 6776 7805 9478
29 4891 2182 4766 6970 9884 2049 5166 8737 1821 5293 2280 4519 9072 855 2800 3495 6991 381 2026 9911 3736 4772 7658 2434 4961 5870 3758 6561 6835
29 8598 2563 5952 6482 3518 8697 2058 9272 7748 8723 7472 1557 4456 5600 1885 2869 1173 2407 2754 3690 944 1902 9945 3438 8522 5231 5372 4585 1911
29 5260 8085 4057 6635 7323 6718 8711 8365 8036 2919 1074 3392 140 6388 1146 4167 4129 7881 8684 1803 7226 8881 2588 4270 9576 7090 3958 4956 4576
29 327 8607 6610 1036 1442 3164 2057 173 4465 2960 4856 2052 9116 5219 2617 7102 2714 4645 905 1748 5494 7311 9631 1277 7332 8165 9615 1738 4916
29 9145 2381 5532 4803 3612 1795 3443 2242 36 6160 6531 4293 1742 6941 3220 2225 183 3109 6120 6788 2733 8209 5190 6887 2269 9579 6821 3472 3952
29 3183 625 7708 3385 5263 8277 343 7347 8914 1310 4579 3670 2705 3695 9800 4148 9830 471 3276 3732 6349 3032 4463 5091 1287 439 5507 5930 9837
29 681 2191 9791 563 3762 8714 4096 7054 5739 4370 8013 7771 5281 1952 9008 5443 1606 8847 646 1252 7821 7303 3627 2896 2885 2712 9071 9555 8694
29 2223 6791 3765 3519 2293 9980 7086 4394 1882 1477 3835 5279 6098 2724 989 7171 2631 5614 4261 5458 28 4558 5932 1374 7477 240 1891 7608 8670
29 2368 3832 2332 9797 4442 7845 8462 8791 888 5277 6263 9793 223 600 9002 5270 2226 583 1523 6469 1476 3862 8853 4039 9025 12 1079 4685 5211
29 9392 8579 3503 5675 1175 4018 7607 2748 2679 5975 7409 5964 7838 1056 5152 8355 1736 6466 5841 1006 3097 4563 7501 4993 4571 3406 4998 3159 6065
29 3636 9328 9257 5462 4415 6504 167 4350 9675 4483 5547 1493 6310 8446 9763 9355 1469 649 8921 761 8570 8173 1372 6317 1518 5593 5960 9544 75
29 835 1660 328 1779 4034 678 7572 939 4953 1120 4062 4687 9007 133 643 5540 9047 5154 7635 3550 3768 8923 4210 7306 651 4619 4890 518 7021
29 9832 5325 2241 3618 9636 4227 9537 7513 1525 9308 3105 6191 8899 6646 8807 9430 4814 1195 1652 2974 2277 988 2199 3559 2533 5430 7837 7422 2254
29 6096 482 7395 9236 3373 5416 740 3644 3192 3130 1849 7811 3174 6192 8675 5477 494 5493 2700 2490 6373 8357 963 9881 235 127 5374 655 9418
29 3660 3968 3361 8919 6973 6278 5368 5424 6562 3675 1680 7195 5137 3303 9256 4669 1391 303 490 3466 4285 3725 5019 441 3015 6041 9383 6810 7688
29 7849 4107 9942 9940 3295 721 1677 1160 5315 9885 8122 6707 9249 4601 1914 917 1511 1 6336 1379 6468 1362 8922 3841 3239 6932 7852 8443 6804
29 9053 1764 4338 487 8327 4933 4278 7065 7240 7629 8668 4732 529 428 1771 1413 2658 6905 5415 5078 488 9744 8252 1061 4490 7156 5054 5851 5723
29 3440 929 5941 4067 7109 8549 8368 134 9240 3167 373 2050 1371 1701 1103 623 7888 4557 3371 3089 5271 4024 1129 7074 4459 940 4674 4965 9700
29 2717 1568 7448 4769 5855 4391 4942 9235 8848 3678 5904 3315 8455 683 838 3211 2889 211 5043 3666 1159 4849 50 8192 6222 516 951 2809 2338
29 6430 8404 182 928 3953 2147 6049 6437 8460 7580 4489 84 5766 5848 3446 9252 9264 1763 8827 19 9234 9840 9602 6751 1449 4532 3589 9410 2681
29 2234 8039 3693 7120 1325 309 5796 4969 6764 5900 3362 353 1935 4382 6757 2006 5479 2447 8571 4405 7786 7469 6771 2177 262 7677 637 4235 9784
29 4523 2648 5595 8118 3844 5066 9856 8897 5760 3304 7450 9857 3310 7701 2204 8223 1057 4946 923 6314 5871 5363 3002 857 6745 4820 1916 2901 4188
29 3187 1599 1365 5237 9806 2201 4093 1322 6547 7671 5749 1724 9372 8390 3061 3896 8221 7994 6792 438 1569 1041 9036 7520 7517 3274 8585 5361 3436
29 1566 7642 1734 747 5612 4697 7087 3854 5390 6523 5514 4223 2382 3923 4723 700 2821 4043 8107 807 1984 9333 3023 7354 3946 3796 5712 1551 697
29 3448 8546 6879 3679 5116 3036 8281 6686 8649 8588 3637 3191 7370 954 3054 2185 4955 2411 8259 2650 8380 1072 2374 374 3930 3311 8743 1653 9958
29 2849 377 8386 5537 906 304 555 8572 8249 3234 8511 5327 1747 8332 3942 4477 2466 6877 7879 9401 4939 5339 2566 9221 1812 9244 8374 3857 722
29 5371 3877 9992 1139 7279 2746 6779 3151 4385 468 8258 4019 1960 8775 9959 8780 7499 9717 5060 1201 9028 5576 9608 9686 121 497 1607 869 3116
29 6130 2711 4754 1148 3259 9322 8257 771 8389 4229 8224 7706 9218 8639 3646 9588 418 7353 9017 6394 7627 1843 7659 4150 9759 7930 2902 2804 419
29 9106 9054 9336 6935 1024 215 1055 250 22 1304 6357 3194 8821 7620 5720 5373 1616 4482 8367 5139 5676 1381 8388 4907 1626 41 8317 9782 2994
29 5266 8267 4568 9699 7985 1264 7022 8679 3780 4388 7847 4127 5352 6187 9902 604 8975 8310 3378 1970 5283 3624 4613 4255 4798 2105 7371 9015 2149
29 5959 2996 2785 2482 8872 4286 6618 5157 8251 987 1516 7672 7830 9135 8650 998 9011 505 4787 5778 7535 1208 4848 2360 1279 3760 3074 2561 6216
29 6570 1824 8125 1860 6374 7790 489 541 926 2061 1360 9482 564 1091 3941 7033 8288 1654 4202 847 7211 6825 4449 6335 1800 5559 3024 1268 7899
29 6933 9194 7031 5185 2195 7144 8726 184 2470 3784 391 2986 2355 3449 1838 2060 4232 613 9928 9946 1356 2438 7895 4705 2264 3734 7861 6732 7887
29 5455 6021 6796 3324 9612 1631 1138 3326 3037 3254 8358 6862 1695 8020 4862 9666 3641 1781 9626 549 8704 7092 7687 5571 892 172 287 845 6051
29 9351 6190 6578 7581 2506 2352 5682 2531 7592 4432 8131 5412 8861 1929 4598 7853 2462 887 2118 8161 3140 5328 1497 2376 6761 1705 8928 6587 6202
29 2922 1204 9166 6928 3811 9761 2468 3619 9393 7045 5035 7400 1405 9769 1494 7310 775 7999 2246 2580 1332 5145 8716 25 8994 5747 5618 1954 4964
29 3353 7382 2335 2715 2048 5082 35 7028 5887 925 21 8047 2720 3705 5800 6904 8529 8196 6526 3252 9026 8101 9680 7440 8810 6052 2915 341 8618
29 5835 2517 1196 1909 1421 294 2258 3103 8154 431 2097 7345 8448 5854 6873 3389 5594 461 9706 2192 2081 7451 11 5728 6325 8061 6722 7178 4678
29 9581 3104 553 3921 8699 6556 4302 6395 2194 5700 5059 3606 3314 8371 1892 5214 3499 5252 3261 7070 5745 366 6241 3424 7616 5950 4461 2879 4331
29 4172 5147 6729 2933 9129 8701 6566 3040 383 8211 5238 5329 2148 2589 2683 5095 6223 3193 8429 4649 3296 3307 9657 809 6366 5032 6442 6061 6588
29 8725 9445 6200 5377 9735 3680 5499 1998 9457 4641 7484 4032 1320 4919 157 3684 903 6962 3222 9807 1008 2102 3977 9022 4020 9535 5317 3285 4275
29 3190 5801 6461 6655 432 6348 9302 7878 5253 6572 3336 54 8536 7150 5606 6462 3047 3068 1845 8403 4233 9649 1628 6569 8736 6667 2143 3913 9741
29 7678 3384 1040 9251 6102 3757 6500 3486 901 9270 1011 7824 5834 8482 7948 1866 4750 9553 1656 6140 2361 6391 9789 1718 7281 2088 7319 3829 7820
29 1134 5262 5846 8586 9416 3716 8526 5596 141 7703 8794 3146 7429 9233 1145 9196 4970 3602 4498 6020 7971 8557 2284 1874 8219 1820 3404 8683 5987
29 586 3198 4632 7636 7742 7723 7406 5850 6971 5355 2802 2808 4667 412 4371 4230 2130 4321 1246 6035 4208 7250 9374 2454 2422 2942 5280 1946 5738
29 7320 5955 8678 3316 8906 9907 4730 7598 9990 1081 8652 8878 4658 1870 6375 8597 633 302 7003 7041 1026 8430 614 6 3938 6305 3474 6142 5823
29 8450 9360 5583 5031 9669 9096 4309 1440 4117 2689 3508 1723 8558 3893 866 9876 1887 1789 6443 9195 8301 8748 4409 6782 5864 3355 7631 9847 6014
29 691 9246 2890 1862 4715 3411 2429 5303 5748 4174 9835 5420 2780 799 8109 1457 4819 9046 9266 6064 5165 1455 4624 1878 3859 2828 9438 3530 4901
29 2038 6982 9366 4214 1124 1562 1373 1784 1127 5523 594 1002 322 7388 1507 2324 112 7273 355 5605 6568 7145 9849 4681 7730 8077 7938 5562 4329
29 3831 957 1956 4458 2767 5949 792 7777 9415 3532 5530 7334 3721 3368 2560 5695 5485 2309 7023 9897 6605 7862 4485 754 1947 4346 3030 4111 2103
29 8854 94 3128 4239 4455 7249 4183 1151 9186 7024 9375 1825 6085 5367 3034 6540 407 3004 8271 9693 3093 469 5649 4108 4666 9828 9094 126 7690
29 9180 4501 9591 6003 5333 6421 4076 5218 3821 4055 7036 9979 1919 6665 2615 4373 7159 4103 2420 6604 9656 1274 9539 7734 8247 5650 5774 265 582
29 7418 8669 5889 40 1049 8884 2346 7866 4185 1797 7875 1329 2389 430 1856 9421 3650 8757 5733 9005 3935 3593 9569 1685 8241 1263 7764 4767 4131
29 6885 750 548 7922 1059 5860 6304 6902 3100 3388 1256 4440 4379 1483 7130 2741 2224 8702 1910 6957 945 6109 4362 6769 7604 3601 1540 503 973
29 5482 7205 554 5669 7295 1659 610 4116 4589 3086 8877 4988 8507 5817 7739 9616 999 8480 7133 8869 6514 3561 876 6478 4337 8880 2273 1690 5666
29 1999 3860 2330 9732 9384 8765 7149 9745 9491 6276 7761 8008 9216 6143 5075 3437 2108 834 6083 9944 8340 5141 6489 7052 7094 882 1323 6952 2518
29 2758 4581 7015 6864 3410 3283 1282 2745 8000 219 5297 7423 7941 6114 6006 669 5643 9471 6058 7582 8212 9206 7252 2383 181 4981 5845 9607 4347
29 9159 7794 5984 4318 9817 2768 6816 9622 1306 5976 3262 7939 4696 8094 557 9424 4538 7808 2625 3976 5321 3087 6579 5017 3157 1428 8270 283 85
29 6042 280 5245 6699 9120 2166 1300 9571 7316 4736 4124 7863 3834 3778 831 9595 5648 8720 8233 1733 7599 8521 5316 3706 7411 7478 6094 9838 7502
29 5254 1788 5334 8625 6910 6767 5867 7915 2983 2176 5597 1395 2495 6601 3441 9729 8999 4704 1366 348 6297 5902 8104 1995 4297 677 5375 8167 6614
29 3117 6257 7569 479 8261 7180 6710 7872 8812 7597 3742 2891 5852 6829 5027 5943 4027 5688 4475 4439 4225 8229 9623 88 9962 2385 6404 7655 8636
29 7833 8545 8434 6250 2860 4005 1131 4621 1253 4306 1668 7000 3435 6137 6208 7184 8982 9426 3728 1884 6700 6855 9063 6631 2691 5586 2291 8470 5517
29 7426 1377 9584 7698 4400 3671 5683 6112 8518 4110 2509 1166 1920 7118 3894 7924 6924 5205 7141 8496 7749 315 2856 9291 1305 6012 5432 2267 6405
29 6340 3720 5136 736 7442 2036 5478 2908 1836 3865 2055 8505 2044 5840 7114 4421 3512 8425 5655 5920 2958 7017 3699 2427 4877 5215 8978 5227 3818
29 8544 1573 9441 8566 9836 6520 970 9439 2917 7390 332 6590 123 2235 382 9232 5642 2663 8291 4686 5807 8359 7600 6619 7121 5548 8290 9918 960
29 2851 6557 5475 874 9273 4248 5058 7896 3905 5425 1233 1045 3356 6735 5135 8942 3927 762 9345 8525 2641 2356 1183 5101 8197 8830 9731 4097 4300
29 2098 5837 5492 1407 60 979 132 1340 4545 358 6800 5533 1933 3321 1308 169 6078 8155 7027 4886 9578 269 5140 2796 9582 9894 2031 8715 6090
29 2772 3288 3937 5115 422 1515 704 5170 177 111 9976 384 7877 909 1905 9877 4125 2181 6695 9801 1343 6116 5873 5665 4138 8218 9971 9860 1766
29 5588 2698 9037 7982 9382 7485 3783 8328 1485 4264 4204 5550 7443 3730 4448 9668 6861 7129 3852 7826 2816 4755 6501 983 6717 1486 5970 2668 2084
29 7136 7047 5324 9933 8613 2339 8957 6866 4874 9153 4647 1867 7560 2354 4551 3674 9323 5573 9929 8208 7255 7657 3947 1686 4196 65 9573 3422 7326
29 2440 3209 9695 2263 4607 2137 3949 7359 5439 1532 8499 9993 8604 7860 8378 4280 2593 884 2988 967 7814 9402 7055 6053 6709 5398 3218 2952 3595
29 306 1752 4951 5134 5298 5868 682 7441 4724 204 8760 3055 8721 3251 4199 6365 6977 1156 599 9614 6095 3691 7073 2250 5985 2523 120 2016 8799
29 8172 4949 8543 5129 1597 6876 8865 1904 3429 8238 1837 2426 2262 2014 522 4488 9214 6724 4056 5288 6458 1514 6281 3752 6577 990 5489 3059 7917
29 3491 3076 5197 7552 1080 5313 971 6369 8441 2132 9548 8859 5890 9043 664 214 6384 6315 2702 5034 2035 9479 6986 8802 4615 3583 3645 1315 9212
29 3883 7855 5528 6258 5826 919 9504 6286 6436 4031 1694 5480 9628 189 6591 3525 8972 8034 3615 5602 3178 4013 4296 37 9353 8895 9358 1665 2894
29 6781 688 4765 7752 3150 785 8417 1342 6559 8974 4898 8284 6581 8185 5581 7126 6376 1224 7510 829 4203 8382 898 6040 8637 396 3970 6942 5921
29 389 5233 8927 9755 1398 9629 899 8718 74 7745 5793 3298 5803 4749 2666 367 193 4493 7225 9237 4007 3689 5221 5009 5391 9045 2380 7854 3708
29 1717 474 4259 2876 6275 5945 8634 9406 5105 6795 6697 4533 8939 3981 3175 1054 8599 7591 307 5923 1234 5814 8962 2751 8749 6988 6633 5007 2436
29 8858 4980 8710 1590 3954 2126 4514 6752 4758 8483 2513 6183 5441 7712 213 5519 1047 9262 2164 3485 3843 6108 9364 2778 6818 8658 5928 1791 9914
29 1826 4671 8170 9459 6790 3733 393 2744 1777 565 9842 6651 6882 6129 5220 3344 6170 6050 4860 6691 2787 6158 5765 4908 4411 6311 4058 9882 6787
29 1785 5326 9104 3698 9123 1257 8754 3871 5176 3785 8917 4028 3416 4294 6741 9681 8276 9624 7684 6949 1157 8508 3483 2991 8695 2329 1672 7315 7492
29 4611 9440 8971 7219 291 1961 2840 7117 8793 1427 1290 6252 9466 9414 844 6439 5590 6326 8304 4513 6165 3526 4176 8084 2203 4384 8353 9841 63
29 1141 6543 1842 2916 7579 4175 9329 8620 4880 4500 9771 2122 3134 6878 5716 7053 7546 7292 9162 3337 4508 3726 5558 8112 6833 205 6496 362 6422
29 9413 9764 8492 8875 1197 2701 4948 883 6312 1083 8602 6354 907 7001 5230 5577 7622 4094 4842 5616 5626 1699 8485 5408 9633 9347 7926 4635 2288
29 7851 4494 1339 7384 2186 605 6622 662 2680 1519 7473 5309 3121 9081 4779 8732 9734 1950 1702 6589 6934 9086 9536 7523 717 47 1184 1367 5193
29 9049 9446 3772 4650 9621 7957 5052 3281 8005 8912 4665 872 2408 1102 8761 8578 7898 3085 6853 8692 329 885 4426 7868 2478 8893 9580 2956 3810
29 6507 9740 1746 5153 6445 2358 2154 2334 4575 6296 7209 1908 9187 7740 2424 5299 9209 4191 1903 8817 6131 5172 6465 3081 9112 9030 8037 9431 7456
29 820 7613 1768 7458 1505 684 8375 4395 243 3212 833 7108 9906 6298 3801 2015 4033 3960 100 5061 2880 757 3257 1337 8708 8750 2670 5681 6172
29 8220 2765 6265 2399 4777 5051 5348 760 5312 5763 7942 822 1003 9464 9381 1416 6204 5899 1216 246 3564 242 3655 3848 77 6159 371 5991 6246
29 2805 7186 3681 6231 8833 9625 147 4472 9324 9442 9921 4101 5290 4583 1662 3657 3799 6946 9867 279 8021 3750 8789 8685 566 3457 4422 5836 2507
29 5604 8246 3911 4937 4926 8910 2710 209 5053 6630 3078 9247 5830 4546 1249 5646 3639 716 5980 7398 2932 3980 9108 2197 4936 1629 3468 5410 9895
29 1769 9443 4122 2012 2479 3292 9909 6057 9044 2722 4460 9029 4428 6701 9923 2300 8401 5825 524 6571 2543 6089 4036 6260 1958 6573 7470 6598 4361
29 3875 4574 3258 3659 7543 4636 8176 4358 743 5704 3280 6927 116 2811 2704 815 7673 507 6678 1649 6401 9682 9503 9572 4381 2776 5736 3529 9307
29 7277 4634 3972 3987 1554 4192 5351 6309 2142 4864 2028 7068 5828 7884 2893 1819 3418 2379 9726 7241 8064 3739 7197 4741 5261 5471 5698 3334 5885
29 4967 4759 687 2 2578 9258 1229 5759 685 576 5413 9502 7990 6908 4633 6166 4240 5810 8626 763 401 8136 9377 197 5459 1385 8187 1235 9577
29 4114 7781 5973 5112 676 4408 2106 6522 5406 4446 4857 8159 1034 8509 1135 3137 3567 1973 705 7098 8600 9715 5155 3352 486 378 2807 9873 6148
29 102 3704 5069 6402 3 2401 3667 2238 530 9737 1104 2474 567 2675 1458 4414 6106 9587 9922 6247 201 8719 1031 464 4984 4437 2059 6656 1199
29 5919 3827 8870 5881 8063 6255 9540 4273 7660 1007 6609 1799 2276 3010 6228 7271 1918 4738 7285 3916 5620 9210 2865 5158 2862 6637 4643 5204 3767
29 6613 2713 8740 3149 8053 4587 1674 8873 2161 6567 995 3407 4547 7663 1094 7307 8960 8336 500 1757 2073 1155 1500 3219 2718 3207 1727 2134 8311
29 7653 6668 551 5247 4560 443 5022 6359 6944 3176 9970 3273 6367 5306 3063 6220 4656 3231 9480 97 748 8998 9433 4510 1181 7856 7772 2936 6491
29 4119 2198 6600 2858 2906 8584 236 6994 7142 2989 1986 9654 1436 6684 1963 982 4693 324 8537 5630 867 3538 5341 7583 6828 3451 9444 6133 969
29 7674 1143 6245 5553 2253 7667 8320 6205 1064 3648 8628 3548 403 3812 4943 4139 7630 7813 6527 1850 4253 5735 3578 149 4271 7731 7174 6480 4644
29 7584 5535 1712 350 4050 1681 8746 9183 9084 5843 9919 9780 9651 9501 3889 274 2695 3596 2271 1084 1722 7182 3577 4721 2731 3607 9829 9724 7368
29 8424 1925 8399 3598 2141 5144 8924 5784 7405 3340 7815 8562 8691 5782 7276 2527 8867 4596 7832 148 5866 206 6774 9978 8002 575 953 6647 7649
29 7080 7297 2554 7864 3442 3412 4858 6446 1725 4527 8391 2040 2685 3317 5972 9283 1828 2047 7447 6193 727 6477 5381 2065 4228 4841 788 6663 694
29 4078 2550 4807 429 1152 9937 7870 9943 7111 230 1688 4290 7340 8426 7586 7757 2798 7217 7961 742 1463 7827 3712 7602 3649 6377 6524 8479 2388
29 6808 5383 4994 1976 7986 4739 8756 1368 3882 4158 5314 1754 3839 5664 5947 6362 9387 7181 3822 9516 6118 5753 316 5521 6356 8953 6271 4063 9600
29 9168 1539 5209 6871 7367 5102 8381 996 7163 5071 4822 7928 228 9160 5767 7556 2432 1341 3244 3445 4216 6370 880 9342 2844 4947 5621 5284 519
29 2586 773 4170 6155 779 5896 3033 6389 4348 8123 203 4564 6763 2404 2220 6282 4838 5628 2131 1116 9341 8275 783 4593 9805 5256 1638 6546 7207
29 3425 3632 3534 3903 7867 5726 3804 4377 3185 1883 3330 4882 1085 1744 7953 8610 3814 4836 2453 8703 9319 4859 7987 2063 7705 8731 578 9109 9138
29 9888 2607 330 4802 2965 171 5912 2536 4799 3069 2735 7935 1934 1261 8601 6134 7836 4648 1625 8795 3189 160 2392 9523 5725 5926 4353 7165 3082
29 1579 1512 227 6168 7151 8663 9494 1898 6550 4577 2078 7355 6115 6063 8630 2872 9560 3884 1565 4301 2628 4810 821 2638 251 5787 6332 4419 9604
29 6424 6897 3656 3044 6284 8250 8006 8532 6162 7105 1349 5963 4612 777 1358 2125 4623 6400 8156 3394 1775 3053 7461 8747 1474 6068 9388 5418 3232
29 9321 1030 8227 7331 5171 9719 2018 2450 4025 1307 8894 9332 5282 3464 7058 2508 8087 985 7563 9644 3397 1107 6239 2491 517 9080 8574 8631 6479
29 4960 9692 552 1410 9751 9777 1547 7489 1802 4396 3379 8296 6178 3390 7702 6451 1673 6124 8643 2898 3617 142 2905 814 4688 4380 2075 8898 1648
29 7643 4349 9743 8003 7976 8766 2622 2771 2064 8728 9067 1709 3127 1467 9060 4839 2043 5003 1684 5335 2831 2210 1328 2405 6916 4274 3366 7718 7527
29 7782 1492 1531 4099 7416 158 7719 2774 425 8493 59 9728 8337 6176 4368 1382 2740 1611 1471 5267 7548 9369 3994 8606 7396 9064 6320 7153 5255
29 493 1942 457 9042 5910 8072 703 9936 9781 9883 886 7531 8855 3807 1853 5409 6180 2299 7943 9432 8181 5995 8852 1790 652 9927 6371 8879 3227
29 2209 3025 2365 3914 3331 4718 1521 4387 4004 9203 5601 6997 865 4986 2981 6629 6492 3293 424 1075 9102 7140 1318 3112 5795 4913 2895 4418 5453
29 934 7545 7115 5127 2430 5705 6411 975 6553 8040 360 6648 5689 3974 305 9673 5037 2792 1286 3428 6608 723 1447 7972 1119 1446 6513 7747 2451
29 175 7337 3460 288 3620 6322 1412 7296 9853 8603 5603 1182 4835 7025 9552 4424 4149 6494 7064 3077 6641 7594 9167 5016 7923 5526 8298 1212 2980
29 6423 3492 5934 3781 4529 706 3091 1917 9554 8289 2068 6224 6378 6721 568 5971 9040 8023 3737 2827 9663 4427 2553 6293 7746 4895 5591 224 1154
29 4768 9561 5903 2305 1608 5436 8012 9395 4630 597 9562 1206 3124 7532 4128 6837 9409 5464 7093 3566 7 146 2784 2115 5527 1967 2371 4364 9346
29 6812 8961 1491 3694 8273 4001 1639 7768 2289 6329 6856 1215 8665 6174 3609 5356 7803 1033 3031 342 7057 317 9198 5337 7807 3168 2444 3080 7414
29 962 90 7397 7969 9076 6242 4694 8673 5401 1242 9720 4720 9228 6182 7233 318 1886 9776 1190 4770 6107 423 5589 4959 8146 5734 4354 8180 6906
29 7914 816 8934 2940 1737 1575 8178 9892 3770 6084 7305 1444 1303 9792 6772 1535 6714 226 9896 1230 1696 4971 5085 2964 2498 796 2829 6843 7417
29 2600 1130 1556 5815 8074 3238 3242 4950 841 2511 5781 9983 9655 3502 7035 5268 5394 5331 4742 5697 707 2317 2160 3141 8845 4561 4268 3444 6575
29 9141 8730 416 2244 5968 6481 590 1932 1730 2947 4684 8294 3147 1642 2845 66 7514 3891 2941 4670 4198 6733 1297 5342 7770 3197 7997 3188 592
29 5634 862 4238 6092 8530 4677 2439 3556 720 5012 2931 9952 510 8963 7491 4072 5627 8587 4187 4159 4626 3200 7498 7717 2211 8484 1678 2007 647
29 5832 4922 8415 8120 4249 8966 3225 4566 902 1317 5509 3515 6510 3759 2939 7013 4525 5989 4911 1101 1755 9146 1443 1479 2819 7968 1150 6179 2423
29 8097 9887 9075 2459 4186 9097 6519 8488 2477 290 5906 5169 4825 7288 8489 7615 3576 2806 8199 1164 9639 3294 1086 6248 9208 8305 8941 277 6627
29 3423 7179 6888 9304 404 1588 5188 7379 3430 619 7037 4591 7404 9845 8338 8713 9066 7823 9779 6043 1384 8102 2545 1930 2938 7741 8640 8307 6207
29 6950 9038 528 7648 9033 5654 7361 3858 1354 9178 7407 7076 5497 603 5379 5758 9276 1645 8671 8 8361 7263 6541 7524 5386 4872 8771 7996 7796
29 3922 8128 2954 9930 2815 2236 2920 4478 980 7765 4833 545 4376 7242 1667 369 5447 7210 6863 1273 827 7818 5981 485 6002 4224 8744 6898 7364
29 1587 3210 5653 9352 4910 9678 2301 0 2403 2538 1749 642 1698 4423 7557 6380 514 5419 4924 9230 8735 9449 2336 4366 2866 9113 2481 2810 4087
29 8946 9031 2152 7244 1890 8575 9665 8920 252 465 3794 8191 2066 3199 914 7124 5187 4118 370 9396 4220 2377 2597 7505 3196 4735 4512 3555 1289
29 577 2086 1805 6117 5999 1913 6105 8022 6300 1971 8147 4021 3798 4180 965 2287 2692 756 7357 5179 5623 2476 5709 5946 1981 5685 1027 8265 3399
29 1808 9213 6595 3005 5400 6868 8500 4692 1895 6515 8617 7525 6368 6508 9177 8990 1977 5098 3248 3751 1945 8163 4267 6086 7544 5276 7123 212 1445
29 13 7006 7871 3099 1053 7436 4313 9795 5862 6277 1643 301 2878 6915 1461 3616 2341 4847 326 4846 2180 5449 2079 948 8935 7951 1473 5473 5107
29 4804 4303 9361 7449 6351 6211 1487 7751 1759 400 70 300 8956 8384 7146 361 2727 2070 7433 454 1987 3864 7512 5702 79 8776 5789 2634 7234
29 8078 8472 656 2228 434 3347 216 3203 7483 6824 9281 933 1244 6272 4851 2283 7155 9405 3776 8098 4709 8342 2987 7601 8803 2848 2814 4712 7010
29 4904 994 2442 7894 780 7980 7375 7840 4190 6344 3608 8832 2852 339 1451 5775 4843 650 2723 3788 7420 3221 8739 1375 2093 3653 3202 2157 7264
28 9601 436 8903 1275 4386 7773 1203 9533 4044 9274 4140 2647 9179 877 7859 2193 3574 6649 9676 1940 1355 9722 9101 2328 3909 8195 2985 2582
29 9714 1831 5721 3476 1267 3610 930 150 4083 3481 6820 5124 8231 7792 2010 1439 3895 5957 7208 3967 6067 770 8160 1716 9285 4197 8589 4771 2107
29 3060 2766 4088 8778 5456 6125 6341 5742 3341 871 9500 2325 4092 7104 3983 3250 6146 4085 6958 7550 3793 4968 7139 5677 6136 3906 8784 2587 6091
28 8849 159 2855 3560 2535 4082 4795 8478 2961 1032 1419 1460 6018 2682 337 2326 4496 9653 9730 6270 3966 1687 349 6499 5936 587 7965 7568
28 3709 1415 9747 5751 6177 7430 7327 3625 3711 974 7091 7645 2606 6406 6483 4676 8996 9647 268 9532 9541 9305 9193 5538 3014 1015 6435 7908
28 3592 286 3630 8885 7650 2912 6551 5010 2525 7455 7257 8857 4430 6337 3477 1783 5958 5236 4572 864 1438 5992 8633 9074 3936 4695 3305 7555
28 3766 7639 1704 5997 4710 6912 9803 2136 9851 1118 1622 3507 7007 7509 6414 3677 8614 354 8016 5047 5788 6592 3374 6077 2311 2345 1991 9404
28 3249 9688 915 4006 5226 2873 6634 4642 2179 8476 718 2178 6025 7612 8140 6841 8370 9981 1291 8767 3597 1162 3498 3729 8018 2357 3008 4014
28 1574 1387 5564 3201 6237 9963 2609 5875 8322 1020 878 4869 3635 1847 4226 6048 2364 8116 6967 7646 6831 8738 186 7342 3547 103 8774 2528
28 3873 7566 6992 6493 1429 4181 6727 6212 5878 8025 7536 1630 2416 9844 7099 8031 4800 595 3007 5194 3787 2934 6702 5232 3940 8582 3279 8351
28 2139 4447 2874 667 5598 6123 6658 5506 2233 1693 3925 9821 4147 143 4157 7515 6306 5422 4399 7959 6019 5710 6602 1978 6920 4762 6189 7533
28 9014 9288 188 1100 2239 4628 6007 3651 5757 2071 6989 7377 3360 406 57 6545 6802 7585 7127 5362 3749 29 699 3948 581 501 9866 2296
28 4466 5097 9635 3919 421 4983 8410 5587 9338 5100 1092 7766 1044 7321 751 8908 9297 3432 1955 46 1077 3990 9514 6076 1266 6798 4791 6173
28 3387 27 9202 9632 6410 9590 8970 7880 5570 734 2030 6999 71 8334 895 611 2312 398 3621 6558 2366 6852 6583 1877 9934 4600 9968 4037
28 4322 4662 810 4535 7232 3122 6826 2738 1810 7097 2725 3490 5913 2743 9091 3672 101 325 759 8705 6122 542 7967 7644 7508 1022 9152 5470
28 1572 8896 910 7253 663 1969 2298 435 4938 4363 1226 9862 331 7809 7493 4883 4492 1240 4086 8822 7198 3309 5776 5515 509 8060 7921 8964
28 4141 9718 5555 4717 229 1923 9356 5177 1839 6860 7816 3817 2520 5073 7831 7172 5541 588 8984 9512 433 8079 7480 9924 5110 9398 950 4875
28 526 8183 4773 4279 2353 6822 2642 9350 8641 7784 7336 3631 5428 9694 6502 1496 5531 3125 5799 9521 9926 137 3447 7595 9517 8416 2467 6088
28 8044 9157 3471 4327 3177 1430 9961 3513 4003 6097 7503 2255 3488 2944 2739 9122 5539 2113 6775 4464 136 1982 7101 8535 20 7223 7474 4605
28 6229 4397 256 1520 4195 8108 2375 9975 7916 1259 6138 686 2900 4603 6418 1114 6302 8321 2402 7325 8069 7204 5180 9886 2627 9422 1211 6865
28 1711 7606 6959 4909 5658 5990 2918 3830 6328 9126 3791 3553 5905 9010 6426 4335 6621 6965 5986 4972 7819 3591 459 2953 1543 8272 7004 7947
28 7245 5388 5213 69 4622 9027 3917 4809 4640 1792 2522 9703 5611 5993 7088 8095 5239 3325 2344 4330 7497 9259 8838 9953 3354 9765 5481 3554
28 701 2847 5195 7516 8751 289 4323 9753 9451 6015 8213 7983 5024 8925 6156 7763 645 7231 4357 2696 2605 1859 6560 6797 1509 3092 1313 9768
28 8099 8121 7496 5128 6283 4053 3019 3439 5168 7812 2547 2935 8538 1829 6398 254 2485 9671 3638 6381 5722 5025 4265 5660 7791 3173 8539 977
28 295 275 7695 4896 3907 6016 5857 7541 420 6472 2763 3434 3795 9279 2369 3853 2111 4865 7350 9566 8664 2575 8632 8788 1404 3289 4586 9802
28 3216 9662 1285 9019 2752 2218 5619 80 7755 4559 3743 5699 8605 1761 6450 6998 6807 6712 6195 7634 1432 4620 7619 3998 7991 390 6626 8932
28 3155 23 1807 9804 82 8421 675 7369 6186 363 4178 1023 8591 5427 533 5652 3837 538 7262 3475 1605 4729 3995 8203 9788 7261 3956 3870
28 8995 5130 7402 6936 6113 1217 9407 107 793 7661 3364 8815 4295 6060 210 3978 7750 1780 4719 4778 9843 9013 351 3510 8846 5491 1327 9163
28 746 8383 3899 9039 3707 2775 1542 7960 1603 5407 7925 4383 2316 8066 2546 1122 4051 2975 8563 4429 5414 284 8647 5819 7518 166 7839 3808
28 6392 1846 8080 2472 6563 6966 606 5376 3544 5879 8330 1988 6213 3065 8348 6075 5484 1336 9611 6555 9357 622 7857 1538 8117 9586 1928 1773
28 2672 4805 6151 2971 1600 9549 1198 2794 5159 8477 991 3955 3284 4713 3514 5546 8534 3184 4372 495 1324 1202 5305 9034 2709 4680 8062 4871
28 1408 9727 8850 6363 2051 8046 2391 2574 5084 9317 2629 8347 2877 4218 8560 4902 6518 3046 9144 1901 9938 7562 372 714 6660 3148 2969 9827
28 6975 3179 6294 2469 7575 3275 9955 7227 4193 5568 9815 5818 115 198 8254 4080 2653 8119 7632 7640 1200 9472 5300 5996 6013 8916 561 6806
28 78 9447 7529 5387 3992 5797 7239 6817 437 1676 7243 8907 2092 8038 8329 86 5040 536 4023 2515 6645 4537 9508 7551 8712 1601 7934 1990
28 4189 2090 1021 4217 7519 6292 4722 9648 6236 7835 4201 2412 4179 7005 8796 4258 9469 1581 7732 1729 4234 3823 2612 8363 7280 6028 2532 9643
28 8980 6319 2000 8745 9095 4314 3114 2409 3724 1248 5175 5404 2859 782 947 1713 6953 2227 8056 8086 1528 1827 5624 9065 7970 7726 8619 3071
28 5014 8364 6640 3682 5940 5542 4069 6393 9289 7304 5311 1069 6948 5761 8341 7069 9140 180 6827 7366 4154 8428 1311 1951 5813 9774 4832 537
28 3516 7511 2069 7060 9899 9773 6703 3170 1767 1089 6225 5083 394 680 7012 8283 8210 5399 5927 9199 7945 1501 607 5560 7463 5285 4556 2565
28 1813 2297 7475 2599 2135 2024 8933 7393 200 1301 7727 6674 2998 4343 5006 938 3535 3419 2473 6285 7565 3673 5234 8527 3717 2959 5257 5044
28 3363 9248 8592 7724 5258 6485 8564 117 4194 5142 7522 7267 8989 4045 2464 8688 4522 4780 4451 176 4245 8531 8188 9020 7542 4954 5050 5240
28 8786 596 8969 3867 1558 4817 7299 4356 3715 9254 4431 644 9833 1406 2671 981 263 6288 8198 9171 6834 8157 9948 9557 7413 3663 936 6537
28 8057 7175 6093 2169 3702 504 8727 3558 3654 2457 3546 7213 7989 805 4120 6453 8667 7189 1480 1394 3933 9399 9348 2926 9143 9987 4714 7187
28 4115 3929 7439 9891 1250 9874 8050 2950 5911 110 1526 7873 1489 9118 3026 2475 6079 2087 2045 657 6259 9331 8169 9124 1765 3057 6960 6017
28 4935 1191 1186 477 3623 3118 6299 9583 9808 6847 9917 2948 6206 2973 3271 6226 1613 2229 9641 8457 8785 1232 10 3351 5711 1288 3062 5988
28 5062 1125 6857 2042 7116 7721 1854 3587 6163 3487 9910 7188 239 6253 7844 96 2445 6725 8444 4899 6913 7452 7799 2812 7152 2737 1136 5273
28 9111 8394 8166 5632 5520 6766 9121 3182 5969 4785 6171 997 9739 3269 4761 6611 9427 1584 2272 5164 9298 708 823 8777 1333 7214 3957 8114
28 1965 4246 1330 8052 3367 6844 2782 4550 8687 1039 7131 5291 9222 4074 8621 7681 7737 241 9316 672 6031 8344 3154 7289 6327 2911 6737 6121
28 4852 5557 2649 598 3323 9241 4486 6361 4017 135 3110 6582 5847 2984 9707 9325 1088 4010 2602 3915 151 3358 8772 6141 616 9474 6498 8753
28 3042 8468 5908 9128 9150 6753 7464 2232 4521 7401 8215 7282 3456 9389 5072 2949 7206 3253 3433 8662 959 6290 1005 3111 5196 6397 4940 1099
28 4052 9538 1924 8717 9515 7715 473 7338 4444 2552 3228 8967 7056 1418 585 5978 4438 2910 3539 7095 2222 293 6858 5764 6784 2904 8092 7907
28 9925 8406 3701 9606 5181 7176 2673 1258 8528 2183 715 9677 2818 6471 3461 8168 3971 4541 8300 1844 1949 4283 828 894 8110 5918 9349 9354
28 1048 5944 5886 3064 3417 795 8093 5396 7993 5133 5036 4582 8661 4090 5067 802 1050 9567 8997 4806 9519 2190 2437 8823 1396 6008 1697 4690
28 654 7704 8073 1835 2914 4867 4307 4487 9425 1545 972 2120 5118 1879 9996 9197 222 9551 4763 4725 4528 5922 7977 7618 5882 9904 2620 9192
28 4065 2496 8952 2769 462 9708 2608 4089 6535 472 9368 2913 8035 2500 7692 5956 9169 812 9758 6896 8806 1646 3586 6838 7788 6303 3381 6279
28 4182 3665 1751 1051 8234 7679 8834 9107 8274 8593 532 2188 1144 7043 7431 3897 7912 5212 8839 5641 9834 6467 8622 640 5549 3120 696 6135
28 9861 3235 2813 3172 5151 515 9229 5457 7693 8150 8318 2548 609 1721 8901 7385 9683 8396 2592 9088 7254 6342 312 6339 730 3328 2594 7886
28 3145 5939 5206 130 3764 1276 9055 2433 4145 2595 8067 6434 9618 8814 9024 5565 2697 4534 2259 7956 8091 506 6909 9069 8979 4352 2099 2155
28 4661 4796 4503 6474 5460 5783 8201 9898 9954 7330 2867 2153 1128 6457 639 9617 7081 4609 4826 2449 1251 520 5184 3098 2094 7029 9161 5561
28 9340 8568 3027 5349 8936 1293 1996 5556 9994 4929 1861 741 5894 3393 1530 6698 56 4162 9701 7067 5656 8474 9301 8174 6059 8682 7850 3006
28 9189 8653 9200 16 3050 6794 456 8577 1028 1671 2373 4136 1650 2165 4637 9312 3740 2307 7314 8397 6243 8951 1669 8520 1316 574 9645 9481
28 9435 3247 9470 1772 5829 15 1593 1299 8541 4691 7950 2857 237 2056 3747 4109 618 3824 2726 3999 6880 8411 4012 1580 9476 617 119 6055
28 152 8504 8286 9385 9967 7728 7910 174 2281 4958 9035 8437 9300 3585 559 3370 7626 3885 1806 5891 458 6903 8763 6431 9710 2616 8151 2406
28 5057 1595 8134 8949 9454 3836 9467 4048 9660 8655 6033 8144 7949 6484 9299 8051 9513 9528 4595 7825 1357 4324 1857 442 1762 467 2850 5033
28 7427 9498 4808 8547 6516 5229 6427 8553 2937 7664 6914 1163 2080 8015 512 2581 1169 2660 9530 6132 3497 4242 932 4222 2510 5849 6217 9343
28 602 3496 8026 9224 3291 6657 5201 1944 6473 6233 9090 6454 5200 8842 3096 4146 8226 9174 1743 7506 4073 6455 2824 7453 196 9687 2349 3021
28 42 6488 2836 3264 5244 3755 1414 9182 4341 323 5647 9664 1948 9736 2342 8190 7221 2321 6232 7507 4920 5250 695 4369 6533 1464 3872 7460
28 6197 1359 7251 3322 1465 5210 3479 3420 3912 7374 8260 8734 2465 2576 153 5378 8028 6343 2639 3282 7669 1782 18 8955 7164 4698 6947 1778
28 4760 3628 3051 6961 9268 9462 6616 499 6750 4997 3986 8976 5332 7973 475 9292 9893 444 5463 6023 2455 267 8985 2046 621 6074 6269 3048
28 2378 2864 9756 896 8193 238 1750 8646 8398 2955 4497 6693 7237 4925 4276 2187 8139 5389 8331 5099 5203 9379 9450 8542 7617 3979 1559 7471
28 5046 6980 4751 1675 9754 8418 8913 4251 2601 1082 7071 9704 1459 9185 1726 6438 955 4035 2596 2023 129 9610 8433 9032 7521 3668 9100 1864
28 7633 4066 7173 7481 9397 2394 7412 2266 7202 2083 452 8222 9370 1621 7265 3301 1537 8866 5708 3012 579 5715 8179 3450 9134 2041 6842 4747
28 445 3452 1113 850 1776 6262 1592 4524 2562 5403 8677 6238 55 7682 48 9757 5880 8082 3718 8856 4022 1153 5225 9766 7386 7089 870 9556
28 9371 5336 450 7191 9190 8954 6643 2674 5369 2654 753 2643 709 9824 3401 958 830 4654 6505 272 8059 9468 6661 6022 7858 6673 3826 1185
28 3590 9957 6890 2384 3139 9915 4703 8741 9949 7955 8862 5694 7846 125 8762 3458 5487 1640 7624 1180 6071 1953 1731 1347 2537 8011 2493 9799
28 660 6770 1816 3855 5585 8266 8285 6652 8876 4542 9760 9964 7459 5450 1142 8759 2568 9534 8419 8580 6081 5824 3542 8770 6704 1010 4502 8816
28 4473 846 4169 3932 9139 3851 7691 7561 689 8309 5350 5998 387 7077 7587 1598 8497 8313 6054 2127 4102 4173 8706 455 2505 2268 8945 2678
28 4071 3181 68 8324 2633 4304 4597 1541 4562 6268 7284 1402 5162 2082 4277 9570 6334 2492 9511 913 668 7389 1900 9277 3988 5729 1739 3504
28 5552 9243 5966 6889 5308 1283 3001 2687 1897 7651 9812 6449 9158 3382 4855 2256 5248 5631 7573 4928 155 7169 6593 7683 1937 9423 9786 511
28 7828 1035 191 4957 1178 2677 7201 4745 5301 2009 5578 6813 9303 9261 5202 5737 4509 2173 8608 165 7269 897 6799 4416 4291 852 8583 4789
28 3236 5467 9568 961 1220 9721 8609 8463 2274 6708 1158 1880 1097 3806 7725 3605 3869 2899 4861 5087 9275 8408 4319 4884 5275 3308 7593 2783
28 7662 7539 2557 2963 2168 7952 8958 7278 8627 9093 6705 6460 6728 4098 1719 2979 7236 1623 244 3217 890 9603 2340 2559 4973 4518 7424 5320
28 7937 6001 281 3950 1758 2519 1689 4734 3777 7415 2943 39 3241 4743 9359 3067 2419 4070 7283 3342 7434 9605 4336 3527 1227 9164 4135 4625
28 1109 2803 8017 5483 5005 5525 5435 5163 1549 6872 4064 5701 2842 2657 2970 2278 6403 17 976 3600 9775 6080 5445 3459 6490 2999 9650 7049
28 1472 7030 3383 3462 5148 5318 2838 2337 7869 3320 3506 7958 6386 1188 6692 4112 4610 1732 1624 260 9493 2875 6899 5359 2567 6762 1484 2661
28 570 9589 1670 9984 1210 6554 1804 2331 3018 1692 4941 584 2121 8864 1504 3961 8773 5692 2460 4863 6070 4484 2978 5629 8559 3652 8402 2719
28 7576 3782 4757 3350 2555 4393 941 9078 3500 7462 161 2502 1176 5015 9390 4340 2231 2333 5977 8312 5892 3133 195 3687 7810 5780 5915 9527
28 5465 612 7358 9592 7528 1604 1004 6744 2832 5028 9529 6954 8435 861 4471 9598 4059 6387 6964 9009 5743 7665 9950 4450 7192 9463 4516 8194
28 2993 1425 3501 8841 4476 7286 5580 9880 2039 4792 7767 5811 4992 5265 4351 758 2290 6760 4653 3052 9265 2089 6209 4320 9705 5092 8548 1627
28 1641 2583 3575 8438 2343 8681 2770 9172 9149 1269 5440 7059 4132 6945 1552 3470 2972 9487 6839 3761 9373 1019 3224 8779 749 2544 7903 3570
28 3902 6154 446 8890 627 949 5323 5223 9314 620 5951 4873 3622 673 7363 4113 4555 440 5931 6333 1513 6723 5286 8555 5805 9293 1399 3876
28 1466 1038 5938 170 8820 4355 6221 8911 3158 6385 2924 3563 92 2903 7199 2888 6009 3327 7762 6549 410 8635 8965 5615 6415 448 824 6596
28 8551 352 8851 6030 4144 3186 7538 3604 1121 3774 6210 2610 1126 7290 7167 6786 4740 481 9985 8656 7920 1658 2729 4008 9679 8024 5216 8096
28 8090 6671 9492 540 2085 73 7061 674 4325 1980 6918 1915 5417 2534 3108 6930 7733 5272 3945 6894 8405 3861 6139 1454 9900 3962 7697 7775
28 4753 8207 7183 968 3696 768 8111 2853 2207 2320 5192 1292 5579 863 5752 9810 6396 247 6734 9711 7085 217 8929 7457 9148 1655 282 496
28 9488 6497 128 7351 3391 4104 4975 8001 8316 6715 83 798 6780 2761 9931 9794 297 9070 1591 7051 7444 8065 4155 692 547 2881 5635 849
28 207 8948 5917 659 8445 7259 4673 3489 4457 5384 5983 2887 6352 8142 7893 6644 2564 1502 4618 5338 1478 3626 8088 399 5466 7900 2968 5269
28 9215 5008 7309 8733 8162 397 8239 9380 3802 9634 9839 4375 6612 2645 7882 1221 6353 9998 508 347 7193 6101 752 9524 415 5161 2431 447
28 7148 4236 4996 2304 357 9147 9238 484 8840 51 4130 4266 109 1314 2348 8175 9419 1941 8113 776 7904 2579 826 4631 1393 3522 4962 1868
28 138 6062 5113 4480 952 2101 8442 311 7078 525 1708 9092 9309 4160 5732 6350 2245 6689 8973 2458 3270 4462 942 6688 9863 1071 966 6730
28 558 5613 8977 3951 8204 908 8790 2797 5343 9260 9110 2826 1796 9367 5718 7779 6850 755 9473 7780 3658 2669 2483 4664 253 2189 6157 3531
28 1386 3551 336 4824 3405 738 2637 4672 2303 8206 9173 1589 2314 7588 4317 4756 2110 5773 7333 9125 3115 1529 8742 9253 6654 1105 4540 3634
28 9988 1271 5740 9966 3455 208 6859 2410 8783 7743 5584 6849 4402 1352 8871 6594 5056 6487 3549 9965 8863 5452 6273 4905 4702 8596 5021 6625
28 9543 626 271 6234 4200 5307 9223 3520 87 3908 3863 5000 8248 7696 5727 4845 6884 7570 8379 4711 3924 8888 9819 6907 192 1615 4897 1993
28 666 9136 7014 1809 3009 8992 5925 9133 1098 2646 8245 5791 2577 8255 6895 9400 4106 9709 9783 853 7293 9496 5719 1957 6532 3421 2556 2504
28 5777 405 7380 5310 4834 7381 4231 1735 2175 7709 8623 8552 781 6291 2032 5746 7834 744 9749 6219 8809 2421 7490 3369 8782 2441 836 5690
28 2265 4878 34 5461 5423 4567 9585 5639 2318 5023 4281 2116 3819 5048 1137 9050 5199 912 4359 9746 364 6066 1974 9878 3710 769 9018 1793
28 4398 9826 498 8624 9816 8937 9599 3803 943 6711 1435 5442 5411 7258 9796 7212 9999 3594 9518 2750 7686 9550 9004 8515 6929 2008 2781 2630
28 4764 6597 4481 2570 1644 5883 2644 1012 7931 5119 8214 778 5974 4161 8490 4378 4570 5340 1823 7160 728 9225 3996 4061 9912 7246 3901 7063
28 3511 4989 8297 2736 3744 7974 8494 3904 9267 4652 2100 359 8938 7623 30 8860 6104 5498 9085 6529 5544 3469 9903 4608 6867 5543 3868 3375
28 2823 1312 8143 7020 1855 7621 8798 3299 5496 5490 4728 8413 5063 7962 9935 6111 7932 8420 4604 5111 6194 3676 6911 3045 8081 5609 5717 3642
28 9282 2351 2005 1417 5117 5 5863 1302 739 2558 8153 4515 3849 1936 1409 9483 1117 478 1058 7403 8354 4912 7360 9667 5809 8501 1345 8887
28 601 4392 7421 1822 6677 1740 4221 2313 3156 9889 546 2397 5869 918 5191 8373 6617 5385 7964 4491 786 9879 5657 3208 4517 6184 1533 124
28 3153 8205 2418 8829 3898 784 2868 7675 5769 5474 9526 4565 858 8007 3888 6851 52 2128 6789 1296 4675 6420 4790 2962 8100 7804 9188 202
28 671 7494 5529 7744 653 6746 9546 9986 7468 6037 2590 7432 7589 4420 8148 7378 7500 1578 3773 122 9574 1018 7897 818 2054 491 3106 4539
28 9155 3505 4660 9956 7625 4887 3669 6419 266 7062 5592 2656 7300 8886 1063 492 2292 2929 8054 2871 139 1110 7754 856 1798 24 7294 2611
28 2636 7216 417 8464 1448 1794 9989 6738 261 893 3484 2946 4985 1553 1353 7558 5295 285 483 6987 2486 4000 735 4927 7738 3985 6235 4977
28 4077 7720 7611 5895 3557 2279 5167 4315 5146 5045 1647 2897 2033 5808 1070 6968 7889 7975 8230 1335 5663 9306 2025 2104 2779 5678 2585 1177
28 8453 3169 4507 4917 6073 589 690 7356 1620 7135 6574 7785 6993 4578 8787 733 904 1231 631 6004 2196 6679 9905 3800 1939 6029 4923 3107
28 6845 698 5077 9052 2966 3332 6099 9461 5278 9376 2651 6773 6429 6399 8475 3287 4244 8900 3414 5094 2461 8126 1527 8058 8660 8792 2215 8392
28 8561 7487 7689 2573 5680 9489 5353 9939 4247 3989 8808 1389 5080 922 2540 5730 386 2521 9920 3000 6047 1989 4468 7119 6921 2716 2925 5392
28 993 2202 7694 3763 6995 1441 3573 6747 8993 8944 1309 8931 4425 6749 693 131 5567 842 6736 6803 7302 3070 3910 218 4995 7789 4526 2494
28 9872 1896 9227 3278 9640 1787 8831 2489 9854 1207 3402 6552 6082 1294 9326 8295 5174 7410 72 6870 6923 5437 6981 6534 1975 7435 1106 6164
28 9742 7574 1067 1278 7603 408 164 4452 8680 5189 5501 3846 4599 376 3786 2753 8519 5393 772 7685 921 6840 1017 1714 731 8487 7841 8805
28 4974 523 4944 8130 5182 2221 5125 3480 4588 7419 7466 8813 2390 8915 6696 1488 8707 4752 608 3792 7137 6801 4999 4584 5569 7002 6955 711
28 8724 6152 7011 6509 9520 9165 3541 6274 2707 5687 6318 9871 8512 1498 9344 8129 2216 1931 4837 9000 9245 2363 7486 3493 8164 4592 3633 8314
28 2452 9417 2604 9378 1390 2167 385 1174 1602 3166 7776 6456 3095 8137 5426 7564 3043 6249 6127 6984 5933 1331 1112 8306 9001 8228 5513 7911
28 9890 476 854 8049 2841 7668 9456 6295 1609 4095 2760 5106 7247 4617 6742 6530 3204 2488 5853 7797 5143 3165 5120 1786 638 3816 7066 2623
28 3123 6347 5865 2140 5574 6464 91 6409 194 6364 8369 1524 9490 3132 1171 7758 1161 9509 7168 6346 7034 712 3688 1470 2703 8891 4345 233
28 724 8590 3579 9785 4784 1076 6676 4134 9798 6690 3892 76 916 2551 1392 1876 1858 5357 2022 8524 4308 3613 4979 1281 6181 2907 1875 9255
28 7901 8447 8431 2640 4152 5522 33 1888 5935 4638 7352 6814 1962 2730 1830 7200 8319 1073 5572 4854 2347 1481 2282 2398 426 4237 6149 2791
28 7883 7343 702 1700 9772 3537 5079 9362 2001 8988 8573 4316 3686 2632 1636 5924 9021 5640 6307 1510 1388 9859 9977 8032 8516 9991 2456 9969
28 3815 1893 7979 6032 9627 3267 1243 8264 5510 3144 4945 4914 3543 9672 8422 7909 8758 2886 9875 7874 4932 8014 8902 3842 2275 4552 1350 4594
28 7256 3775 9951 7798 879 4030 8569 2435 9499 5659 648 4823 924 4748 6670 2757 3820 7143 6087 1992 4041 4075 5380 1682 8981 2119 4775 9558
28 3256 534 7329 1499 4655 53 5228 8292 5861 7670 868 8755 2017 9455 3920 9564 6940 2839 2997 9269 5684 6694 8308 1254 5536 2306 8132 7348
28 6638 7096 8513 1926 3536 7158 3205 3934 9220 3398 8253 5018 5438 628 1706 3213 4893 2133 4853 9386 725 2655 2109 4360 1115 2487 8412 9204
28 5500 8440 49 2003 931 5126 319 106 4889 5068 1564 4952 5259 729 3152 5982 2484 3408 1619 8825 6886 4569 8556 4746 6308 3664 4707 4184
28 7822 3533 89 460 1241 3722 402 7392 1871 4272 569 9057 8686 2413 8124 2387 9295 4299 875 9142 1703 543 808 1378 427 5667 6564 900
28 8315 6683 1140 8282 6444 2569 2591 3984 3215 9818 8089 3454 5108 1029 6147 3886 335 5672 4133 3964 1534 2529 5039 2393 7106 3345 2213 7272
28 9696 6785 5898 7230 6313 1165 7944 6470 9436 4726 3035 4344 7308 5833 6433 2206 5081 4706 4879 2688 3874 5518 8323 9865 6169 3697 8240 4821
28 8407 8835 2777 4 2747 221 7605 9725 8642 5055 4921 310 5451 9 245 4934 9077 8041 5636 5754 767 7567 9661 9170 6503 4590 6240 9510
28 6891 3482 3339 9130 4126 9391 320 2541 6331 6666 38 5405 8666 5909 6100 6539 7676 5651 4786 3789 3230 7339 9181 9082 9099 3226 1851 6413
28 9284 6720 9131 3306 2013 4252 6990 9762 2542 615 6586 6145 2463 8436 4213 5622 5755 1720 1563 4876 2002 5243 1633 4042 7166 5948 6542 2217
28 4469 8339 8565 7161 3845 1760 4282 3195 4263 8689 4544 7009 2790 1223 3723 5505 2945 2270 5431 2861 9048 2619 7666 787 4479 8959 1522 7722
28 2652 6931 8481 1614 1123 6379 4298 2499 8469 3813 1168 2370 3584 9448 2882 1832 5001 9465 5103 4554 1922 5011 2694 978 5907 1295 4256 2367
28 8709 7946 4091 3746 6005 6985 572 8076 5802 5856 3277 258 1321 5330 7075 5662 9659 840 9337 3017 118 2117 2302 3588 5633 9916 3540 9941
28 9814 7222 4068 5109 9484 8651 513 1707 5822 1423 9087 8350 7072 3700 4776 449 8029 4453 2112 1561 8030 7892 1997 2721 6360 7843 7885 3748
28 4801 5608 5914 817 2323 2801 6267 9310 8638 6412 3797 3982 9278 7919 7238 6432 5741 7848 6528 3365 5607 9691 7128 889 9041 4827 8268 5707
28 1187 6425 8400 2252 8237 1612 9477 2322 6740 4679 7802 8892 2833 2967 9453 635 2327 8804 2662 9137 6642 1570 1546 1834 2571 9767 4339 7641
28 1577 3119 1192 2037 7383 163 5138 2247 8262 4888 7328 5249 8722 1873 2837 4434 5806 6045 3569 658 4744 5872 3426 1728 8068 3083 9330 1637
28 5798 4474 8781 3735 1260 5360 3079 2027 3887 6188 2011 6976 1280 3568 9609 6521 5013 1213 5750 3395 3338 7465 8648 8567 9542 937 6969 98
28 6669 8366 5511 9559 6869 5224 679 1167 7680 1096 881 5770 1490 4813 2982 6565 6758 5186 6900 4668 7274 5358 7220 8554 573 451 9403 4978
28 6330 5241 1983 4436 8471 3731 630 5302 1326 3565 6893 4284 9280 9207 1052 3343 5287 7578 8303 7547 2159 8202 3135 3727 5937 9003 2249 4915
28 3233 4390 1037 6925 9752 2992 2129 794 5821 7876 7122 636 8345 5839 5804 3599 6768 3790 7479 3900 162 8287 9335 737 5344 2067 764 2659
28 8595 1062 544 8950 6681 4639 308 8581 9870 6256 2260 1172 8352 6892 9547 9852 803 1450 3255 8452 9132 6636 4505 8672 9698 6881 7537 5644
28 9211 3171 7394 5534 7992 3881 5916 5772 8042 5322 3825 9855 3415 3377 2237 3102 8217 2690 8947 154 7266 2074 3163 6713 1943 556 5877 8696
28 4616 8523 7638 9408 4629 2053 5637 6874 2788 1872 4504 2076 3629 7346 1453 1567 1848 5150 6875 7504 797 7445 8940 2927 9563 6266 8514 9154
28 7760 5756 6475 273 4156 232 9864 2310 8458 6606 1228 4892 259 4417 5104 6119 1403 1741 9597 3738 5004 6848 2072 4531 641 2516 1503 819
28 804 5049 3640 9811 2930 7203 7110 9437 8874 5222 8943 9497 7157 5962 278 3073 3319 8171 1426 3029 1814 8449 2285 3214 1361 9723 6639 5638
28 2417 1468 3643 4219 5086 7488 7800 2728 1370 8325 3603 5289 345 2428 6175 7700 3805 5123 2598 6383 3206 9176 5575 2990 6153 1369 4881 7341
28 7995 8657 108 2350 5448 6280 3997 2158 6584 3229 7275 2124 6719 6544 6448 4207 3890 6739 8800 935 2773 4651 2884 5294 6783 8105 5897 7134
28 8644 1060 3260 9079 6922 3318 5433 9848 6230 2230 7082 1585 225 3944 9712 5076 7218 8491 8868 4781 6126 5792 1869 1237 9642 340 9697 7936
28 6603 8152 6765 8083 4716 4530 9394 927 8004 5366 4782 4002 986 6345 1517 9823 8461 5816 9846 5469 3509 6517 8836 4367 6901 4699 3580 9770
28 5160 9850 6664 6382 4084 1133 956 1657 8700 2286 9127 6585 8278 6716 8550 9098 1225 5617 7495 9226 6662 5785 3838 2667 806 5859 7362 8909
28 2146 2795 8797 7707 9263 3049 3335 6538 2846 8466 4047 8824 7312 6996 99 4727 1495 3088 3263 9105 3223 5088 3478 4287 2308 6161 4866 1397
28 8372 839 3302 5668 6815 6580 745 2021 9531 313 199 2923 3094 6044 7018 9507 3376 9156 9429 7571 5888 1966 1841 2618 9947 624 4708 3517
28 1753 4433 6778 5516 8615 2138 3272 800 670 1218 4774 2020 8115 1661 5786 6607 3013 4404 992 7716 6144 1506 6289 5402 7107 2123 5002 9982
28 7324 766 9787 9175 7177 6452 7349 1149 9327 7291 9593 911 3926 7298 6338 4328 4310 6039 7783 8473 9684 8010 8393 2095 6506 3931 2786 7215
28 8698 1424 3312 9702 6000 9831 851 4205 2892 5121 1000 2825 4930 32 8882 7196 7248 5131 9901 5625 5762 2503 661 3614 1634 4683 3038 7540
