3225
PAINT_LINE 0 12 0 27
PAINT_LINE 0 420 0 434
PAINT_LINE 0 437 0 438
PAINT_LINE 0 441 0 449
PAINT_LINE 0 453 0 455
PAINT_LINE 0 458 0 486
PAINT_LINE 0 489 0 508
PAINT_LINE 0 513 0 515
PAINT_LINE 0 518 0 643
PAINT_LINE 0 694 0 698
PAINT_LINE 0 704 0 714
PAINT_LINE 0 739 0 744
PAINT_LINE 0 753 0 758
PAINT_LINE 1 7 1 15
PAINT_LINE 1 20 1 32
PAINT_LINE 1 419 1 515
PAINT_LINE 1 519 1 522
PAINT_LINE 1 543 1 544
PAINT_LINE 1 552 1 554
PAINT_LINE 1 557 1 559
PAINT_LINE 1 642 1 644
PAINT_LINE 1 694 1 698
PAINT_LINE 1 701 1 709
PAINT_LINE 1 740 1 744
PAINT_LINE 1 751 1 755
PAINT_LINE 2 2 2 6
PAINT_LINE 2 29 2 36
PAINT_LINE 2 411 2 411
PAINT_LINE 2 417 2 420
PAINT_LINE 2 513 2 514
PAINT_LINE 2 519 2 519
PAINT_LINE 2 642 2 644
PAINT_LINE 2 694 2 705
PAINT_LINE 2 740 2 743
PAINT_LINE 2 748 2 752
PAINT_LINE 2 787 2 791
PAINT_LINE 3 0 3 2
PAINT_LINE 3 34 3 38
PAINT_LINE 3 409 3 412
PAINT_LINE 3 487 3 488
PAINT_LINE 3 517 3 519
PAINT_LINE 3 547 3 548
PAINT_LINE 3 578 3 579
PAINT_LINE 3 610 3 610
PAINT_LINE 3 642 3 644
PAINT_LINE 3 666 3 668
PAINT_LINE 3 694 3 702
PAINT_LINE 3 740 3 744
PAINT_LINE 3 746 3 750
PAINT_LINE 3 786 3 793
PAINT_LINE 4 0 4 0
PAINT_LINE 4 39 4 43
PAINT_LINE 4 407 4 412
PAINT_LINE 4 419 4 421
PAINT_LINE 4 452 4 456
PAINT_LINE 4 484 4 489
PAINT_LINE 4 516 4 521
PAINT_LINE 4 544 4 544
PAINT_LINE 4 546 4 625
PAINT_LINE 4 636 4 636
PAINT_LINE 4 640 4 646
PAINT_LINE 4 651 4 651
PAINT_LINE 4 654 4 654
PAINT_LINE 4 657 4 658
PAINT_LINE 4 664 4 670
PAINT_LINE 4 694 4 699
PAINT_LINE 4 739 4 748
PAINT_LINE 4 785 4 793
PAINT_LINE 5 41 5 44
PAINT_LINE 5 406 5 673
PAINT_LINE 5 695 5 698
PAINT_LINE 5 739 5 746
PAINT_LINE 5 785 5 793
PAINT_LINE 6 44 6 46
PAINT_LINE 6 192 6 201
PAINT_LINE 6 406 6 410
PAINT_LINE 6 416 6 419
PAINT_LINE 6 452 6 455
PAINT_LINE 6 516 6 518
PAINT_LINE 6 547 6 549
PAINT_LINE 6 577 6 579
PAINT_LINE 6 609 6 611
PAINT_LINE 6 642 6 643
PAINT_LINE 6 667 6 672
PAINT_LINE 6 694 6 733
PAINT_LINE 6 738 6 744
PAINT_LINE 6 785 6 786
PAINT_LINE 6 790 6 793
PAINT_LINE 7 45 7 47
PAINT_LINE 7 185 7 205
PAINT_LINE 7 274 7 275
PAINT_LINE 7 282 7 284
PAINT_LINE 7 407 7 411
PAINT_LINE 7 454 7 454
PAINT_LINE 7 608 7 610
PAINT_LINE 7 666 7 669
PAINT_LINE 7 696 7 743
PAINT_LINE 8 46 8 48
PAINT_LINE 8 182 8 182
PAINT_LINE 8 184 8 185
PAINT_LINE 8 206 8 209
PAINT_LINE 8 283 8 284
PAINT_LINE 8 408 8 409
PAINT_LINE 8 578 8 580
PAINT_LINE 8 608 8 612
PAINT_LINE 8 644 8 645
PAINT_LINE 8 666 8 668
PAINT_LINE 9 47 9 48
PAINT_LINE 9 180 9 182
PAINT_LINE 9 208 9 210
PAINT_LINE 9 212 9 212
PAINT_LINE 9 246 9 252
PAINT_LINE 9 268 9 273
PAINT_LINE 9 282 9 283
PAINT_LINE 9 420 9 421
PAINT_LINE 9 487 9 489
PAINT_LINE 9 516 9 521
PAINT_LINE 9 577 9 580
PAINT_LINE 9 608 9 614
PAINT_LINE 9 637 9 641
PAINT_LINE 9 643 9 646
PAINT_LINE 9 777 9 780
PAINT_LINE 10 48 10 49
PAINT_LINE 10 179 10 181
PAINT_LINE 10 209 10 213
PAINT_LINE 10 242 10 243
PAINT_LINE 10 252 10 253
PAINT_LINE 10 266 10 275
PAINT_LINE 10 281 10 282
PAINT_LINE 10 418 10 421
PAINT_LINE 10 453 10 455
PAINT_LINE 10 486 10 488
PAINT_LINE 10 515 10 521
PAINT_LINE 10 547 10 549
PAINT_LINE 10 577 10 581
PAINT_LINE 10 609 10 611
PAINT_LINE 10 638 10 645
PAINT_LINE 10 773 10 780
PAINT_LINE 11 49 11 50
PAINT_LINE 11 177 11 179
PAINT_LINE 11 211 11 215
PAINT_LINE 11 257 11 258
PAINT_LINE 11 261 11 266
PAINT_LINE 11 273 11 274
PAINT_LINE 11 279 11 280
PAINT_LINE 11 297 11 297
PAINT_LINE 11 300 11 300
PAINT_LINE 11 303 11 307
PAINT_LINE 11 338 11 339
PAINT_LINE 11 348 11 350
PAINT_LINE 11 418 11 421
PAINT_LINE 11 453 11 455
PAINT_LINE 11 485 11 488
PAINT_LINE 11 515 11 520
PAINT_LINE 11 547 11 548
PAINT_LINE 11 577 11 580
PAINT_LINE 11 642 11 644
PAINT_LINE 11 769 11 780
PAINT_LINE 12 50 12 51
PAINT_LINE 12 176 12 178
PAINT_LINE 12 214 12 216
PAINT_LINE 12 238 12 238
PAINT_LINE 12 259 12 262
PAINT_LINE 12 270 12 272
PAINT_LINE 12 275 12 277
PAINT_LINE 12 294 12 295
PAINT_LINE 12 306 12 310
PAINT_LINE 12 336 12 336
PAINT_LINE 12 350 12 353
PAINT_LINE 12 413 12 414
PAINT_LINE 12 419 12 422
PAINT_LINE 12 446 12 447
PAINT_LINE 12 452 12 456
PAINT_LINE 12 487 12 487
PAINT_LINE 12 643 12 644
PAINT_LINE 12 765 12 772
PAINT_LINE 12 776 12 780
PAINT_LINE 13 51 13 52
PAINT_LINE 13 125 13 128
PAINT_LINE 13 131 13 135
PAINT_LINE 13 176 13 176
PAINT_LINE 13 216 13 217
PAINT_LINE 13 236 13 237
PAINT_LINE 13 261 13 262
PAINT_LINE 13 268 13 275
PAINT_LINE 13 292 13 293
PAINT_LINE 13 310 13 312
PAINT_LINE 13 333 13 335
PAINT_LINE 13 353 13 355
PAINT_LINE 13 420 13 421
PAINT_LINE 13 454 13 454
PAINT_LINE 13 761 13 769
PAINT_LINE 13 777 13 780
PAINT_LINE 14 52 14 52
PAINT_LINE 14 98 14 99
PAINT_LINE 14 101 14 106
PAINT_LINE 14 123 14 125
PAINT_LINE 14 133 14 137
PAINT_LINE 14 159 14 159
PAINT_LINE 14 176 14 176
PAINT_LINE 14 216 14 218
PAINT_LINE 14 235 14 236
PAINT_LINE 14 262 14 264
PAINT_LINE 14 267 14 272
PAINT_LINE 14 290 14 292
PAINT_LINE 14 312 14 314
PAINT_LINE 14 331 14 333
PAINT_LINE 14 355 14 356
PAINT_LINE 14 756 14 767
PAINT_LINE 14 776 14 780
PAINT_LINE 15 52 15 52
PAINT_LINE 15 69 15 72
PAINT_LINE 15 74 15 77
PAINT_LINE 15 94 15 96
PAINT_LINE 15 106 15 107
PAINT_LINE 15 136 15 138
PAINT_LINE 15 159 15 164
PAINT_LINE 15 216 15 219
PAINT_LINE 15 234 15 236
PAINT_LINE 15 262 15 266
PAINT_LINE 15 268 15 270
PAINT_LINE 15 289 15 290
PAINT_LINE 15 313 15 315
PAINT_LINE 15 331 15 332
PAINT_LINE 15 356 15 357
PAINT_LINE 15 754 15 761
PAINT_LINE 15 765 15 770
PAINT_LINE 15 776 15 780
PAINT_LINE 16 51 16 53
PAINT_LINE 16 68 16 69
PAINT_LINE 16 77 16 79
PAINT_LINE 16 92 16 94
PAINT_LINE 16 107 16 108
PAINT_LINE 16 121 16 121
PAINT_LINE 16 137 16 139
PAINT_LINE 16 151 16 152
PAINT_LINE 16 163 16 165
PAINT_LINE 16 175 16 175
PAINT_LINE 16 217 16 219
PAINT_LINE 16 233 16 235
PAINT_LINE 16 259 16 259
PAINT_LINE 16 262 16 262
PAINT_LINE 16 266 16 267
PAINT_LINE 16 289 16 289
PAINT_LINE 16 314 16 316
PAINT_LINE 16 331 16 332
PAINT_LINE 16 357 16 358
PAINT_LINE 16 641 16 643
PAINT_LINE 16 649 16 651
PAINT_LINE 16 654 16 656
PAINT_LINE 16 749 16 755
PAINT_LINE 16 768 16 780
PAINT_LINE 17 51 17 53
PAINT_LINE 17 68 17 68
PAINT_LINE 17 79 17 80
PAINT_LINE 17 91 17 93
PAINT_LINE 17 108 17 109
PAINT_LINE 17 120 17 122
PAINT_LINE 17 138 17 140
PAINT_LINE 17 150 17 151
PAINT_LINE 17 164 17 166
PAINT_LINE 17 174 17 175
PAINT_LINE 17 216 17 218
PAINT_LINE 17 233 17 235
PAINT_LINE 17 256 17 259
PAINT_LINE 17 262 17 266
PAINT_LINE 17 288 17 290
PAINT_LINE 17 315 17 317
PAINT_LINE 17 330 17 332
PAINT_LINE 17 357 17 358
PAINT_LINE 17 641 17 657
PAINT_LINE 17 663 17 663
PAINT_LINE 17 746 17 753
PAINT_LINE 17 776 17 780
PAINT_LINE 18 51 18 53
PAINT_LINE 18 68 18 68
PAINT_LINE 18 78 18 81
PAINT_LINE 18 91 18 92
PAINT_LINE 18 108 18 111
PAINT_LINE 18 120 18 121
PAINT_LINE 18 138 18 140
PAINT_LINE 18 150 18 150
PAINT_LINE 18 165 18 166
PAINT_LINE 18 174 18 175
PAINT_LINE 18 216 18 218
PAINT_LINE 18 233 18 235
PAINT_LINE 18 255 18 257
PAINT_LINE 18 260 18 261
PAINT_LINE 18 263 18 266
PAINT_LINE 18 288 18 290
PAINT_LINE 18 315 18 317
PAINT_LINE 18 330 18 332
PAINT_LINE 18 357 18 359
PAINT_LINE 18 633 18 635
PAINT_LINE 18 638 18 645
PAINT_LINE 18 649 18 659
PAINT_LINE 18 661 18 663
PAINT_LINE 18 742 18 749
PAINT_LINE 18 776 18 780
PAINT_LINE 19 51 19 52
PAINT_LINE 19 68 19 68
PAINT_LINE 19 78 19 80
PAINT_LINE 19 91 19 91
PAINT_LINE 19 108 19 111
PAINT_LINE 19 121 19 121
PAINT_LINE 19 138 19 140
PAINT_LINE 19 164 19 166
PAINT_LINE 19 175 19 176
PAINT_LINE 19 217 19 218
PAINT_LINE 19 233 19 235
PAINT_LINE 19 252 19 253
PAINT_LINE 19 255 19 256
PAINT_LINE 19 258 19 259
PAINT_LINE 19 265 19 265
PAINT_LINE 19 288 19 290
PAINT_LINE 19 315 19 317
PAINT_LINE 19 330 19 332
PAINT_LINE 19 356 19 358
PAINT_LINE 19 633 19 640
PAINT_LINE 19 655 19 662
PAINT_LINE 19 712 19 713
PAINT_LINE 19 716 19 717
PAINT_LINE 19 738 19 746
PAINT_LINE 19 776 19 780
PAINT_LINE 20 51 20 52
PAINT_LINE 20 68 20 70
PAINT_LINE 20 77 20 79
PAINT_LINE 20 92 20 92
PAINT_LINE 20 108 20 110
PAINT_LINE 20 121 20 123
PAINT_LINE 20 137 20 139
PAINT_LINE 20 151 20 152
PAINT_LINE 20 163 20 165
PAINT_LINE 20 175 20 176
PAINT_LINE 20 217 20 218
PAINT_LINE 20 233 20 235
PAINT_LINE 20 249 20 255
PAINT_LINE 20 264 20 265
PAINT_LINE 20 288 20 290
PAINT_LINE 20 315 20 317
PAINT_LINE 20 330 20 332
PAINT_LINE 20 356 20 358
PAINT_LINE 20 628 20 630
PAINT_LINE 20 634 20 637
PAINT_LINE 20 658 20 662
PAINT_LINE 20 712 20 712
PAINT_LINE 20 716 20 717
PAINT_LINE 20 734 20 743
PAINT_LINE 20 776 20 780
PAINT_LINE 21 50 21 51
PAINT_LINE 21 69 21 71
PAINT_LINE 21 75 21 77
PAINT_LINE 21 93 21 94
PAINT_LINE 21 107 21 108
PAINT_LINE 21 122 21 125
PAINT_LINE 21 136 21 138
PAINT_LINE 21 152 21 154
PAINT_LINE 21 162 21 164
PAINT_LINE 21 175 21 177
PAINT_LINE 21 215 21 217
PAINT_LINE 21 234 21 235
PAINT_LINE 21 246 21 249
PAINT_LINE 21 252 21 253
PAINT_LINE 21 262 21 264
PAINT_LINE 21 289 21 290
PAINT_LINE 21 315 21 316
PAINT_LINE 21 331 21 332
PAINT_LINE 21 355 21 357
PAINT_LINE 21 629 21 637
PAINT_LINE 21 651 21 655
PAINT_LINE 21 659 21 666
PAINT_LINE 21 730 21 738
PAINT_LINE 21 776 21 781
PAINT_LINE 22 49 22 50
PAINT_LINE 22 95 22 97
PAINT_LINE 22 106 22 107
PAINT_LINE 22 123 22 129
PAINT_LINE 22 133 22 136
PAINT_LINE 22 153 22 159
PAINT_LINE 22 176 22 176
PAINT_LINE 22 215 22 216
PAINT_LINE 22 230 22 237
PAINT_LINE 22 242 22 243
PAINT_LINE 22 246 22 246
PAINT_LINE 22 248 22 249
PAINT_LINE 22 261 22 263
PAINT_LINE 22 289 22 291
PAINT_LINE 22 313 22 315
PAINT_LINE 22 333 22 334
PAINT_LINE 22 354 22 356
PAINT_LINE 22 629 22 632
PAINT_LINE 22 636 22 639
PAINT_LINE 22 650 22 655
PAINT_LINE 22 661 22 665
PAINT_LINE 22 727 22 733
PAINT_LINE 22 776 22 781
PAINT_LINE 23 48 23 49
PAINT_LINE 23 102 23 103
PAINT_LINE 23 129 23 133
PAINT_LINE 23 213 23 215
PAINT_LINE 23 227 23 233
PAINT_LINE 23 237 23 239
PAINT_LINE 23 243 23 247
PAINT_LINE 23 260 23 261
PAINT_LINE 23 290 23 292
PAINT_LINE 23 312 23 314
PAINT_LINE 23 335 23 337
PAINT_LINE 23 353 23 354
PAINT_LINE 23 624 23 624
PAINT_LINE 23 629 23 631
PAINT_LINE 23 637 23 639
PAINT_LINE 23 660 23 664
PAINT_LINE 23 723 23 730
PAINT_LINE 23 776 23 781
PAINT_LINE 23 788 23 795
PAINT_LINE 24 48 24 48
PAINT_LINE 24 180 24 182
PAINT_LINE 24 210 24 212
PAINT_LINE 24 225 24 231
PAINT_LINE 24 236 24 238
PAINT_LINE 24 241 24 243
PAINT_LINE 24 258 24 259
PAINT_LINE 24 292 24 292
PAINT_LINE 24 295 24 298
PAINT_LINE 24 310 24 311
PAINT_LINE 24 338 24 340
PAINT_LINE 24 346 24 352
PAINT_LINE 24 624 24 630
PAINT_LINE 24 661 24 664
PAINT_LINE 24 667 24 667
PAINT_LINE 24 718 24 727
PAINT_LINE 24 776 24 781
PAINT_LINE 24 788 24 796
PAINT_LINE 25 47 25 47
PAINT_LINE 25 180 25 186
PAINT_LINE 25 207 25 210
PAINT_LINE 25 223 25 232
PAINT_LINE 25 235 25 238
PAINT_LINE 25 243 25 247
PAINT_LINE 25 251 25 255
PAINT_LINE 25 297 25 298
PAINT_LINE 25 301 25 301
PAINT_LINE 25 304 25 310
PAINT_LINE 25 343 25 346
PAINT_LINE 25 623 25 628
PAINT_LINE 25 635 25 635
PAINT_LINE 25 661 25 666
PAINT_LINE 25 715 25 722
PAINT_LINE 25 776 25 781
PAINT_LINE 25 788 25 792
PAINT_LINE 26 45 26 46
PAINT_LINE 26 185 26 192
PAINT_LINE 26 203 26 205
PAINT_LINE 26 221 26 222
PAINT_LINE 26 227 26 230
PAINT_LINE 26 232 26 233
PAINT_LINE 26 618 26 618
PAINT_LINE 26 623 26 626
PAINT_LINE 26 629 26 630
PAINT_LINE 26 633 26 634
PAINT_LINE 26 644 26 644
PAINT_LINE 26 660 26 663
PAINT_LINE 26 710 26 718
PAINT_LINE 26 776 26 781
PAINT_LINE 27 43 27 44
PAINT_LINE 27 190 27 203
PAINT_LINE 27 220 27 221
PAINT_LINE 27 230 27 233
PAINT_LINE 27 617 27 630
PAINT_LINE 27 642 27 644
PAINT_LINE 27 659 27 663
PAINT_LINE 27 705 27 713
PAINT_LINE 27 776 27 781
PAINT_LINE 28 40 28 43
PAINT_LINE 28 137 28 139
PAINT_LINE 28 219 28 220
PAINT_LINE 28 226 28 227
PAINT_LINE 28 229 28 230
PAINT_LINE 28 618 28 623
PAINT_LINE 28 625 28 626
PAINT_LINE 28 642 28 643
PAINT_LINE 28 658 28 660
PAINT_LINE 28 702 28 711
PAINT_LINE 28 776 28 781
PAINT_LINE 29 0 29 0
PAINT_LINE 29 39 29 40
PAINT_LINE 29 219 29 220
PAINT_LINE 29 225 29 225
PAINT_LINE 29 611 29 613
PAINT_LINE 29 618 29 622
PAINT_LINE 29 657 29 662
PAINT_LINE 29 699 29 708
PAINT_LINE 29 776 29 780
PAINT_LINE 30 0 30 2
PAINT_LINE 30 36 30 37
PAINT_LINE 30 39 30 40
PAINT_LINE 30 611 30 619
PAINT_LINE 30 640 30 640
PAINT_LINE 30 655 30 658
PAINT_LINE 30 661 30 666
PAINT_LINE 30 695 30 704
PAINT_LINE 30 777 30 780
PAINT_LINE 31 0 31 20
PAINT_LINE 31 23 31 36
PAINT_LINE 31 39 31 154
PAINT_LINE 31 248 31 256
PAINT_LINE 31 612 31 616
PAINT_LINE 31 653 31 657
PAINT_LINE 31 691 31 700
PAINT_LINE 31 776 31 780
PAINT_LINE 32 5 32 31
PAINT_LINE 32 80 32 82
PAINT_LINE 32 152 32 154
PAINT_LINE 32 236 32 267
PAINT_LINE 32 608 32 609
PAINT_LINE 32 611 32 615
PAINT_LINE 32 651 32 658
PAINT_LINE 32 687 32 695
PAINT_LINE 32 776 32 780
PAINT_LINE 33 13 33 25
PAINT_LINE 33 80 33 81
PAINT_LINE 33 152 33 154
PAINT_LINE 33 231 33 272
PAINT_LINE 33 533 33 538
PAINT_LINE 33 542 33 542
PAINT_LINE 33 607 33 612
PAINT_LINE 33 649 33 652
PAINT_LINE 33 657 33 660
PAINT_LINE 33 682 33 692
PAINT_LINE 33 768 33 770
PAINT_LINE 33 773 33 780
PAINT_LINE 34 80 34 82
PAINT_LINE 34 152 34 155
PAINT_LINE 34 228 34 276
PAINT_LINE 34 531 34 538
PAINT_LINE 34 541 34 544
PAINT_LINE 34 607 34 610
PAINT_LINE 34 644 34 652
PAINT_LINE 34 660 34 660
PAINT_LINE 34 679 34 688
PAINT_LINE 34 764 34 766
PAINT_LINE 34 776 34 780
PAINT_LINE 35 80 35 82
PAINT_LINE 35 152 35 155
PAINT_LINE 35 224 35 282
PAINT_LINE 35 531 35 544
PAINT_LINE 35 601 35 609
PAINT_LINE 35 612 35 615
PAINT_LINE 35 636 35 647
PAINT_LINE 35 651 35 653
PAINT_LINE 35 674 35 684
PAINT_LINE 35 763 35 766
PAINT_LINE 35 777 35 781
PAINT_LINE 36 65 36 66
PAINT_LINE 36 80 36 81
PAINT_LINE 36 152 36 155
PAINT_LINE 36 221 36 284
PAINT_LINE 36 531 36 544
PAINT_LINE 36 606 36 609
PAINT_LINE 36 613 36 614
PAINT_LINE 36 629 36 641
PAINT_LINE 36 644 36 647
PAINT_LINE 36 671 36 679
PAINT_LINE 36 763 36 766
PAINT_LINE 36 776 36 780
PAINT_LINE 37 64 37 66
PAINT_LINE 37 81 37 81
PAINT_LINE 37 98 37 99
PAINT_LINE 37 152 37 155
PAINT_LINE 37 219 37 287
PAINT_LINE 37 530 37 544
PAINT_LINE 37 606 37 609
PAINT_LINE 37 626 37 639
PAINT_LINE 37 645 37 648
PAINT_LINE 37 668 37 678
PAINT_LINE 37 764 37 766
PAINT_LINE 37 776 37 780
PAINT_LINE 38 64 38 67
PAINT_LINE 38 80 38 82
PAINT_LINE 38 98 38 99
PAINT_LINE 38 152 38 155
PAINT_LINE 38 218 38 287
PAINT_LINE 38 530 38 545
PAINT_LINE 38 606 38 609
PAINT_LINE 38 623 38 632
PAINT_LINE 38 636 38 639
PAINT_LINE 38 647 38 652
PAINT_LINE 38 667 38 675
PAINT_LINE 38 763 38 766
PAINT_LINE 38 777 38 780
PAINT_LINE 39 6 39 9
PAINT_LINE 39 46 39 48
PAINT_LINE 39 64 39 69
PAINT_LINE 39 80 39 82
PAINT_LINE 39 98 39 99
PAINT_LINE 39 152 39 155
PAINT_LINE 39 216 39 239
PAINT_LINE 39 265 39 286
PAINT_LINE 39 530 39 545
PAINT_LINE 39 601 39 615
PAINT_LINE 39 619 39 625
PAINT_LINE 39 630 39 631
PAINT_LINE 39 637 39 640
PAINT_LINE 39 647 39 653
PAINT_LINE 39 666 39 779
PAINT_LINE 40 7 40 9
PAINT_LINE 40 33 40 34
PAINT_LINE 40 46 40 47
PAINT_LINE 40 65 40 70
PAINT_LINE 40 81 40 82
PAINT_LINE 40 98 40 99
PAINT_LINE 40 152 40 155
PAINT_LINE 40 214 40 236
PAINT_LINE 40 270 40 285
PAINT_LINE 40 530 40 545
PAINT_LINE 40 607 40 625
PAINT_LINE 40 631 40 631
PAINT_LINE 40 638 40 640
PAINT_LINE 40 646 40 653
PAINT_LINE 40 668 40 776
PAINT_LINE 41 7 41 9
PAINT_LINE 41 32 41 36
PAINT_LINE 41 46 41 47
PAINT_LINE 41 64 41 67
PAINT_LINE 41 69 41 72
PAINT_LINE 41 80 41 82
PAINT_LINE 41 99 41 99
PAINT_LINE 41 152 41 155
PAINT_LINE 41 212 41 233
PAINT_LINE 41 274 41 283
PAINT_LINE 41 530 41 545
PAINT_LINE 41 607 41 609
PAINT_LINE 41 612 41 617
PAINT_LINE 41 623 41 625
PAINT_LINE 41 646 41 653
PAINT_LINE 41 728 41 731
PAINT_LINE 41 781 41 784
PAINT_LINE 42 6 42 9
PAINT_LINE 42 32 42 37
PAINT_LINE 42 46 42 48
PAINT_LINE 42 64 42 67
PAINT_LINE 42 69 42 73
PAINT_LINE 42 80 42 82
PAINT_LINE 42 98 42 100
PAINT_LINE 42 152 42 155
PAINT_LINE 42 210 42 230
PAINT_LINE 42 278 42 280
PAINT_LINE 42 530 42 545
PAINT_LINE 42 608 42 608
PAINT_LINE 42 615 42 616
PAINT_LINE 42 646 42 648
PAINT_LINE 42 651 42 655
PAINT_LINE 42 728 42 732
PAINT_LINE 42 780 42 782
PAINT_LINE 43 6 43 9
PAINT_LINE 43 32 43 40
PAINT_LINE 43 46 43 48
PAINT_LINE 43 64 43 67
PAINT_LINE 43 70 43 73
PAINT_LINE 43 80 43 82
PAINT_LINE 43 98 43 100
PAINT_LINE 43 152 43 155
PAINT_LINE 43 209 43 225
PAINT_LINE 43 530 43 544
PAINT_LINE 43 646 43 648
PAINT_LINE 43 651 43 655
PAINT_LINE 43 728 43 733
PAINT_LINE 43 780 43 782
PAINT_LINE 44 6 44 9
PAINT_LINE 44 33 44 35
PAINT_LINE 44 37 44 41
PAINT_LINE 44 46 44 48
PAINT_LINE 44 65 44 67
PAINT_LINE 44 71 44 72
PAINT_LINE 44 81 44 82
PAINT_LINE 44 99 44 99
PAINT_LINE 44 152 44 155
PAINT_LINE 44 207 44 224
PAINT_LINE 44 530 44 544
PAINT_LINE 44 647 44 653
PAINT_LINE 44 727 44 732
PAINT_LINE 44 779 44 787
PAINT_LINE 45 0 45 155
PAINT_LINE 45 206 45 222
PAINT_LINE 45 530 45 543
PAINT_LINE 45 782 45 784
PAINT_LINE 46 0 46 9
PAINT_LINE 46 11 46 17
PAINT_LINE 46 22 46 23
PAINT_LINE 46 28 46 29
PAINT_LINE 46 31 46 35
PAINT_LINE 46 37 46 43
PAINT_LINE 46 46 46 60
PAINT_LINE 46 62 46 76
PAINT_LINE 46 81 46 81
PAINT_LINE 46 84 46 154
PAINT_LINE 46 206 46 222
PAINT_LINE 46 530 46 543
PAINT_LINE 47 6 47 9
PAINT_LINE 47 33 47 35
PAINT_LINE 47 39 47 40
PAINT_LINE 47 47 47 48
PAINT_LINE 47 62 47 67
PAINT_LINE 47 89 47 99
PAINT_LINE 47 205 47 221
PAINT_LINE 47 530 47 543
PAINT_LINE 48 2 48 9
PAINT_LINE 48 33 48 34
PAINT_LINE 48 47 48 48
PAINT_LINE 48 59 48 68
PAINT_LINE 48 87 48 99
PAINT_LINE 48 102 48 102
PAINT_LINE 48 203 48 220
PAINT_LINE 48 530 48 544
PAINT_LINE 49 4 49 9
PAINT_LINE 49 32 49 35
PAINT_LINE 49 44 49 48
PAINT_LINE 49 58 49 64
PAINT_LINE 49 87 49 99
PAINT_LINE 49 203 49 219
PAINT_LINE 49 530 49 545
PAINT_LINE 50 0 50 9
PAINT_LINE 50 34 50 34
PAINT_LINE 50 42 50 48
PAINT_LINE 50 88 50 93
PAINT_LINE 50 202 50 218
PAINT_LINE 50 336 50 351
PAINT_LINE 50 409 50 424
PAINT_LINE 50 482 50 499
PAINT_LINE 50 510 50 516
PAINT_LINE 50 530 50 545
PAINT_LINE 50 575 50 593
PAINT_LINE 51 0 51 7
PAINT_LINE 51 30 51 35
PAINT_LINE 51 40 51 48
PAINT_LINE 51 202 51 217
PAINT_LINE 51 328 51 356
PAINT_LINE 51 403 51 429
PAINT_LINE 51 478 51 504
PAINT_LINE 51 506 51 520
PAINT_LINE 51 530 51 545
PAINT_LINE 51 570 51 597
PAINT_LINE 52 28 52 35
PAINT_LINE 52 39 52 47
PAINT_LINE 52 201 52 216
PAINT_LINE 52 324 52 360
PAINT_LINE 52 399 52 432
PAINT_LINE 52 473 52 521
PAINT_LINE 52 530 52 545
PAINT_LINE 52 567 52 599
PAINT_LINE 52 675 52 675
PAINT_LINE 53 27 53 35
PAINT_LINE 53 40 53 45
PAINT_LINE 53 202 53 217
PAINT_LINE 53 322 53 363
PAINT_LINE 53 395 53 436
PAINT_LINE 53 471 53 520
PAINT_LINE 53 530 53 545
PAINT_LINE 53 564 53 602
PAINT_LINE 53 674 53 676
PAINT_LINE 54 26 54 35
PAINT_LINE 54 64 54 65
PAINT_LINE 54 147 54 148
PAINT_LINE 54 150 54 154
PAINT_LINE 54 201 54 216
PAINT_LINE 54 320 54 366
PAINT_LINE 54 393 54 439
PAINT_LINE 54 466 54 520
PAINT_LINE 54 530 54 545
PAINT_LINE 54 561 54 605
PAINT_LINE 54 672 54 677
PAINT_LINE 55 65 55 65
PAINT_LINE 55 147 55 148
PAINT_LINE 55 151 55 155
PAINT_LINE 55 200 55 216
PAINT_LINE 55 254 55 301
PAINT_LINE 55 317 55 367
PAINT_LINE 55 392 55 440
PAINT_LINE 55 465 55 521
PAINT_LINE 55 530 55 545
PAINT_LINE 55 560 55 606
PAINT_LINE 55 671 55 678
PAINT_LINE 56 65 56 66
PAINT_LINE 56 146 56 148
PAINT_LINE 56 151 56 155
PAINT_LINE 56 200 56 216
PAINT_LINE 56 254 56 302
PAINT_LINE 56 316 56 340
PAINT_LINE 56 345 56 369
PAINT_LINE 56 391 56 442
PAINT_LINE 56 464 56 521
PAINT_LINE 56 530 56 545
PAINT_LINE 56 559 56 607
PAINT_LINE 56 670 56 678
PAINT_LINE 57 65 57 66
PAINT_LINE 57 147 57 148
PAINT_LINE 57 151 57 155
PAINT_LINE 57 200 57 216
PAINT_LINE 57 254 57 303
PAINT_LINE 57 313 57 330
PAINT_LINE 57 350 57 370
PAINT_LINE 57 389 57 406
PAINT_LINE 57 424 57 444
PAINT_LINE 57 463 57 480
PAINT_LINE 57 496 57 521
PAINT_LINE 57 530 57 545
PAINT_LINE 57 558 57 560
PAINT_LINE 57 562 57 576
PAINT_LINE 57 593 57 608
PAINT_LINE 57 669 57 672
PAINT_LINE 57 676 57 679
PAINT_LINE 57 778 57 787
PAINT_LINE 58 17 58 20
PAINT_LINE 58 64 58 67
PAINT_LINE 58 146 58 155
PAINT_LINE 58 200 58 216
PAINT_LINE 58 253 58 303
PAINT_LINE 58 312 58 328
PAINT_LINE 58 354 58 371
PAINT_LINE 58 387 58 403
PAINT_LINE 58 429 58 445
PAINT_LINE 58 462 58 478
PAINT_LINE 58 499 58 521
PAINT_LINE 58 530 58 545
PAINT_LINE 58 557 58 573
PAINT_LINE 58 596 58 610
PAINT_LINE 58 669 58 670
PAINT_LINE 58 676 58 680
PAINT_LINE 58 769 58 781
PAINT_LINE 58 785 58 787
PAINT_LINE 59 17 59 19
PAINT_LINE 59 64 59 66
PAINT_LINE 59 147 59 155
PAINT_LINE 59 200 59 216
PAINT_LINE 59 253 59 302
PAINT_LINE 59 311 59 326
PAINT_LINE 59 355 59 371
PAINT_LINE 59 386 59 401
PAINT_LINE 59 430 59 446
PAINT_LINE 59 461 59 477
PAINT_LINE 59 501 59 521
PAINT_LINE 59 531 59 545
PAINT_LINE 59 556 59 566
PAINT_LINE 59 568 59 571
PAINT_LINE 59 597 59 611
PAINT_LINE 59 668 59 669
PAINT_LINE 59 674 59 681
PAINT_LINE 59 757 59 757
PAINT_LINE 59 761 59 771
PAINT_LINE 59 778 59 780
PAINT_LINE 59 786 59 788
PAINT_LINE 60 17 60 19
PAINT_LINE 60 58 60 60
PAINT_LINE 60 65 60 66
PAINT_LINE 60 147 60 148
PAINT_LINE 60 151 60 155
PAINT_LINE 60 201 60 216
PAINT_LINE 60 254 60 302
PAINT_LINE 60 310 60 325
PAINT_LINE 60 357 60 372
PAINT_LINE 60 385 60 399
PAINT_LINE 60 431 60 446
PAINT_LINE 60 459 60 476
PAINT_LINE 60 504 60 521
PAINT_LINE 60 531 60 545
PAINT_LINE 60 556 60 569
PAINT_LINE 60 594 60 612
PAINT_LINE 60 667 60 669
PAINT_LINE 60 674 60 682
PAINT_LINE 60 749 60 760
PAINT_LINE 60 766 60 768
PAINT_LINE 60 778 60 782
PAINT_LINE 60 785 60 790
PAINT_LINE 61 17 61 20
PAINT_LINE 61 32 61 33
PAINT_LINE 61 57 61 62
PAINT_LINE 61 65 61 66
PAINT_LINE 61 146 61 148
PAINT_LINE 61 151 61 155
PAINT_LINE 61 201 61 216
PAINT_LINE 61 254 61 302
PAINT_LINE 61 310 61 324
PAINT_LINE 61 358 61 373
PAINT_LINE 61 385 61 398
PAINT_LINE 61 432 61 447
PAINT_LINE 61 459 61 474
PAINT_LINE 61 505 61 521
PAINT_LINE 61 531 61 545
PAINT_LINE 61 555 61 568
PAINT_LINE 61 589 61 612
PAINT_LINE 61 666 61 668
PAINT_LINE 61 679 61 682
PAINT_LINE 61 742 61 752
PAINT_LINE 61 756 61 760
PAINT_LINE 61 766 61 770
PAINT_LINE 61 776 61 785
PAINT_LINE 61 787 61 790
PAINT_LINE 62 0 62 36
PAINT_LINE 62 39 62 112
PAINT_LINE 62 116 62 141
PAINT_LINE 62 145 62 155
PAINT_LINE 62 201 62 216
PAINT_LINE 62 287 62 302
PAINT_LINE 62 310 62 323
PAINT_LINE 62 359 62 374
PAINT_LINE 62 384 62 397
PAINT_LINE 62 432 62 448
PAINT_LINE 62 458 62 473
PAINT_LINE 62 505 62 521
PAINT_LINE 62 531 62 545
PAINT_LINE 62 554 62 567
PAINT_LINE 62 582 62 611
PAINT_LINE 62 665 62 667
PAINT_LINE 62 680 62 683
PAINT_LINE 62 734 62 745
PAINT_LINE 62 748 62 748
PAINT_LINE 62 758 62 761
PAINT_LINE 62 766 62 775
PAINT_LINE 62 781 62 784
PAINT_LINE 62 788 62 792
PAINT_LINE 63 16 63 18
PAINT_LINE 63 21 63 24
PAINT_LINE 63 32 63 35
PAINT_LINE 63 57 63 66
PAINT_LINE 63 146 63 155
PAINT_LINE 63 201 63 217
PAINT_LINE 63 287 63 301
PAINT_LINE 63 309 63 322
PAINT_LINE 63 359 63 374
PAINT_LINE 63 384 63 396
PAINT_LINE 63 433 63 447
PAINT_LINE 63 457 63 473
PAINT_LINE 63 506 63 521
PAINT_LINE 63 531 63 545
PAINT_LINE 63 554 63 566
PAINT_LINE 63 579 63 606
PAINT_LINE 63 664 63 666
PAINT_LINE 63 674 63 676
PAINT_LINE 63 680 63 684
PAINT_LINE 63 729 63 736
PAINT_LINE 63 741 63 744
PAINT_LINE 63 758 63 765
PAINT_LINE 63 768 63 772
PAINT_LINE 63 782 63 784
PAINT_LINE 63 788 63 793
PAINT_LINE 63 798 63 799
PAINT_LINE 64 17 64 18
PAINT_LINE 64 22 64 25
PAINT_LINE 64 32 64 34
PAINT_LINE 64 58 64 66
PAINT_LINE 64 146 64 148
PAINT_LINE 64 151 64 155
PAINT_LINE 64 202 64 218
PAINT_LINE 64 287 64 301
PAINT_LINE 64 308 64 322
PAINT_LINE 64 360 64 374
PAINT_LINE 64 384 64 395
PAINT_LINE 64 433 64 448
PAINT_LINE 64 458 64 473
PAINT_LINE 64 506 64 521
PAINT_LINE 64 531 64 545
PAINT_LINE 64 554 64 565
PAINT_LINE 64 574 64 600
PAINT_LINE 64 664 64 666
PAINT_LINE 64 673 64 676
PAINT_LINE 64 681 64 685
PAINT_LINE 64 722 64 730
PAINT_LINE 64 733 64 734
PAINT_LINE 64 742 64 745
PAINT_LINE 64 749 64 763
PAINT_LINE 64 770 64 774
PAINT_LINE 64 782 64 793
PAINT_LINE 64 796 64 799
PAINT_LINE 65 16 65 18
PAINT_LINE 65 22 65 26
PAINT_LINE 65 32 65 34
PAINT_LINE 65 58 65 60
PAINT_LINE 65 63 65 66
PAINT_LINE 65 147 65 148
PAINT_LINE 65 150 65 155
PAINT_LINE 65 202 65 219
PAINT_LINE 65 287 65 301
PAINT_LINE 65 308 65 322
PAINT_LINE 65 361 65 375
PAINT_LINE 65 384 65 395
PAINT_LINE 65 435 65 448
PAINT_LINE 65 457 65 472
PAINT_LINE 65 506 65 521
PAINT_LINE 65 531 65 545
PAINT_LINE 65 555 65 565
PAINT_LINE 65 568 65 587
PAINT_LINE 65 591 65 596
PAINT_LINE 65 664 65 665
PAINT_LINE 65 674 65 675
PAINT_LINE 65 682 65 686
PAINT_LINE 65 716 65 724
PAINT_LINE 65 726 65 726
PAINT_LINE 65 733 65 735
PAINT_LINE 65 742 65 755
PAINT_LINE 65 761 65 764
PAINT_LINE 65 771 65 775
PAINT_LINE 65 777 65 787
PAINT_LINE 65 795 65 799
PAINT_LINE 66 16 66 19
PAINT_LINE 66 22 66 27
PAINT_LINE 66 31 66 35
PAINT_LINE 66 57 66 61
PAINT_LINE 66 63 66 67
PAINT_LINE 66 146 66 155
PAINT_LINE 66 202 66 219
PAINT_LINE 66 287 66 301
PAINT_LINE 66 308 66 322
PAINT_LINE 66 362 66 374
PAINT_LINE 66 384 66 395
PAINT_LINE 66 436 66 448
PAINT_LINE 66 456 66 472
PAINT_LINE 66 506 66 521
PAINT_LINE 66 531 66 545
PAINT_LINE 66 554 66 592
PAINT_LINE 66 663 66 664
PAINT_LINE 66 683 66 686
PAINT_LINE 66 713 66 721
PAINT_LINE 66 734 66 737
PAINT_LINE 66 739 66 748
PAINT_LINE 66 751 66 754
PAINT_LINE 66 761 66 764
PAINT_LINE 66 771 66 786
PAINT_LINE 66 794 66 798
PAINT_LINE 67 16 67 19
PAINT_LINE 67 22 67 27
PAINT_LINE 67 31 67 34
PAINT_LINE 67 57 67 61
PAINT_LINE 67 63 67 67
PAINT_LINE 67 84 67 85
PAINT_LINE 67 146 67 155
PAINT_LINE 67 203 67 220
PAINT_LINE 67 286 67 300
PAINT_LINE 67 308 67 322
PAINT_LINE 67 361 67 374
PAINT_LINE 67 383 67 395
PAINT_LINE 67 436 67 448
PAINT_LINE 67 457 67 472
PAINT_LINE 67 507 67 521
PAINT_LINE 67 530 67 545
PAINT_LINE 67 553 67 589
PAINT_LINE 67 662 67 664
PAINT_LINE 67 683 67 687
PAINT_LINE 67 706 67 713
PAINT_LINE 67 721 67 722
PAINT_LINE 67 732 67 741
PAINT_LINE 67 744 67 747
PAINT_LINE 67 753 67 756
PAINT_LINE 67 762 67 779
PAINT_LINE 67 794 67 798
PAINT_LINE 68 17 68 18
PAINT_LINE 68 23 68 26
PAINT_LINE 68 32 68 34
PAINT_LINE 68 57 68 61
PAINT_LINE 68 64 68 66
PAINT_LINE 68 85 68 85
PAINT_LINE 68 147 68 148
PAINT_LINE 68 151 68 154
PAINT_LINE 68 204 68 222
PAINT_LINE 68 285 68 299
PAINT_LINE 68 308 68 322
PAINT_LINE 68 361 68 374
PAINT_LINE 68 382 68 396
PAINT_LINE 68 436 68 448
PAINT_LINE 68 457 68 471
PAINT_LINE 68 507 68 521
PAINT_LINE 68 530 68 544
PAINT_LINE 68 554 68 583
PAINT_LINE 68 661 68 663
PAINT_LINE 68 674 68 676
PAINT_LINE 68 684 68 687
PAINT_LINE 68 705 68 711
PAINT_LINE 68 720 68 727
PAINT_LINE 68 729 68 731
PAINT_LINE 68 737 68 741
PAINT_LINE 68 746 68 748
PAINT_LINE 68 753 68 768
PAINT_LINE 68 776 68 779
PAINT_LINE 68 794 68 798
PAINT_LINE 69 16 69 18
PAINT_LINE 69 23 69 26
PAINT_LINE 69 31 69 34
PAINT_LINE 69 57 69 61
PAINT_LINE 69 63 69 67
PAINT_LINE 69 85 69 86
PAINT_LINE 69 146 69 154
PAINT_LINE 69 205 69 223
PAINT_LINE 69 283 69 298
PAINT_LINE 69 309 69 323
PAINT_LINE 69 360 69 374
PAINT_LINE 69 384 69 396
PAINT_LINE 69 436 69 447
PAINT_LINE 69 457 69 472
PAINT_LINE 69 507 69 521
PAINT_LINE 69 530 69 544
PAINT_LINE 69 554 69 578
PAINT_LINE 69 660 69 662
PAINT_LINE 69 674 69 676
PAINT_LINE 69 685 69 689
PAINT_LINE 69 709 69 712
PAINT_LINE 69 715 69 726
PAINT_LINE 69 738 69 742
PAINT_LINE 69 746 69 761
PAINT_LINE 69 764 69 768
PAINT_LINE 69 777 69 782
PAINT_LINE 69 794 69 798
PAINT_LINE 70 0 70 3
PAINT_LINE 70 5 70 36
PAINT_LINE 70 38 70 153
PAINT_LINE 70 206 70 226
PAINT_LINE 70 282 70 298
PAINT_LINE 70 309 70 323
PAINT_LINE 70 359 70 373
PAINT_LINE 70 384 70 397
PAINT_LINE 70 434 70 447
PAINT_LINE 70 457 70 471
PAINT_LINE 70 506 70 521
PAINT_LINE 70 530 70 545
PAINT_LINE 70 554 70 573
PAINT_LINE 70 659 70 661
PAINT_LINE 70 673 70 675
PAINT_LINE 70 686 70 690
PAINT_LINE 70 709 70 714
PAINT_LINE 70 724 70 726
PAINT_LINE 70 738 70 751
PAINT_LINE 70 757 70 760
PAINT_LINE 70 766 70 769
PAINT_LINE 70 779 70 786
PAINT_LINE 70 794 70 798
PAINT_LINE 71 16 71 18
PAINT_LINE 71 31 71 34
PAINT_LINE 71 57 71 61
PAINT_LINE 71 63 71 64
PAINT_LINE 71 207 71 228
PAINT_LINE 71 279 71 296
PAINT_LINE 71 310 71 324
PAINT_LINE 71 359 71 373
PAINT_LINE 71 385 71 397
PAINT_LINE 71 433 71 446
PAINT_LINE 71 458 71 472
PAINT_LINE 71 506 71 521
PAINT_LINE 71 530 71 545
PAINT_LINE 71 554 71 568
PAINT_LINE 71 658 71 661
PAINT_LINE 71 686 71 691
PAINT_LINE 71 711 71 714
PAINT_LINE 71 725 71 728
PAINT_LINE 71 735 71 745
PAINT_LINE 71 748 71 751
PAINT_LINE 71 759 71 761
PAINT_LINE 71 767 71 770
PAINT_LINE 71 779 71 784
PAINT_LINE 71 794 71 798
PAINT_LINE 72 13 72 17
PAINT_LINE 72 28 72 34
PAINT_LINE 72 54 72 61
PAINT_LINE 72 208 72 232
PAINT_LINE 72 276 72 295
PAINT_LINE 72 311 72 325
PAINT_LINE 72 358 72 373
PAINT_LINE 72 385 72 398
PAINT_LINE 72 432 72 446
PAINT_LINE 72 459 72 473
PAINT_LINE 72 505 72 521
PAINT_LINE 72 530 72 537
PAINT_LINE 72 539 72 546
PAINT_LINE 72 555 72 569
PAINT_LINE 72 658 72 660
PAINT_LINE 72 687 72 692
PAINT_LINE 72 711 72 715
PAINT_LINE 72 725 72 734
PAINT_LINE 72 742 72 744
PAINT_LINE 72 750 72 752
PAINT_LINE 72 760 72 762
PAINT_LINE 72 768 72 771
PAINT_LINE 72 777 72 783
PAINT_LINE 72 794 72 798
PAINT_LINE 73 7 73 17
PAINT_LINE 73 31 73 34
PAINT_LINE 73 56 73 60
PAINT_LINE 73 84 73 85
PAINT_LINE 73 210 73 234
PAINT_LINE 73 273 73 294
PAINT_LINE 73 311 73 326
PAINT_LINE 73 356 73 372
PAINT_LINE 73 386 73 400
PAINT_LINE 73 430 73 445
PAINT_LINE 73 459 73 476
PAINT_LINE 73 503 73 521
PAINT_LINE 73 530 73 546
PAINT_LINE 73 556 73 572
PAINT_LINE 73 600 73 606
PAINT_LINE 73 657 73 659
PAINT_LINE 73 688 73 692
PAINT_LINE 73 712 73 717
PAINT_LINE 73 720 73 729
PAINT_LINE 73 743 73 745
PAINT_LINE 73 751 73 753
PAINT_LINE 73 761 73 763
PAINT_LINE 73 769 73 777
PAINT_LINE 73 781 73 784
PAINT_LINE 73 794 73 798
PAINT_LINE 74 7 74 18
PAINT_LINE 74 31 74 34
PAINT_LINE 74 57 74 60
PAINT_LINE 74 76 74 81
PAINT_LINE 74 83 74 86
PAINT_LINE 74 211 74 236
PAINT_LINE 74 271 74 292
PAINT_LINE 74 312 74 327
PAINT_LINE 74 354 74 371
PAINT_LINE 74 386 74 402
PAINT_LINE 74 429 74 444
PAINT_LINE 74 459 74 477
PAINT_LINE 74 501 74 521
PAINT_LINE 74 530 74 546
PAINT_LINE 74 556 74 573
PAINT_LINE 74 597 74 607
PAINT_LINE 74 655 74 659
PAINT_LINE 74 674 74 676
PAINT_LINE 74 688 74 693
PAINT_LINE 74 713 74 721
PAINT_LINE 74 728 74 730
PAINT_LINE 74 743 74 745
PAINT_LINE 74 752 74 754
PAINT_LINE 74 761 74 766
PAINT_LINE 74 768 74 776
PAINT_LINE 74 781 74 784
PAINT_LINE 74 794 74 798
PAINT_LINE 75 7 75 18
PAINT_LINE 75 27 75 35
PAINT_LINE 75 53 75 60
PAINT_LINE 75 84 75 85
PAINT_LINE 75 214 75 241
PAINT_LINE 75 267 75 291
PAINT_LINE 75 313 75 328
PAINT_LINE 75 352 75 371
PAINT_LINE 75 387 75 403
PAINT_LINE 75 426 75 443
PAINT_LINE 75 460 75 478
PAINT_LINE 75 499 75 521
PAINT_LINE 75 530 75 546
PAINT_LINE 75 556 75 574
PAINT_LINE 75 594 75 609
PAINT_LINE 75 654 75 658
PAINT_LINE 75 673 75 676
PAINT_LINE 75 690 75 694
PAINT_LINE 75 714 75 719
PAINT_LINE 75 729 75 731
PAINT_LINE 75 744 75 746
PAINT_LINE 75 752 75 755
PAINT_LINE 75 761 75 777
PAINT_LINE 75 782 75 788
PAINT_LINE 75 794 75 798
PAINT_LINE 76 7 76 16
PAINT_LINE 76 24 76 35
PAINT_LINE 76 51 76 60
PAINT_LINE 76 84 76 85
PAINT_LINE 76 215 76 289
PAINT_LINE 76 314 76 332
PAINT_LINE 76 349 76 370
PAINT_LINE 76 388 76 406
PAINT_LINE 76 424 76 442
PAINT_LINE 76 461 76 483
PAINT_LINE 76 495 76 521
PAINT_LINE 76 530 76 546
PAINT_LINE 76 557 76 577
PAINT_LINE 76 591 76 611
PAINT_LINE 76 654 76 657
PAINT_LINE 76 675 76 675
PAINT_LINE 76 691 76 694
PAINT_LINE 76 715 76 721
PAINT_LINE 76 726 76 740
PAINT_LINE 76 744 76 748
PAINT_LINE 76 752 76 779
PAINT_LINE 76 782 76 788
PAINT_LINE 76 794 76 798
PAINT_LINE 77 24 77 34
PAINT_LINE 77 51 77 58
PAINT_LINE 77 84 77 86
PAINT_LINE 77 217 77 286
PAINT_LINE 77 316 77 368
PAINT_LINE 77 389 77 441
PAINT_LINE 77 463 77 521
PAINT_LINE 77 530 77 546
PAINT_LINE 77 559 77 611
PAINT_LINE 77 653 77 656
PAINT_LINE 77 663 77 663
PAINT_LINE 77 692 77 695
PAINT_LINE 77 716 77 727
PAINT_LINE 77 730 77 735
PAINT_LINE 77 737 77 788
PAINT_LINE 77 794 77 799
PAINT_LINE 78 51 78 55
PAINT_LINE 78 80 78 86
PAINT_LINE 78 219 78 284
PAINT_LINE 78 318 78 367
PAINT_LINE 78 391 78 440
PAINT_LINE 78 465 78 521
PAINT_LINE 78 530 78 546
PAINT_LINE 78 560 78 609
PAINT_LINE 78 652 78 655
PAINT_LINE 78 662 78 666
PAINT_LINE 78 692 78 696
PAINT_LINE 78 716 78 716
PAINT_LINE 78 719 78 724
PAINT_LINE 78 732 78 735
PAINT_LINE 78 746 78 749
PAINT_LINE 78 754 78 767
PAINT_LINE 78 775 78 788
PAINT_LINE 78 794 78 799
PAINT_LINE 79 77 79 86
PAINT_LINE 79 223 79 281
PAINT_LINE 79 319 79 364
PAINT_LINE 79 394 79 436
PAINT_LINE 79 467 79 521
PAINT_LINE 79 530 79 546
PAINT_LINE 79 564 79 607
PAINT_LINE 79 651 79 654
PAINT_LINE 79 661 79 665
PAINT_LINE 79 675 79 676
PAINT_LINE 79 693 79 697
PAINT_LINE 79 720 79 726
PAINT_LINE 79 734 79 736
PAINT_LINE 79 747 79 749
PAINT_LINE 79 755 79 762
PAINT_LINE 79 765 79 767
PAINT_LINE 79 776 79 788
PAINT_LINE 79 794 79 799
PAINT_LINE 80 75 80 80
PAINT_LINE 80 83 80 86
PAINT_LINE 80 226 80 278
PAINT_LINE 80 322 80 362
PAINT_LINE 80 396 80 433
PAINT_LINE 80 470 80 521
PAINT_LINE 80 531 80 545
PAINT_LINE 80 566 80 605
PAINT_LINE 80 650 80 653
PAINT_LINE 80 675 80 676
PAINT_LINE 80 694 80 697
PAINT_LINE 80 721 80 727
PAINT_LINE 80 734 80 737
PAINT_LINE 80 748 80 750
PAINT_LINE 80 756 80 762
PAINT_LINE 80 766 80 768
PAINT_LINE 80 777 80 784
PAINT_LINE 80 787 80 788
PAINT_LINE 80 794 80 799
PAINT_LINE 81 75 81 81
PAINT_LINE 81 232 81 273
PAINT_LINE 81 325 81 357
PAINT_LINE 81 398 81 430
PAINT_LINE 81 472 81 521
PAINT_LINE 81 531 81 545
PAINT_LINE 81 567 81 601
PAINT_LINE 81 650 81 652
PAINT_LINE 81 675 81 675
PAINT_LINE 81 695 81 698
PAINT_LINE 81 720 81 730
PAINT_LINE 81 734 81 738
PAINT_LINE 81 748 81 750
PAINT_LINE 81 756 81 762
PAINT_LINE 81 767 81 769
PAINT_LINE 81 777 81 783
PAINT_LINE 81 794 81 799
PAINT_LINE 82 0 82 6
PAINT_LINE 82 66 82 81
PAINT_LINE 82 239 82 265
PAINT_LINE 82 329 82 354
PAINT_LINE 82 404 82 424
PAINT_LINE 82 477 82 499
PAINT_LINE 82 505 82 521
PAINT_LINE 82 532 82 544
PAINT_LINE 82 575 82 595
PAINT_LINE 82 597 82 597
PAINT_LINE 82 649 82 651
PAINT_LINE 82 695 82 699
PAINT_LINE 82 720 82 741
PAINT_LINE 82 749 82 751
PAINT_LINE 82 756 82 761
PAINT_LINE 82 767 82 770
PAINT_LINE 82 773 82 783
PAINT_LINE 82 794 82 799
PAINT_LINE 83 2 83 20
PAINT_LINE 83 56 83 63
PAINT_LINE 83 67 83 69
PAINT_LINE 83 72 83 72
PAINT_LINE 83 75 83 77
PAINT_LINE 83 79 83 91
PAINT_LINE 83 248 83 249
PAINT_LINE 83 252 83 261
PAINT_LINE 83 334 83 334
PAINT_LINE 83 339 83 348
PAINT_LINE 83 407 83 418
PAINT_LINE 83 479 83 496
PAINT_LINE 83 505 83 521
PAINT_LINE 83 583 83 585
PAINT_LINE 83 591 83 591
PAINT_LINE 83 648 83 650
PAINT_LINE 83 696 83 699
PAINT_LINE 83 726 83 733
PAINT_LINE 83 735 83 745
PAINT_LINE 83 749 83 752
PAINT_LINE 83 757 83 762
PAINT_LINE 83 767 83 786
PAINT_LINE 83 794 83 799
PAINT_LINE 84 7 84 22
PAINT_LINE 84 47 84 61
PAINT_LINE 84 64 84 67
PAINT_LINE 84 72 84 77
PAINT_LINE 84 80 84 95
PAINT_LINE 84 505 84 520
PAINT_LINE 84 647 84 650
PAINT_LINE 84 697 84 700
PAINT_LINE 84 727 84 732
PAINT_LINE 84 739 84 753
PAINT_LINE 84 756 84 787
PAINT_LINE 84 794 84 799
PAINT_LINE 85 13 85 22
PAINT_LINE 85 41 85 73
PAINT_LINE 85 79 85 85
PAINT_LINE 85 88 85 100
PAINT_LINE 85 506 85 520
PAINT_LINE 85 647 85 649
PAINT_LINE 85 675 85 676
PAINT_LINE 85 698 85 701
PAINT_LINE 85 729 85 733
PAINT_LINE 85 741 85 786
PAINT_LINE 85 794 85 799
PAINT_LINE 86 6 86 17
PAINT_LINE 86 37 86 68
PAINT_LINE 86 70 86 72
PAINT_LINE 86 90 86 103
PAINT_LINE 86 471 86 472
PAINT_LINE 86 505 86 519
PAINT_LINE 86 646 86 648
PAINT_LINE 86 675 86 675
PAINT_LINE 86 698 86 702
PAINT_LINE 86 730 86 734
PAINT_LINE 86 742 86 745
PAINT_LINE 86 751 86 755
PAINT_LINE 86 760 86 786
PAINT_LINE 86 795 86 799
PAINT_LINE 87 0 87 7
PAINT_LINE 87 34 87 37
PAINT_LINE 87 39 87 54
PAINT_LINE 87 62 87 67
PAINT_LINE 87 71 87 72
PAINT_LINE 87 96 87 107
PAINT_LINE 87 464 87 473
PAINT_LINE 87 503 87 519
PAINT_LINE 87 645 87 648
PAINT_LINE 87 699 87 703
PAINT_LINE 87 730 87 746
PAINT_LINE 87 752 87 756
PAINT_LINE 87 762 87 781
PAINT_LINE 87 785 87 786
PAINT_LINE 87 788 87 788
PAINT_LINE 87 795 87 799
PAINT_LINE 88 31 88 33
PAINT_LINE 88 62 88 65
PAINT_LINE 88 70 88 71
PAINT_LINE 88 101 88 111
PAINT_LINE 88 460 88 475
PAINT_LINE 88 501 88 518
PAINT_LINE 88 644 88 647
PAINT_LINE 88 700 88 703
PAINT_LINE 88 727 88 759
PAINT_LINE 88 762 88 789
PAINT_LINE 88 795 88 799
PAINT_LINE 89 27 89 30
PAINT_LINE 89 61 89 63
PAINT_LINE 89 70 89 72
PAINT_LINE 89 105 89 113
PAINT_LINE 89 460 89 476
PAINT_LINE 89 499 89 517
PAINT_LINE 89 644 89 646
PAINT_LINE 89 659 89 660
PAINT_LINE 89 670 89 672
PAINT_LINE 89 674 89 675
PAINT_LINE 89 685 89 687
PAINT_LINE 89 700 89 704
PAINT_LINE 89 734 89 738
PAINT_LINE 89 746 89 749
PAINT_LINE 89 753 89 771
PAINT_LINE 89 778 89 788
PAINT_LINE 89 794 89 799
PAINT_LINE 90 22 90 28
PAINT_LINE 90 58 90 62
PAINT_LINE 90 71 90 71
PAINT_LINE 90 108 90 116
PAINT_LINE 90 459 90 481
PAINT_LINE 90 497 90 516
PAINT_LINE 90 643 90 645
PAINT_LINE 90 675 90 675
PAINT_LINE 90 701 90 705
PAINT_LINE 90 735 90 740
PAINT_LINE 90 747 90 749
PAINT_LINE 90 756 90 761
PAINT_LINE 90 767 90 773
PAINT_LINE 90 776 90 785
PAINT_LINE 90 788 90 788
PAINT_LINE 90 794 90 799
PAINT_LINE 91 20 91 23
PAINT_LINE 91 57 91 60
PAINT_LINE 91 71 91 72
PAINT_LINE 91 112 91 117
PAINT_LINE 91 461 91 515
PAINT_LINE 91 642 91 645
PAINT_LINE 91 701 91 706
PAINT_LINE 91 736 91 741
PAINT_LINE 91 748 91 750
PAINT_LINE 91 757 91 778
PAINT_LINE 91 781 91 785
PAINT_LINE 91 794 91 799
PAINT_LINE 92 19 92 22
PAINT_LINE 92 56 92 59
PAINT_LINE 92 71 92 72
PAINT_LINE 92 114 92 119
PAINT_LINE 92 462 92 515
PAINT_LINE 92 642 92 644
PAINT_LINE 92 699 92 707
PAINT_LINE 92 738 92 743
PAINT_LINE 92 746 92 775
PAINT_LINE 92 782 92 788
PAINT_LINE 92 794 92 799
PAINT_LINE 93 18 93 21
PAINT_LINE 93 55 93 58
PAINT_LINE 93 71 93 79
PAINT_LINE 93 82 93 82
PAINT_LINE 93 116 93 121
PAINT_LINE 93 464 93 513
PAINT_LINE 93 641 93 643
PAINT_LINE 93 702 93 708
PAINT_LINE 93 737 93 768
PAINT_LINE 93 771 93 776
PAINT_LINE 93 782 93 789
PAINT_LINE 93 794 93 799
PAINT_LINE 94 15 94 20
PAINT_LINE 94 35 94 36
PAINT_LINE 94 54 94 57
PAINT_LINE 94 69 94 90
PAINT_LINE 94 117 94 122
PAINT_LINE 94 214 94 220
PAINT_LINE 94 223 94 230
PAINT_LINE 94 465 94 511
PAINT_LINE 94 640 94 643
PAINT_LINE 94 675 94 676
PAINT_LINE 94 704 94 709
PAINT_LINE 94 733 94 745
PAINT_LINE 94 749 94 754
PAINT_LINE 94 763 94 769
PAINT_LINE 94 772 94 787
PAINT_LINE 94 794 94 799
PAINT_LINE 95 13 95 21
PAINT_LINE 95 32 95 36
PAINT_LINE 95 52 95 56
PAINT_LINE 95 68 95 72
PAINT_LINE 95 84 95 95
PAINT_LINE 95 120 95 124
PAINT_LINE 95 212 95 215
PAINT_LINE 95 218 95 224
PAINT_LINE 95 227 95 231
PAINT_LINE 95 288 95 290
PAINT_LINE 95 406 95 406
PAINT_LINE 95 409 95 423
PAINT_LINE 95 467 95 510
PAINT_LINE 95 640 95 643
PAINT_LINE 95 674 95 679
PAINT_LINE 95 684 95 687
PAINT_LINE 95 694 95 697
PAINT_LINE 95 702 95 709
PAINT_LINE 95 742 95 745
PAINT_LINE 95 751 95 755
PAINT_LINE 95 763 95 787
PAINT_LINE 95 795 95 799
PAINT_LINE 96 12 96 35
PAINT_LINE 96 46 96 55
PAINT_LINE 96 67 96 68
PAINT_LINE 96 70 96 72
PAINT_LINE 96 91 96 99
PAINT_LINE 96 122 96 125
PAINT_LINE 96 212 96 214
PAINT_LINE 96 219 96 224
PAINT_LINE 96 228 96 232
PAINT_LINE 96 284 96 297
PAINT_LINE 96 307 96 310
PAINT_LINE 96 317 96 319
PAINT_LINE 96 329 96 332
PAINT_LINE 96 351 96 361
PAINT_LINE 96 404 96 406
PAINT_LINE 96 408 96 413
PAINT_LINE 96 472 96 507
PAINT_LINE 96 640 96 644
PAINT_LINE 96 673 96 677
PAINT_LINE 96 704 96 709
PAINT_LINE 96 743 96 746
PAINT_LINE 96 751 96 770
PAINT_LINE 96 773 96 778
PAINT_LINE 96 784 96 788
PAINT_LINE 96 794 96 799
PAINT_LINE 97 11 97 29
PAINT_LINE 97 47 97 54
PAINT_LINE 97 66 97 67
PAINT_LINE 97 70 97 72
PAINT_LINE 97 95 97 104
PAINT_LINE 97 123 97 128
PAINT_LINE 97 211 97 215
PAINT_LINE 97 220 97 223
PAINT_LINE 97 228 97 233
PAINT_LINE 97 284 97 287
PAINT_LINE 97 306 97 308
PAINT_LINE 97 313 97 322
PAINT_LINE 97 329 97 333
PAINT_LINE 97 350 97 353
PAINT_LINE 97 404 97 420
PAINT_LINE 97 473 97 504
PAINT_LINE 97 640 97 643
PAINT_LINE 97 691 97 693
PAINT_LINE 97 704 97 708
PAINT_LINE 97 742 97 762
PAINT_LINE 97 764 97 769
PAINT_LINE 97 776 97 779
PAINT_LINE 97 782 97 788
PAINT_LINE 97 794 97 799
PAINT_LINE 98 9 98 27
PAINT_LINE 98 48 98 53
PAINT_LINE 98 64 98 66
PAINT_LINE 98 70 98 72
PAINT_LINE 98 99 98 106
PAINT_LINE 98 125 98 129
PAINT_LINE 98 208 98 216
PAINT_LINE 98 221 98 224
PAINT_LINE 98 230 98 233
PAINT_LINE 98 284 98 288
PAINT_LINE 98 305 98 308
PAINT_LINE 98 312 98 312
PAINT_LINE 98 318 98 322
PAINT_LINE 98 330 98 333
PAINT_LINE 98 341 98 341
PAINT_LINE 98 350 98 353
PAINT_LINE 98 404 98 408
PAINT_LINE 98 410 98 411
PAINT_LINE 98 418 98 423
PAINT_LINE 98 479 98 497
PAINT_LINE 98 641 98 645
PAINT_LINE 98 690 98 692
PAINT_LINE 98 702 98 707
PAINT_LINE 98 738 98 747
PAINT_LINE 98 754 98 759
PAINT_LINE 98 765 98 788
PAINT_LINE 98 794 98 799
PAINT_LINE 99 7 99 24
PAINT_LINE 99 49 99 53
PAINT_LINE 99 64 99 65
PAINT_LINE 99 70 99 73
PAINT_LINE 99 104 99 108
PAINT_LINE 99 126 99 131
PAINT_LINE 99 206 99 216
PAINT_LINE 99 222 99 225
PAINT_LINE 99 230 99 234
PAINT_LINE 99 285 99 295
PAINT_LINE 99 305 99 307
PAINT_LINE 99 318 99 321
PAINT_LINE 99 330 99 334
PAINT_LINE 99 339 99 342
PAINT_LINE 99 351 99 364
PAINT_LINE 99 378 99 380
PAINT_LINE 99 388 99 395
PAINT_LINE 99 404 99 408
PAINT_LINE 99 420 99 423
PAINT_LINE 99 643 99 647
PAINT_LINE 99 701 99 704
PAINT_LINE 99 737 99 738
PAINT_LINE 99 744 99 747
PAINT_LINE 99 756 99 772
PAINT_LINE 99 777 99 780
PAINT_LINE 99 786 99 788
PAINT_LINE 99 794 99 799
PAINT_LINE 100 6 100 15
PAINT_LINE 100 18 100 21
PAINT_LINE 100 49 100 52
PAINT_LINE 100 63 100 64
PAINT_LINE 100 71 100 73
PAINT_LINE 100 106 100 111
PAINT_LINE 100 128 100 132
PAINT_LINE 100 205 100 209
PAINT_LINE 100 211 100 216
PAINT_LINE 100 222 100 226
PAINT_LINE 100 231 100 234
PAINT_LINE 100 293 100 297
PAINT_LINE 100 305 100 306
PAINT_LINE 100 316 100 320
PAINT_LINE 100 330 100 334
PAINT_LINE 100 338 100 345
PAINT_LINE 100 362 100 366
PAINT_LINE 100 372 100 379
PAINT_LINE 100 389 100 395
PAINT_LINE 100 405 100 408
PAINT_LINE 100 422 100 423
PAINT_LINE 100 644 100 650
PAINT_LINE 100 698 100 702
PAINT_LINE 100 745 100 748
PAINT_LINE 100 754 100 762
PAINT_LINE 100 768 100 771
PAINT_LINE 100 779 100 780
PAINT_LINE 100 794 100 799
PAINT_LINE 101 5 101 9
PAINT_LINE 101 49 101 51
PAINT_LINE 101 62 101 63
PAINT_LINE 101 70 101 73
PAINT_LINE 101 107 101 112
PAINT_LINE 101 129 101 133
PAINT_LINE 101 205 101 209
PAINT_LINE 101 213 101 217
PAINT_LINE 101 223 101 226
PAINT_LINE 101 232 101 235
PAINT_LINE 101 238 101 241
PAINT_LINE 101 293 101 298
PAINT_LINE 101 305 101 307
PAINT_LINE 101 314 101 320
PAINT_LINE 101 330 101 334
PAINT_LINE 101 337 101 343
PAINT_LINE 101 362 101 367
PAINT_LINE 101 373 101 379
PAINT_LINE 101 388 101 396
PAINT_LINE 101 406 101 408
PAINT_LINE 101 411 101 413
PAINT_LINE 101 421 101 423
PAINT_LINE 101 646 101 656
PAINT_LINE 101 692 101 700
PAINT_LINE 101 745 101 759
PAINT_LINE 101 794 101 799
PAINT_LINE 102 4 102 8
PAINT_LINE 102 48 102 51
PAINT_LINE 102 62 102 63
PAINT_LINE 102 70 102 77
PAINT_LINE 102 108 102 113
PAINT_LINE 102 130 102 134
PAINT_LINE 102 205 102 209
PAINT_LINE 102 214 102 218
PAINT_LINE 102 223 102 227
PAINT_LINE 102 232 102 242
PAINT_LINE 102 285 102 286
PAINT_LINE 102 293 102 298
PAINT_LINE 102 305 102 307
PAINT_LINE 102 312 102 325
PAINT_LINE 102 329 102 333
PAINT_LINE 102 340 102 342
PAINT_LINE 102 354 102 354
PAINT_LINE 102 362 102 366
PAINT_LINE 102 372 102 375
PAINT_LINE 102 377 102 382
PAINT_LINE 102 389 102 392
PAINT_LINE 102 394 102 395
PAINT_LINE 102 406 102 408
PAINT_LINE 102 410 102 422
PAINT_LINE 102 443 102 447
PAINT_LINE 102 649 102 664
PAINT_LINE 102 667 102 680
PAINT_LINE 102 682 102 683
PAINT_LINE 102 685 102 695
PAINT_LINE 102 697 102 697
PAINT_LINE 102 744 102 751
PAINT_LINE 102 755 102 760
PAINT_LINE 102 794 102 799
PAINT_LINE 103 4 103 7
PAINT_LINE 103 48 103 50
PAINT_LINE 103 61 103 62
PAINT_LINE 103 69 103 79
PAINT_LINE 103 110 103 114
PAINT_LINE 103 131 103 135
PAINT_LINE 103 206 103 209
PAINT_LINE 103 214 103 218
PAINT_LINE 103 224 103 227
PAINT_LINE 103 233 103 243
PAINT_LINE 103 284 103 295
PAINT_LINE 103 305 103 308
PAINT_LINE 103 312 103 323
PAINT_LINE 103 329 103 332
PAINT_LINE 103 353 103 364
PAINT_LINE 103 372 103 374
PAINT_LINE 103 379 103 380
PAINT_LINE 103 406 103 407
PAINT_LINE 103 414 103 419
PAINT_LINE 103 441 103 448
PAINT_LINE 103 657 103 691
PAINT_LINE 103 744 103 750
PAINT_LINE 103 756 103 760
PAINT_LINE 103 794 103 799
PAINT_LINE 104 3 104 6
PAINT_LINE 104 48 104 50
PAINT_LINE 104 60 104 61
PAINT_LINE 104 68 104 73
PAINT_LINE 104 76 104 86
PAINT_LINE 104 112 104 116
PAINT_LINE 104 132 104 136
PAINT_LINE 104 207 104 209
PAINT_LINE 104 215 104 218
PAINT_LINE 104 224 104 228
PAINT_LINE 104 233 104 236
PAINT_LINE 104 240 104 243
PAINT_LINE 104 287 104 292
PAINT_LINE 104 307 104 308
PAINT_LINE 104 329 104 329
PAINT_LINE 104 353 104 354
PAINT_LINE 104 439 104 448
PAINT_LINE 104 748 104 750
PAINT_LINE 104 794 104 799
PAINT_LINE 105 2 105 5
PAINT_LINE 105 47 105 49
PAINT_LINE 105 59 105 61
PAINT_LINE 105 67 105 68
PAINT_LINE 105 70 105 72
PAINT_LINE 105 82 105 89
PAINT_LINE 105 114 105 118
PAINT_LINE 105 133 105 137
PAINT_LINE 105 207 105 210
PAINT_LINE 105 216 105 218
PAINT_LINE 105 225 105 228
PAINT_LINE 105 234 105 237
PAINT_LINE 105 241 105 244
PAINT_LINE 105 347 105 355
PAINT_LINE 105 435 105 447
PAINT_LINE 105 794 105 799
PAINT_LINE 106 1 106 4
PAINT_LINE 106 46 106 50
PAINT_LINE 106 58 106 60
PAINT_LINE 106 66 106 67
PAINT_LINE 106 70 106 72
PAINT_LINE 106 85 106 91
PAINT_LINE 106 115 106 119
PAINT_LINE 106 133 106 137
PAINT_LINE 106 208 106 211
PAINT_LINE 106 216 106 219
PAINT_LINE 106 226 106 229
PAINT_LINE 106 234 106 237
PAINT_LINE 106 242 106 245
PAINT_LINE 106 346 106 355
PAINT_LINE 106 436 106 445
PAINT_LINE 106 794 106 799
PAINT_LINE 107 0 107 4
PAINT_LINE 107 36 107 38
PAINT_LINE 107 46 107 49
PAINT_LINE 107 57 107 60
PAINT_LINE 107 65 107 66
PAINT_LINE 107 70 107 72
PAINT_LINE 107 89 107 95
PAINT_LINE 107 117 107 120
PAINT_LINE 107 133 107 138
PAINT_LINE 107 208 107 211
PAINT_LINE 107 216 107 219
PAINT_LINE 107 226 107 230
PAINT_LINE 107 235 107 238
PAINT_LINE 107 243 107 247
PAINT_LINE 107 341 107 355
PAINT_LINE 107 429 107 431
PAINT_LINE 107 437 107 440
PAINT_LINE 107 795 107 799
PAINT_LINE 108 0 108 3
PAINT_LINE 108 37 108 39
PAINT_LINE 108 46 108 49
PAINT_LINE 108 57 108 59
PAINT_LINE 108 64 108 65
PAINT_LINE 108 70 108 73
PAINT_LINE 108 92 108 96
PAINT_LINE 108 118 108 121
PAINT_LINE 108 134 108 139
PAINT_LINE 108 208 108 212
PAINT_LINE 108 217 108 220
PAINT_LINE 108 226 108 230
PAINT_LINE 108 235 108 238
PAINT_LINE 108 243 108 247
PAINT_LINE 108 341 108 354
PAINT_LINE 108 796 108 799
PAINT_LINE 109 0 109 2
PAINT_LINE 109 38 109 40
PAINT_LINE 109 46 109 48
PAINT_LINE 109 57 109 59
PAINT_LINE 109 63 109 65
PAINT_LINE 109 71 109 72
PAINT_LINE 109 93 109 98
PAINT_LINE 109 119 109 122
PAINT_LINE 109 135 109 139
PAINT_LINE 109 208 109 213
PAINT_LINE 109 218 109 220
PAINT_LINE 109 227 109 230
PAINT_LINE 109 235 109 238
PAINT_LINE 109 244 109 248
PAINT_LINE 109 337 109 338
PAINT_LINE 109 342 109 351
PAINT_LINE 110 0 110 3
PAINT_LINE 110 39 110 43
PAINT_LINE 110 46 110 48
PAINT_LINE 110 57 110 58
PAINT_LINE 110 63 110 64
PAINT_LINE 110 71 110 77
PAINT_LINE 110 95 110 99
PAINT_LINE 110 120 110 123
PAINT_LINE 110 136 110 140
PAINT_LINE 110 209 110 213
PAINT_LINE 110 217 110 221
PAINT_LINE 110 227 110 230
PAINT_LINE 110 236 110 238
PAINT_LINE 110 244 110 248
PAINT_LINE 110 262 110 267
PAINT_LINE 110 316 110 316
PAINT_LINE 110 323 110 328
PAINT_LINE 110 335 110 337
PAINT_LINE 110 343 110 345
PAINT_LINE 110 360 110 370
PAINT_LINE 110 406 110 408
PAINT_LINE 110 412 110 427
PAINT_LINE 110 644 110 668
PAINT_LINE 111 0 111 2
PAINT_LINE 111 40 111 48
PAINT_LINE 111 57 111 57
PAINT_LINE 111 63 111 64
PAINT_LINE 111 70 111 81
PAINT_LINE 111 96 111 99
PAINT_LINE 111 120 111 123
PAINT_LINE 111 137 111 141
PAINT_LINE 111 209 111 212
PAINT_LINE 111 217 111 221
PAINT_LINE 111 227 111 229
PAINT_LINE 111 235 111 238
PAINT_LINE 111 245 111 251
PAINT_LINE 111 255 111 267
PAINT_LINE 111 313 111 317
PAINT_LINE 111 322 111 324
PAINT_LINE 111 326 111 331
PAINT_LINE 111 335 111 335
PAINT_LINE 111 359 111 362
PAINT_LINE 111 406 111 409
PAINT_LINE 111 412 111 426
PAINT_LINE 111 637 111 638
PAINT_LINE 111 640 111 674
PAINT_LINE 112 0 112 2
PAINT_LINE 112 41 112 48
PAINT_LINE 112 57 112 58
PAINT_LINE 112 62 112 64
PAINT_LINE 112 69 112 73
PAINT_LINE 112 79 112 83
PAINT_LINE 112 96 112 100
PAINT_LINE 112 121 112 123
PAINT_LINE 112 137 112 141
PAINT_LINE 112 210 112 213
PAINT_LINE 112 218 112 221
PAINT_LINE 112 227 112 230
PAINT_LINE 112 235 112 238
PAINT_LINE 112 245 112 266
PAINT_LINE 112 312 112 317
PAINT_LINE 112 321 112 323
PAINT_LINE 112 328 112 332
PAINT_LINE 112 358 112 369
PAINT_LINE 112 406 112 409
PAINT_LINE 112 411 112 424
PAINT_LINE 112 634 112 642
PAINT_LINE 112 667 112 677
PAINT_LINE 113 0 113 1
PAINT_LINE 113 42 113 48
PAINT_LINE 113 56 113 57
PAINT_LINE 113 62 113 63
PAINT_LINE 113 69 113 73
PAINT_LINE 113 82 113 85
PAINT_LINE 113 97 113 101
PAINT_LINE 113 121 113 123
PAINT_LINE 113 138 113 141
PAINT_LINE 113 210 113 213
PAINT_LINE 113 218 113 221
PAINT_LINE 113 227 113 231
PAINT_LINE 113 236 113 238
PAINT_LINE 113 246 113 254
PAINT_LINE 113 258 113 262
PAINT_LINE 113 313 113 317
PAINT_LINE 113 319 113 321
PAINT_LINE 113 330 113 334
PAINT_LINE 113 347 113 350
PAINT_LINE 113 359 113 371
PAINT_LINE 113 390 113 398
PAINT_LINE 113 405 113 409
PAINT_LINE 113 412 113 426
PAINT_LINE 113 628 113 635
PAINT_LINE 113 671 113 681
PAINT_LINE 114 0 114 2
PAINT_LINE 114 43 114 47
PAINT_LINE 114 56 114 58
PAINT_LINE 114 62 114 63
PAINT_LINE 114 68 114 72
PAINT_LINE 114 83 114 86
PAINT_LINE 114 98 114 102
PAINT_LINE 114 122 114 123
PAINT_LINE 114 139 114 142
PAINT_LINE 114 210 114 213
PAINT_LINE 114 219 114 221
PAINT_LINE 114 228 114 231
PAINT_LINE 114 236 114 239
PAINT_LINE 114 248 114 255
PAINT_LINE 114 257 114 260
PAINT_LINE 114 314 114 321
PAINT_LINE 114 331 114 334
PAINT_LINE 114 346 114 353
PAINT_LINE 114 369 114 372
PAINT_LINE 114 376 114 378
PAINT_LINE 114 381 114 384
PAINT_LINE 114 390 114 398
PAINT_LINE 114 406 114 409
PAINT_LINE 114 424 114 427
PAINT_LINE 114 625 114 630
PAINT_LINE 114 640 114 664
PAINT_LINE 114 677 114 684
PAINT_LINE 115 0 115 2
PAINT_LINE 115 44 115 48
PAINT_LINE 115 56 115 58
PAINT_LINE 115 62 115 63
PAINT_LINE 115 67 115 68
PAINT_LINE 115 71 115 73
PAINT_LINE 115 85 115 87
PAINT_LINE 115 99 115 102
PAINT_LINE 115 123 115 124
PAINT_LINE 115 139 115 142
PAINT_LINE 115 210 115 214
PAINT_LINE 115 219 115 222
PAINT_LINE 115 227 115 230
PAINT_LINE 115 236 115 239
PAINT_LINE 115 247 115 258
PAINT_LINE 115 314 115 316
PAINT_LINE 115 318 115 321
PAINT_LINE 115 331 115 334
PAINT_LINE 115 344 115 354
PAINT_LINE 115 370 115 373
PAINT_LINE 115 377 115 384
PAINT_LINE 115 389 115 398
PAINT_LINE 115 406 115 409
PAINT_LINE 115 424 115 427
PAINT_LINE 115 622 115 626
PAINT_LINE 115 634 115 642
PAINT_LINE 115 656 115 662
PAINT_LINE 115 664 115 670
PAINT_LINE 115 681 115 686
PAINT_LINE 116 0 116 2
PAINT_LINE 116 44 116 48
PAINT_LINE 116 55 116 58
PAINT_LINE 116 62 116 63
PAINT_LINE 116 66 116 68
PAINT_LINE 116 71 116 72
PAINT_LINE 116 86 116 88
PAINT_LINE 116 100 116 103
PAINT_LINE 116 122 116 125
PAINT_LINE 116 139 116 142
PAINT_LINE 116 210 116 214
PAINT_LINE 116 220 116 221
PAINT_LINE 116 227 116 231
PAINT_LINE 116 236 116 239
PAINT_LINE 116 248 116 254
PAINT_LINE 116 314 116 317
PAINT_LINE 116 319 116 322
PAINT_LINE 116 330 116 334
PAINT_LINE 116 346 116 351
PAINT_LINE 116 370 116 372
PAINT_LINE 116 378 116 385
PAINT_LINE 116 390 116 396
PAINT_LINE 116 405 116 409
PAINT_LINE 116 412 116 415
PAINT_LINE 116 424 116 428
PAINT_LINE 116 498 116 498
PAINT_LINE 116 620 116 624
PAINT_LINE 116 631 116 635
PAINT_LINE 116 655 116 658
PAINT_LINE 116 666 116 673
PAINT_LINE 116 683 116 690
PAINT_LINE 117 0 117 2
PAINT_LINE 117 44 117 48
PAINT_LINE 117 55 117 58
PAINT_LINE 117 62 117 63
PAINT_LINE 117 66 117 68
PAINT_LINE 117 71 117 72
PAINT_LINE 117 87 117 88
PAINT_LINE 117 100 117 102
PAINT_LINE 117 122 117 125
PAINT_LINE 117 140 117 142
PAINT_LINE 117 207 117 214
PAINT_LINE 117 219 117 221
PAINT_LINE 117 228 117 232
PAINT_LINE 117 236 117 239
PAINT_LINE 117 249 117 253
PAINT_LINE 117 314 117 317
PAINT_LINE 117 320 117 332
PAINT_LINE 117 348 117 348
PAINT_LINE 117 359 117 372
PAINT_LINE 117 377 117 386
PAINT_LINE 117 405 117 409
PAINT_LINE 117 412 117 418
PAINT_LINE 117 422 117 427
PAINT_LINE 117 494 117 499
PAINT_LINE 117 618 117 622
PAINT_LINE 117 630 117 634
PAINT_LINE 117 652 117 655
PAINT_LINE 117 665 117 676
PAINT_LINE 117 684 117 692
PAINT_LINE 118 0 118 2
PAINT_LINE 118 44 118 48
PAINT_LINE 118 55 118 57
PAINT_LINE 118 62 118 63
PAINT_LINE 118 65 118 68
PAINT_LINE 118 70 118 72
PAINT_LINE 118 88 118 88
PAINT_LINE 118 100 118 103
PAINT_LINE 118 123 118 124
PAINT_LINE 118 139 118 143
PAINT_LINE 118 201 118 208
PAINT_LINE 118 211 118 214
PAINT_LINE 118 219 118 221
PAINT_LINE 118 228 118 231
PAINT_LINE 118 237 118 239
PAINT_LINE 118 248 118 252
PAINT_LINE 118 314 118 315
PAINT_LINE 118 322 118 330
PAINT_LINE 118 359 118 370
PAINT_LINE 118 377 118 378
PAINT_LINE 118 384 118 386
PAINT_LINE 118 406 118 408
PAINT_LINE 118 413 118 425
PAINT_LINE 118 491 118 495
PAINT_LINE 118 499 118 500
PAINT_LINE 118 615 118 619
PAINT_LINE 118 629 118 634
PAINT_LINE 118 663 118 665
PAINT_LINE 118 671 118 680
PAINT_LINE 118 686 118 694
PAINT_LINE 119 0 119 2
PAINT_LINE 119 44 119 48
PAINT_LINE 119 55 119 57
PAINT_LINE 119 62 119 62
PAINT_LINE 119 65 119 68
PAINT_LINE 119 70 119 72
PAINT_LINE 119 83 119 153
PAINT_LINE 119 194 119 201
PAINT_LINE 119 211 119 215
PAINT_LINE 119 220 119 222
PAINT_LINE 119 229 119 232
PAINT_LINE 119 238 119 239
PAINT_LINE 119 249 119 252
PAINT_LINE 119 417 119 418
PAINT_LINE 119 489 119 495
PAINT_LINE 119 498 119 501
PAINT_LINE 119 613 119 617
PAINT_LINE 119 625 119 635
PAINT_LINE 119 648 119 649
PAINT_LINE 119 661 119 663
PAINT_LINE 119 672 119 681
PAINT_LINE 119 687 119 695
PAINT_LINE 120 0 120 2
PAINT_LINE 120 44 120 48
PAINT_LINE 120 55 120 57
PAINT_LINE 120 62 120 63
PAINT_LINE 120 66 120 67
PAINT_LINE 120 70 120 72
PAINT_LINE 120 82 120 82
PAINT_LINE 120 84 120 84
PAINT_LINE 120 87 120 90
PAINT_LINE 120 95 120 95
PAINT_LINE 120 98 120 102
PAINT_LINE 120 105 120 107
PAINT_LINE 120 109 120 117
PAINT_LINE 120 120 120 121
PAINT_LINE 120 123 120 144
PAINT_LINE 120 147 120 150
PAINT_LINE 120 152 120 153
PAINT_LINE 120 178 120 187
PAINT_LINE 120 191 120 198
PAINT_LINE 120 211 120 215
PAINT_LINE 120 221 120 222
PAINT_LINE 120 229 120 233
PAINT_LINE 120 238 120 239
PAINT_LINE 120 250 120 253
PAINT_LINE 120 488 120 495
PAINT_LINE 120 498 120 507
PAINT_LINE 120 612 120 615
PAINT_LINE 120 624 120 626
PAINT_LINE 120 629 120 636
PAINT_LINE 120 649 120 651
PAINT_LINE 120 655 120 657
PAINT_LINE 120 660 120 664
PAINT_LINE 120 674 120 675
PAINT_LINE 120 678 120 683
PAINT_LINE 120 689 120 697
PAINT_LINE 121 0 121 2
PAINT_LINE 121 44 121 48
PAINT_LINE 121 55 121 58
PAINT_LINE 121 61 121 63
PAINT_LINE 121 67 121 68
PAINT_LINE 121 70 121 72
PAINT_LINE 121 88 121 88
PAINT_LINE 121 101 121 102
PAINT_LINE 121 123 121 124
PAINT_LINE 121 139 121 142
PAINT_LINE 121 169 121 194
PAINT_LINE 121 211 121 215
PAINT_LINE 121 220 121 222
PAINT_LINE 121 230 121 233
PAINT_LINE 121 238 121 240
PAINT_LINE 121 249 121 253
PAINT_LINE 121 488 121 495
PAINT_LINE 121 498 121 508
PAINT_LINE 121 611 121 614
PAINT_LINE 121 624 121 626
PAINT_LINE 121 634 121 639
PAINT_LINE 121 650 121 652
PAINT_LINE 121 655 121 663
PAINT_LINE 121 673 121 676
PAINT_LINE 121 679 121 683
PAINT_LINE 121 692 121 697
PAINT_LINE 121 797 121 799
PAINT_LINE 122 0 122 2
PAINT_LINE 122 45 122 47
PAINT_LINE 122 55 122 58
PAINT_LINE 122 61 122 63
PAINT_LINE 122 66 122 68
PAINT_LINE 122 70 122 73
PAINT_LINE 122 87 122 88
PAINT_LINE 122 100 122 102
PAINT_LINE 122 123 122 124
PAINT_LINE 122 139 122 143
PAINT_LINE 122 168 122 194
PAINT_LINE 122 212 122 215
PAINT_LINE 122 221 122 223
PAINT_LINE 122 231 122 232
PAINT_LINE 122 250 122 253
PAINT_LINE 122 487 122 489
PAINT_LINE 122 491 122 495
PAINT_LINE 122 498 122 504
PAINT_LINE 122 506 122 508
PAINT_LINE 122 610 122 612
PAINT_LINE 122 617 122 622
PAINT_LINE 122 624 122 627
PAINT_LINE 122 636 122 640
PAINT_LINE 122 650 122 652
PAINT_LINE 122 670 122 685
PAINT_LINE 122 693 122 698
PAINT_LINE 122 794 122 797
PAINT_LINE 123 0 123 4
PAINT_LINE 123 44 123 48
PAINT_LINE 123 55 123 58
PAINT_LINE 123 62 123 64
PAINT_LINE 123 67 123 73
PAINT_LINE 123 87 123 88
PAINT_LINE 123 100 123 101
PAINT_LINE 123 123 123 125
PAINT_LINE 123 139 123 142
PAINT_LINE 123 168 123 194
PAINT_LINE 123 211 123 215
PAINT_LINE 123 221 123 223
PAINT_LINE 123 231 123 232
PAINT_LINE 123 250 123 253
PAINT_LINE 123 486 123 489
PAINT_LINE 123 491 123 494
PAINT_LINE 123 498 123 503
PAINT_LINE 123 506 123 508
PAINT_LINE 123 609 123 611
PAINT_LINE 123 615 123 618
PAINT_LINE 123 626 123 628
PAINT_LINE 123 638 123 642
PAINT_LINE 123 650 123 652
PAINT_LINE 123 667 123 671
PAINT_LINE 123 682 123 687
PAINT_LINE 123 694 123 700
PAINT_LINE 123 789 123 794
PAINT_LINE 124 0 124 6
PAINT_LINE 124 44 124 47
PAINT_LINE 124 55 124 58
PAINT_LINE 124 63 124 64
PAINT_LINE 124 68 124 73
PAINT_LINE 124 86 124 87
PAINT_LINE 124 99 124 100
PAINT_LINE 124 123 124 124
PAINT_LINE 124 139 124 143
PAINT_LINE 124 168 124 194
PAINT_LINE 124 211 124 214
PAINT_LINE 124 221 124 223
PAINT_LINE 124 251 124 254
PAINT_LINE 124 357 124 367
PAINT_LINE 124 406 124 418
PAINT_LINE 124 486 124 489
PAINT_LINE 124 491 124 494
PAINT_LINE 124 498 124 502
PAINT_LINE 124 507 124 508
PAINT_LINE 124 607 124 609
PAINT_LINE 124 614 124 617
PAINT_LINE 124 627 124 629
PAINT_LINE 124 637 124 641
PAINT_LINE 124 665 124 667
PAINT_LINE 124 683 124 690
PAINT_LINE 124 695 124 701
PAINT_LINE 124 787 124 788
PAINT_LINE 125 0 125 8
PAINT_LINE 125 45 125 47
PAINT_LINE 125 55 125 58
PAINT_LINE 125 63 125 65
PAINT_LINE 125 68 125 73
PAINT_LINE 125 84 125 86
PAINT_LINE 125 98 125 100
PAINT_LINE 125 123 125 124
PAINT_LINE 125 139 125 142
PAINT_LINE 125 166 125 195
PAINT_LINE 125 204 125 214
PAINT_LINE 125 250 125 255
PAINT_LINE 125 355 125 366
PAINT_LINE 125 406 125 411
PAINT_LINE 125 486 125 489
PAINT_LINE 125 491 125 494
PAINT_LINE 125 498 125 502
PAINT_LINE 125 506 125 508
PAINT_LINE 125 606 125 608
PAINT_LINE 125 613 125 617
PAINT_LINE 125 628 125 630
PAINT_LINE 125 637 125 641
PAINT_LINE 125 681 125 683
PAINT_LINE 125 686 125 691
PAINT_LINE 125 697 125 702
PAINT_LINE 125 785 125 786
PAINT_LINE 125 799 125 799
PAINT_LINE 126 0 126 9
PAINT_LINE 126 44 126 47
PAINT_LINE 126 56 126 58
PAINT_LINE 126 63 126 65
PAINT_LINE 126 69 126 73
PAINT_LINE 126 82 126 83
PAINT_LINE 126 97 126 99
PAINT_LINE 126 122 126 124
PAINT_LINE 126 139 126 143
PAINT_LINE 126 164 126 196
PAINT_LINE 126 199 126 209
PAINT_LINE 126 211 126 214
PAINT_LINE 126 251 126 255
PAINT_LINE 126 354 126 366
PAINT_LINE 126 406 126 416
PAINT_LINE 126 487 126 488
PAINT_LINE 126 491 126 494
PAINT_LINE 126 498 126 501
PAINT_LINE 126 506 126 507
PAINT_LINE 126 604 126 607
PAINT_LINE 126 613 126 616
PAINT_LINE 126 629 126 631
PAINT_LINE 126 640 126 642
PAINT_LINE 126 653 126 657
PAINT_LINE 126 660 126 660
PAINT_LINE 126 680 126 681
PAINT_LINE 126 687 126 692
PAINT_LINE 126 698 126 703
PAINT_LINE 126 781 126 784
PAINT_LINE 126 799 126 799
PAINT_LINE 127 0 127 11
PAINT_LINE 127 43 127 47
PAINT_LINE 127 56 127 59
PAINT_LINE 127 63 127 65
PAINT_LINE 127 70 127 73
PAINT_LINE 127 78 127 81
PAINT_LINE 127 96 127 98
PAINT_LINE 127 121 127 124
PAINT_LINE 127 138 127 142
PAINT_LINE 127 164 127 204
PAINT_LINE 127 211 127 215
PAINT_LINE 127 251 127 255
PAINT_LINE 127 355 127 369
PAINT_LINE 127 406 127 406
PAINT_LINE 127 411 127 419
PAINT_LINE 127 487 127 488
PAINT_LINE 127 491 127 494
PAINT_LINE 127 498 127 500
PAINT_LINE 127 506 127 508
PAINT_LINE 127 603 127 606
PAINT_LINE 127 612 127 617
PAINT_LINE 127 632 127 633
PAINT_LINE 127 641 127 647
PAINT_LINE 127 654 127 657
PAINT_LINE 127 679 127 680
PAINT_LINE 127 688 127 693
PAINT_LINE 127 699 127 704
PAINT_LINE 127 780 127 783
PAINT_LINE 127 794 127 799
PAINT_LINE 128 1 128 12
PAINT_LINE 128 43 128 47
PAINT_LINE 128 56 128 59
PAINT_LINE 128 64 128 65
PAINT_LINE 128 71 128 78
PAINT_LINE 128 89 128 153
PAINT_LINE 128 164 128 190
PAINT_LINE 128 193 128 200
PAINT_LINE 128 211 128 215
PAINT_LINE 128 252 128 256
PAINT_LINE 128 367 128 370
PAINT_LINE 128 376 128 376
PAINT_LINE 128 379 128 383
PAINT_LINE 128 416 128 420
PAINT_LINE 128 487 128 489
PAINT_LINE 128 492 128 494
PAINT_LINE 128 498 128 501
PAINT_LINE 128 506 128 507
PAINT_LINE 128 602 128 605
PAINT_LINE 128 610 128 613
PAINT_LINE 128 615 128 617
PAINT_LINE 128 627 128 628
PAINT_LINE 128 633 128 634
PAINT_LINE 128 645 128 648
PAINT_LINE 128 657 128 658
PAINT_LINE 128 678 128 679
PAINT_LINE 128 688 128 693
PAINT_LINE 128 700 128 706
PAINT_LINE 128 778 128 799
PAINT_LINE 129 0 129 13
PAINT_LINE 129 43 129 48
PAINT_LINE 129 56 129 60
PAINT_LINE 129 64 129 66
PAINT_LINE 129 71 129 73
PAINT_LINE 129 90 129 95
PAINT_LINE 129 98 129 98
PAINT_LINE 129 101 129 134
PAINT_LINE 129 137 129 152
PAINT_LINE 129 164 129 189
PAINT_LINE 129 211 129 215
PAINT_LINE 129 251 129 256
PAINT_LINE 129 368 129 371
PAINT_LINE 129 374 129 381
PAINT_LINE 129 417 129 421
PAINT_LINE 129 487 129 489
PAINT_LINE 129 492 129 494
PAINT_LINE 129 498 129 501
PAINT_LINE 129 507 129 507
PAINT_LINE 129 601 129 605
PAINT_LINE 129 609 129 612
PAINT_LINE 129 625 129 627
PAINT_LINE 129 634 129 634
PAINT_LINE 129 645 129 649
PAINT_LINE 129 657 129 658
PAINT_LINE 129 665 129 667
PAINT_LINE 129 670 129 677
PAINT_LINE 129 683 129 683
PAINT_LINE 129 688 129 693
PAINT_LINE 129 697 129 698
PAINT_LINE 129 701 129 707
PAINT_LINE 129 777 129 786
PAINT_LINE 129 789 129 794
PAINT_LINE 129 799 129 799
PAINT_LINE 130 1 130 13
PAINT_LINE 130 40 130 48
PAINT_LINE 130 56 130 60
PAINT_LINE 130 65 130 66
PAINT_LINE 130 70 130 72
PAINT_LINE 130 90 130 94
PAINT_LINE 130 120 130 122
PAINT_LINE 130 138 130 141
PAINT_LINE 130 170 130 185
PAINT_LINE 130 210 130 215
PAINT_LINE 130 252 130 256
PAINT_LINE 130 367 130 370
PAINT_LINE 130 374 130 380
PAINT_LINE 130 406 130 407
PAINT_LINE 130 415 130 421
PAINT_LINE 130 487 130 489
PAINT_LINE 130 491 130 494
PAINT_LINE 130 498 130 501
PAINT_LINE 130 506 130 507
PAINT_LINE 130 601 130 604
PAINT_LINE 130 608 130 611
PAINT_LINE 130 645 130 648
PAINT_LINE 130 657 130 659
PAINT_LINE 130 666 130 667
PAINT_LINE 130 669 130 677
PAINT_LINE 130 680 130 684
PAINT_LINE 130 688 130 692
PAINT_LINE 130 697 130 698
PAINT_LINE 130 702 130 707
PAINT_LINE 130 775 130 778
PAINT_LINE 130 790 130 794
PAINT_LINE 130 797 130 799
PAINT_LINE 131 2 131 14
PAINT_LINE 131 40 131 48
PAINT_LINE 131 57 131 61
PAINT_LINE 131 65 131 67
PAINT_LINE 131 71 131 73
PAINT_LINE 131 88 131 91
PAINT_LINE 131 119 131 122
PAINT_LINE 131 137 131 141
PAINT_LINE 131 172 131 182
PAINT_LINE 131 210 131 215
PAINT_LINE 131 252 131 256
PAINT_LINE 131 367 131 368
PAINT_LINE 131 374 131 381
PAINT_LINE 131 391 131 398
PAINT_LINE 131 406 131 419
PAINT_LINE 131 486 131 494
PAINT_LINE 131 498 131 500
PAINT_LINE 131 506 131 508
PAINT_LINE 131 600 131 602
PAINT_LINE 131 608 131 610
PAINT_LINE 131 621 131 622
PAINT_LINE 131 645 131 648
PAINT_LINE 131 657 131 659
PAINT_LINE 131 665 131 671
PAINT_LINE 131 675 131 681
PAINT_LINE 131 688 131 692
PAINT_LINE 131 697 131 698
PAINT_LINE 131 702 131 708
PAINT_LINE 131 773 131 777
PAINT_LINE 131 792 131 799
PAINT_LINE 132 2 132 14
PAINT_LINE 132 41 132 49
PAINT_LINE 132 57 132 60
PAINT_LINE 132 66 132 68
PAINT_LINE 132 71 132 72
PAINT_LINE 132 84 132 90
PAINT_LINE 132 119 132 122
PAINT_LINE 132 137 132 140
PAINT_LINE 132 175 132 176
PAINT_LINE 132 210 132 215
PAINT_LINE 132 252 132 256
PAINT_LINE 132 356 132 367
PAINT_LINE 132 372 132 375
PAINT_LINE 132 378 132 382
PAINT_LINE 132 392 132 397
PAINT_LINE 132 407 132 416
PAINT_LINE 132 486 132 489
PAINT_LINE 132 492 132 493
PAINT_LINE 132 498 132 500
PAINT_LINE 132 505 132 508
PAINT_LINE 132 599 132 601
PAINT_LINE 132 607 132 609
PAINT_LINE 132 616 132 619
PAINT_LINE 132 624 132 636
PAINT_LINE 132 646 132 651
PAINT_LINE 132 658 132 672
PAINT_LINE 132 677 132 679
PAINT_LINE 132 686 132 692
PAINT_LINE 132 697 132 698
PAINT_LINE 132 703 132 708
PAINT_LINE 132 771 132 776
PAINT_LINE 133 3 133 14
PAINT_LINE 133 42 133 49
PAINT_LINE 133 57 133 61
PAINT_LINE 133 67 133 87
PAINT_LINE 133 118 133 121
PAINT_LINE 133 136 133 140
PAINT_LINE 133 210 133 215
PAINT_LINE 133 252 133 255
PAINT_LINE 133 360 133 362
PAINT_LINE 133 373 133 373
PAINT_LINE 133 380 133 380
PAINT_LINE 133 392 133 398
PAINT_LINE 133 410 133 413
PAINT_LINE 133 465 133 471
PAINT_LINE 133 486 133 489
PAINT_LINE 133 505 133 508
PAINT_LINE 133 599 133 601
PAINT_LINE 133 608 133 610
PAINT_LINE 133 613 133 617
PAINT_LINE 133 629 133 662
PAINT_LINE 133 671 133 680
PAINT_LINE 133 684 133 690
PAINT_LINE 133 696 133 698
PAINT_LINE 133 703 133 708
PAINT_LINE 133 770 133 774
PAINT_LINE 134 3 134 15
PAINT_LINE 134 43 134 49
PAINT_LINE 134 57 134 62
PAINT_LINE 134 68 134 82
PAINT_LINE 134 117 134 120
PAINT_LINE 134 134 134 139
PAINT_LINE 134 210 134 215
PAINT_LINE 134 252 134 255
PAINT_LINE 134 356 134 383
PAINT_LINE 134 391 134 397
PAINT_LINE 134 406 134 421
PAINT_LINE 134 448 134 494
PAINT_LINE 134 497 134 501
PAINT_LINE 134 505 134 508
PAINT_LINE 134 599 134 602
PAINT_LINE 134 608 134 615
PAINT_LINE 134 653 134 657
PAINT_LINE 134 674 134 684
PAINT_LINE 134 696 134 699
PAINT_LINE 134 704 134 708
PAINT_LINE 134 769 134 772
PAINT_LINE 135 4 135 16
PAINT_LINE 135 44 135 50
PAINT_LINE 135 58 135 62
PAINT_LINE 135 69 135 73
PAINT_LINE 135 116 135 119
PAINT_LINE 135 133 135 138
PAINT_LINE 135 210 135 215
PAINT_LINE 135 252 135 255
PAINT_LINE 135 356 135 377
PAINT_LINE 135 408 135 419
PAINT_LINE 135 448 135 457
PAINT_LINE 135 461 135 462
PAINT_LINE 135 483 135 526
PAINT_LINE 135 599 135 602
PAINT_LINE 135 609 135 613
PAINT_LINE 135 675 135 678
PAINT_LINE 135 695 135 698
PAINT_LINE 135 703 135 709
PAINT_LINE 135 768 135 770
PAINT_LINE 135 799 135 799
PAINT_LINE 136 5 136 18
PAINT_LINE 136 44 136 50
PAINT_LINE 136 59 136 63
PAINT_LINE 136 70 136 72
PAINT_LINE 136 115 136 117
PAINT_LINE 136 132 136 137
PAINT_LINE 136 211 136 216
PAINT_LINE 136 252 136 255
PAINT_LINE 136 369 136 376
PAINT_LINE 136 406 136 421
PAINT_LINE 136 450 136 462
PAINT_LINE 136 484 136 490
PAINT_LINE 136 512 136 528
PAINT_LINE 136 598 136 602
PAINT_LINE 136 608 136 611
PAINT_LINE 136 626 136 627
PAINT_LINE 136 675 136 678
PAINT_LINE 136 694 136 697
PAINT_LINE 136 703 136 709
PAINT_LINE 136 767 136 769
PAINT_LINE 136 798 136 799
PAINT_LINE 137 6 137 20
PAINT_LINE 137 44 137 50
PAINT_LINE 137 60 137 63
PAINT_LINE 137 70 137 72
PAINT_LINE 137 113 137 116
PAINT_LINE 137 131 137 136
PAINT_LINE 137 212 137 215
PAINT_LINE 137 252 137 255
PAINT_LINE 137 363 137 374
PAINT_LINE 137 404 137 408
PAINT_LINE 137 458 137 464
PAINT_LINE 137 483 137 486
PAINT_LINE 137 490 137 491
PAINT_LINE 137 512 137 530
PAINT_LINE 137 567 137 569
PAINT_LINE 137 598 137 602
PAINT_LINE 137 607 137 610
PAINT_LINE 137 627 137 633
PAINT_LINE 137 640 137 644
PAINT_LINE 137 656 137 667
PAINT_LINE 137 669 137 671
PAINT_LINE 137 674 137 678
PAINT_LINE 137 695 137 698
PAINT_LINE 137 703 137 709
PAINT_LINE 137 766 137 768
PAINT_LINE 137 797 137 799
PAINT_LINE 138 7 138 21
PAINT_LINE 138 44 138 51
PAINT_LINE 138 61 138 64
PAINT_LINE 138 70 138 73
PAINT_LINE 138 112 138 115
PAINT_LINE 138 129 138 135
PAINT_LINE 138 211 138 216
PAINT_LINE 138 251 138 254
PAINT_LINE 138 362 138 369
PAINT_LINE 138 403 138 408
PAINT_LINE 138 463 138 472
PAINT_LINE 138 482 138 485
PAINT_LINE 138 490 138 492
PAINT_LINE 138 513 138 530
PAINT_LINE 138 569 138 571
PAINT_LINE 138 598 138 602
PAINT_LINE 138 608 138 609
PAINT_LINE 138 628 138 635
PAINT_LINE 138 644 138 647
PAINT_LINE 138 649 138 651
PAINT_LINE 138 654 138 656
PAINT_LINE 138 672 138 676
PAINT_LINE 138 695 138 699
PAINT_LINE 138 704 138 709
PAINT_LINE 138 765 138 767
PAINT_LINE 138 796 138 799
PAINT_LINE 139 8 139 22
PAINT_LINE 139 44 139 51
PAINT_LINE 139 61 139 65
PAINT_LINE 139 70 139 73
PAINT_LINE 139 109 139 116
PAINT_LINE 139 126 139 134
PAINT_LINE 139 199 139 200
PAINT_LINE 139 203 139 203
PAINT_LINE 139 209 139 210
PAINT_LINE 139 213 139 217
PAINT_LINE 139 219 139 233
PAINT_LINE 139 251 139 254
PAINT_LINE 139 362 139 375
PAINT_LINE 139 404 139 418
PAINT_LINE 139 467 139 468
PAINT_LINE 139 470 139 486
PAINT_LINE 139 490 139 493
PAINT_LINE 139 512 139 529
PAINT_LINE 139 571 139 572
PAINT_LINE 139 598 139 602
PAINT_LINE 139 608 139 610
PAINT_LINE 139 671 139 676
PAINT_LINE 139 689 139 689
PAINT_LINE 139 692 139 692
PAINT_LINE 139 695 139 700
PAINT_LINE 139 703 139 709
PAINT_LINE 139 764 139 766
PAINT_LINE 139 795 139 799
PAINT_LINE 140 10 140 25
PAINT_LINE 140 44 140 51
PAINT_LINE 140 62 140 65
PAINT_LINE 140 70 140 72
PAINT_LINE 140 100 140 101
PAINT_LINE 140 108 140 117
PAINT_LINE 140 125 140 135
PAINT_LINE 140 198 140 202
PAINT_LINE 140 213 140 217
PAINT_LINE 140 229 140 234
PAINT_LINE 140 251 140 253
PAINT_LINE 140 363 140 376
PAINT_LINE 140 405 140 420
PAINT_LINE 140 476 140 487
PAINT_LINE 140 491 140 497
PAINT_LINE 140 511 140 529
PAINT_LINE 140 562 140 562
PAINT_LINE 140 572 140 573
PAINT_LINE 140 599 140 603
PAINT_LINE 140 608 140 610
PAINT_LINE 140 671 140 675
PAINT_LINE 140 683 140 709
PAINT_LINE 140 763 140 766
PAINT_LINE 140 795 140 798
PAINT_LINE 141 12 141 27
PAINT_LINE 141 44 141 52
PAINT_LINE 141 63 141 66
PAINT_LINE 141 71 141 72
PAINT_LINE 141 89 141 153
PAINT_LINE 141 187 141 187
PAINT_LINE 141 198 141 204
PAINT_LINE 141 206 141 233
PAINT_LINE 141 250 141 252
PAINT_LINE 141 374 141 377
PAINT_LINE 141 415 141 420
PAINT_LINE 141 483 141 487
PAINT_LINE 141 492 141 528
PAINT_LINE 141 561 141 562
PAINT_LINE 141 573 141 573
PAINT_LINE 141 600 141 603
PAINT_LINE 141 609 141 611
PAINT_LINE 141 643 141 646
PAINT_LINE 141 654 141 660
PAINT_LINE 141 669 141 675
PAINT_LINE 141 680 141 683
PAINT_LINE 141 698 141 710
PAINT_LINE 141 762 141 765
PAINT_LINE 141 794 141 798
PAINT_LINE 142 14 142 28
PAINT_LINE 142 43 142 53
PAINT_LINE 142 64 142 67
PAINT_LINE 142 70 142 72
PAINT_LINE 142 97 142 98
PAINT_LINE 142 101 142 107
PAINT_LINE 142 124 142 130
PAINT_LINE 142 150 142 150
PAINT_LINE 142 186 142 187
PAINT_LINE 142 195 142 204
PAINT_LINE 142 208 142 210
PAINT_LINE 142 213 142 217
PAINT_LINE 142 221 142 233
PAINT_LINE 142 250 142 252
PAINT_LINE 142 364 142 366
PAINT_LINE 142 374 142 376
PAINT_LINE 142 406 142 410
PAINT_LINE 142 414 142 420
PAINT_LINE 142 483 142 487
PAINT_LINE 142 505 142 508
PAINT_LINE 142 523 142 527
PAINT_LINE 142 542 142 544
PAINT_LINE 142 546 142 546
PAINT_LINE 142 561 142 561
PAINT_LINE 142 573 142 574
PAINT_LINE 142 600 142 604
PAINT_LINE 142 613 142 623
PAINT_LINE 142 629 142 634
PAINT_LINE 142 640 142 643
PAINT_LINE 142 645 142 654
PAINT_LINE 142 666 142 674
PAINT_LINE 142 678 142 681
PAINT_LINE 142 704 142 710
PAINT_LINE 142 761 142 799
PAINT_LINE 143 15 143 30
PAINT_LINE 143 41 143 53
PAINT_LINE 143 65 143 68
PAINT_LINE 143 70 143 73
PAINT_LINE 143 95 143 104
PAINT_LINE 143 122 143 129
PAINT_LINE 143 148 143 153
PAINT_LINE 143 197 143 200
PAINT_LINE 143 207 143 210
PAINT_LINE 143 213 143 217
PAINT_LINE 143 219 143 225
PAINT_LINE 143 227 143 230
PAINT_LINE 143 250 143 252
PAINT_LINE 143 363 143 375
PAINT_LINE 143 408 143 417
PAINT_LINE 143 484 143 488
PAINT_LINE 143 506 143 507
PAINT_LINE 143 539 143 539
PAINT_LINE 143 550 143 551
PAINT_LINE 143 573 143 575
PAINT_LINE 143 600 143 605
PAINT_LINE 143 612 143 614
PAINT_LINE 143 628 143 632
PAINT_LINE 143 635 143 636
PAINT_LINE 143 664 143 670
PAINT_LINE 143 676 143 678
PAINT_LINE 143 706 143 712
PAINT_LINE 143 760 143 764
PAINT_LINE 143 771 143 775
PAINT_LINE 143 784 143 799
PAINT_LINE 144 16 144 33
PAINT_LINE 144 40 144 54
PAINT_LINE 144 66 144 73
PAINT_LINE 144 92 144 102
PAINT_LINE 144 120 144 129
PAINT_LINE 144 131 144 132
PAINT_LINE 144 149 144 150
PAINT_LINE 144 157 144 158
PAINT_LINE 144 183 144 185
PAINT_LINE 144 200 144 200
PAINT_LINE 144 205 144 210
PAINT_LINE 144 214 144 217
PAINT_LINE 144 220 144 232
PAINT_LINE 144 249 144 251
PAINT_LINE 144 367 144 372
PAINT_LINE 144 485 144 488
PAINT_LINE 144 505 144 508
PAINT_LINE 144 538 144 539
PAINT_LINE 144 551 144 555
PAINT_LINE 144 559 144 560
PAINT_LINE 144 574 144 575
PAINT_LINE 144 579 144 592
PAINT_LINE 144 601 144 606
PAINT_LINE 144 611 144 613
PAINT_LINE 144 629 144 632
PAINT_LINE 144 648 144 651
PAINT_LINE 144 662 144 667
PAINT_LINE 144 674 144 677
PAINT_LINE 144 708 144 714
PAINT_LINE 144 760 144 762
PAINT_LINE 144 792 144 795
PAINT_LINE 144 798 144 799
PAINT_LINE 145 18 145 34
PAINT_LINE 145 38 145 55
PAINT_LINE 145 67 145 73
PAINT_LINE 145 86 145 103
PAINT_LINE 145 112 145 128
PAINT_LINE 145 130 145 131
PAINT_LINE 145 154 145 156
PAINT_LINE 145 201 145 202
PAINT_LINE 145 206 145 208
PAINT_LINE 145 215 145 217
PAINT_LINE 145 221 145 226
PAINT_LINE 145 230 145 231
PAINT_LINE 145 248 145 251
PAINT_LINE 145 486 145 488
PAINT_LINE 145 505 145 508
PAINT_LINE 145 538 145 539
PAINT_LINE 145 555 145 560
PAINT_LINE 145 573 145 581
PAINT_LINE 145 589 145 593
PAINT_LINE 145 602 145 607
PAINT_LINE 145 610 145 612
PAINT_LINE 145 629 145 632
PAINT_LINE 145 643 145 647
PAINT_LINE 145 649 145 665
PAINT_LINE 145 672 145 676
PAINT_LINE 145 709 145 715
PAINT_LINE 145 759 145 761
PAINT_LINE 145 791 145 799
PAINT_LINE 146 19 146 56
PAINT_LINE 146 68 146 73
PAINT_LINE 146 76 146 91
PAINT_LINE 146 99 146 103
PAINT_LINE 146 111 146 124
PAINT_LINE 146 126 146 130
PAINT_LINE 146 152 146 155
PAINT_LINE 146 158 146 183
PAINT_LINE 146 187 146 187
PAINT_LINE 146 201 146 202
PAINT_LINE 146 206 146 208
PAINT_LINE 146 214 146 217
PAINT_LINE 146 221 146 225
PAINT_LINE 146 228 146 230
PAINT_LINE 146 248 146 250
PAINT_LINE 146 487 146 489
PAINT_LINE 146 504 146 507
PAINT_LINE 146 539 146 541
PAINT_LINE 146 558 146 560
PAINT_LINE 146 569 146 576
PAINT_LINE 146 591 146 593
PAINT_LINE 146 602 146 607
PAINT_LINE 146 610 146 613
PAINT_LINE 146 628 146 634
PAINT_LINE 146 637 146 641
PAINT_LINE 146 650 146 658
PAINT_LINE 146 672 146 676
PAINT_LINE 146 711 146 718
PAINT_LINE 146 758 146 761
PAINT_LINE 146 790 146 799
PAINT_LINE 147 21 147 57
PAINT_LINE 147 70 147 84
PAINT_LINE 147 109 147 122
PAINT_LINE 147 127 147 129
PAINT_LINE 147 151 147 154
PAINT_LINE 147 157 147 160
PAINT_LINE 147 171 147 172
PAINT_LINE 147 175 147 176
PAINT_LINE 147 179 147 183
PAINT_LINE 147 203 147 203
PAINT_LINE 147 206 147 208
PAINT_LINE 147 212 147 216
PAINT_LINE 147 222 147 224
PAINT_LINE 147 227 147 230
PAINT_LINE 147 247 147 249
PAINT_LINE 147 382 147 384
PAINT_LINE 147 408 147 411
PAINT_LINE 147 488 147 490
PAINT_LINE 147 504 147 508
PAINT_LINE 147 539 147 543
PAINT_LINE 147 558 147 559
PAINT_LINE 147 562 147 564
PAINT_LINE 147 566 147 567
PAINT_LINE 147 575 147 575
PAINT_LINE 147 591 147 593
PAINT_LINE 147 603 147 608
PAINT_LINE 147 611 147 613
PAINT_LINE 147 625 147 631
PAINT_LINE 147 639 147 640
PAINT_LINE 147 648 147 649
PAINT_LINE 147 652 147 658
PAINT_LINE 147 672 147 676
PAINT_LINE 147 713 147 720
PAINT_LINE 147 757 147 760
PAINT_LINE 147 790 147 798
PAINT_LINE 148 24 148 58
PAINT_LINE 148 70 148 79
PAINT_LINE 148 103 148 124
PAINT_LINE 148 126 148 129
PAINT_LINE 148 150 148 163
PAINT_LINE 148 165 148 166
PAINT_LINE 148 169 148 169
PAINT_LINE 148 171 148 172
PAINT_LINE 148 175 148 182
PAINT_LINE 148 204 148 204
PAINT_LINE 148 206 148 208
PAINT_LINE 148 211 148 217
PAINT_LINE 148 221 148 223
PAINT_LINE 148 226 148 230
PAINT_LINE 148 245 148 250
PAINT_LINE 148 376 148 376
PAINT_LINE 148 380 148 385
PAINT_LINE 148 407 148 412
PAINT_LINE 148 488 148 490
PAINT_LINE 148 505 148 508
PAINT_LINE 148 539 148 544
PAINT_LINE 148 558 148 559
PAINT_LINE 148 564 148 570
PAINT_LINE 148 575 148 576
PAINT_LINE 148 591 148 593
PAINT_LINE 148 604 148 609
PAINT_LINE 148 612 148 616
PAINT_LINE 148 623 148 628
PAINT_LINE 148 636 148 641
PAINT_LINE 148 647 148 648
PAINT_LINE 148 653 148 654
PAINT_LINE 148 656 148 659
PAINT_LINE 148 671 148 675
PAINT_LINE 148 715 148 720
PAINT_LINE 148 756 148 760
PAINT_LINE 148 790 148 797
PAINT_LINE 149 26 149 58
PAINT_LINE 149 70 149 73
PAINT_LINE 149 102 149 115
PAINT_LINE 149 153 149 158
PAINT_LINE 149 182 149 183
PAINT_LINE 149 204 149 204
PAINT_LINE 149 207 149 217
PAINT_LINE 149 221 149 223
PAINT_LINE 149 226 149 228
PAINT_LINE 149 245 149 250
PAINT_LINE 149 374 149 384
PAINT_LINE 149 391 149 399
PAINT_LINE 149 407 149 412
PAINT_LINE 149 489 149 489
PAINT_LINE 149 505 149 508
PAINT_LINE 149 539 149 544
PAINT_LINE 149 558 149 559
PAINT_LINE 149 564 149 571
PAINT_LINE 149 575 149 576
PAINT_LINE 149 590 149 593
PAINT_LINE 149 605 149 609
PAINT_LINE 149 615 149 625
PAINT_LINE 149 633 149 639
PAINT_LINE 149 646 149 650
PAINT_LINE 149 653 149 659
PAINT_LINE 149 669 149 674
PAINT_LINE 149 717 149 721
PAINT_LINE 149 755 149 759
PAINT_LINE 149 789 149 796
PAINT_LINE 150 29 150 60
PAINT_LINE 150 70 150 73
PAINT_LINE 150 88 150 153
PAINT_LINE 150 177 150 183
PAINT_LINE 150 204 150 218
PAINT_LINE 150 220 150 224
PAINT_LINE 150 226 150 227
PAINT_LINE 150 245 150 250
PAINT_LINE 150 374 150 383
PAINT_LINE 150 390 150 401
PAINT_LINE 150 407 150 412
PAINT_LINE 150 489 150 490
PAINT_LINE 150 505 150 508
PAINT_LINE 150 541 150 545
PAINT_LINE 150 557 150 560
PAINT_LINE 150 564 150 572
PAINT_LINE 150 576 150 576
PAINT_LINE 150 590 150 592
PAINT_LINE 150 606 150 611
PAINT_LINE 150 620 150 624
PAINT_LINE 150 631 150 634
PAINT_LINE 150 644 150 648
PAINT_LINE 150 654 150 659
PAINT_LINE 150 667 150 670
PAINT_LINE 150 718 150 723
PAINT_LINE 150 755 150 759
PAINT_LINE 150 789 150 796
PAINT_LINE 151 33 151 63
PAINT_LINE 151 70 151 73
PAINT_LINE 151 89 151 106
PAINT_LINE 151 155 151 155
PAINT_LINE 151 181 151 183
PAINT_LINE 151 204 151 207
PAINT_LINE 151 211 151 217
PAINT_LINE 151 220 151 227
PAINT_LINE 151 245 151 250
PAINT_LINE 151 376 151 383
PAINT_LINE 151 392 151 397
PAINT_LINE 151 407 151 412
PAINT_LINE 151 489 151 490
PAINT_LINE 151 505 151 508
PAINT_LINE 151 544 151 546
PAINT_LINE 151 557 151 558
PAINT_LINE 151 563 151 572
PAINT_LINE 151 576 151 576
PAINT_LINE 151 587 151 590
PAINT_LINE 151 608 151 612
PAINT_LINE 151 620 151 624
PAINT_LINE 151 632 151 634
PAINT_LINE 151 641 151 647
PAINT_LINE 151 653 151 653
PAINT_LINE 151 657 151 659
PAINT_LINE 151 666 151 668
PAINT_LINE 151 718 151 723
PAINT_LINE 151 754 151 758
PAINT_LINE 151 788 151 799
PAINT_LINE 152 35 152 65
PAINT_LINE 152 70 152 73
PAINT_LINE 152 83 152 106
PAINT_LINE 152 116 152 118
PAINT_LINE 152 120 152 122
PAINT_LINE 152 125 152 129
PAINT_LINE 152 154 152 156
PAINT_LINE 152 181 152 183
PAINT_LINE 152 205 152 206
PAINT_LINE 152 212 152 219
PAINT_LINE 152 221 152 229
PAINT_LINE 152 245 152 250
PAINT_LINE 152 375 152 385
PAINT_LINE 152 391 152 400
PAINT_LINE 152 407 152 412
PAINT_LINE 152 489 152 490
PAINT_LINE 152 505 152 508
PAINT_LINE 152 545 152 549
PAINT_LINE 152 552 152 555
PAINT_LINE 152 557 152 557
PAINT_LINE 152 562 152 572
PAINT_LINE 152 576 152 577
PAINT_LINE 152 585 152 588
PAINT_LINE 152 609 152 614
PAINT_LINE 152 620 152 624
PAINT_LINE 152 630 152 630
PAINT_LINE 152 645 152 648
PAINT_LINE 152 652 152 654
PAINT_LINE 152 657 152 659
PAINT_LINE 152 665 152 666
PAINT_LINE 152 719 152 723
PAINT_LINE 152 754 152 758
PAINT_LINE 152 788 152 792
PAINT_LINE 152 797 152 799
PAINT_LINE 153 41 153 56
PAINT_LINE 153 61 153 98
PAINT_LINE 153 103 153 105
PAINT_LINE 153 127 153 128
PAINT_LINE 153 154 153 156
PAINT_LINE 153 181 153 183
PAINT_LINE 153 204 153 204
PAINT_LINE 153 206 153 206
PAINT_LINE 153 210 153 218
PAINT_LINE 153 221 153 228
PAINT_LINE 153 245 153 250
PAINT_LINE 153 374 153 379
PAINT_LINE 153 381 153 385
PAINT_LINE 153 408 153 411
PAINT_LINE 153 489 153 490
PAINT_LINE 153 505 153 507
PAINT_LINE 153 547 153 553
PAINT_LINE 153 562 153 572
PAINT_LINE 153 576 153 584
PAINT_LINE 153 610 153 617
PAINT_LINE 153 620 153 624
PAINT_LINE 153 627 153 627
PAINT_LINE 153 630 153 630
PAINT_LINE 153 632 153 636
PAINT_LINE 153 642 153 646
PAINT_LINE 153 651 153 653
PAINT_LINE 153 657 153 659
PAINT_LINE 153 663 153 665
PAINT_LINE 153 718 153 722
PAINT_LINE 153 754 153 758
PAINT_LINE 153 787 153 792
PAINT_LINE 153 799 153 799
PAINT_LINE 154 46 154 60
PAINT_LINE 154 73 154 90
PAINT_LINE 154 103 154 105
PAINT_LINE 154 127 154 128
PAINT_LINE 154 154 154 156
PAINT_LINE 154 181 154 183
PAINT_LINE 154 210 154 228
PAINT_LINE 154 244 154 250
PAINT_LINE 154 408 154 409
PAINT_LINE 154 489 154 490
PAINT_LINE 154 506 154 508
PAINT_LINE 154 547 154 548
PAINT_LINE 154 551 154 554
PAINT_LINE 154 557 154 557
PAINT_LINE 154 568 154 572
PAINT_LINE 154 575 154 583
PAINT_LINE 154 613 154 619
PAINT_LINE 154 622 154 627
PAINT_LINE 154 629 154 631
PAINT_LINE 154 635 154 640
PAINT_LINE 154 650 154 652
PAINT_LINE 154 655 154 659
PAINT_LINE 154 663 154 664
PAINT_LINE 154 712 154 720
PAINT_LINE 154 753 154 756
PAINT_LINE 154 787 154 790
PAINT_LINE 154 799 154 799
PAINT_LINE 155 54 155 81
PAINT_LINE 155 103 155 105
PAINT_LINE 155 127 155 129
PAINT_LINE 155 154 155 156
PAINT_LINE 155 181 155 183
PAINT_LINE 155 204 155 204
PAINT_LINE 155 207 155 207
PAINT_LINE 155 210 155 216
PAINT_LINE 155 227 155 230
PAINT_LINE 155 244 155 250
PAINT_LINE 155 489 155 490
PAINT_LINE 155 505 155 508
PAINT_LINE 155 552 155 557
PAINT_LINE 155 575 155 579
PAINT_LINE 155 581 155 583
PAINT_LINE 155 616 155 619
PAINT_LINE 155 623 155 627
PAINT_LINE 155 632 155 632
PAINT_LINE 155 648 155 651
PAINT_LINE 155 654 155 658
PAINT_LINE 155 662 155 663
PAINT_LINE 155 711 155 714
PAINT_LINE 155 754 155 756
PAINT_LINE 155 787 155 790
PAINT_LINE 155 798 155 799
PAINT_LINE 156 104 156 105
PAINT_LINE 156 127 156 129
PAINT_LINE 156 154 156 156
PAINT_LINE 156 181 156 183
PAINT_LINE 156 210 156 216
PAINT_LINE 156 228 156 231
PAINT_LINE 156 244 156 250
PAINT_LINE 156 490 156 491
PAINT_LINE 156 506 156 508
PAINT_LINE 156 542 156 542
PAINT_LINE 156 556 156 558
PAINT_LINE 156 574 156 577
PAINT_LINE 156 583 156 588
PAINT_LINE 156 618 156 630
PAINT_LINE 156 638 156 649
PAINT_LINE 156 654 156 657
PAINT_LINE 156 661 156 663
PAINT_LINE 156 710 156 712
PAINT_LINE 156 753 156 757
PAINT_LINE 156 784 156 799
PAINT_LINE 157 103 157 105
PAINT_LINE 157 126 157 129
PAINT_LINE 157 154 157 156
PAINT_LINE 157 181 157 183
PAINT_LINE 157 207 157 215
PAINT_LINE 157 217 157 225
PAINT_LINE 157 227 157 231
PAINT_LINE 157 244 157 250
PAINT_LINE 157 490 157 491
PAINT_LINE 157 507 157 509
PAINT_LINE 157 541 157 542
PAINT_LINE 157 557 157 559
PAINT_LINE 157 571 157 576
PAINT_LINE 157 583 157 592
PAINT_LINE 157 619 157 624
PAINT_LINE 157 627 157 631
PAINT_LINE 157 636 157 649
PAINT_LINE 157 653 157 656
PAINT_LINE 157 661 157 663
PAINT_LINE 157 709 157 713
PAINT_LINE 157 752 157 799
