68
PAINT_LINE 0 8 0 12
PAINT_LINE 1 4 1 15
PAINT_LINE 1 64 1 66
PAINT_LINE 2 2 2 5
PAINT_LINE 2 14 2 15
PAINT_LINE 2 64 2 66
PAINT_LINE 3 1 3 3
PAINT_LINE 3 64 3 66
PAINT_LINE 4 0 4 3
PAINT_LINE 4 24 4 30
PAINT_LINE 4 38 4 44
PAINT_LINE 4 52 4 61
PAINT_LINE 4 64 4 66
PAINT_LINE 4 71 4 76
PAINT_LINE 5 0 5 2
PAINT_LINE 5 10 5 19
PAINT_LINE 5 22 5 25
PAINT_LINE 5 29 5 32
PAINT_LINE 5 36 5 39
PAINT_LINE 5 43 5 46
PAINT_LINE 5 51 5 54
PAINT_LINE 5 57 5 61
PAINT_LINE 5 64 5 66
PAINT_LINE 5 69 5 72
PAINT_LINE 5 75 5 78
PAINT_LINE 6 0 6 2
PAINT_LINE 6 16 6 19
PAINT_LINE 6 21 6 23
PAINT_LINE 6 30 6 33
PAINT_LINE 6 35 6 38
PAINT_LINE 6 45 6 47
PAINT_LINE 6 50 6 52
PAINT_LINE 6 59 6 61
PAINT_LINE 6 64 6 66
PAINT_LINE 6 68 6 70
PAINT_LINE 6 74 6 79
PAINT_LINE 7 1 7 3
PAINT_LINE 7 16 7 18
PAINT_LINE 7 21 7 23
PAINT_LINE 7 31 7 33
PAINT_LINE 7 35 7 37
PAINT_LINE 7 45 7 47
PAINT_LINE 7 50 7 51
PAINT_LINE 7 59 7 61
PAINT_LINE 7 64 7 66
PAINT_LINE 7 68 7 74
PAINT_LINE 8 2 8 5
PAINT_LINE 8 14 8 17
PAINT_LINE 8 21 8 24
PAINT_LINE 8 30 8 32
PAINT_LINE 8 36 8 38
PAINT_LINE 8 44 8 47
PAINT_LINE 8 50 8 52
PAINT_LINE 8 59 8 61
PAINT_LINE 8 64 8 66
PAINT_LINE 8 68 8 71
PAINT_LINE 8 77 8 77
PAINT_LINE 9 4 9 16
PAINT_LINE 9 22 9 31
PAINT_LINE 9 37 9 46
PAINT_LINE 9 51 9 61
PAINT_LINE 9 64 9 66
PAINT_LINE 9 70 9 78
PAINT_LINE 10 59 10 61
PAINT_LINE 11 50 11 52
PAINT_LINE 11 58 11 61
PAINT_LINE 12 51 12 59
PAINT_LINE 13 54 13 56
