124
PAINT_LINE 5 13 5 16
PAINT_LINE 5 156 5 166
PAINT_LINE 5 187 5 194
PAINT_LINE 6 13 6 16
PAINT_LINE 6 156 6 166
PAINT_LINE 6 187 6 194
PAINT_LINE 7 13 7 16
PAINT_LINE 7 76 7 82
PAINT_LINE 7 156 7 166
PAINT_LINE 7 183 7 194
PAINT_LINE 8 13 8 16
PAINT_LINE 8 75 8 83
PAINT_LINE 8 156 8 166
PAINT_LINE 8 183 8 186
PAINT_LINE 9 5 9 8
PAINT_LINE 9 16 9 57
PAINT_LINE 9 117 9 149
PAINT_LINE 9 156 9 166
PAINT_LINE 10 5 10 8
PAINT_LINE 10 17 10 58
PAINT_LINE 10 117 10 149
PAINT_LINE 10 156 10 166
PAINT_LINE 11 5 11 58
PAINT_LINE 11 92 11 94
PAINT_LINE 11 117 11 149
PAINT_LINE 11 156 11 166
PAINT_LINE 12 9 12 16
PAINT_LINE 12 21 12 58
PAINT_LINE 12 91 12 95
PAINT_LINE 12 117 12 149
PAINT_LINE 12 156 12 166
PAINT_LINE 13 5 13 8
PAINT_LINE 13 11 13 12
PAINT_LINE 13 21 13 57
PAINT_LINE 13 64 13 87
PAINT_LINE 13 93 13 94
PAINT_LINE 13 117 13 149
PAINT_LINE 13 156 13 166
PAINT_LINE 13 174 13 190
PAINT_LINE 14 5 14 8
PAINT_LINE 14 21 14 43
PAINT_LINE 14 64 14 87
PAINT_LINE 14 96 14 149
PAINT_LINE 14 156 14 166
PAINT_LINE 14 173 14 190
PAINT_LINE 15 21 15 43
PAINT_LINE 15 64 15 87
PAINT_LINE 15 96 15 149
PAINT_LINE 15 156 15 166
PAINT_LINE 15 173 15 190
PAINT_LINE 16 21 16 43
PAINT_LINE 16 64 16 87
PAINT_LINE 16 96 16 149
PAINT_LINE 16 156 16 166
PAINT_LINE 16 173 16 190
PAINT_LINE 17 21 17 43
PAINT_LINE 17 52 17 87
PAINT_LINE 17 96 17 149
PAINT_LINE 17 156 17 166
PAINT_LINE 17 173 17 190
PAINT_LINE 18 21 18 43
PAINT_LINE 18 51 18 87
PAINT_LINE 18 96 18 149
PAINT_LINE 18 156 18 166
PAINT_LINE 18 173 18 190
PAINT_LINE 19 21 19 43
PAINT_LINE 19 51 19 87
PAINT_LINE 19 96 19 149
PAINT_LINE 19 156 19 166
PAINT_LINE 20 21 20 43
PAINT_LINE 20 52 20 87
PAINT_LINE 20 96 20 149
PAINT_LINE 20 156 20 166
PAINT_LINE 21 21 21 43
PAINT_LINE 21 64 21 87
PAINT_LINE 21 96 21 149
PAINT_LINE 21 156 21 166
PAINT_LINE 22 11 22 43
PAINT_LINE 22 64 22 87
PAINT_LINE 22 96 22 116
PAINT_LINE 22 140 22 149
PAINT_LINE 22 156 22 166
PAINT_LINE 23 10 23 43
PAINT_LINE 23 64 23 87
PAINT_LINE 23 96 23 116
PAINT_LINE 23 140 23 149
PAINT_LINE 23 156 23 166
PAINT_LINE 24 10 24 43
PAINT_LINE 24 63 24 87
PAINT_LINE 24 96 24 115
PAINT_LINE 24 140 24 149
PAINT_LINE 24 156 24 166
PAINT_LINE 25 4 25 63
PAINT_LINE 25 109 25 112
PAINT_LINE 25 123 25 149
PAINT_LINE 25 173 25 191
PAINT_LINE 26 4 26 63
PAINT_LINE 26 109 26 112
PAINT_LINE 26 123 26 149
PAINT_LINE 26 173 26 191
PAINT_LINE 27 20 27 63
PAINT_LINE 27 105 27 112
PAINT_LINE 27 123 27 149
PAINT_LINE 27 173 27 191
PAINT_LINE 28 21 28 63
PAINT_LINE 28 105 28 112
PAINT_LINE 28 123 28 149
PAINT_LINE 28 173 28 191
PAINT_LINE 29 21 29 63
PAINT_LINE 29 113 29 116
PAINT_LINE 29 123 29 149
PAINT_LINE 29 169 29 190
PAINT_LINE 30 21 30 63
PAINT_LINE 30 113 30 116
PAINT_LINE 30 169 30 172
PAINT_LINE 31 21 31 63
PAINT_LINE 31 113 31 116
PAINT_LINE 31 169 31 172
PAINT_LINE 32 113 32 116
PAINT_LINE 32 169 32 172
PAINT_LINE 33 169 33 173
PAINT_LINE 34 169 34 173
PAINT_LINE 35 169 35 172
PAINT_LINE 36 169 36 172
