750
1
28
120
638
325
644
309
536
34
275
70
154
483
109
820
181
22
775
441
29
39
19
298
11
604
113
287
211
38
203
21
860
5
652
645
35
358
233
25
602
41
433
605
964
48
688
92
260
24
125
951
570
241
329
347
98
140
23
567
596
251
663
480
222
514
869
3
387
17
4
167
799
265
516
268
435
677
196
436
584
412
56
87
228
281
450
81
364
179
194
467
815
254
277
361
778
286
78
442
50
479
296
166
504
728
202
468
216
560
576
62
16
73
743
532
149
546
404
370
159
103
294
141
994
193
189
724
201
121
136
43
14
13
606
230
497
45
83
90
314
272
301
488
736
316
889
923
323
7
614
176
132
112
74
100
826
493
551
348
439
63
505
302
367
997
588
77
145
768
89
300
393
225
836
706
888
416
332
139
550
187
9
60
197
654
460
784
219
278
127
217
75
616
755
184
178
279
704
174
148
245
210
406
446
924
255
247
671
328
867
520
177
292
648
509
557
707
462
303
261
472
313
531
559
477
33
597
213
451
745
220
106
746
170
320
913
107
212
229
232
317
111
423
756
899
239
389
209
777
812
629
626
893
421
305
356
334
506
315
502
623
397
950
908
391
284
42
276
186
299
192
411
360
473
311
164
463
457
267
692
274
377
346
378
499
723
627
849
379
519
235
352
761
998
110
293
400
508
539
258
319
333
430
507
142
362
342
425
374
205
556
351
357
312
803
485
921
809
380
530
500
647
561
354
718
538
122
785
554
240
420
575
802
831
283
732
565
533
742
431
712
594
830
326
429
687
282
456
526
939
610
540
549
489
641
992
440
719
962
349
340
739
779
963
611
741
381
848
845
396
448
682
486
369
613
727
679
819
658
667
650
555
541
942
491
669
865
729
922
880
639
986
592
842
646
680
642
863
591
771
691
787
569
515
678
747
574
807
722
978
649
655
776
926
754
453
702
764
713
786
672
708
886
811
843
822
975
725
907
208
852
878
829
804
827
864
733
730
308
135
850
791
757
844
823
767
877
640
821
890
766
874
772
859
792
855
917
693
621
656
936
896
738
905
931
971
593
969
790
690
976
694
854
734
748
906
839
948
987
887
780
955
851
935
875
966
983
870
970
938
925
895
944
900
972
954
615 617
914
959
933
989
0 2
6 8
10 12
15 18
20 26
27 30
31 32
36 37
40 46
47 49
52 53
54 55
57 58
59 61
64 65
66 67
68 69
71 72
76 79
80 82
84 85
86 88
91 93
94 95
96 97
99 101
102 105
114 115
116 117
119 123
124 126
128 129
130 133
134 137
138 143
144 146
147 150
151 152
153 155
156 157
158 160
161 162
163 165
168 169
171 172
173 175
180 182
183 185
188 190
191 195
198 200
204 206
207 214
218 221
223 226
227 231
234 236
237 238
242 243
244 246
248 249
250 252
253 256
257 259
262 263
264 266
269 270
271 273
280 285
288 289
290 291
295 297
304 306
307 310
318 321
322 324
327 330
331 335
336 338
339 341
343 344
345 350
353 359
363 365
366 368
371 372
373 375
376 382
383 384
385 386
388 390
392 394
395 398
399 401
402 403
405 407
408 409
413 414
415 417
418 419
422 426
427 432
434 437
438 443
444 445
447 449
452 454
455 461
464 465
466 469
470 471
474 475
476 478
481 482
484 487
490 492
494 495
496 498
501 503
510 511
512 513
517 518
521 522
523 524
525 527
528 529
534 535
537 543
544 545
547 548
552 553
558 562
563 564
568 571
572 573
577 578
579 580
581 582
583 585
586 587
589 590
595 598
599 600
601 603
607 608
609 612
618 619
620 622
624 625
628 630
631 632
633 634
635 636
637 643
651 653
657 659
660 662
664 665
666 668
670 673
674 675
676 681
683 684
685 686
689 696
697 698
699 700
701 703
705 709
710 711
714 715
716 717
720 721
726 731
735 737
740 744
749 750
751 752
753 758
759 760
762 763
770 773
774 781
782 783
788 789
793 794
795 796
797 798
800 801
805 806
808 810
813 814
816 817
818 824
825 832
833 834
835 837
838 840
841 846
847 853
856 857
861 862
866 868
871 872
876 879
881 882
883 884
885 891
892 894
897 898
901 902
903 904
909 910
911 912
915 916
918 919
920 928
929 930
932 934
937 940
941 943
945 946
947 949
952 953
956 957
958 960
961 965
967 968
973 974
979 980
981 982
984 985
988 990
991 995
999 44
51 104
108 118
131 199
215 224
337 355
410 424
428 458
459 542
566 661
695 765
769 828
858 873
927 977
993 996
