543
0 L 0 398 1
0 D 6 398 1
1 L 0 397 1
1 D 4 397 1
2 L 0 396 1
2 D 94 396 1
3 L 0 393 1
3 D 57 393 1
4 L 0 391 1
4 D 16 391 1
5 L 0 390 1
5 D 58 390 1
6 L 0 387 1
6 D 569 387 1
7 L 0 385 1
7 D 9 385 1
8 L 0 383 1
8 D 58 383 1
9 L 0 382 1
9 D 45 382 1
10 L 0 381 1
10 D 27 381 1
11 L 0 378 1
11 D 177 378 1
12 L 0 377 1
12 D 3 377 1
13 L 0 375 1
13 D 13 375 1
14 L 0 374 1
14 D 111 374 1
15 L 0 373 1
15 D 22 373 1
16 L 0 371 1
16 D 89 371 1
17 L 0 368 1
17 D 103 368 1
18 L 0 361 1
18 D 77 361 1
19 L 0 360 1
19 D 45 360 1
20 L 0 359 1
20 D 101 359 1
21 L 0 350 1
21 D 34 350 1
22 L 0 348 1
22 D 46 348 1
23 L 0 347 1
23 D 12 347 1
24 L 0 345 1
24 D 198 345 1
25 L 0 343 1
25 D 27 343 1
26 L 0 342 1
26 D 4 342 1
27 L 0 340 1
27 D 67 340 1
28 L 0 330 1
28 D 59 330 1
29 L 0 329 1
29 D 103 329 1
0 L 0 328 1
0 D 23 328 1
1 L 0 327 1
1 D 191 327 1
2 L 0 326 1
2 D 20 326 1
3 L 0 325 1
3 D 327 325 1
4 L 0 323 1
4 D 69 323 1
5 L 0 322 1
5 D 27 322 1
6 L 0 318 1
6 D 817 318 1
7 L 0 317 1
7 D 27 317 1
8 L 0 314 1
8 D 15 314 1
9 L 0 313 1
9 D 39 313 1
10 L 0 310 1
10 D 46 310 1
11 L 0 304 1
11 D 220 304 1
12 L 0 301 1
12 D 119 301 1
13 L 0 300 1
13 D 10 300 1
14 L 0 299 1
14 D 0 299 1
15 L 0 297 1
15 D 57 297 1
16 L 0 296 1
16 D 13 296 1
17 L 0 294 1
17 D 373 294 1
18 L 0 293 1
18 D 66 293 1
19 L 0 292 1
19 D 232 292 1
20 L 0 291 1
20 D 61 291 1
21 L 0 290 1
21 D 3 290 1
22 L 0 288 1
22 D 99 288 1
23 L 0 287 1
23 D 14 287 1
24 L 0 285 1
24 D 47 285 1
25 L 0 283 1
25 D 78 283 1
26 L 0 281 1
26 D 12 281 1
27 L 0 280 1
27 D 0 280 1
28 L 0 278 1
28 D 19 278 1
29 L 0 277 1
29 D 69 277 1
0 L 0 276 1
0 D 19 276 1
1 L 0 275 1
1 D 4 275 1
2 L 0 272 1
2 D 10 272 1
3 L 0 271 1
3 D 62 271 1
4 L 0 270 1
4 D 3 270 1
5 L 0 269 1
5 D 318 269 1
6 L 0 268 1
6 D 15 268 1
7 L 0 266 1
7 D 171 266 1
8 L 0 263 1
8 D 4 263 1
9 L 0 262 1
9 D 15 262 1
10 L 0 260 1
10 D 258 260 1
11 L 0 259 1
11 D 184 259 1
12 L 0 255 1
12 D 25 255 1
13 L 0 253 1
13 D 221 253 1
14 L 0 252 1
14 D 246 252 1
15 L 0 249 1
15 D 196 249 1
16 L 0 247 1
16 D 25 247 1
17 L 0 246 1
17 D 309 246 1
18 L 0 245 1
18 D 401 245 1
19 L 0 243 1
19 D 9 243 1
20 L 0 242 1
20 D 34 242 1
21 L 0 241 1
21 D 16 241 1
22 L 0 240 1
22 D 336 240 1
23 L 0 239 1
23 D 27 239 1
24 L 0 237 1
24 D 69 237 1
25 L 0 236 1
25 D 41 236 1
26 L 0 230 1
26 D 11 230 1
27 L 0 229 1
27 D 102 229 1
28 L 0 227 1
28 D 29 227 1
29 L 0 225 1
29 D 14 225 1
0 L 0 223 1
0 D 14 223 1
1 L 0 221 1
1 D 20 221 1
2 L 0 219 1
2 D 3 219 1
3 L 0 218 1
3 D 44 218 1
4 L 0 216 1
4 D 15 216 1
5 L 0 215 1
5 D 6 215 1
6 L 0 214 1
6 D 14 214 1
7 L 0 210 1
7 D 42 210 1
8 L 0 208 1
8 D 25 208 1
9 L 0 206 1
9 D 71 206 1
10 L 0 205 1
10 D 7 205 1
11 L 0 204 1
11 D 12 204 1
12 L 0 203 1
12 D 16 203 1
13 L 0 202 1
13 D 80 202 1
14 L 0 201 1
14 D 22 201 1
15 L 0 199 1
15 D 21 199 1
16 L 0 194 1
16 D 33 194 1
17 L 0 191 1
17 D 129 191 1
18 L 0 190 1
18 D 15 190 1
19 L 0 189 1
19 D 14 189 1
20 L 0 188 1
20 D 319 188 1
21 L 0 187 1
21 D 426 187 1
22 L 0 186 1
22 D 20 186 1
23 L 0 182 1
23 D 37 182 1
24 L 0 181 1
24 D 67 181 1
25 L 0 180 1
25 D 55 180 1
26 L 0 179 1
26 D 6 179 1
27 L 0 178 1
27 D 134 178 1
28 L 0 177 1
28 D 96 177 1
29 L 0 176 1
29 D 125 176 1
0 L 0 175 1
0 D 163 175 1
1 L 0 173 1
1 D 22 173 1
2 L 0 172 1
2 D 12 172 1
3 L 0 169 1
3 D 4 169 1
4 L 0 168 1
4 D 37 168 1
5 L 0 167 1
5 D 36 167 1
6 L 0 164 1
6 D 19 164 1
7 L 0 163 1
7 D 1 163 1
8 L 0 157 1
8 D 58 157 1
9 L 0 154 1
9 D 68 154 1
10 L 0 152 1
10 D 48 152 1
11 L 0 151 1
11 D 166 151 1
12 L 0 150 1
12 D 16 150 1
13 L 0 149 1
13 D 64 149 1
14 L 0 146 1
14 D 4 146 1
15 L 0 144 1
15 D 23 144 1
16 L 0 143 1
16 D 250 143 1
17 L 0 140 1
17 D 196 140 1
18 L 0 138 1
18 D 47 138 1
19 L 0 137 1
19 D 55 137 1
20 L 0 136 1
20 D 37 136 1
21 L 0 133 1
21 D 70 133 1
22 L 0 132 1
22 D 42 132 1
23 L 0 129 1
23 D 16 129 1
24 L 0 127 1
24 D 12 127 1
25 L 0 126 1
25 D 24 126 1
26 L 0 124 1
26 D 20 124 1
27 L 0 123 1
27 D 95 123 1
28 L 0 122 1
28 D 16 122 1
29 L 0 120 1
29 D 181 120 1
0 L 0 119 1
0 D 39 119 1
1 L 0 118 1
1 D 287 118 1
2 L 0 115 1
2 D 42 115 1
3 L 0 114 1
3 D 24 114 1
4 L 0 112 1
4 D 151 112 1
5 L 0 111 2
5 D 3 111 2
6 L 0 110 1
6 D 34 110 1
7 L 0 109 1
7 D 19 109 1
8 L 0 106 1
8 D 189 106 1
9 L 0 104 1
9 D 32 104 1
10 L 0 103 1
10 D 57 103 1
11 L 0 101 1
11 D 291 101 1
12 L 0 100 1
12 D 20 100 1
13 L 0 99 1
13 D 55 99 1
14 L 0 96 1
14 D 3 96 1
15 L 0 95 1
15 D 58 95 1
16 L 0 92 1
16 D 135 92 1
17 L 0 91 1
17 D 195 91 1
18 L 0 88 1
18 D 36 88 1
19 L 0 85 1
19 D 142 85 1
20 L 0 83 1
20 D 9 83 1
21 L 0 82 1
21 D 23 82 1
22 L 0 81 1
22 D 2 81 1
23 L 0 77 1
23 D 100 77 1
24 L 0 76 1
24 D 7 76 1
25 L 0 74 1
25 D 54 74 1
26 L 0 73 1
26 D 23 73 1
27 L 0 72 1
27 D 166 72 1
28 L 0 70 1
28 D 32 70 1
29 L 0 65 1
29 D 102 65 1
0 L 0 64 1
0 D 22 64 1
1 L 0 63 1
1 D 47 63 1
2 L 0 62 1
2 D 97 62 1
3 L 0 61 1
3 D 16 61 1
4 L 0 60 1
4 D 33 60 1
5 L 0 57 1
5 D 54 57 1
6 L 0 52 1
6 D 28 52 1
7 L 0 50 1
7 D 43 50 1
8 L 0 48 1
8 D 54 48 1
9 L 0 47 1
9 D 36 47 1
10 L 0 46 1
10 D 86 46 1
11 L 0 45 1
11 D 58 45 1
12 L 0 43 1
12 D 5 43 1
13 L 0 42 1
13 D 0 42 1
14 L 0 40 1
14 D 206 40 1
15 L 0 38 1
15 D 40 38 1
16 L 0 37 1
16 D 3 37 1
17 L 0 36 1
17 D 26 36 1
18 L 0 35 1
18 D 12 35 1
19 L 0 34 1
19 D 51 34 1
20 L 0 33 1
20 D 83 33 1
21 L 0 32 1
21 D 53 32 1
22 L 0 31 1
22 D 39 31 1
23 L 0 26 1
23 D 4 26 1
24 L 0 21 1
24 D 15 21 1
25 L 0 17 1
25 D 14 17 1
26 L 0 16 1
26 D 8 16 1
27 L 0 15 1
27 D 17 15 1
28 L 0 10 1
28 D 10 10 1
29 L 0 8 1
29 D 27 8 1
0 L 0 3 1
0 D 97 3 1
1 L 0 2 1
1 D 61 2 1
2 L 1 398 1
2 D 13 398 1
3 L 1 397 1
3 D 18 397 1
4 L 1 396 1
4 D 122 396 1
5 L 1 393 1
5 D 170 393 1
6 L 1 391 1
6 D 37 391 1
7 L 1 390 1
7 D 110 390 1
8 L 1 389 1
8 D 41 389 1
9 L 1 387 1
9 D 575 387 1
10 L 1 385 1
10 D 231 385 1
11 L 1 383 1
11 D 68 383 1
12 L 1 382 1
12 D 52 382 1
13 L 1 378 1
13 D 207 378 1
14 L 1 377 1
14 D 104 377 1
15 L 1 375 1
15 D 27 375 1
16 L 1 374 1
16 D 267 374 1
17 L 1 371 1
17 D 106 371 1
18 L 1 370 1
18 D 44 370 1
19 L 1 363 1
19 D 38 363 1
20 L 1 361 1
20 D 142 361 1
21 L 1 360 1
21 D 62 360 1
22 L 1 359 1
22 D 465 359 1
23 L 1 357 1
23 D 110 357 1
24 L 1 356 1
24 D 27 356 1
25 L 1 350 1
25 D 56 350 1
26 L 1 349 1
26 D 73 349 1
27 L 1 348 1
27 D 59 348 1
28 L 1 347 1
28 D 33 347 1
29 L 1 345 1
29 D 219 345 1
0 L 1 342 1
0 D 23 342 1
1 L 1 340 1
1 D 77 340 1
2 L 1 338 1
2 D 5 338 1
3 L 1 333 1
3 D 80 333 1
4 L 1 330 1
4 D 93 330 1
5 L 1 328 1
5 D 113 328 1
6 L 1 327 1
6 D 219 327 1
7 L 1 326 1
7 D 250 326 1
8 L 1 325 1
8 D 437 325 1
9 L 1 323 1
9 D 71 323 1
10 L 1 322 1
10 D 63 322 1
11 L 1 317 1
11 D 113 317 1
12 L 1 316 1
12 D 552 316 1
13 L 1 314 1
13 D 33 314 1
14 L 1 304 1
14 D 227 304 1
15 L 1 301 1
15 D 126 301 1
16 L 1 300 1
16 D 19 300 1
17 L 1 299 1
17 D 6 299 1
18 L 1 297 1
18 D 59 297 1
19 L 1 293 1
19 D 90 293 1
20 L 1 292 1
20 D 331 292 1
21 L 1 290 1
21 D 109 290 1
22 L 1 288 1
22 D 125 288 1
23 L 1 287 1
23 D 41 287 1
24 L 1 283 1
24 D 114 283 1
25 L 1 281 1
25 D 57 281 1
26 L 1 280 1
26 D 141 280 1
27 L 1 278 1
27 D 34 278 1
28 L 1 275 1
28 D 34 275 1
29 L 1 270 1
29 D 25 270 1
0 L 1 268 1
0 D 42 268 1
1 L 1 266 1
