1149
0 L 0 999 1
0 D 150 999 1
1 L 0 998 1
1 D 125 998 1
2 L 0 997 1
2 D 128 997 1
3 L 0 996 1
3 D 74 996 1
4 L 0 995 1
4 D 37 995 1
5 L 0 994 1
5 D 56 994 1
6 L 0 992 1
6 D 48 992 1
7 L 0 991 1
7 D 170 991 1
8 L 0 990 1
8 D 161 990 1
9 L 0 989 1
9 D 68 989 1
10 L 0 988 1
10 D 14 988 1
11 L 0 987 1
11 D 8 987 1
12 L 0 986 1
12 D 347 986 1
13 L 0 985 1
13 D 15 985 1
14 L 0 984 1
14 D 629 984 1
15 L 0 983 1
15 D 184 983 1
16 L 0 982 1
16 D 11 982 1
17 L 0 981 1
17 D 5 981 1
18 L 0 979 1
18 D 42 979 1
19 L 0 978 1
19 D 56 978 1
0 L 0 977 1
0 D 217 977 1
1 L 0 976 1
1 D 84 976 1
2 L 0 975 1
2 D 28 975 1
3 L 0 974 1
3 D 161 974 1
4 L 0 973 1
4 D 106 973 1
5 L 0 972 1
5 D 277 972 1
6 L 0 971 1
6 D 24 971 1
7 L 0 970 1
7 D 9 970 1
8 L 0 969 1
8 D 132 969 1
9 L 0 968 1
9 D 303 968 1
10 L 0 967 1
10 D 37 967 1
11 L 0 966 1
11 D 251 966 1
12 L 0 965 1
12 D 35 965 1
13 L 0 964 1
13 D 19 964 1
14 L 0 963 1
14 D 1 963 1
15 L 0 962 1
15 D 40 962 1
16 L 0 961 1
16 D 3 961 1
17 L 0 960 1
17 D 94 960 1
18 L 0 959 1
18 D 195 959 1
19 L 0 958 1
19 D 120 958 1
0 L 0 956 1
0 D 55 956 1
1 L 0 955 1
1 D 2 955 1
2 L 0 954 1
2 D 152 954 1
3 L 0 953 1
3 D 56 953 1
4 L 0 952 1
4 D 301 952 1
5 L 0 951 1
5 D 692 951 1
6 L 0 950 1
6 D 26 950 1
7 L 0 949 1
7 D 132 949 1
8 L 0 948 1
8 D 157 948 1
9 L 0 947 1
9 D 18 947 1
10 L 0 946 1
10 D 2 946 1
11 L 0 945 1
11 D 132 945 1
12 L 0 944 1
12 D 260 944 1
13 L 0 943 1
13 D 43 943 1
14 L 0 942 1
14 D 484 942 1
15 L 0 941 1
15 D 9 941 1
16 L 0 940 1
16 D 95 940 1
17 L 0 939 1
17 D 79 939 1
18 L 0 938 1
18 D 498 938 1
19 L 0 937 1
19 D 15 937 1
0 L 0 936 1
0 D 68 936 1
1 L 0 935 1
1 D 37 935 1
2 L 0 934 1
2 D 282 934 1
3 L 0 933 1
3 D 442 933 1
4 L 0 931 1
4 D 16 931 1
5 L 0 930 1
5 D 31 930 1
6 L 0 929 1
6 D 28 929 1
7 L 0 928 1
7 D 219 928 1
8 L 0 927 1
8 D 30 927 1
9 L 0 926 1
9 D 15 926 1
10 L 0 925 1
10 D 35 925 1
11 L 0 924 1
11 D 627 924 1
12 L 0 923 1
12 D 593 923 1
13 L 0 922 1
13 D 18 922 1
14 L 0 921 1
14 D 119 921 1
15 L 0 920 1
15 D 2 920 1
16 L 0 919 1
16 D 51 919 1
17 L 0 918 1
17 D 98 918 1
18 L 0 917 1
18 D 117 917 1
19 L 0 916 1
19 D 224 916 1
0 L 0 915 1
0 D 23 915 1
1 L 0 914 1
1 D 84 914 1
2 L 0 913 1
2 D 476 913 1
3 L 0 912 1
3 D 140 912 1
4 L 0 911 1
4 D 60 911 1
5 L 0 910 1
5 D 182 910 1
6 L 0 908 1
6 D 403 908 1
7 L 0 907 1
7 D 39 907 1
8 L 0 906 1
8 D 15 906 1
9 L 0 905 1
9 D 257 905 1
10 L 0 904 1
10 D 269 904 1
11 L 0 903 1
11 D 202 903 1
12 L 0 902 1
12 D 314 902 1
13 L 0 901 1
13 D 391 901 1
14 L 0 900 1
14 D 146 900 1
15 L 0 899 1
15 D 24 899 1
16 L 0 898 1
16 D 113 898 1
17 L 0 897 1
17 D 14 897 1
18 L 0 896 1
18 D 101 896 1
19 L 0 895 1
19 D 405 895 1
0 L 0 894 1
0 D 159 894 1
1 L 0 893 1
1 D 34 893 1
2 L 0 892 1
2 D 404 892 1
3 L 0 891 1
3 D 31 891 1
4 L 0 890 1
4 D 88 890 1
5 L 0 889 1
5 D 141 889 1
6 L 0 888 1
6 D 650 888 1
7 L 0 887 1
7 D 373 887 1
8 L 0 886 1
8 D 82 886 1
9 L 0 885 1
9 D 69 885 1
10 L 0 884 1
10 D 137 884 1
11 L 0 883 1
11 D 22 883 1
12 L 0 882 1
12 D 122 882 1
13 L 0 881 1
13 D 145 881 1
14 L 0 880 1
14 D 31 880 1
15 L 0 879 1
15 D 26 879 1
16 L 0 878 1
16 D 572 878 1
17 L 0 877 1
17 D 68 877 1
18 L 0 876 1
18 D 5 876 1
19 L 0 875 1
19 D 153 875 1
0 L 0 874 1
0 D 467 874 1
1 L 0 873 1
1 D 710 873 1
2 L 0 872 1
2 D 25 872 1
3 L 0 871 1
3 D 239 871 1
4 L 0 870 1
4 D 244 870 1
5 L 0 869 1
5 D 10 869 1
6 L 0 867 1
6 D 700 867 1
7 L 0 866 1
7 D 302 866 1
8 L 0 865 1
8 D 274 865 1
9 L 0 864 1
9 D 9 864 1
10 L 0 863 1
10 D 29 863 1
11 L 0 862 1
11 D 4 862 1
12 L 0 861 1
12 D 75 861 1
13 L 0 859 1
13 D 146 859 1
14 L 0 858 1
14 D 8 858 1
15 L 0 857 1
15 D 46 857 1
16 L 0 856 1
16 D 11 856 1
17 L 0 855 1
17 D 23 855 1
18 L 0 854 1
18 D 33 854 1
19 L 0 853 1
19 D 118 853 1
0 L 0 852 1
0 D 77 852 1
1 L 0 851 1
1 D 6 851 1
2 L 0 850 1
2 D 48 850 1
3 L 0 849 1
3 D 171 849 1
4 L 0 848 1
4 D 86 848 1
5 L 0 847 1
5 D 218 847 1
6 L 0 846 1
6 D 14 846 1
7 L 0 845 1
7 D 35 845 1
8 L 0 844 1
8 D 494 844 1
9 L 0 843 1
9 D 92 843 1
10 L 0 842 1
10 D 521 842 1
11 L 0 841 1
11 D 256 841 1
12 L 0 840 1
12 D 30 840 1
13 L 0 839 1
13 D 131 839 1
14 L 0 837 1
14 D 108 837 1
15 L 0 836 1
15 D 32 836 1
16 L 0 835 1
16 D 2 835 1
17 L 0 834 1
17 D 208 834 1
18 L 0 833 1
18 D 322 833 1
19 L 0 832 1
19 D 60 832 1
0 L 0 831 1
0 D 141 831 1
1 L 0 829 1
1 D 113 829 1
2 L 0 828 1
2 D 793 828 1
3 L 0 827 1
3 D 14 827 1
4 L 0 826 1
4 D 551 826 1
5 L 0 825 1
5 D 4 825 1
6 L 0 824 1
6 D 40 824 1
7 L 0 823 1
7 D 49 823 1
8 L 0 822 1
8 D 9 822 1
9 L 0 821 1
9 D 384 821 1
10 L 0 820 1
10 D 226 820 1
11 L 0 819 1
11 D 89 819 1
12 L 0 818 1
12 D 112 818 1
13 L 0 817 1
13 D 550 817 1
14 L 0 816 1
14 D 76 816 1
15 L 0 815 1
15 D 146 815 1
16 L 0 814 1
16 D 169 814 1
17 L 0 813 1
17 D 99 813 1
18 L 0 811 1
18 D 188 811 1
19 L 0 810 1
19 D 48 810 1
0 L 0 809 1
0 D 42 809 1
1 L 0 808 1
1 D 49 808 1
2 L 0 807 1
2 D 227 807 1
3 L 0 806 1
3 D 84 806 1
4 L 0 805 1
4 D 0 805 1
5 L 0 804 1
5 D 520 804 1
6 L 0 803 1
6 D 2 803 1
7 L 0 802 1
7 D 28 802 1
8 L 0 801 1
8 D 103 801 1
9 L 0 800 1
9 D 535 800 1
10 L 0 799 1
10 D 133 799 1
11 L 0 798 1
11 D 55 798 1
12 L 0 797 1
12 D 287 797 1
13 L 0 796 1
13 D 132 796 1
14 L 0 795 1
14 D 40 795 1
15 L 0 794 1
15 D 1 794 1
16 L 0 793 1
16 D 81 793 1
17 L 0 791 1
17 D 71 791 1
18 L 0 790 1
18 D 15 790 1
19 L 0 789 1
19 D 43 789 1
0 L 0 788 1
0 D 13 788 1
1 L 0 787 1
1 D 9 787 1
2 L 0 786 1
2 D 15 786 1
3 L 0 785 1
3 D 0 785 1
4 L 0 783 1
4 D 151 783 1
5 L 0 782 1
5 D 1 782 1
6 L 0 781 1
6 D 150 781 1
7 L 0 780 1
7 D 21 780 1
8 L 0 779 1
8 D 21 779 1
9 L 0 778 1
9 D 23 778 1
10 L 0 777 1
10 D 57 777 1
11 L 0 776 1
11 D 660 776 1
12 L 0 775 1
12 D 23 775 1
13 L 0 774 1
13 D 32 774 1
14 L 0 773 1
14 D 46 773 1
15 L 0 772 1
15 D 18 772 1
16 L 0 771 1
16 D 363 771 1
17 L 0 770 1
17 D 165 770 1
18 L 0 769 1
18 D 135 769 1
19 L 0 768 1
19 D 349 768 1
0 L 0 767 1
0 D 107 767 1
1 L 0 765 1
1 D 127 765 1
2 L 0 764 1
2 D 15 764 1
3 L 0 763 1
3 D 242 763 1
4 L 0 762 1
4 D 410 762 1
5 L 0 761 1
5 D 413 761 1
6 L 0 760 1
6 D 275 760 1
7 L 0 759 1
7 D 157 759 1
8 L 0 758 1
8 D 10 758 1
9 L 0 757 1
9 D 275 757 1
10 L 0 756 1
10 D 9 756 1
11 L 0 755 1
11 D 146 755 1
12 L 0 754 1
12 D 167 754 1
13 L 0 753 1
13 D 35 753 1
14 L 0 751 1
14 D 119 751 1
15 L 0 750 1
15 D 81 750 1
16 L 0 749 1
16 D 50 749 1
17 L 0 748 1
17 D 177 748 1
18 L 0 747 1
18 D 181 747 1
19 L 0 746 1
19 D 150 746 1
0 L 0 745 1
0 D 165 745 1
1 L 0 744 1
1 D 267 744 1
2 L 0 743 1
2 D 120 743 1
3 L 0 742 1
3 D 93 742 1
4 L 0 741 1
4 D 36 741 1
5 L 0 740 1
5 D 28 740 1
6 L 0 739 1
6 D 7 739 1
7 L 0 738 1
7 D 2 738 1
8 L 0 737 1
8 D 75 737 1
9 L 0 736 1
9 D 4 736 1
10 L 0 735 1
10 D 135 735 1
11 L 0 734 1
11 D 110 734 1
12 L 0 733 1
12 D 30 733 1
13 L 0 732 1
13 D 236 732 1
14 L 0 731 1
14 D 180 731 1
15 L 0 730 1
15 D 235 730 1
16 L 0 729 1
16 D 434 729 1
17 L 0 728 1
17 D 158 728 1
18 L 0 727 1
18 D 28 727 1
19 L 0 726 1
19 D 56 726 1
0 L 0 725 1
0 D 144 725 1
1 L 0 724 1
1 D 23 724 1
2 L 0 723 1
2 D 15 723 1
3 L 0 722 1
3 D 69 722 1
4 L 0 721 1
4 D 103 721 1
5 L 0 720 1
5 D 340 720 1
6 L 0 719 1
6 D 33 719 1
7 L 0 717 1
7 D 204 717 1
8 L 0 716 1
8 D 94 716 1
9 L 0 715 1
9 D 345 715 1
10 L 0 713 1
10 D 94 713 1
11 L 0 712 1
11 D 130 712 1
12 L 0 711 1
12 D 369 711 1
13 L 0 710 1
13 D 242 710 1
14 L 0 709 1
14 D 75 709 1
15 L 0 708 1
15 D 57 708 1
16 L 0 707 1
16 D 102 707 1
17 L 0 706 1
17 D 120 706 1
18 L 0 705 1
18 D 176 705 1
19 L 0 704 1
19 D 65 704 1
0 L 0 703 1
0 D 260 703 1
1 L 0 702 1
1 D 2 702 1
2 L 0 701 1
2 D 164 701 1
3 L 0 700 1
3 D 383 700 1
4 L 0 699 1
4 D 88 699 1
5 L 0 698 1
5 D 189 698 1
6 L 0 697 1
6 D 81 697 1
7 L 0 694 1
7 D 43 694 1
8 L 0 693 1
8 D 32 693 1
9 L 0 692 1
9 D 79 692 1
10 L 0 691 1
10 D 49 691 1
11 L 0 690 1
11 D 99 690 1
12 L 0 689 1
12 D 152 689 1
13 L 0 688 1
13 D 5 688 1
14 L 0 687 1
14 D 31 687 1
15 L 0 686 1
15 D 313 686 1
16 L 0 685 1
16 D 310 685 1
17 L 0 684 1
17 D 37 684 1
18 L 0 683 1
18 D 326 683 1
19 L 0 682 1
19 D 366 682 1
0 L 0 681 1
0 D 400 681 1
1 L 0 680 1
1 D 26 680 1
2 L 0 679 1
2 D 26 679 1
3 L 0 678 1
3 D 345 678 1
4 L 0 676 1
4 D 140 676 1
5 L 0 675 1
5 D 98 675 1
6 L 0 674 1
6 D 45 674 1
7 L 0 673 1
7 D 48 673 1
8 L 0 672 1
8 D 109 672 1
9 L 0 671 1
9 D 123 671 1
10 L 0 670 1
10 D 278 670 1
11 L 0 669 1
11 D 440 669 1
12 L 0 668 1
12 D 335 668 1
13 L 0 667 1
13 D 243 667 1
14 L 0 666 1
14 D 627 666 1
15 L 0 664 1
15 D 204 664 1
16 L 0 663 1
16 D 13 663 1
17 L 0 662 1
17 D 790 662 1
18 L 0 661 1
18 D 363 661 1
19 L 0 660 1
19 D 83 660 1
0 L 0 659 1
0 D 64 659 1
1 L 0 658 1
1 D 68 658 1
2 L 0 657 1
2 D 111 657 1
3 L 0 656 1
3 D 447 656 1
4 L 0 655 1
4 D 14 655 1
5 L 0 654 1
5 D 221 654 1
6 L 0 653 1
6 D 11 653 1
7 L 0 652 1
7 D 23 652 1
8 L 0 651 1
8 D 26 651 1
9 L 0 650 1
9 D 107 650 1
10 L 0 649 1
10 D 335 649 1
11 L 0 648 1
11 D 36 648 1
12 L 0 647 1
12 D 145 647 1
13 L 0 646 1
13 D 15 646 1
14 L 0 645 1
14 D 152 645 1
15 L 0 644 1
15 D 67 644 1
16 L 0 643 1
16 D 183 643 1
17 L 0 642 1
17 D 3 642 1
18 L 0 641 1
18 D 115 641 1
19 L 0 640 1
19 D 776 640 1
0 L 0 639 1
0 D 176 639 1
1 L 0 638 1
1 D 95 638 1
2 L 0 637 1
2 D 78 637 1
3 L 0 636 1
3 D 146 636 1
4 L 0 635 1
4 D 334 635 1
5 L 0 634 1
5 D 0 634 1
6 L 0 632 1
6 D 148 632 1
7 L 0 631 1
7 D 229 631 1
8 L 0 629 1
8 D 148 629 1
9 L 0 628 1
9 D 116 628 1
10 L 0 627 1
10 D 120 627 1
11 L 0 626 1
11 D 131 626 1
12 L 0 625 1
12 D 193 625 1
13 L 0 624 1
13 D 79 624 1
14 L 0 623 1
14 D 19 623 1
15 L 0 622 1
15 D 35 622 1
16 L 0 621 1
16 D 165 621 1
17 L 0 620 1
17 D 375 620 1
18 L 0 619 1
18 D 564 619 1
19 L 0 618 1
19 D 115 618 1
0 L 0 617 1
0 D 10 617 1
1 L 0 616 1
1 D 7 616 1
2 L 0 615 1
2 D 22 615 1
3 L 0 614 1
3 D 23 614 1
4 L 0 613 1
4 D 41 613 1
5 L 0 612 1
5 D 98 612 1
6 L 0 611 1
6 D 114 611 1
7 L 0 610 1
7 D 105 610 1
8 L 0 609 1
8 D 36 609 1
9 L 0 608 1
9 D 160 608 1
10 L 0 607 1
10 D 6 607 1
11 L 0 606 1
11 D 254 606 1
12 L 0 605 1
12 D 142 605 1
13 L 0 604 1
13 D 400 604 1
14 L 0 603 1
14 D 60 603 1
15 L 0 602 1
15 D 301 602 1
16 L 0 601 1
16 D 81 601 1
17 L 0 600 1
17 D 18 600 1
18 L 0 599 1
18 D 100 599 1
19 L 0 598 1
19 D 27 598 1
0 L 0 597 1
0 D 5 597 1
1 L 0 595 1
1 D 28 595 1
2 L 0 594 1
2 D 244 594 1
3 L 0 593 1
3 D 93 593 1
4 L 0 592 1
4 D 460 592 1
5 L 0 591 1
5 D 82 591 1
6 L 0 590 1
6 D 142 590 1
7 L 0 589 1
7 D 10 589 1
8 L 0 588 1
8 D 376 588 1
9 L 0 587 1
9 D 35 587 1
10 L 0 586 1
10 D 204 586 1
11 L 0 585 1
11 D 615 585 1
12 L 0 584 1
12 D 14 584 1
13 L 0 583 1
13 D 26 583 1
14 L 0 582 1
14 D 543 582 1
15 L 0 581 1
15 D 91 581 1
16 L 0 580 1
16 D 171 580 1
17 L 0 579 1
17 D 307 579 1
18 L 0 578 1
18 D 286 578 1
19 L 0 577 1
19 D 2 577 1
0 L 0 576 1
0 D 140 576 1
1 L 0 575 1
1 D 139 575 1
2 L 0 574 1
2 D 266 574 1
3 L 0 573 1
3 D 7 573 1
4 L 0 572 1
4 D 10 572 1
5 L 0 571 1
5 D 354 571 1
6 L 0 569 1
6 D 196 569 1
7 L 0 568 1
7 D 187 568 1
8 L 0 567 1
8 D 141 567 1
9 L 0 566 1
9 D 779 566 1
10 L 0 565 1
10 D 90 565 1
11 L 0 564 1
11 D 10 564 1
12 L 0 563 1
12 D 26 563 1
13 L 0 562 1
13 D 33 562 1
14 L 0 561 1
14 D 42 561 1
15 L 0 560 1
15 D 70 560 1
16 L 0 559 1
16 D 55 559 1
17 L 0 558 1
17 D 175 558 1
18 L 0 557 1
18 D 165 557 1
19 L 0 556 1
19 D 189 556 1
0 L 0 555 1
0 D 189 555 1
1 L 0 554 1
1 D 114 554 1
2 L 0 553 1
2 D 33 553 1
3 L 0 552 1
3 D 56 552 1
4 L 0 551 1
4 D 81 551 1
5 L 0 550 1
5 D 130 550 1
6 L 0 549 1
6 D 28 549 1
7 L 0 548 1
7 D 86 548 1
8 L 0 547 1
8 D 58 547 1
9 L 0 546 1
9 D 225 546 1
10 L 0 545 1
10 D 138 545 1
11 L 0 544 1
11 D 744 544 1
12 L 0 543 1
12 D 103 543 1
13 L 0 541 1
13 D 331 541 1
14 L 0 540 1
14 D 527 540 1
15 L 0 539 1
15 D 52 539 1
16 L 0 538 1
16 D 2 538 1
17 L 0 537 1
17 D 22 537 1
18 L 0 536 1
18 D 36 536 1
19 L 0 535 1
19 D 400 535 1
0 L 0 534 1
0 D 71 534 1
1 L 0 533 1
1 D 507 533 1
2 L 0 532 1
2 D 12 532 1
3 L 0 531 1
3 D 313 531 1
4 L 0 530 1
4 D 402 530 1
5 L 0 529 1
5 D 207 529 1
6 L 0 528 1
6 D 90 528 1
7 L 0 526 1
7 D 77 526 1
8 L 0 525 1
8 D 35 525 1
9 L 0 523 1
9 D 158 523 1
10 L 0 522 1
10 D 9 522 1
11 L 0 521 1
11 D 221 521 1
12 L 0 520 1
12 D 49 520 1
13 L 0 519 1
13 D 510 519 1
14 L 0 518 1
14 D 278 518 1
15 L 0 517 1
15 D 87 517 1
16 L 0 516 1
16 D 540 516 1
17 L 0 515 1
17 D 464 515 1
18 L 0 514 1
18 D 393 514 1
19 L 0 513 1
19 D 55 513 1
0 L 0 512 1
0 D 39 512 1
1 L 0 511 1
1 D 65 511 1
2 L 0 510 1
2 D 60 510 1
3 L 0 509 1
3 D 34 509 1
4 L 0 508 1
4 D 135 508 1
5 L 0 505 1
5 D 165 505 1
6 L 0 504 1
6 D 138 504 1
7 L 0 503 1
7 D 84 503 1
8 L 0 502 1
8 D 12 502 1
9 L 0 501 1
9 D 9 501 1
10 L 0 500 1
10 D 1 500 1
11 L 0 499 1
11 D 56 499 1
12 L 0 498 1
12 D 390 498 1
13 L 0 497 1
13 D 512 497 1
14 L 0 496 1
14 D 201 496 1
15 L 0 495 1
15 D 28 495 1
16 L 0 494 1
16 D 340 494 1
17 L 0 493 1
17 D 208 493 1
18 L 0 492 1
18 D 127 492 1
19 L 0 491 1
19 D 2 491 1
0 L 0 490 1
0 D 33 490 1
1 L 0 489 1
1 D 23 489 1
2 L 0 488 1
2 D 103 488 1
3 L 0 487 1
3 D 111 487 1
4 L 0 486 1
4 D 9 486 1
5 L 0 485 1
5 D 372 485 1
6 L 0 484 1
6 D 36 484 1
7 L 0 483 1
7 D 91 483 1
8 L 0 482 1
8 D 162 482 1
9 L 0 481 1
9 D 22 481 1
10 L 0 480 1
10 D 93 480 1
11 L 0 479 1
11 D 78 479 1
12 L 0 478 1
12 D 113 478 1
13 L 0 477 1
13 D 78 477 1
14 L 0 476 1
14 D 5 476 1
15 L 0 475 1
15 D 51 475 1
16 L 0 474 1
16 D 23 474 1
17 L 0 473 1
17 D 65 473 1
18 L 0 472 1
18 D 224 472 1
19 L 0 471 1
19 D 58 471 1
0 L 0 470 1
0 D 225 470 1
1 L 0 469 1
1 D 307 469 1
2 L 0 468 1
2 D 14 468 1
3 L 0 467 1
3 D 122 467 1
4 L 0 466 1
4 D 139 466 1
5 L 0 465 1
5 D 71 465 1
6 L 0 464 1
6 D 402 464 1
7 L 0 463 1
7 D 145 463 1
8 L 0 462 1
8 D 437 462 1
9 L 0 461 1
9 D 217 461 1
10 L 0 460 1
10 D 158 460 1
11 L 0 459 1
11 D 23 459 1
12 L 0 458 1
12 D 6 458 1
13 L 0 457 1
13 D 290 457 1
14 L 0 456 1
14 D 72 456 1
15 L 0 455 1
15 D 35 455 1
16 L 0 454 1
16 D 145 454 1
17 L 0 453 1
17 D 127 453 1
18 L 0 452 1
18 D 72 452 1
19 L 0 451 1
19 D 302 451 1
0 L 0 450 1
0 D 76 450 1
1 L 0 449 1
1 D 217 449 1
2 L 0 448 1
2 D 86 448 1
3 L 0 447 1
3 D 376 447 1
4 L 0 446 1
4 D 30 446 1
5 L 0 445 1
5 D 40 445 1
6 L 0 444 1
6 D 69 444 1
7 L 0 443 1
7 D 293 443 1
8 L 0 442 1
8 D 125 442 1
9 L 0 441 1
9 D 46 441 1
10 L 0 440 1
10 D 23 440 1
11 L 0 439 1
11 D 22 439 1
12 L 0 438 1
12 D 23 438 1
13 L 0 437 1
13 D 65 437 1
14 L 0 435 1
14 D 56 435 1
15 L 0 434 1
15 D 186 434 1
16 L 0 433 1
16 D 184 433 1
17 L 0 432 1
17 D 149 432 1
18 L 0 431 1
18 D 12 431 1
19 L 0 430 1
19 D 54 430 1
0 L 0 429 1
0 D 142 429 1
1 L 0 428 1
1 D 181 428 1
2 L 0 427 1
2 D 9 427 1
3 L 0 426 1
3 D 23 426 1
4 L 0 425 1
4 D 361 425 1
5 L 0 424 1
5 D 70 424 1
6 L 0 423 1
6 D 676 423 1
7 L 0 422 1
7 D 33 422 1
8 L 0 421 1
8 D 481 421 1
9 L 0 420 1
9 D 75 420 1
10 L 0 419 1
10 D 60 419 1
11 L 0 418 1
11 D 793 418 1
12 L 0 417 1
12 D 177 417 1
13 L 0 416 1
13 D 157 416 1
14 L 0 415 1
14 D 84 415 1
15 L 0 414 1
15 D 19 414 1
16 L 0 413 1
16 D 15 413 1
17 L 0 412 1
17 D 145 412 1
18 L 0 411 1
18 D 35 411 1
19 L 0 410 1
19 D 187 410 1
0 L 0 409 1
0 D 336 409 1
1 L 0 408 1
1 D 548 408 1
2 L 0 407 1
2 D 258 407 1
3 L 0 406 1
3 D 27 406 1
4 L 0 405 1
4 D 44 405 1
5 L 0 404 2
5 D 10 404 2
6 L 0 403 1
6 D 44 403 1
7 L 0 402 1
7 D 56 402 1
8 L 0 401 1
8 D 8 401 1
9 L 0 400 1
9 D 51 400 1
10 L 0 399 1
10 D 240 399 1
11 L 0 398 1
11 D 44 398 1
12 L 0 397 1
12 D 133 397 1
13 L 0 396 1
13 D 101 396 1
14 L 0 395 1
