1146
0 L 0 1999 1
0 D 401 1999 1
1 L 0 1997 1
1 D 796 1997 1
2 L 0 1995 1
2 D 196 1995 1
3 L 0 1994 1
3 D 208 1994 1
4 L 0 1993 1
4 D 321 1993 1
5 L 0 1991 1
5 D 170 1991 1
6 L 0 1990 1
6 D 21 1990 1
7 L 0 1989 1
7 D 405 1989 1
8 L 0 1988 1
8 D 46 1988 1
9 L 0 1987 1
9 D 4 1987 1
10 L 0 1986 1
10 D 81 1986 1
11 L 0 1985 1
11 D 158 1985 1
12 L 0 1983 1
12 D 197 1983 1
13 L 0 1982 1
13 D 163 1982 1
14 L 0 1981 1
14 D 149 1981 1
15 L 0 1980 1
15 D 844 1980 1
16 L 0 1979 1
16 D 284 1979 1
17 L 0 1978 1
17 D 204 1978 1
18 L 0 1977 1
18 D 20 1977 1
19 L 0 1976 1
19 D 623 1976 1
20 L 0 1974 1
20 D 258 1974 1
21 L 0 1973 1
21 D 553 1973 1
22 L 0 1971 1
22 D 51 1971 1
23 L 0 1970 1
23 D 893 1970 1
24 L 0 1969 1
24 D 213 1969 1
25 L 0 1968 1
25 D 931 1968 1
26 L 0 1967 1
26 D 56 1967 1
27 L 0 1966 1
27 D 2 1966 1
28 L 0 1965 1
28 D 16 1965 1
29 L 0 1964 1
29 D 40 1964 1
0 L 0 1962 1
0 D 15 1962 1
1 L 0 1961 1
1 D 147 1961 1
2 L 0 1959 1
2 D 985 1959 1
3 L 0 1958 1
3 D 8 1958 1
4 L 0 1957 1
4 D 56 1957 1
5 L 0 1956 1
5 D 18 1956 1
6 L 0 1955 1
6 D 359 1955 1
7 L 0 1954 1
7 D 972 1954 1
8 L 0 1952 1
8 D 65 1952 1
9 L 0 1951 1
9 D 75 1951 1
10 L 0 1948 1
10 D 297 1948 1
11 L 0 1946 1
11 D 200 1946 1
12 L 0 1944 1
12 D 11 1944 1
13 L 0 1943 1
13 D 109 1943 1
14 L 0 1941 1
14 D 173 1941 1
15 L 0 1940 1
15 D 672 1940 1
16 L 0 1938 1
16 D 59 1938 1
17 L 0 1937 1
17 D 728 1937 1
18 L 0 1936 1
18 D 37 1936 1
19 L 0 1935 1
19 D 239 1935 1
20 L 0 1930 1
20 D 990 1930 1
21 L 0 1929 1
21 D 141 1929 1
22 L 0 1927 1
22 D 131 1927 1
23 L 0 1925 1
23 D 156 1925 1
24 L 0 1924 1
24 D 60 1924 1
25 L 0 1923 1
25 D 242 1923 1
26 L 0 1922 1
26 D 346 1922 1
27 L 0 1921 1
27 D 52 1921 1
28 L 0 1920 1
28 D 15 1920 1
29 L 0 1919 1
29 D 500 1919 1
0 L 0 1918 1
0 D 219 1918 1
1 L 0 1917 1
1 D 71 1917 1
2 L 0 1916 1
2 D 126 1916 1
3 L 0 1915 1
3 D 66 1915 1
4 L 0 1914 1
4 D 504 1914 1
5 L 0 1913 1
5 D 298 1913 1
6 L 0 1911 1
6 D 564 1911 1
7 L 0 1910 1
7 D 1 1910 1
8 L 0 1909 1
8 D 207 1909 1
9 L 0 1908 1
9 D 53 1908 1
10 L 0 1905 1
10 D 52 1905 1
11 L 0 1904 1
11 D 914 1904 1
12 L 0 1903 1
12 D 52 1903 1
13 L 0 1902 1
13 D 78 1902 1
14 L 0 1901 1
14 D 78 1901 1
15 L 0 1900 1
15 D 318 1900 1
16 L 0 1899 1
16 D 136 1899 1
17 L 0 1898 1
17 D 102 1898 1
18 L 0 1897 1
18 D 149 1897 1
19 L 0 1896 1
19 D 0 1896 1
20 L 0 1895 1
20 D 584 1895 1
21 L 0 1894 1
21 D 258 1894 1
22 L 0 1893 1
22 D 32 1893 1
23 L 0 1892 1
23 D 486 1892 1
24 L 0 1891 1
24 D 639 1891 1
25 L 0 1890 1
25 D 141 1890 1
26 L 0 1888 1
26 D 280 1888 1
27 L 0 1887 1
27 D 32 1887 1
28 L 0 1886 1
28 D 1 1886 1
29 L 0 1885 1
29 D 461 1885 1
0 L 0 1884 1
0 D 424 1884 1
1 L 0 1883 1
1 D 432 1883 1
2 L 0 1882 1
2 D 173 1882 1
3 L 0 1881 1
3 D 0 1881 1
4 L 0 1880 1
4 D 705 1880 1
5 L 0 1879 1
5 D 51 1879 1
6 L 0 1877 1
6 D 143 1877 1
7 L 0 1875 1
7 D 57 1875 1
8 L 0 1874 1
8 D 75 1874 1
9 L 0 1873 1
9 D 174 1873 1
10 L 0 1871 1
10 D 299 1871 1
11 L 0 1870 1
11 D 92 1870 1
12 L 0 1868 1
12 D 225 1868 1
13 L 0 1867 1
13 D 15 1867 1
14 L 0 1866 1
14 D 765 1866 1
15 L 0 1864 1
15 D 51 1864 1
16 L 0 1863 1
16 D 5 1863 1
17 L 0 1862 1
17 D 566 1862 1
18 L 0 1861 1
18 D 358 1861 1
19 L 0 1860 1
19 D 284 1860 1
20 L 0 1859 1
20 D 118 1859 1
21 L 0 1858 1
21 D 399 1858 1
22 L 0 1857 1
22 D 310 1857 1
23 L 0 1856 1
23 D 193 1856 1
24 L 0 1855 1
24 D 13 1855 1
25 L 0 1854 1
25 D 33 1854 1
26 L 0 1853 1
26 D 23 1853 1
27 L 0 1852 1
27 D 486 1852 1
28 L 0 1851 1
28 D 254 1851 1
29 L 0 1847 1
29 D 56 1847 1
0 L 0 1846 1
0 D 122 1846 1
1 L 0 1845 1
1 D 958 1845 1
2 L 0 1844 1
2 D 574 1844 1
3 L 0 1843 1
3 D 8 1843 1
4 L 0 1842 1
4 D 433 1842 1
5 L 0 1841 1
5 D 202 1841 1
6 L 0 1840 1
6 D 55 1840 1
7 L 0 1839 1
7 D 83 1839 1
8 L 0 1838 1
8 D 193 1838 1
9 L 0 1837 1
9 D 134 1837 1
10 L 0 1836 1
10 D 23 1836 1
11 L 0 1835 1
11 D 327 1835 1
12 L 0 1833 1
12 D 6 1833 1
13 L 0 1832 1
13 D 17 1832 1
14 L 0 1831 1
14 D 86 1831 1
15 L 0 1830 1
15 D 22 1830 1
16 L 0 1829 1
16 D 357 1829 1
17 L 0 1828 1
17 D 290 1828 1
18 L 0 1825 1
18 D 151 1825 1
19 L 0 1824 1
19 D 27 1824 1
20 L 0 1822 1
20 D 37 1822 1
21 L 0 1821 1
21 D 36 1821 1
22 L 0 1820 1
22 D 9 1820 1
23 L 0 1819 1
23 D 22 1819 1
24 L 0 1818 1
24 D 42 1818 1
25 L 0 1817 1
25 D 41 1817 1
26 L 0 1816 1
26 D 365 1816 1
27 L 0 1813 1
27 D 733 1813 1
28 L 0 1810 1
28 D 26 1810 1
29 L 0 1809 1
29 D 382 1809 1
0 L 0 1808 1
0 D 13 1808 1
1 L 0 1807 1
1 D 158 1807 1
2 L 0 1806 1
2 D 357 1806 1
3 L 0 1804 1
3 D 181 1804 1
4 L 0 1803 1
4 D 83 1803 1
5 L 0 1802 1
5 D 293 1802 1
6 L 0 1801 1
6 D 489 1801 1
7 L 0 1799 1
7 D 456 1799 1
8 L 0 1798 1
8 D 35 1798 1
9 L 0 1796 1
9 D 149 1796 1
10 L 0 1794 1
10 D 71 1794 1
11 L 0 1793 1
11 D 618 1793 1
12 L 0 1792 1
12 D 2 1792 1
13 L 0 1790 1
13 D 16 1790 1
14 L 0 1789 1
14 D 34 1789 1
15 L 0 1788 1
15 D 4 1788 1
16 L 0 1786 1
16 D 9 1786 1
17 L 0 1785 1
17 D 48 1785 1
18 L 0 1783 1
18 D 170 1783 1
19 L 0 1782 1
19 D 49 1782 1
20 L 0 1781 1
20 D 616 1781 1
21 L 0 1780 1
21 D 231 1780 1
22 L 0 1779 1
22 D 42 1779 1
23 L 0 1776 1
23 D 382 1776 1
24 L 0 1774 1
24 D 31 1774 1
25 L 0 1773 1
25 D 330 1773 1
26 L 0 1771 1
26 D 137 1771 1
27 L 0 1769 1
27 D 61 1769 1
28 L 0 1765 1
28 D 168 1765 1
29 L 0 1764 1
29 D 164 1764 1
0 L 0 1762 1
0 D 38 1762 1
1 L 0 1761 1
1 D 430 1761 1
2 L 0 1759 1
2 D 90 1759 1
3 L 0 1757 1
3 D 484 1757 1
4 L 0 1756 1
4 D 472 1756 1
5 L 0 1754 1
5 D 23 1754 1
6 L 0 1753 1
6 D 154 1753 1
7 L 0 1751 1
7 D 673 1751 1
8 L 0 1748 1
8 D 651 1748 1
9 L 0 1747 1
9 D 123 1747 1
10 L 0 1746 1
10 D 523 1746 1
11 L 0 1745 1
11 D 273 1745 1
12 L 0 1744 1
12 D 84 1744 1
13 L 0 1742 1
13 D 545 1742 1
14 L 0 1741 1
14 D 1 1741 1
15 L 0 1740 1
15 D 32 1740 1
16 L 0 1739 1
16 D 35 1739 1
17 L 0 1738 1
17 D 207 1738 1
18 L 0 1737 1
18 D 142 1737 1
19 L 0 1736 1
19 D 94 1736 1
20 L 0 1735 1
20 D 919 1735 1
21 L 0 1733 1
21 D 596 1733 1
22 L 0 1731 1
22 D 168 1731 1
23 L 0 1729 1
23 D 733 1729 1
24 L 0 1728 1
24 D 191 1728 1
25 L 0 1727 1
25 D 601 1727 1
26 L 0 1724 1
26 D 840 1724 1
27 L 0 1723 1
27 D 78 1723 1
28 L 0 1722 1
28 D 52 1722 1
29 L 0 1720 1
29 D 467 1720 1
0 L 0 1719 1
0 D 4 1719 1
1 L 0 1718 1
1 D 298 1718 1
2 L 0 1717 1
2 D 17 1717 1
3 L 0 1716 1
3 D 89 1716 1
4 L 0 1715 1
4 D 4 1715 1
5 L 0 1714 1
5 D 373 1714 1
6 L 0 1713 1
6 D 0 1713 1
7 L 0 1712 1
7 D 79 1712 1
8 L 0 1709 1
8 D 63 1709 1
9 L 0 1708 1
9 D 997 1708 1
10 L 0 1707 1
10 D 521 1707 1
11 L 0 1704 1
11 D 72 1704 1
12 L 0 1703 1
12 D 222 1703 1
13 L 0 1702 1
13 D 29 1702 1
14 L 0 1700 1
14 D 788 1700 1
15 L 0 1699 1
15 D 28 1699 1
16 L 0 1696 1
16 D 178 1696 1
17 L 0 1694 1
17 D 489 1694 1
18 L 0 1693 1
18 D 637 1693 1
19 L 0 1691 1
19 D 267 1691 1
20 L 0 1690 1
20 D 6 1690 1
21 L 0 1688 1
21 D 342 1688 1
22 L 0 1683 1
22 D 571 1683 1
23 L 0 1681 1
23 D 326 1681 1
24 L 0 1679 1
24 D 529 1679 1
25 L 0 1678 1
25 D 548 1678 1
26 L 0 1677 1
26 D 23 1677 1
27 L 0 1676 1
27 D 208 1676 1
28 L 0 1675 1
28 D 211 1675 1
29 L 0 1674 1
29 D 316 1674 1
0 L 0 1673 1
0 D 86 1673 1
1 L 0 1672 1
1 D 86 1672 1
2 L 0 1671 1
2 D 343 1671 1
3 L 0 1670 1
3 D 575 1670 1
4 L 0 1669 1
4 D 60 1669 1
5 L 0 1667 1
5 D 373 1667 1
6 L 0 1666 1
6 D 52 1666 1
7 L 0 1665 1
7 D 65 1665 1
8 L 0 1663 1
8 D 857 1663 1
9 L 0 1662 1
9 D 227 1662 1
10 L 0 1660 1
10 D 76 1660 1
11 L 0 1659 1
11 D 102 1659 1
12 L 0 1658 1
12 D 122 1658 1
13 L 0 1657 1
13 D 266 1657 1
14 L 0 1656 1
14 D 258 1656 1
15 L 0 1654 1
15 D 128 1654 1
16 L 0 1653 1
16 D 108 1653 1
17 L 0 1652 1
17 D 553 1652 1
18 L 0 1651 1
18 D 47 1651 1
19 L 0 1649 1
19 D 211 1649 1
20 L 0 1648 1
20 D 366 1648 1
21 L 0 1647 1
21 D 635 1647 1
22 L 0 1646 1
22 D 46 1646 1
23 L 0 1645 1
23 D 33 1645 1
24 L 0 1644 1
24 D 51 1644 1
25 L 0 1643 1
25 D 303 1643 1
26 L 0 1641 1
26 D 42 1641 1
27 L 0 1640 1
27 D 94 1640 1
28 L 0 1638 1
28 D 92 1638 1
29 L 0 1637 1
29 D 266 1637 1
0 L 0 1635 1
0 D 281 1635 1
1 L 0 1634 1
1 D 543 1634 1
2 L 0 1633 1
2 D 469 1633 1
3 L 0 1632 1
3 D 96 1632 1
4 L 0 1631 1
4 D 256 1631 1
5 L 0 1630 1
5 D 142 1630 1
6 L 0 1628 1
6 D 26 1628 1
7 L 0 1627 1
7 D 140 1627 1
8 L 0 1626 1
8 D 118 1626 1
9 L 0 1625 1
9 D 283 1625 1
10 L 0 1624 1
10 D 809 1624 1
11 L 0 1623 1
11 D 174 1623 1
12 L 0 1622 1
12 D 32 1622 1
13 L 0 1621 1
13 D 147 1621 1
14 L 0 1620 1
14 D 420 1620 1
15 L 0 1619 1
15 D 133 1619 1
16 L 0 1618 1
16 D 3 1618 1
17 L 0 1617 1
17 D 120 1617 1
18 L 0 1616 1
18 D 166 1616 1
19 L 0 1615 1
19 D 45 1615 1
20 L 0 1614 1
20 D 102 1614 1
21 L 0 1613 1
21 D 758 1613 1
22 L 0 1612 1
22 D 174 1612 1
23 L 0 1611 1
23 D 13 1611 1
24 L 0 1610 1
24 D 104 1610 1
25 L 0 1609 1
25 D 52 1609 1
26 L 0 1608 1
26 D 512 1608 1
27 L 0 1607 1
27 D 42 1607 1
28 L 0 1606 1
28 D 66 1606 1
29 L 0 1604 1
29 D 94 1604 1
0 L 0 1602 1
0 D 166 1602 1
1 L 0 1601 1
1 D 234 1601 1
2 L 0 1600 1
2 D 441 1600 1
3 L 0 1599 1
3 D 203 1599 1
4 L 0 1598 1
4 D 128 1598 1
5 L 0 1597 1
5 D 24 1597 1
6 L 0 1596 1
6 D 411 1596 1
7 L 0 1595 1
7 D 199 1595 1
8 L 0 1594 1
8 D 127 1594 1
9 L 0 1593 1
9 D 104 1593 1
10 L 0 1592 1
10 D 18 1592 1
11 L 0 1590 1
11 D 35 1590 1
12 L 0 1589 1
12 D 26 1589 1
13 L 0 1588 1
13 D 580 1588 1
14 L 0 1587 1
14 D 104 1587 1
15 L 0 1586 1
15 D 79 1586 1
16 L 0 1585 1
16 D 421 1585 1
17 L 0 1584 1
17 D 43 1584 1
18 L 0 1580 1
18 D 6 1580 1
19 L 0 1579 1
19 D 437 1579 1
20 L 0 1578 1
20 D 289 1578 1
21 L 0 1577 1
21 D 301 1577 1
22 L 0 1576 1
22 D 490 1576 1
23 L 0 1569 1
23 D 41 1569 1
24 L 0 1568 1
24 D 73 1568 1
25 L 0 1567 1
25 D 343 1567 1
26 L 0 1566 1
26 D 11 1566 1
27 L 0 1561 1
27 D 74 1561 1
28 L 0 1560 1
28 D 424 1560 1
29 L 0 1559 1
29 D 3 1559 1
0 L 0 1558 1
0 D 13 1558 1
1 L 0 1557 1
1 D 584 1557 1
2 L 0 1556 1
2 D 249 1556 1
3 L 0 1555 1
3 D 90 1555 1
4 L 0 1554 1
4 D 71 1554 1
5 L 0 1552 1
5 D 571 1552 1
6 L 0 1550 1
6 D 26 1550 1
7 L 0 1549 1
7 D 284 1549 1
8 L 0 1548 1
8 D 76 1548 1
9 L 0 1547 1
9 D 92 1547 1
10 L 0 1546 1
10 D 248 1546 1
11 L 0 1545 1
11 D 354 1545 1
12 L 0 1544 1
12 D 158 1544 1
13 L 0 1542 1
13 D 87 1542 1
14 L 0 1541 1
14 D 131 1541 1
15 L 0 1538 2
15 D 475 1538 2
16 L 0 1537 1
16 D 127 1537 1
17 L 0 1536 1
17 D 278 1536 1
18 L 0 1535 1
18 D 15 1535 1
19 L 0 1534 1
19 D 354 1534 1
20 L 0 1533 1
20 D 713 1533 1
21 L 0 1531 1
21 D 239 1531 1
22 L 0 1530 1
22 D 270 1530 1
23 L 0 1529 1
23 D 226 1529 1
24 L 0 1528 1
24 D 91 1528 1
25 L 0 1527 1
25 D 118 1527 1
26 L 0 1525 1
26 D 43 1525 1
27 L 0 1524 1
27 D 88 1524 1
28 L 0 1523 1
28 D 210 1523 1
29 L 0 1522 1
29 D 908 1522 1
0 L 0 1520 1
0 D 352 1520 1
1 L 0 1519 1
1 D 239 1519 1
2 L 0 1518 1
2 D 150 1518 1
3 L 0 1517 1
3 D 150 1517 1
4 L 0 1515 1
4 D 464 1515 1
5 L 0 1514 1
5 D 49 1514 1
6 L 0 1513 1
6 D 365 1513 1
7 L 0 1511 1
7 D 544 1511 1
8 L 0 1510 1
8 D 262 1510 1
9 L 0 1509 1
9 D 594 1509 1
10 L 0 1508 1
10 D 26 1508 1
11 L 0 1506 1
11 D 46 1506 1
12 L 0 1505 1
12 D 596 1505 1
13 L 0 1504 1
13 D 835 1504 1
14 L 0 1503 1
14 D 232 1503 1
15 L 0 1502 1
15 D 237 1502 1
16 L 0 1499 1
16 D 158 1499 1
17 L 0 1497 1
17 D 180 1497 1
18 L 0 1496 1
18 D 16 1496 1
19 L 0 1495 1
19 D 141 1495 1
20 L 0 1492 1
20 D 211 1492 1
21 L 0 1491 1
21 D 15 1491 1
22 L 0 1490 1
22 D 38 1490 1
23 L 0 1489 1
23 D 35 1489 1
24 L 0 1488 1
24 D 127 1488 1
25 L 0 1487 1
25 D 211 1487 1
26 L 0 1486 1
26 D 1 1486 1
27 L 0 1484 1
27 D 140 1484 1
28 L 0 1482 1
28 D 64 1482 1
29 L 0 1481 1
29 D 5 1481 1
0 L 0 1480 1
0 D 30 1480 1
1 L 0 1479 1
1 D 118 1479 1
2 L 0 1476 1
2 D 134 1476 1
3 L 0 1475 1
3 D 29 1475 1
4 L 0 1474 1
4 D 114 1474 1
5 L 0 1473 1
5 D 485 1473 1
6 L 0 1471 1
6 D 266 1471 1
7 L 0 1469 1
7 D 56 1469 1
8 L 0 1468 1
8 D 116 1468 1
9 L 0 1467 1
9 D 122 1467 1
10 L 0 1466 1
10 D 61 1466 1
11 L 0 1465 1
11 D 548 1465 1
12 L 0 1464 1
12 D 23 1464 1
13 L 0 1462 1
13 D 21 1462 1
14 L 0 1461 1
14 D 25 1461 1
15 L 0 1459 1
15 D 416 1459 1
16 L 0 1458 1
16 D 318 1458 1
17 L 0 1457 1
17 D 163 1457 1
18 L 0 1455 1
18 D 307 1455 1
19 L 0 1453 1
19 D 69 1453 1
20 L 0 1452 1
20 D 341 1452 1
21 L 0 1451 1
21 D 77 1451 1
22 L 0 1450 1
22 D 22 1450 1
23 L 0 1449 1
23 D 144 1449 1
24 L 0 1448 1
24 D 347 1448 1
25 L 0 1447 1
25 D 340 1447 1
26 L 0 1446 1
26 D 102 1446 1
27 L 0 1444 1
27 D 63 1444 1
28 L 0 1443 1
28 D 120 1443 1
29 L 0 1442 1
29 D 544 1442 1
0 L 0 1441 1
0 D 33 1441 1
1 L 0 1439 1
1 D 167 1439 1
2 L 0 1438 1
2 D 103 1438 1
3 L 0 1437 1
3 D 103 1437 1
4 L 0 1436 1
4 D 207 1436 1
5 L 0 1435 1
5 D 301 1435 1
6 L 0 1434 1
6 D 384 1434 1
7 L 0 1433 1
7 D 179 1433 1
8 L 0 1430 1
8 D 646 1430 1
9 L 0 1429 1
9 D 406 1429 1
10 L 0 1427 1
10 D 431 1427 1
11 L 0 1425 1
11 D 535 1425 1
12 L 0 1424 1
12 D 22 1424 1
13 L 0 1420 1
13 D 88 1420 1
14 L 0 1419 1
14 D 160 1419 1
15 L 0 1418 1
15 D 621 1418 1
16 L 0 1417 1
16 D 258 1417 1
17 L 0 1416 1
17 D 97 1416 1
18 L 0 1415 1
18 D 88 1415 1
19 L 0 1414 1
19 D 27 1414 1
20 L 0 1413 1
20 D 12 1413 1
21 L 0 1411 1
21 D 136 1411 1
22 L 0 1410 1
22 D 88 1410 1
23 L 0 1409 1
23 D 689 1409 1
24 L 0 1407 1
24 D 629 1407 1
25 L 0 1406 1
25 D 30 1406 1
26 L 0 1405 1
26 D 347 1405 1
27 L 0 1404 1
27 D 156 1404 1
28 L 0 1402 1
28 D 259 1402 1
29 L 0 1398 1
29 D 81 1398 1
0 L 0 1397 1
0 D 428 1397 1
1 L 0 1396 1
1 D 742 1396 1
2 L 0 1395 1
2 D 119 1395 1
3 L 0 1394 1
3 D 190 1394 1
4 L 0 1392 1
4 D 130 1392 1
5 L 0 1390 1
5 D 580 1390 1
6 L 0 1389 1
6 D 223 1389 1
7 L 0 1387 1
7 D 21 1387 1
8 L 0 1384 1
8 D 551 1384 1
9 L 0 1383 1
9 D 130 1383 1
10 L 0 1382 1
10 D 160 1382 1
11 L 0 1380 1
11 D 214 1380 1
12 L 0 1378 1
12 D 113 1378 1
13 L 0 1376 1
13 D 11 1376 1
14 L 0 1375 1
14 D 225 1375 1
15 L 0 1372 1
15 D 29 1372 1
16 L 0 1371 1
16 D 162 1371 1
17 L 0 1370 1
17 D 156 1370 1
18 L 0 1368 1
18 D 126 1368 1
19 L 0 1363 1
19 D 11 1363 1
20 L 0 1361 1
20 D 59 1361 1
21 L 0 1359 1
21 D 53 1359 1
22 L 0 1358 1
22 D 868 1358 1
23 L 0 1357 1
23 D 107 1357 1
24 L 0 1355 1
24 D 336 1355 1
25 L 0 1353 1
25 D 597 1353 1
26 L 0 1351 1
26 D 548 1351 1
27 L 0 1350 1
27 D 346 1350 1
28 L 0 1348 1
28 D 155 1348 1
29 L 0 1347 1
29 D 57 1347 1
0 L 0 1345 1
0 D 231 1345 1
1 L 0 1344 1
1 D 40 1344 1
2 L 0 1342 1
2 D 46 1342 1
3 L 0 1340 1
3 D 180 1340 1
4 L 0 1339 1
4 D 79 1339 1
5 L 0 1338 1
5 D 25 1338 1
6 L 0 1337 1
6 D 499 1337 1
7 L 0 1335 1
7 D 81 1335 1
8 L 0 1334 1
8 D 348 1334 1
9 L 0 1333 1
9 D 445 1333 1
10 L 0 1332 1
10 D 813 1332 1
11 L 0 1331 1
11 D 4 1331 1
12 L 0 1329 1
12 D 67 1329 1
13 L 0 1328 1
13 D 251 1328 1
14 L 0 1327 1
14 D 125 1327 1
15 L 0 1326 1
15 D 177 1326 1
16 L 0 1325 1
16 D 63 1325 1
17 L 0 1324 1
17 D 384 1324 1
18 L 0 1323 1
18 D 242 1323 1
19 L 0 1322 1
19 D 358 1322 1
20 L 0 1321 1
20 D 174 1321 1
21 L 0 1319 1
21 D 377 1319 1
22 L 0 1317 1
22 D 338 1317 1
23 L 0 1316 1
23 D 271 1316 1
24 L 0 1315 1
24 D 558 1315 1
25 L 0 1314 1
25 D 587 1314 1
26 L 0 1313 1
26 D 108 1313 1
27 L 0 1312 1
27 D 227 1312 1
28 L 0 1311 1
28 D 158 1311 1
29 L 0 1310 1
29 D 503 1310 1
0 L 0 1309 1
0 D 164 1309 1
1 L 0 1307 1
1 D 199 1307 1
2 L 0 1306 1
2 D 568 1306 1
3 L 0 1305 1
3 D 117 1305 1
4 L 0 1304 1
4 D 58 1304 1
5 L 0 1303 1
5 D 320 1303 1
6 L 0 1300 1
6 D 75 1300 1
7 L 0 1297 1
7 D 193 1297 1
8 L 0 1296 1
8 D 102 1296 1
9 L 0 1295 1
9 D 226 1295 1
10 L 0 1292 1
10 D 164 1292 1
11 L 0 1290 1
11 D 29 1290 1
12 L 0 1289 1
12 D 96 1289 1
13 L 0 1287 1
13 D 220 1287 1
14 L 0 1285 1
14 D 181 1285 1
15 L 0 1284 1
15 D 196 1284 1
16 L 0 1283 1
16 D 223 1283 1
17 L 0 1282 1
17 D 215 1282 1
18 L 0 1280 1
18 D 0 1280 1
19 L 0 1279 1
19 D 280 1279 1
20 L 0 1278 1
20 D 319 1278 1
21 L 0 1277 1
21 D 167 1277 1
22 L 0 1270 1
22 D 113 1270 1
23 L 0 1269 1
23 D 359 1269 1
24 L 0 1267 1
24 D 165 1267 1
25 L 0 1266 1
25 D 293 1266 1
26 L 0 1265 1
26 D 64 1265 1
27 L 0 1264 1
27 D 430 1264 1
28 L 0 1263 1
28 D 547 1263 1
29 L 0 1262 1
29 D 508 1262 1
0 L 0 1260 1
0 D 395 1260 1
1 L 0 1259 1
1 D 65 1259 1
2 L 0 1258 1
2 D 136 1258 1
3 L 0 1256 1
3 D 138 1256 1
4 L 0 1255 1
4 D 9 1255 1
5 L 0 1253 1
5 D 319 1253 1
6 L 0 1252 1
6 D 544 1252 1
7 L 0 1251 1
7 D 96 1251 1
8 L 0 1250 1
8 D 240 1250 1
9 L 0 1249 1
9 D 334 1249 1
10 L 0 1246 1
10 D 145 1246 1
11 L 0 1245 1
11 D 523 1245 1
12 L 0 1244 1
12 D 388 1244 1
13 L 0 1243 1
13 D 165 1243 1
14 L 0 1241 1
14 D 47 1241 1
15 L 0 1240 1
15 D 211 1240 1
16 L 0 1236 1
16 D 88 1236 1
17 L 0 1234 1
17 D 80 1234 1
18 L 0 1233 1
18 D 407 1233 1
19 L 0 1232 1
19 D 242 1232 1
20 L 0 1231 1
20 D 306 1231 1
21 L 0 1230 1
21 D 62 1230 1
22 L 0 1229 1
22 D 26 1229 1
23 L 0 1225 1
23 D 329 1225 1
24 L 0 1224 1
24 D 562 1224 1
25 L 0 1222 1
25 D 422 1222 1
26 L 0 1221 1
26 D 200 1221 1
27 L 0 1220 1
27 D 161 1220 1
28 L 0 1219 1
28 D 56 1219 1
29 L 0 1217 1
29 D 18 1217 1
0 L 0 1216 1
0 D 358 1216 1
1 L 0 1215 1
1 D 466 1215 1
2 L 0 1214 1
2 D 2 1214 1
